[0.952s] Invoking command in '/home/mehul/elec555_ws/build/ros_robot_controller_msgs': CMAKE_PREFIX_PATH=${CMAKE_PREFIX_PATH}:/home/mehul/elec555_ws/install/teleop_ctrl:/home/mehul/elec555_ws/install/sdk:/home/mehul/elec555_ws/install/ros_robot_controller:/home/mehul/elec555_ws/install/robot_cam:/home/mehul/elec555_ws/install/peripherals:/home/mehul/elec555_ws/install/controller:/home/mehul/elec555_ws/install/calibration:/home/mehul/elec555_ws/install/bringup:/opt/ros/humble /usr/bin/cmake --build /home/mehul/elec555_ws/build/ros_robot_controller_msgs -- -j16 -l16
[1.320s] [35m[1mConsolidate compiler generated dependencies of target ros_robot_controller_msgs__rosidl_generator_c[0m
[1.320s] [  0%] Built target ros_robot_controller_msgs__cpp
[1.320s] [  1%] Built target ament_cmake_python_symlink_ros_robot_controller_msgs
[1.320s] [ 12%] Built target ros_robot_controller_msgs__rosidl_generator_c
[1.320s] [35m[1mConsolidate compiler generated dependencies of target ros_robot_controller_msgs__rosidl_typesupport_cpp[0m
[1.320s] [35m[1mConsolidate compiler generated dependencies of target ros_robot_controller_msgs__rosidl_typesupport_introspection_cpp[0m
[1.320s] [35m[1mConsolidate compiler generated dependencies of target ros_robot_controller_msgs__rosidl_typesupport_fastrtps_cpp[0m
[1.320s] [35m[1mConsolidate compiler generated dependencies of target ros_robot_controller_msgs__rosidl_typesupport_c[0m
[1.320s] [35m[1mConsolidate compiler generated dependencies of target ros_robot_controller_msgs__rosidl_typesupport_introspection_c[0m
[1.321s] [35m[1mConsolidate compiler generated dependencies of target ros_robot_controller_msgs__rosidl_typesupport_fastrtps_c[0m
[1.321s] [ 24%] Built target ros_robot_controller_msgs__rosidl_typesupport_c
[1.321s] [ 60%] Built target ros_robot_controller_msgs__rosidl_typesupport_introspection_c
[1.321s] [ 60%] Built target ros_robot_controller_msgs__rosidl_typesupport_cpp
[1.321s] [ 60%] Built target ros_robot_controller_msgs__rosidl_typesupport_introspection_cpp
[1.321s] [ 72%] Built target ros_robot_controller_msgs__rosidl_typesupport_fastrtps_cpp
[1.321s] [ 84%] Built target ros_robot_controller_msgs__rosidl_typesupport_fastrtps_c
[1.321s] [ 84%] Built target ros_robot_controller_msgs
[1.321s] [ 85%] Built target ros_robot_controller_msgs__py
[1.321s] [35m[1mConsolidate compiler generated dependencies of target ros_robot_controller_msgs__rosidl_generator_py[0m
[1.321s] [ 96%] Built target ros_robot_controller_msgs__rosidl_generator_py
[1.321s] [35m[1mConsolidate compiler generated dependencies of target ros_robot_controller_msgs__rosidl_typesupport_fastrtps_c__pyext[0m
[1.321s] [35m[1mConsolidate compiler generated dependencies of target ros_robot_controller_msgs__rosidl_typesupport_introspection_c__pyext[0m
[1.321s] [35m[1mConsolidate compiler generated dependencies of target ros_robot_controller_msgs__rosidl_typesupport_c__pyext[0m
[1.321s] [ 99%] Built target ros_robot_controller_msgs__rosidl_typesupport_fastrtps_c__pyext
[1.321s] [ 99%] Built target ros_robot_controller_msgs__rosidl_typesupport_c__pyext
[1.321s] [100%] Built target ros_robot_controller_msgs__rosidl_typesupport_introspection_c__pyext
[1.321s] running egg_info
[1.322s] writing ros_robot_controller_msgs.egg-info/PKG-INFO
[1.322s] writing dependency_links to ros_robot_controller_msgs.egg-info/dependency_links.txt
[1.322s] writing top-level names to ros_robot_controller_msgs.egg-info/top_level.txt
[1.322s] reading manifest file 'ros_robot_controller_msgs.egg-info/SOURCES.txt'
[1.322s] writing manifest file 'ros_robot_controller_msgs.egg-info/SOURCES.txt'
[1.322s] [100%] Built target ament_cmake_python_build_ros_robot_controller_msgs_egg
[1.336s] Invoked command in '/home/mehul/elec555_ws/build/ros_robot_controller_msgs' returned '0': CMAKE_PREFIX_PATH=${CMAKE_PREFIX_PATH}:/home/mehul/elec555_ws/install/teleop_ctrl:/home/mehul/elec555_ws/install/sdk:/home/mehul/elec555_ws/install/ros_robot_controller:/home/mehul/elec555_ws/install/robot_cam:/home/mehul/elec555_ws/install/peripherals:/home/mehul/elec555_ws/install/controller:/home/mehul/elec555_ws/install/calibration:/home/mehul/elec555_ws/install/bringup:/opt/ros/humble /usr/bin/cmake --build /home/mehul/elec555_ws/build/ros_robot_controller_msgs -- -j16 -l16
[1.337s] Invoking command in '/home/mehul/elec555_ws/build/ros_robot_controller_msgs': CMAKE_PREFIX_PATH=${CMAKE_PREFIX_PATH}:/home/mehul/elec555_ws/install/teleop_ctrl:/home/mehul/elec555_ws/install/sdk:/home/mehul/elec555_ws/install/ros_robot_controller:/home/mehul/elec555_ws/install/robot_cam:/home/mehul/elec555_ws/install/peripherals:/home/mehul/elec555_ws/install/controller:/home/mehul/elec555_ws/install/calibration:/home/mehul/elec555_ws/install/bringup:/opt/ros/humble /usr/bin/cmake --install /home/mehul/elec555_ws/build/ros_robot_controller_msgs
[1.362s] -- Install configuration: ""
[1.362s] -- Execute custom install script
[1.362s] -- Up-to-date symlink: /home/mehul/elec555_ws/install/ros_robot_controller_msgs/share/ament_index/resource_index/rosidl_interfaces/ros_robot_controller_msgs
[1.362s] -- Up-to-date symlink: /home/mehul/elec555_ws/install/ros_robot_controller_msgs/include/ros_robot_controller_msgs/ros_robot_controller_msgs/msg/bus_servo_state.h
[1.362s] -- Up-to-date symlink: /home/mehul/elec555_ws/install/ros_robot_controller_msgs/include/ros_robot_controller_msgs/ros_robot_controller_msgs/msg/button_state.h
[1.362s] -- Up-to-date symlink: /home/mehul/elec555_ws/install/ros_robot_controller_msgs/include/ros_robot_controller_msgs/ros_robot_controller_msgs/msg/buzzer_state.h
[1.362s] -- Up-to-date symlink: /home/mehul/elec555_ws/install/ros_robot_controller_msgs/include/ros_robot_controller_msgs/ros_robot_controller_msgs/msg/detail/bus_servo_state__functions.h
[1.362s] -- Up-to-date symlink: /home/mehul/elec555_ws/install/ros_robot_controller_msgs/include/ros_robot_controller_msgs/ros_robot_controller_msgs/msg/detail/bus_servo_state__struct.h
[1.362s] -- Up-to-date symlink: /home/mehul/elec555_ws/install/ros_robot_controller_msgs/include/ros_robot_controller_msgs/ros_robot_controller_msgs/msg/detail/bus_servo_state__type_support.h
[1.362s] -- Up-to-date symlink: /home/mehul/elec555_ws/install/ros_robot_controller_msgs/include/ros_robot_controller_msgs/ros_robot_controller_msgs/msg/detail/button_state__functions.h
[1.363s] -- Up-to-date symlink: /home/mehul/elec555_ws/install/ros_robot_controller_msgs/include/ros_robot_controller_msgs/ros_robot_controller_msgs/msg/detail/button_state__struct.h
[1.363s] -- Up-to-date symlink: /home/mehul/elec555_ws/install/ros_robot_controller_msgs/include/ros_robot_controller_msgs/ros_robot_controller_msgs/msg/detail/button_state__type_support.h
[1.363s] -- Up-to-date symlink: /home/mehul/elec555_ws/install/ros_robot_controller_msgs/include/ros_robot_controller_msgs/ros_robot_controller_msgs/msg/detail/buzzer_state__functions.h
[1.363s] -- Up-to-date symlink: /home/mehul/elec555_ws/install/ros_robot_controller_msgs/include/ros_robot_controller_msgs/ros_robot_controller_msgs/msg/detail/buzzer_state__struct.h
[1.363s] -- Up-to-date symlink: /home/mehul/elec555_ws/install/ros_robot_controller_msgs/include/ros_robot_controller_msgs/ros_robot_controller_msgs/msg/detail/buzzer_state__type_support.h
[1.363s] -- Up-to-date symlink: /home/mehul/elec555_ws/install/ros_robot_controller_msgs/include/ros_robot_controller_msgs/ros_robot_controller_msgs/msg/detail/get_bus_servo_cmd__functions.h
[1.363s] -- Up-to-date symlink: /home/mehul/elec555_ws/install/ros_robot_controller_msgs/include/ros_robot_controller_msgs/ros_robot_controller_msgs/msg/detail/get_bus_servo_cmd__struct.h
[1.363s] -- Up-to-date symlink: /home/mehul/elec555_ws/install/ros_robot_controller_msgs/include/ros_robot_controller_msgs/ros_robot_controller_msgs/msg/detail/get_bus_servo_cmd__type_support.h
[1.363s] -- Up-to-date symlink: /home/mehul/elec555_ws/install/ros_robot_controller_msgs/include/ros_robot_controller_msgs/ros_robot_controller_msgs/msg/detail/get_pwm_servo_cmd__functions.h
[1.363s] -- Up-to-date symlink: /home/mehul/elec555_ws/install/ros_robot_controller_msgs/include/ros_robot_controller_msgs/ros_robot_controller_msgs/msg/detail/get_pwm_servo_cmd__struct.h
[1.363s] -- Up-to-date symlink: /home/mehul/elec555_ws/install/ros_robot_controller_msgs/include/ros_robot_controller_msgs/ros_robot_controller_msgs/msg/detail/get_pwm_servo_cmd__type_support.h
[1.363s] -- Up-to-date symlink: /home/mehul/elec555_ws/install/ros_robot_controller_msgs/include/ros_robot_controller_msgs/ros_robot_controller_msgs/msg/detail/led_state__functions.h
[1.363s] -- Up-to-date symlink: /home/mehul/elec555_ws/install/ros_robot_controller_msgs/include/ros_robot_controller_msgs/ros_robot_controller_msgs/msg/detail/led_state__struct.h
[1.363s] -- Up-to-date symlink: /home/mehul/elec555_ws/install/ros_robot_controller_msgs/include/ros_robot_controller_msgs/ros_robot_controller_msgs/msg/detail/led_state__type_support.h
[1.364s] -- Up-to-date symlink: /home/mehul/elec555_ws/install/ros_robot_controller_msgs/include/ros_robot_controller_msgs/ros_robot_controller_msgs/msg/detail/motor_state__functions.h
[1.364s] -- Up-to-date symlink: /home/mehul/elec555_ws/install/ros_robot_controller_msgs/include/ros_robot_controller_msgs/ros_robot_controller_msgs/msg/detail/motor_state__struct.h
[1.364s] -- Up-to-date symlink: /home/mehul/elec555_ws/install/ros_robot_controller_msgs/include/ros_robot_controller_msgs/ros_robot_controller_msgs/msg/detail/motor_state__type_support.h
[1.364s] -- Up-to-date symlink: /home/mehul/elec555_ws/install/ros_robot_controller_msgs/include/ros_robot_controller_msgs/ros_robot_controller_msgs/msg/detail/motors_state__functions.h
[1.364s] -- Up-to-date symlink: /home/mehul/elec555_ws/install/ros_robot_controller_msgs/include/ros_robot_controller_msgs/ros_robot_controller_msgs/msg/detail/motors_state__struct.h
[1.364s] -- Up-to-date symlink: /home/mehul/elec555_ws/install/ros_robot_controller_msgs/include/ros_robot_controller_msgs/ros_robot_controller_msgs/msg/detail/motors_state__type_support.h
[1.365s] -- Up-to-date symlink: /home/mehul/elec555_ws/install/ros_robot_controller_msgs/include/ros_robot_controller_msgs/ros_robot_controller_msgs/msg/detail/oled_state__functions.h
[1.365s] -- Up-to-date symlink: /home/mehul/elec555_ws/install/ros_robot_controller_msgs/include/ros_robot_controller_msgs/ros_robot_controller_msgs/msg/detail/oled_state__struct.h
[1.365s] -- Up-to-date symlink: /home/mehul/elec555_ws/install/ros_robot_controller_msgs/include/ros_robot_controller_msgs/ros_robot_controller_msgs/msg/detail/oled_state__type_support.h
[1.365s] -- Up-to-date symlink: /home/mehul/elec555_ws/install/ros_robot_controller_msgs/include/ros_robot_controller_msgs/ros_robot_controller_msgs/msg/detail/pwm_servo_state__functions.h
[1.365s] -- Up-to-date symlink: /home/mehul/elec555_ws/install/ros_robot_controller_msgs/include/ros_robot_controller_msgs/ros_robot_controller_msgs/msg/detail/pwm_servo_state__struct.h
[1.365s] -- Up-to-date symlink: /home/mehul/elec555_ws/install/ros_robot_controller_msgs/include/ros_robot_controller_msgs/ros_robot_controller_msgs/msg/detail/pwm_servo_state__type_support.h
[1.365s] -- Up-to-date symlink: /home/mehul/elec555_ws/install/ros_robot_controller_msgs/include/ros_robot_controller_msgs/ros_robot_controller_msgs/msg/detail/rgb_state__functions.h
[1.365s] -- Up-to-date symlink: /home/mehul/elec555_ws/install/ros_robot_controller_msgs/include/ros_robot_controller_msgs/ros_robot_controller_msgs/msg/detail/rgb_state__struct.h
[1.365s] -- Up-to-date symlink: /home/mehul/elec555_ws/install/ros_robot_controller_msgs/include/ros_robot_controller_msgs/ros_robot_controller_msgs/msg/detail/rgb_state__type_support.h
[1.365s] -- Up-to-date symlink: /home/mehul/elec555_ws/install/ros_robot_controller_msgs/include/ros_robot_controller_msgs/ros_robot_controller_msgs/msg/detail/rgb_states__functions.h
[1.365s] -- Up-to-date symlink: /home/mehul/elec555_ws/install/ros_robot_controller_msgs/include/ros_robot_controller_msgs/ros_robot_controller_msgs/msg/detail/rgb_states__struct.h
[1.365s] -- Up-to-date symlink: /home/mehul/elec555_ws/install/ros_robot_controller_msgs/include/ros_robot_controller_msgs/ros_robot_controller_msgs/msg/detail/rgb_states__type_support.h
[1.366s] -- Up-to-date symlink: /home/mehul/elec555_ws/install/ros_robot_controller_msgs/include/ros_robot_controller_msgs/ros_robot_controller_msgs/msg/detail/sbus__functions.h
[1.366s] -- Up-to-date symlink: /home/mehul/elec555_ws/install/ros_robot_controller_msgs/include/ros_robot_controller_msgs/ros_robot_controller_msgs/msg/detail/sbus__struct.h
[1.366s] -- Up-to-date symlink: /home/mehul/elec555_ws/install/ros_robot_controller_msgs/include/ros_robot_controller_msgs/ros_robot_controller_msgs/msg/detail/sbus__type_support.h
[1.366s] -- Up-to-date symlink: /home/mehul/elec555_ws/install/ros_robot_controller_msgs/include/ros_robot_controller_msgs/ros_robot_controller_msgs/msg/detail/servo_position__functions.h
[1.366s] -- Up-to-date symlink: /home/mehul/elec555_ws/install/ros_robot_controller_msgs/include/ros_robot_controller_msgs/ros_robot_controller_msgs/msg/detail/servo_position__struct.h
[1.366s] -- Up-to-date symlink: /home/mehul/elec555_ws/install/ros_robot_controller_msgs/include/ros_robot_controller_msgs/ros_robot_controller_msgs/msg/detail/servo_position__type_support.h
[1.366s] -- Up-to-date symlink: /home/mehul/elec555_ws/install/ros_robot_controller_msgs/include/ros_robot_controller_msgs/ros_robot_controller_msgs/msg/detail/servos_position__functions.h
[1.366s] -- Up-to-date symlink: /home/mehul/elec555_ws/install/ros_robot_controller_msgs/include/ros_robot_controller_msgs/ros_robot_controller_msgs/msg/detail/servos_position__struct.h
[1.366s] -- Up-to-date symlink: /home/mehul/elec555_ws/install/ros_robot_controller_msgs/include/ros_robot_controller_msgs/ros_robot_controller_msgs/msg/detail/servos_position__type_support.h
[1.366s] -- Up-to-date symlink: /home/mehul/elec555_ws/install/ros_robot_controller_msgs/include/ros_robot_controller_msgs/ros_robot_controller_msgs/msg/detail/set_bus_servo_state__functions.h
[1.366s] -- Up-to-date symlink: /home/mehul/elec555_ws/install/ros_robot_controller_msgs/include/ros_robot_controller_msgs/ros_robot_controller_msgs/msg/detail/set_bus_servo_state__struct.h
[1.367s] -- Up-to-date symlink: /home/mehul/elec555_ws/install/ros_robot_controller_msgs/include/ros_robot_controller_msgs/ros_robot_controller_msgs/msg/detail/set_bus_servo_state__type_support.h
[1.367s] -- Up-to-date symlink: /home/mehul/elec555_ws/install/ros_robot_controller_msgs/include/ros_robot_controller_msgs/ros_robot_controller_msgs/msg/detail/set_pwm_servo_state__functions.h
[1.367s] -- Up-to-date symlink: /home/mehul/elec555_ws/install/ros_robot_controller_msgs/include/ros_robot_controller_msgs/ros_robot_controller_msgs/msg/detail/set_pwm_servo_state__struct.h
[1.367s] -- Up-to-date symlink: /home/mehul/elec555_ws/install/ros_robot_controller_msgs/include/ros_robot_controller_msgs/ros_robot_controller_msgs/msg/detail/set_pwm_servo_state__type_support.h
[1.367s] -- Up-to-date symlink: /home/mehul/elec555_ws/install/ros_robot_controller_msgs/include/ros_robot_controller_msgs/ros_robot_controller_msgs/msg/get_bus_servo_cmd.h
[1.367s] -- Up-to-date symlink: /home/mehul/elec555_ws/install/ros_robot_controller_msgs/include/ros_robot_controller_msgs/ros_robot_controller_msgs/msg/get_pwm_servo_cmd.h
[1.367s] -- Up-to-date symlink: /home/mehul/elec555_ws/install/ros_robot_controller_msgs/include/ros_robot_controller_msgs/ros_robot_controller_msgs/msg/led_state.h
[1.367s] -- Up-to-date symlink: /home/mehul/elec555_ws/install/ros_robot_controller_msgs/include/ros_robot_controller_msgs/ros_robot_controller_msgs/msg/motor_state.h
[1.367s] -- Up-to-date symlink: /home/mehul/elec555_ws/install/ros_robot_controller_msgs/include/ros_robot_controller_msgs/ros_robot_controller_msgs/msg/motors_state.h
[1.367s] -- Up-to-date symlink: /home/mehul/elec555_ws/install/ros_robot_controller_msgs/include/ros_robot_controller_msgs/ros_robot_controller_msgs/msg/oled_state.h
[1.367s] -- Up-to-date symlink: /home/mehul/elec555_ws/install/ros_robot_controller_msgs/include/ros_robot_controller_msgs/ros_robot_controller_msgs/msg/pwm_servo_state.h
[1.367s] -- Up-to-date symlink: /home/mehul/elec555_ws/install/ros_robot_controller_msgs/include/ros_robot_controller_msgs/ros_robot_controller_msgs/msg/rgb_state.h
[1.367s] -- Up-to-date symlink: /home/mehul/elec555_ws/install/ros_robot_controller_msgs/include/ros_robot_controller_msgs/ros_robot_controller_msgs/msg/rgb_states.h
[1.367s] -- Up-to-date symlink: /home/mehul/elec555_ws/install/ros_robot_controller_msgs/include/ros_robot_controller_msgs/ros_robot_controller_msgs/msg/rosidl_generator_c__visibility_control.h
[1.367s] -- Up-to-date symlink: /home/mehul/elec555_ws/install/ros_robot_controller_msgs/include/ros_robot_controller_msgs/ros_robot_controller_msgs/msg/sbus.h
[1.367s] -- Up-to-date symlink: /home/mehul/elec555_ws/install/ros_robot_controller_msgs/include/ros_robot_controller_msgs/ros_robot_controller_msgs/msg/servo_position.h
[1.367s] -- Up-to-date symlink: /home/mehul/elec555_ws/install/ros_robot_controller_msgs/include/ros_robot_controller_msgs/ros_robot_controller_msgs/msg/servos_position.h
[1.367s] -- Up-to-date symlink: /home/mehul/elec555_ws/install/ros_robot_controller_msgs/include/ros_robot_controller_msgs/ros_robot_controller_msgs/msg/set_bus_servo_state.h
[1.368s] -- Up-to-date symlink: /home/mehul/elec555_ws/install/ros_robot_controller_msgs/include/ros_robot_controller_msgs/ros_robot_controller_msgs/msg/set_pwm_servo_state.h
[1.368s] -- Up-to-date symlink: /home/mehul/elec555_ws/install/ros_robot_controller_msgs/include/ros_robot_controller_msgs/ros_robot_controller_msgs/srv/detail/get_bus_servo_state__functions.h
[1.368s] -- Up-to-date symlink: /home/mehul/elec555_ws/install/ros_robot_controller_msgs/include/ros_robot_controller_msgs/ros_robot_controller_msgs/srv/detail/get_bus_servo_state__struct.h
[1.368s] -- Up-to-date symlink: /home/mehul/elec555_ws/install/ros_robot_controller_msgs/include/ros_robot_controller_msgs/ros_robot_controller_msgs/srv/detail/get_bus_servo_state__type_support.h
[1.368s] -- Up-to-date symlink: /home/mehul/elec555_ws/install/ros_robot_controller_msgs/include/ros_robot_controller_msgs/ros_robot_controller_msgs/srv/detail/get_pwm_servo_state__functions.h
[1.368s] -- Up-to-date symlink: /home/mehul/elec555_ws/install/ros_robot_controller_msgs/include/ros_robot_controller_msgs/ros_robot_controller_msgs/srv/detail/get_pwm_servo_state__struct.h
[1.368s] -- Up-to-date symlink: /home/mehul/elec555_ws/install/ros_robot_controller_msgs/include/ros_robot_controller_msgs/ros_robot_controller_msgs/srv/detail/get_pwm_servo_state__type_support.h
[1.368s] -- Up-to-date symlink: /home/mehul/elec555_ws/install/ros_robot_controller_msgs/include/ros_robot_controller_msgs/ros_robot_controller_msgs/srv/get_bus_servo_state.h
[1.368s] -- Up-to-date symlink: /home/mehul/elec555_ws/install/ros_robot_controller_msgs/include/ros_robot_controller_msgs/ros_robot_controller_msgs/srv/get_pwm_servo_state.h
[1.368s] -- Up-to-date symlink: /home/mehul/elec555_ws/install/ros_robot_controller_msgs/share/ros_robot_controller_msgs/environment/library_path.sh
[1.368s] -- Up-to-date symlink: /home/mehul/elec555_ws/install/ros_robot_controller_msgs/share/ros_robot_controller_msgs/environment/library_path.dsv
[1.368s] -- Up-to-date symlink: /home/mehul/elec555_ws/install/ros_robot_controller_msgs/include/ros_robot_controller_msgs/ros_robot_controller_msgs/msg/detail/bus_servo_state__rosidl_typesupport_fastrtps_c.h
[1.368s] -- Up-to-date symlink: /home/mehul/elec555_ws/install/ros_robot_controller_msgs/include/ros_robot_controller_msgs/ros_robot_controller_msgs/msg/detail/button_state__rosidl_typesupport_fastrtps_c.h
[1.368s] -- Up-to-date symlink: /home/mehul/elec555_ws/install/ros_robot_controller_msgs/include/ros_robot_controller_msgs/ros_robot_controller_msgs/msg/detail/buzzer_state__rosidl_typesupport_fastrtps_c.h
[1.368s] -- Up-to-date symlink: /home/mehul/elec555_ws/install/ros_robot_controller_msgs/include/ros_robot_controller_msgs/ros_robot_controller_msgs/msg/detail/get_bus_servo_cmd__rosidl_typesupport_fastrtps_c.h
[1.368s] -- Up-to-date symlink: /home/mehul/elec555_ws/install/ros_robot_controller_msgs/include/ros_robot_controller_msgs/ros_robot_controller_msgs/msg/detail/get_pwm_servo_cmd__rosidl_typesupport_fastrtps_c.h
[1.369s] -- Up-to-date symlink: /home/mehul/elec555_ws/install/ros_robot_controller_msgs/include/ros_robot_controller_msgs/ros_robot_controller_msgs/msg/detail/led_state__rosidl_typesupport_fastrtps_c.h
[1.369s] -- Up-to-date symlink: /home/mehul/elec555_ws/install/ros_robot_controller_msgs/include/ros_robot_controller_msgs/ros_robot_controller_msgs/msg/detail/motor_state__rosidl_typesupport_fastrtps_c.h
[1.369s] -- Up-to-date symlink: /home/mehul/elec555_ws/install/ros_robot_controller_msgs/include/ros_robot_controller_msgs/ros_robot_controller_msgs/msg/detail/motors_state__rosidl_typesupport_fastrtps_c.h
[1.369s] -- Up-to-date symlink: /home/mehul/elec555_ws/install/ros_robot_controller_msgs/include/ros_robot_controller_msgs/ros_robot_controller_msgs/msg/detail/oled_state__rosidl_typesupport_fastrtps_c.h
[1.369s] -- Up-to-date symlink: /home/mehul/elec555_ws/install/ros_robot_controller_msgs/include/ros_robot_controller_msgs/ros_robot_controller_msgs/msg/detail/pwm_servo_state__rosidl_typesupport_fastrtps_c.h
[1.369s] -- Up-to-date symlink: /home/mehul/elec555_ws/install/ros_robot_controller_msgs/include/ros_robot_controller_msgs/ros_robot_controller_msgs/msg/detail/rgb_state__rosidl_typesupport_fastrtps_c.h
[1.369s] -- Up-to-date symlink: /home/mehul/elec555_ws/install/ros_robot_controller_msgs/include/ros_robot_controller_msgs/ros_robot_controller_msgs/msg/detail/rgb_states__rosidl_typesupport_fastrtps_c.h
[1.369s] -- Up-to-date symlink: /home/mehul/elec555_ws/install/ros_robot_controller_msgs/include/ros_robot_controller_msgs/ros_robot_controller_msgs/msg/detail/sbus__rosidl_typesupport_fastrtps_c.h
[1.369s] -- Up-to-date symlink: /home/mehul/elec555_ws/install/ros_robot_controller_msgs/include/ros_robot_controller_msgs/ros_robot_controller_msgs/msg/detail/servo_position__rosidl_typesupport_fastrtps_c.h
[1.369s] -- Up-to-date symlink: /home/mehul/elec555_ws/install/ros_robot_controller_msgs/include/ros_robot_controller_msgs/ros_robot_controller_msgs/msg/detail/servos_position__rosidl_typesupport_fastrtps_c.h
[1.370s] -- Up-to-date symlink: /home/mehul/elec555_ws/install/ros_robot_controller_msgs/include/ros_robot_controller_msgs/ros_robot_controller_msgs/msg/detail/set_bus_servo_state__rosidl_typesupport_fastrtps_c.h
[1.370s] -- Up-to-date symlink: /home/mehul/elec555_ws/install/ros_robot_controller_msgs/include/ros_robot_controller_msgs/ros_robot_controller_msgs/msg/detail/set_pwm_servo_state__rosidl_typesupport_fastrtps_c.h
[1.370s] -- Up-to-date symlink: /home/mehul/elec555_ws/install/ros_robot_controller_msgs/include/ros_robot_controller_msgs/ros_robot_controller_msgs/msg/rosidl_typesupport_fastrtps_c__visibility_control.h
[1.370s] -- Up-to-date symlink: /home/mehul/elec555_ws/install/ros_robot_controller_msgs/include/ros_robot_controller_msgs/ros_robot_controller_msgs/srv/detail/get_bus_servo_state__rosidl_typesupport_fastrtps_c.h
[1.370s] -- Up-to-date symlink: /home/mehul/elec555_ws/install/ros_robot_controller_msgs/include/ros_robot_controller_msgs/ros_robot_controller_msgs/srv/detail/get_pwm_servo_state__rosidl_typesupport_fastrtps_c.h
[1.372s] -- Up-to-date symlink: /home/mehul/elec555_ws/install/ros_robot_controller_msgs/include/ros_robot_controller_msgs/ros_robot_controller_msgs/msg/bus_servo_state.hpp
[1.372s] -- Up-to-date symlink: /home/mehul/elec555_ws/install/ros_robot_controller_msgs/include/ros_robot_controller_msgs/ros_robot_controller_msgs/msg/button_state.hpp
[1.372s] -- Up-to-date symlink: /home/mehul/elec555_ws/install/ros_robot_controller_msgs/include/ros_robot_controller_msgs/ros_robot_controller_msgs/msg/buzzer_state.hpp
[1.372s] -- Up-to-date symlink: /home/mehul/elec555_ws/install/ros_robot_controller_msgs/include/ros_robot_controller_msgs/ros_robot_controller_msgs/msg/detail/bus_servo_state__builder.hpp
[1.372s] -- Up-to-date symlink: /home/mehul/elec555_ws/install/ros_robot_controller_msgs/include/ros_robot_controller_msgs/ros_robot_controller_msgs/msg/detail/bus_servo_state__struct.hpp
[1.372s] -- Up-to-date symlink: /home/mehul/elec555_ws/install/ros_robot_controller_msgs/include/ros_robot_controller_msgs/ros_robot_controller_msgs/msg/detail/bus_servo_state__traits.hpp
[1.373s] -- Up-to-date symlink: /home/mehul/elec555_ws/install/ros_robot_controller_msgs/include/ros_robot_controller_msgs/ros_robot_controller_msgs/msg/detail/bus_servo_state__type_support.hpp
[1.373s] -- Up-to-date symlink: /home/mehul/elec555_ws/install/ros_robot_controller_msgs/include/ros_robot_controller_msgs/ros_robot_controller_msgs/msg/detail/button_state__builder.hpp
[1.373s] -- Up-to-date symlink: /home/mehul/elec555_ws/install/ros_robot_controller_msgs/include/ros_robot_controller_msgs/ros_robot_controller_msgs/msg/detail/button_state__struct.hpp
[1.373s] -- Up-to-date symlink: /home/mehul/elec555_ws/install/ros_robot_controller_msgs/include/ros_robot_controller_msgs/ros_robot_controller_msgs/msg/detail/button_state__traits.hpp
[1.373s] -- Up-to-date symlink: /home/mehul/elec555_ws/install/ros_robot_controller_msgs/include/ros_robot_controller_msgs/ros_robot_controller_msgs/msg/detail/button_state__type_support.hpp
[1.373s] -- Up-to-date symlink: /home/mehul/elec555_ws/install/ros_robot_controller_msgs/include/ros_robot_controller_msgs/ros_robot_controller_msgs/msg/detail/buzzer_state__builder.hpp
[1.373s] -- Up-to-date symlink: /home/mehul/elec555_ws/install/ros_robot_controller_msgs/include/ros_robot_controller_msgs/ros_robot_controller_msgs/msg/detail/buzzer_state__struct.hpp
[1.373s] -- Up-to-date symlink: /home/mehul/elec555_ws/install/ros_robot_controller_msgs/include/ros_robot_controller_msgs/ros_robot_controller_msgs/msg/detail/buzzer_state__traits.hpp
[1.373s] -- Up-to-date symlink: /home/mehul/elec555_ws/install/ros_robot_controller_msgs/include/ros_robot_controller_msgs/ros_robot_controller_msgs/msg/detail/buzzer_state__type_support.hpp
[1.373s] -- Up-to-date symlink: /home/mehul/elec555_ws/install/ros_robot_controller_msgs/include/ros_robot_controller_msgs/ros_robot_controller_msgs/msg/detail/get_bus_servo_cmd__builder.hpp
[1.373s] -- Up-to-date symlink: /home/mehul/elec555_ws/install/ros_robot_controller_msgs/include/ros_robot_controller_msgs/ros_robot_controller_msgs/msg/detail/get_bus_servo_cmd__struct.hpp
[1.373s] -- Up-to-date symlink: /home/mehul/elec555_ws/install/ros_robot_controller_msgs/include/ros_robot_controller_msgs/ros_robot_controller_msgs/msg/detail/get_bus_servo_cmd__traits.hpp
[1.373s] -- Up-to-date symlink: /home/mehul/elec555_ws/install/ros_robot_controller_msgs/include/ros_robot_controller_msgs/ros_robot_controller_msgs/msg/detail/get_bus_servo_cmd__type_support.hpp
[1.373s] -- Up-to-date symlink: /home/mehul/elec555_ws/install/ros_robot_controller_msgs/include/ros_robot_controller_msgs/ros_robot_controller_msgs/msg/detail/get_pwm_servo_cmd__builder.hpp
[1.373s] -- Up-to-date symlink: /home/mehul/elec555_ws/install/ros_robot_controller_msgs/include/ros_robot_controller_msgs/ros_robot_controller_msgs/msg/detail/get_pwm_servo_cmd__struct.hpp
[1.374s] -- Up-to-date symlink: /home/mehul/elec555_ws/install/ros_robot_controller_msgs/include/ros_robot_controller_msgs/ros_robot_controller_msgs/msg/detail/get_pwm_servo_cmd__traits.hpp
[1.376s] -- Up-to-date symlink: /home/mehul/elec555_ws/install/ros_robot_controller_msgs/include/ros_robot_controller_msgs/ros_robot_controller_msgs/msg/detail/get_pwm_servo_cmd__type_support.hpp
[1.376s] -- Up-to-date symlink: /home/mehul/elec555_ws/install/ros_robot_controller_msgs/include/ros_robot_controller_msgs/ros_robot_controller_msgs/msg/detail/led_state__builder.hpp
[1.376s] -- Up-to-date symlink: /home/mehul/elec555_ws/install/ros_robot_controller_msgs/include/ros_robot_controller_msgs/ros_robot_controller_msgs/msg/detail/led_state__struct.hpp
[1.376s] -- Up-to-date symlink: /home/mehul/elec555_ws/install/ros_robot_controller_msgs/include/ros_robot_controller_msgs/ros_robot_controller_msgs/msg/detail/led_state__traits.hpp
[1.376s] -- Up-to-date symlink: /home/mehul/elec555_ws/install/ros_robot_controller_msgs/include/ros_robot_controller_msgs/ros_robot_controller_msgs/msg/detail/led_state__type_support.hpp
[1.376s] -- Up-to-date symlink: /home/mehul/elec555_ws/install/ros_robot_controller_msgs/include/ros_robot_controller_msgs/ros_robot_controller_msgs/msg/detail/motor_state__builder.hpp
[1.376s] -- Up-to-date symlink: /home/mehul/elec555_ws/install/ros_robot_controller_msgs/include/ros_robot_controller_msgs/ros_robot_controller_msgs/msg/detail/motor_state__struct.hpp
[1.376s] -- Up-to-date symlink: /home/mehul/elec555_ws/install/ros_robot_controller_msgs/include/ros_robot_controller_msgs/ros_robot_controller_msgs/msg/detail/motor_state__traits.hpp
[1.377s] -- Up-to-date symlink: /home/mehul/elec555_ws/install/ros_robot_controller_msgs/include/ros_robot_controller_msgs/ros_robot_controller_msgs/msg/detail/motor_state__type_support.hpp
[1.377s] -- Up-to-date symlink: /home/mehul/elec555_ws/install/ros_robot_controller_msgs/include/ros_robot_controller_msgs/ros_robot_controller_msgs/msg/detail/motors_state__builder.hpp
[1.377s] -- Up-to-date symlink: /home/mehul/elec555_ws/install/ros_robot_controller_msgs/include/ros_robot_controller_msgs/ros_robot_controller_msgs/msg/detail/motors_state__struct.hpp
[1.377s] -- Up-to-date symlink: /home/mehul/elec555_ws/install/ros_robot_controller_msgs/include/ros_robot_controller_msgs/ros_robot_controller_msgs/msg/detail/motors_state__traits.hpp
[1.377s] -- Up-to-date symlink: /home/mehul/elec555_ws/install/ros_robot_controller_msgs/include/ros_robot_controller_msgs/ros_robot_controller_msgs/msg/detail/motors_state__type_support.hpp
[1.377s] -- Up-to-date symlink: /home/mehul/elec555_ws/install/ros_robot_controller_msgs/include/ros_robot_controller_msgs/ros_robot_controller_msgs/msg/detail/oled_state__builder.hpp
[1.377s] -- Up-to-date symlink: /home/mehul/elec555_ws/install/ros_robot_controller_msgs/include/ros_robot_controller_msgs/ros_robot_controller_msgs/msg/detail/oled_state__struct.hpp
[1.377s] -- Up-to-date symlink: /home/mehul/elec555_ws/install/ros_robot_controller_msgs/include/ros_robot_controller_msgs/ros_robot_controller_msgs/msg/detail/oled_state__traits.hpp
[1.377s] -- Up-to-date symlink: /home/mehul/elec555_ws/install/ros_robot_controller_msgs/include/ros_robot_controller_msgs/ros_robot_controller_msgs/msg/detail/oled_state__type_support.hpp
[1.378s] -- Up-to-date symlink: /home/mehul/elec555_ws/install/ros_robot_controller_msgs/include/ros_robot_controller_msgs/ros_robot_controller_msgs/msg/detail/pwm_servo_state__builder.hpp
[1.378s] -- Up-to-date symlink: /home/mehul/elec555_ws/install/ros_robot_controller_msgs/include/ros_robot_controller_msgs/ros_robot_controller_msgs/msg/detail/pwm_servo_state__struct.hpp
[1.378s] -- Up-to-date symlink: /home/mehul/elec555_ws/install/ros_robot_controller_msgs/include/ros_robot_controller_msgs/ros_robot_controller_msgs/msg/detail/pwm_servo_state__traits.hpp
[1.379s] -- Up-to-date symlink: /home/mehul/elec555_ws/install/ros_robot_controller_msgs/include/ros_robot_controller_msgs/ros_robot_controller_msgs/msg/detail/pwm_servo_state__type_support.hpp
[1.379s] -- Up-to-date symlink: /home/mehul/elec555_ws/install/ros_robot_controller_msgs/include/ros_robot_controller_msgs/ros_robot_controller_msgs/msg/detail/rgb_state__builder.hpp
[1.379s] -- Up-to-date symlink: /home/mehul/elec555_ws/install/ros_robot_controller_msgs/include/ros_robot_controller_msgs/ros_robot_controller_msgs/msg/detail/rgb_state__struct.hpp
[1.379s] -- Up-to-date symlink: /home/mehul/elec555_ws/install/ros_robot_controller_msgs/include/ros_robot_controller_msgs/ros_robot_controller_msgs/msg/detail/rgb_state__traits.hpp
[1.379s] -- Up-to-date symlink: /home/mehul/elec555_ws/install/ros_robot_controller_msgs/include/ros_robot_controller_msgs/ros_robot_controller_msgs/msg/detail/rgb_state__type_support.hpp
[1.380s] -- Up-to-date symlink: /home/mehul/elec555_ws/install/ros_robot_controller_msgs/include/ros_robot_controller_msgs/ros_robot_controller_msgs/msg/detail/rgb_states__builder.hpp
[1.380s] -- Up-to-date symlink: /home/mehul/elec555_ws/install/ros_robot_controller_msgs/include/ros_robot_controller_msgs/ros_robot_controller_msgs/msg/detail/rgb_states__struct.hpp
[1.380s] -- Up-to-date symlink: /home/mehul/elec555_ws/install/ros_robot_controller_msgs/include/ros_robot_controller_msgs/ros_robot_controller_msgs/msg/detail/rgb_states__traits.hpp
[1.380s] -- Up-to-date symlink: /home/mehul/elec555_ws/install/ros_robot_controller_msgs/include/ros_robot_controller_msgs/ros_robot_controller_msgs/msg/detail/rgb_states__type_support.hpp
[1.380s] -- Up-to-date symlink: /home/mehul/elec555_ws/install/ros_robot_controller_msgs/include/ros_robot_controller_msgs/ros_robot_controller_msgs/msg/detail/sbus__builder.hpp
[1.380s] -- Up-to-date symlink: /home/mehul/elec555_ws/install/ros_robot_controller_msgs/include/ros_robot_controller_msgs/ros_robot_controller_msgs/msg/detail/sbus__struct.hpp
[1.380s] -- Up-to-date symlink: /home/mehul/elec555_ws/install/ros_robot_controller_msgs/include/ros_robot_controller_msgs/ros_robot_controller_msgs/msg/detail/sbus__traits.hpp
[1.380s] -- Up-to-date symlink: /home/mehul/elec555_ws/install/ros_robot_controller_msgs/include/ros_robot_controller_msgs/ros_robot_controller_msgs/msg/detail/sbus__type_support.hpp
[1.380s] -- Up-to-date symlink: /home/mehul/elec555_ws/install/ros_robot_controller_msgs/include/ros_robot_controller_msgs/ros_robot_controller_msgs/msg/detail/servo_position__builder.hpp
[1.380s] -- Up-to-date symlink: /home/mehul/elec555_ws/install/ros_robot_controller_msgs/include/ros_robot_controller_msgs/ros_robot_controller_msgs/msg/detail/servo_position__struct.hpp
[1.380s] -- Up-to-date symlink: /home/mehul/elec555_ws/install/ros_robot_controller_msgs/include/ros_robot_controller_msgs/ros_robot_controller_msgs/msg/detail/servo_position__traits.hpp
[1.380s] -- Up-to-date symlink: /home/mehul/elec555_ws/install/ros_robot_controller_msgs/include/ros_robot_controller_msgs/ros_robot_controller_msgs/msg/detail/servo_position__type_support.hpp
[1.380s] -- Up-to-date symlink: /home/mehul/elec555_ws/install/ros_robot_controller_msgs/include/ros_robot_controller_msgs/ros_robot_controller_msgs/msg/detail/servos_position__builder.hpp
[1.380s] -- Up-to-date symlink: /home/mehul/elec555_ws/install/ros_robot_controller_msgs/include/ros_robot_controller_msgs/ros_robot_controller_msgs/msg/detail/servos_position__struct.hpp
[1.381s] -- Up-to-date symlink: /home/mehul/elec555_ws/install/ros_robot_controller_msgs/include/ros_robot_controller_msgs/ros_robot_controller_msgs/msg/detail/servos_position__traits.hpp
[1.381s] -- Up-to-date symlink: /home/mehul/elec555_ws/install/ros_robot_controller_msgs/include/ros_robot_controller_msgs/ros_robot_controller_msgs/msg/detail/servos_position__type_support.hpp
[1.381s] -- Up-to-date symlink: /home/mehul/elec555_ws/install/ros_robot_controller_msgs/include/ros_robot_controller_msgs/ros_robot_controller_msgs/msg/detail/set_bus_servo_state__builder.hpp
[1.381s] -- Up-to-date symlink: /home/mehul/elec555_ws/install/ros_robot_controller_msgs/include/ros_robot_controller_msgs/ros_robot_controller_msgs/msg/detail/set_bus_servo_state__struct.hpp
[1.382s] -- Up-to-date symlink: /home/mehul/elec555_ws/install/ros_robot_controller_msgs/include/ros_robot_controller_msgs/ros_robot_controller_msgs/msg/detail/set_bus_servo_state__traits.hpp
[1.382s] -- Up-to-date symlink: /home/mehul/elec555_ws/install/ros_robot_controller_msgs/include/ros_robot_controller_msgs/ros_robot_controller_msgs/msg/detail/set_bus_servo_state__type_support.hpp
[1.382s] -- Up-to-date symlink: /home/mehul/elec555_ws/install/ros_robot_controller_msgs/include/ros_robot_controller_msgs/ros_robot_controller_msgs/msg/detail/set_pwm_servo_state__builder.hpp
[1.383s] -- Up-to-date symlink: /home/mehul/elec555_ws/install/ros_robot_controller_msgs/include/ros_robot_controller_msgs/ros_robot_controller_msgs/msg/detail/set_pwm_servo_state__struct.hpp
[1.383s] -- Up-to-date symlink: /home/mehul/elec555_ws/install/ros_robot_controller_msgs/include/ros_robot_controller_msgs/ros_robot_controller_msgs/msg/detail/set_pwm_servo_state__traits.hpp
[1.383s] -- Up-to-date symlink: /home/mehul/elec555_ws/install/ros_robot_controller_msgs/include/ros_robot_controller_msgs/ros_robot_controller_msgs/msg/detail/set_pwm_servo_state__type_support.hpp
[1.383s] -- Up-to-date symlink: /home/mehul/elec555_ws/install/ros_robot_controller_msgs/include/ros_robot_controller_msgs/ros_robot_controller_msgs/msg/get_bus_servo_cmd.hpp
[1.383s] -- Up-to-date symlink: /home/mehul/elec555_ws/install/ros_robot_controller_msgs/include/ros_robot_controller_msgs/ros_robot_controller_msgs/msg/get_pwm_servo_cmd.hpp
[1.383s] -- Up-to-date symlink: /home/mehul/elec555_ws/install/ros_robot_controller_msgs/include/ros_robot_controller_msgs/ros_robot_controller_msgs/msg/led_state.hpp
[1.383s] -- Up-to-date symlink: /home/mehul/elec555_ws/install/ros_robot_controller_msgs/include/ros_robot_controller_msgs/ros_robot_controller_msgs/msg/motor_state.hpp
[1.383s] -- Up-to-date symlink: /home/mehul/elec555_ws/install/ros_robot_controller_msgs/include/ros_robot_controller_msgs/ros_robot_controller_msgs/msg/motors_state.hpp
[1.384s] -- Up-to-date symlink: /home/mehul/elec555_ws/install/ros_robot_controller_msgs/include/ros_robot_controller_msgs/ros_robot_controller_msgs/msg/oled_state.hpp
[1.384s] -- Up-to-date symlink: /home/mehul/elec555_ws/install/ros_robot_controller_msgs/include/ros_robot_controller_msgs/ros_robot_controller_msgs/msg/pwm_servo_state.hpp
[1.384s] -- Up-to-date symlink: /home/mehul/elec555_ws/install/ros_robot_controller_msgs/include/ros_robot_controller_msgs/ros_robot_controller_msgs/msg/rgb_state.hpp
[1.385s] -- Up-to-date symlink: /home/mehul/elec555_ws/install/ros_robot_controller_msgs/include/ros_robot_controller_msgs/ros_robot_controller_msgs/msg/rgb_states.hpp
[1.385s] -- Up-to-date symlink: /home/mehul/elec555_ws/install/ros_robot_controller_msgs/include/ros_robot_controller_msgs/ros_robot_controller_msgs/msg/rosidl_generator_cpp__visibility_control.hpp
[1.385s] -- Up-to-date symlink: /home/mehul/elec555_ws/install/ros_robot_controller_msgs/include/ros_robot_controller_msgs/ros_robot_controller_msgs/msg/sbus.hpp
[1.385s] -- Up-to-date symlink: /home/mehul/elec555_ws/install/ros_robot_controller_msgs/include/ros_robot_controller_msgs/ros_robot_controller_msgs/msg/servo_position.hpp
[1.385s] -- Up-to-date symlink: /home/mehul/elec555_ws/install/ros_robot_controller_msgs/include/ros_robot_controller_msgs/ros_robot_controller_msgs/msg/servos_position.hpp
[1.385s] -- Up-to-date symlink: /home/mehul/elec555_ws/install/ros_robot_controller_msgs/include/ros_robot_controller_msgs/ros_robot_controller_msgs/msg/set_bus_servo_state.hpp
[1.385s] -- Up-to-date symlink: /home/mehul/elec555_ws/install/ros_robot_controller_msgs/include/ros_robot_controller_msgs/ros_robot_controller_msgs/msg/set_pwm_servo_state.hpp
[1.385s] -- Up-to-date symlink: /home/mehul/elec555_ws/install/ros_robot_controller_msgs/include/ros_robot_controller_msgs/ros_robot_controller_msgs/srv/detail/get_bus_servo_state__builder.hpp
[1.386s] -- Up-to-date symlink: /home/mehul/elec555_ws/install/ros_robot_controller_msgs/include/ros_robot_controller_msgs/ros_robot_controller_msgs/srv/detail/get_bus_servo_state__struct.hpp
[1.386s] -- Up-to-date symlink: /home/mehul/elec555_ws/install/ros_robot_controller_msgs/include/ros_robot_controller_msgs/ros_robot_controller_msgs/srv/detail/get_bus_servo_state__traits.hpp
[1.386s] -- Up-to-date symlink: /home/mehul/elec555_ws/install/ros_robot_controller_msgs/include/ros_robot_controller_msgs/ros_robot_controller_msgs/srv/detail/get_bus_servo_state__type_support.hpp
[1.386s] -- Up-to-date symlink: /home/mehul/elec555_ws/install/ros_robot_controller_msgs/include/ros_robot_controller_msgs/ros_robot_controller_msgs/srv/detail/get_pwm_servo_state__builder.hpp
[1.386s] -- Up-to-date symlink: /home/mehul/elec555_ws/install/ros_robot_controller_msgs/include/ros_robot_controller_msgs/ros_robot_controller_msgs/srv/detail/get_pwm_servo_state__struct.hpp
[1.386s] -- Up-to-date symlink: /home/mehul/elec555_ws/install/ros_robot_controller_msgs/include/ros_robot_controller_msgs/ros_robot_controller_msgs/srv/detail/get_pwm_servo_state__traits.hpp
[1.386s] -- Up-to-date symlink: /home/mehul/elec555_ws/install/ros_robot_controller_msgs/include/ros_robot_controller_msgs/ros_robot_controller_msgs/srv/detail/get_pwm_servo_state__type_support.hpp
[1.386s] -- Up-to-date symlink: /home/mehul/elec555_ws/install/ros_robot_controller_msgs/include/ros_robot_controller_msgs/ros_robot_controller_msgs/srv/get_bus_servo_state.hpp
[1.386s] -- Up-to-date symlink: /home/mehul/elec555_ws/install/ros_robot_controller_msgs/include/ros_robot_controller_msgs/ros_robot_controller_msgs/srv/get_pwm_servo_state.hpp
[1.388s] -- Up-to-date symlink: /home/mehul/elec555_ws/install/ros_robot_controller_msgs/include/ros_robot_controller_msgs/ros_robot_controller_msgs/msg/detail/bus_servo_state__rosidl_typesupport_fastrtps_cpp.hpp
[1.388s] -- Up-to-date symlink: /home/mehul/elec555_ws/install/ros_robot_controller_msgs/include/ros_robot_controller_msgs/ros_robot_controller_msgs/msg/detail/button_state__rosidl_typesupport_fastrtps_cpp.hpp
[1.388s] -- Up-to-date symlink: /home/mehul/elec555_ws/install/ros_robot_controller_msgs/include/ros_robot_controller_msgs/ros_robot_controller_msgs/msg/detail/buzzer_state__rosidl_typesupport_fastrtps_cpp.hpp
[1.388s] -- Up-to-date symlink: /home/mehul/elec555_ws/install/ros_robot_controller_msgs/include/ros_robot_controller_msgs/ros_robot_controller_msgs/msg/detail/get_bus_servo_cmd__rosidl_typesupport_fastrtps_cpp.hpp
[1.388s] -- Up-to-date symlink: /home/mehul/elec555_ws/install/ros_robot_controller_msgs/include/ros_robot_controller_msgs/ros_robot_controller_msgs/msg/detail/get_pwm_servo_cmd__rosidl_typesupport_fastrtps_cpp.hpp
[1.388s] -- Up-to-date symlink: /home/mehul/elec555_ws/install/ros_robot_controller_msgs/include/ros_robot_controller_msgs/ros_robot_controller_msgs/msg/detail/led_state__rosidl_typesupport_fastrtps_cpp.hpp
[1.388s] -- Up-to-date symlink: /home/mehul/elec555_ws/install/ros_robot_controller_msgs/include/ros_robot_controller_msgs/ros_robot_controller_msgs/msg/detail/motor_state__rosidl_typesupport_fastrtps_cpp.hpp
[1.389s] -- Up-to-date symlink: /home/mehul/elec555_ws/install/ros_robot_controller_msgs/include/ros_robot_controller_msgs/ros_robot_controller_msgs/msg/detail/motors_state__rosidl_typesupport_fastrtps_cpp.hpp
[1.389s] -- Up-to-date symlink: /home/mehul/elec555_ws/install/ros_robot_controller_msgs/include/ros_robot_controller_msgs/ros_robot_controller_msgs/msg/detail/oled_state__rosidl_typesupport_fastrtps_cpp.hpp
[1.390s] -- Up-to-date symlink: /home/mehul/elec555_ws/install/ros_robot_controller_msgs/include/ros_robot_controller_msgs/ros_robot_controller_msgs/msg/detail/pwm_servo_state__rosidl_typesupport_fastrtps_cpp.hpp
[1.390s] -- Up-to-date symlink: /home/mehul/elec555_ws/install/ros_robot_controller_msgs/include/ros_robot_controller_msgs/ros_robot_controller_msgs/msg/detail/rgb_state__rosidl_typesupport_fastrtps_cpp.hpp
[1.391s] -- Up-to-date symlink: /home/mehul/elec555_ws/install/ros_robot_controller_msgs/include/ros_robot_controller_msgs/ros_robot_controller_msgs/msg/detail/rgb_states__rosidl_typesupport_fastrtps_cpp.hpp
[1.391s] -- Up-to-date symlink: /home/mehul/elec555_ws/install/ros_robot_controller_msgs/include/ros_robot_controller_msgs/ros_robot_controller_msgs/msg/detail/sbus__rosidl_typesupport_fastrtps_cpp.hpp
[1.391s] -- Up-to-date symlink: /home/mehul/elec555_ws/install/ros_robot_controller_msgs/include/ros_robot_controller_msgs/ros_robot_controller_msgs/msg/detail/servo_position__rosidl_typesupport_fastrtps_cpp.hpp
[1.392s] -- Up-to-date symlink: /home/mehul/elec555_ws/install/ros_robot_controller_msgs/include/ros_robot_controller_msgs/ros_robot_controller_msgs/msg/detail/servos_position__rosidl_typesupport_fastrtps_cpp.hpp
[1.393s] -- Up-to-date symlink: /home/mehul/elec555_ws/install/ros_robot_controller_msgs/include/ros_robot_controller_msgs/ros_robot_controller_msgs/msg/detail/set_bus_servo_state__rosidl_typesupport_fastrtps_cpp.hpp
[1.393s] -- Up-to-date symlink: /home/mehul/elec555_ws/install/ros_robot_controller_msgs/include/ros_robot_controller_msgs/ros_robot_controller_msgs/msg/detail/set_pwm_servo_state__rosidl_typesupport_fastrtps_cpp.hpp
[1.393s] -- Up-to-date symlink: /home/mehul/elec555_ws/install/ros_robot_controller_msgs/include/ros_robot_controller_msgs/ros_robot_controller_msgs/msg/rosidl_typesupport_fastrtps_cpp__visibility_control.h
[1.393s] -- Up-to-date symlink: /home/mehul/elec555_ws/install/ros_robot_controller_msgs/include/ros_robot_controller_msgs/ros_robot_controller_msgs/srv/detail/get_bus_servo_state__rosidl_typesupport_fastrtps_cpp.hpp
[1.393s] -- Up-to-date symlink: /home/mehul/elec555_ws/install/ros_robot_controller_msgs/include/ros_robot_controller_msgs/ros_robot_controller_msgs/srv/detail/get_pwm_servo_state__rosidl_typesupport_fastrtps_cpp.hpp
[1.393s] -- Up-to-date symlink: /home/mehul/elec555_ws/install/ros_robot_controller_msgs/include/ros_robot_controller_msgs/ros_robot_controller_msgs/msg/detail/bus_servo_state__rosidl_typesupport_introspection_c.h
[1.393s] -- Up-to-date symlink: /home/mehul/elec555_ws/install/ros_robot_controller_msgs/include/ros_robot_controller_msgs/ros_robot_controller_msgs/msg/detail/button_state__rosidl_typesupport_introspection_c.h
[1.393s] -- Up-to-date symlink: /home/mehul/elec555_ws/install/ros_robot_controller_msgs/include/ros_robot_controller_msgs/ros_robot_controller_msgs/msg/detail/buzzer_state__rosidl_typesupport_introspection_c.h
[1.393s] -- Up-to-date symlink: /home/mehul/elec555_ws/install/ros_robot_controller_msgs/include/ros_robot_controller_msgs/ros_robot_controller_msgs/msg/detail/get_bus_servo_cmd__rosidl_typesupport_introspection_c.h
[1.394s] -- Up-to-date symlink: /home/mehul/elec555_ws/install/ros_robot_controller_msgs/include/ros_robot_controller_msgs/ros_robot_controller_msgs/msg/detail/get_pwm_servo_cmd__rosidl_typesupport_introspection_c.h
[1.394s] -- Up-to-date symlink: /home/mehul/elec555_ws/install/ros_robot_controller_msgs/include/ros_robot_controller_msgs/ros_robot_controller_msgs/msg/detail/led_state__rosidl_typesupport_introspection_c.h
[1.394s] -- Up-to-date symlink: /home/mehul/elec555_ws/install/ros_robot_controller_msgs/include/ros_robot_controller_msgs/ros_robot_controller_msgs/msg/detail/motor_state__rosidl_typesupport_introspection_c.h
[1.394s] -- Up-to-date symlink: /home/mehul/elec555_ws/install/ros_robot_controller_msgs/include/ros_robot_controller_msgs/ros_robot_controller_msgs/msg/detail/motors_state__rosidl_typesupport_introspection_c.h
[1.394s] -- Up-to-date symlink: /home/mehul/elec555_ws/install/ros_robot_controller_msgs/include/ros_robot_controller_msgs/ros_robot_controller_msgs/msg/detail/oled_state__rosidl_typesupport_introspection_c.h
[1.394s] -- Up-to-date symlink: /home/mehul/elec555_ws/install/ros_robot_controller_msgs/include/ros_robot_controller_msgs/ros_robot_controller_msgs/msg/detail/pwm_servo_state__rosidl_typesupport_introspection_c.h
[1.395s] -- Up-to-date symlink: /home/mehul/elec555_ws/install/ros_robot_controller_msgs/include/ros_robot_controller_msgs/ros_robot_controller_msgs/msg/detail/rgb_state__rosidl_typesupport_introspection_c.h
[1.395s] -- Up-to-date symlink: /home/mehul/elec555_ws/install/ros_robot_controller_msgs/include/ros_robot_controller_msgs/ros_robot_controller_msgs/msg/detail/rgb_states__rosidl_typesupport_introspection_c.h
[1.395s] -- Up-to-date symlink: /home/mehul/elec555_ws/install/ros_robot_controller_msgs/include/ros_robot_controller_msgs/ros_robot_controller_msgs/msg/detail/sbus__rosidl_typesupport_introspection_c.h
[1.395s] -- Up-to-date symlink: /home/mehul/elec555_ws/install/ros_robot_controller_msgs/include/ros_robot_controller_msgs/ros_robot_controller_msgs/msg/detail/servo_position__rosidl_typesupport_introspection_c.h
[1.395s] -- Up-to-date symlink: /home/mehul/elec555_ws/install/ros_robot_controller_msgs/include/ros_robot_controller_msgs/ros_robot_controller_msgs/msg/detail/servos_position__rosidl_typesupport_introspection_c.h
[1.395s] -- Up-to-date symlink: /home/mehul/elec555_ws/install/ros_robot_controller_msgs/include/ros_robot_controller_msgs/ros_robot_controller_msgs/msg/detail/set_bus_servo_state__rosidl_typesupport_introspection_c.h
[1.396s] -- Up-to-date symlink: /home/mehul/elec555_ws/install/ros_robot_controller_msgs/include/ros_robot_controller_msgs/ros_robot_controller_msgs/msg/detail/set_pwm_servo_state__rosidl_typesupport_introspection_c.h
[1.396s] -- Up-to-date symlink: /home/mehul/elec555_ws/install/ros_robot_controller_msgs/include/ros_robot_controller_msgs/ros_robot_controller_msgs/msg/rosidl_typesupport_introspection_c__visibility_control.h
[1.396s] -- Up-to-date symlink: /home/mehul/elec555_ws/install/ros_robot_controller_msgs/include/ros_robot_controller_msgs/ros_robot_controller_msgs/srv/detail/get_bus_servo_state__rosidl_typesupport_introspection_c.h
[1.396s] -- Up-to-date symlink: /home/mehul/elec555_ws/install/ros_robot_controller_msgs/include/ros_robot_controller_msgs/ros_robot_controller_msgs/srv/detail/get_pwm_servo_state__rosidl_typesupport_introspection_c.h
[1.396s] -- Up-to-date symlink: /home/mehul/elec555_ws/install/ros_robot_controller_msgs/include/ros_robot_controller_msgs/ros_robot_controller_msgs/msg/detail/bus_servo_state__rosidl_typesupport_introspection_cpp.hpp
[1.398s] -- Up-to-date symlink: /home/mehul/elec555_ws/install/ros_robot_controller_msgs/include/ros_robot_controller_msgs/ros_robot_controller_msgs/msg/detail/button_state__rosidl_typesupport_introspection_cpp.hpp
[1.399s] -- Up-to-date symlink: /home/mehul/elec555_ws/install/ros_robot_controller_msgs/include/ros_robot_controller_msgs/ros_robot_controller_msgs/msg/detail/buzzer_state__rosidl_typesupport_introspection_cpp.hpp
[1.399s] -- Up-to-date symlink: /home/mehul/elec555_ws/install/ros_robot_controller_msgs/include/ros_robot_controller_msgs/ros_robot_controller_msgs/msg/detail/get_bus_servo_cmd__rosidl_typesupport_introspection_cpp.hpp
[1.399s] -- Up-to-date symlink: /home/mehul/elec555_ws/install/ros_robot_controller_msgs/include/ros_robot_controller_msgs/ros_robot_controller_msgs/msg/detail/get_pwm_servo_cmd__rosidl_typesupport_introspection_cpp.hpp
[1.399s] -- Up-to-date symlink: /home/mehul/elec555_ws/install/ros_robot_controller_msgs/include/ros_robot_controller_msgs/ros_robot_controller_msgs/msg/detail/led_state__rosidl_typesupport_introspection_cpp.hpp
[1.399s] -- Up-to-date symlink: /home/mehul/elec555_ws/install/ros_robot_controller_msgs/include/ros_robot_controller_msgs/ros_robot_controller_msgs/msg/detail/motor_state__rosidl_typesupport_introspection_cpp.hpp
[1.400s] -- Up-to-date symlink: /home/mehul/elec555_ws/install/ros_robot_controller_msgs/include/ros_robot_controller_msgs/ros_robot_controller_msgs/msg/detail/motors_state__rosidl_typesupport_introspection_cpp.hpp
[1.400s] -- Up-to-date symlink: /home/mehul/elec555_ws/install/ros_robot_controller_msgs/include/ros_robot_controller_msgs/ros_robot_controller_msgs/msg/detail/oled_state__rosidl_typesupport_introspection_cpp.hpp
[1.400s] -- Up-to-date symlink: /home/mehul/elec555_ws/install/ros_robot_controller_msgs/include/ros_robot_controller_msgs/ros_robot_controller_msgs/msg/detail/pwm_servo_state__rosidl_typesupport_introspection_cpp.hpp
[1.400s] -- Up-to-date symlink: /home/mehul/elec555_ws/install/ros_robot_controller_msgs/include/ros_robot_controller_msgs/ros_robot_controller_msgs/msg/detail/rgb_state__rosidl_typesupport_introspection_cpp.hpp
[1.400s] -- Up-to-date symlink: /home/mehul/elec555_ws/install/ros_robot_controller_msgs/include/ros_robot_controller_msgs/ros_robot_controller_msgs/msg/detail/rgb_states__rosidl_typesupport_introspection_cpp.hpp
[1.400s] -- Up-to-date symlink: /home/mehul/elec555_ws/install/ros_robot_controller_msgs/include/ros_robot_controller_msgs/ros_robot_controller_msgs/msg/detail/sbus__rosidl_typesupport_introspection_cpp.hpp
[1.400s] -- Up-to-date symlink: /home/mehul/elec555_ws/install/ros_robot_controller_msgs/include/ros_robot_controller_msgs/ros_robot_controller_msgs/msg/detail/servo_position__rosidl_typesupport_introspection_cpp.hpp
[1.400s] -- Up-to-date symlink: /home/mehul/elec555_ws/install/ros_robot_controller_msgs/include/ros_robot_controller_msgs/ros_robot_controller_msgs/msg/detail/servos_position__rosidl_typesupport_introspection_cpp.hpp
[1.400s] -- Up-to-date symlink: /home/mehul/elec555_ws/install/ros_robot_controller_msgs/include/ros_robot_controller_msgs/ros_robot_controller_msgs/msg/detail/set_bus_servo_state__rosidl_typesupport_introspection_cpp.hpp
[1.400s] -- Up-to-date symlink: /home/mehul/elec555_ws/install/ros_robot_controller_msgs/include/ros_robot_controller_msgs/ros_robot_controller_msgs/msg/detail/set_pwm_servo_state__rosidl_typesupport_introspection_cpp.hpp
[1.400s] -- Up-to-date symlink: /home/mehul/elec555_ws/install/ros_robot_controller_msgs/include/ros_robot_controller_msgs/ros_robot_controller_msgs/srv/detail/get_bus_servo_state__rosidl_typesupport_introspection_cpp.hpp
[1.401s] -- Up-to-date symlink: /home/mehul/elec555_ws/install/ros_robot_controller_msgs/include/ros_robot_controller_msgs/ros_robot_controller_msgs/srv/detail/get_pwm_servo_state__rosidl_typesupport_introspection_cpp.hpp
[1.401s] -- Up-to-date symlink: /home/mehul/elec555_ws/install/ros_robot_controller_msgs/share/ros_robot_controller_msgs/environment/pythonpath.sh
[1.401s] -- Up-to-date symlink: /home/mehul/elec555_ws/install/ros_robot_controller_msgs/share/ros_robot_controller_msgs/environment/pythonpath.dsv
[1.401s] -- Up-to-date symlink: /home/mehul/elec555_ws/install/ros_robot_controller_msgs/local/lib/python3.10/dist-packages/ros_robot_controller_msgs-0.0.0-py3.10.egg-info/PKG-INFO
[1.401s] -- Up-to-date symlink: /home/mehul/elec555_ws/install/ros_robot_controller_msgs/local/lib/python3.10/dist-packages/ros_robot_controller_msgs-0.0.0-py3.10.egg-info/SOURCES.txt
[1.401s] -- Up-to-date symlink: /home/mehul/elec555_ws/install/ros_robot_controller_msgs/local/lib/python3.10/dist-packages/ros_robot_controller_msgs-0.0.0-py3.10.egg-info/dependency_links.txt
[1.401s] -- Up-to-date symlink: /home/mehul/elec555_ws/install/ros_robot_controller_msgs/local/lib/python3.10/dist-packages/ros_robot_controller_msgs-0.0.0-py3.10.egg-info/top_level.txt
[1.403s] -- Up-to-date symlink: /home/mehul/elec555_ws/install/ros_robot_controller_msgs/local/lib/python3.10/dist-packages/ros_robot_controller_msgs/__init__.py
[1.404s] -- Up-to-date symlink: /home/mehul/elec555_ws/install/ros_robot_controller_msgs/local/lib/python3.10/dist-packages/ros_robot_controller_msgs/_ros_robot_controller_msgs_s.ep.rosidl_typesupport_c.c
[1.405s] -- Up-to-date symlink: /home/mehul/elec555_ws/install/ros_robot_controller_msgs/local/lib/python3.10/dist-packages/ros_robot_controller_msgs/_ros_robot_controller_msgs_s.ep.rosidl_typesupport_fastrtps_c.c
[1.405s] -- Up-to-date symlink: /home/mehul/elec555_ws/install/ros_robot_controller_msgs/local/lib/python3.10/dist-packages/ros_robot_controller_msgs/_ros_robot_controller_msgs_s.ep.rosidl_typesupport_introspection_c.c
[1.405s] -- Up-to-date symlink: /home/mehul/elec555_ws/install/ros_robot_controller_msgs/local/lib/python3.10/dist-packages/ros_robot_controller_msgs/libros_robot_controller_msgs__rosidl_generator_py.so
[1.405s] -- Up-to-date symlink: /home/mehul/elec555_ws/install/ros_robot_controller_msgs/local/lib/python3.10/dist-packages/ros_robot_controller_msgs/msg/__init__.py
[1.405s] -- Up-to-date symlink: /home/mehul/elec555_ws/install/ros_robot_controller_msgs/local/lib/python3.10/dist-packages/ros_robot_controller_msgs/msg/_bus_servo_state.py
[1.405s] -- Up-to-date symlink: /home/mehul/elec555_ws/install/ros_robot_controller_msgs/local/lib/python3.10/dist-packages/ros_robot_controller_msgs/msg/_bus_servo_state_s.c
[1.405s] -- Up-to-date symlink: /home/mehul/elec555_ws/install/ros_robot_controller_msgs/local/lib/python3.10/dist-packages/ros_robot_controller_msgs/msg/_button_state.py
[1.406s] -- Up-to-date symlink: /home/mehul/elec555_ws/install/ros_robot_controller_msgs/local/lib/python3.10/dist-packages/ros_robot_controller_msgs/msg/_button_state_s.c
[1.406s] -- Up-to-date symlink: /home/mehul/elec555_ws/install/ros_robot_controller_msgs/local/lib/python3.10/dist-packages/ros_robot_controller_msgs/msg/_buzzer_state.py
[1.406s] -- Up-to-date symlink: /home/mehul/elec555_ws/install/ros_robot_controller_msgs/local/lib/python3.10/dist-packages/ros_robot_controller_msgs/msg/_buzzer_state_s.c
[1.406s] -- Up-to-date symlink: /home/mehul/elec555_ws/install/ros_robot_controller_msgs/local/lib/python3.10/dist-packages/ros_robot_controller_msgs/msg/_get_bus_servo_cmd.py
[1.406s] -- Up-to-date symlink: /home/mehul/elec555_ws/install/ros_robot_controller_msgs/local/lib/python3.10/dist-packages/ros_robot_controller_msgs/msg/_get_bus_servo_cmd_s.c
[1.406s] -- Up-to-date symlink: /home/mehul/elec555_ws/install/ros_robot_controller_msgs/local/lib/python3.10/dist-packages/ros_robot_controller_msgs/msg/_get_pwm_servo_cmd.py
[1.406s] -- Up-to-date symlink: /home/mehul/elec555_ws/install/ros_robot_controller_msgs/local/lib/python3.10/dist-packages/ros_robot_controller_msgs/msg/_get_pwm_servo_cmd_s.c
[1.407s] -- Up-to-date symlink: /home/mehul/elec555_ws/install/ros_robot_controller_msgs/local/lib/python3.10/dist-packages/ros_robot_controller_msgs/msg/_led_state.py
[1.407s] -- Up-to-date symlink: /home/mehul/elec555_ws/install/ros_robot_controller_msgs/local/lib/python3.10/dist-packages/ros_robot_controller_msgs/msg/_led_state_s.c
[1.407s] -- Up-to-date symlink: /home/mehul/elec555_ws/install/ros_robot_controller_msgs/local/lib/python3.10/dist-packages/ros_robot_controller_msgs/msg/_motor_state.py
[1.407s] -- Up-to-date symlink: /home/mehul/elec555_ws/install/ros_robot_controller_msgs/local/lib/python3.10/dist-packages/ros_robot_controller_msgs/msg/_motor_state_s.c
[1.407s] -- Up-to-date symlink: /home/mehul/elec555_ws/install/ros_robot_controller_msgs/local/lib/python3.10/dist-packages/ros_robot_controller_msgs/msg/_motors_state.py
[1.407s] -- Up-to-date symlink: /home/mehul/elec555_ws/install/ros_robot_controller_msgs/local/lib/python3.10/dist-packages/ros_robot_controller_msgs/msg/_motors_state_s.c
[1.407s] -- Up-to-date symlink: /home/mehul/elec555_ws/install/ros_robot_controller_msgs/local/lib/python3.10/dist-packages/ros_robot_controller_msgs/msg/_oled_state.py
[1.407s] -- Up-to-date symlink: /home/mehul/elec555_ws/install/ros_robot_controller_msgs/local/lib/python3.10/dist-packages/ros_robot_controller_msgs/msg/_oled_state_s.c
[1.407s] -- Up-to-date symlink: /home/mehul/elec555_ws/install/ros_robot_controller_msgs/local/lib/python3.10/dist-packages/ros_robot_controller_msgs/msg/_pwm_servo_state.py
[1.408s] -- Up-to-date symlink: /home/mehul/elec555_ws/install/ros_robot_controller_msgs/local/lib/python3.10/dist-packages/ros_robot_controller_msgs/msg/_pwm_servo_state_s.c
[1.408s] -- Up-to-date symlink: /home/mehul/elec555_ws/install/ros_robot_controller_msgs/local/lib/python3.10/dist-packages/ros_robot_controller_msgs/msg/_rgb_state.py
[1.408s] -- Up-to-date symlink: /home/mehul/elec555_ws/install/ros_robot_controller_msgs/local/lib/python3.10/dist-packages/ros_robot_controller_msgs/msg/_rgb_state_s.c
[1.408s] -- Up-to-date symlink: /home/mehul/elec555_ws/install/ros_robot_controller_msgs/local/lib/python3.10/dist-packages/ros_robot_controller_msgs/msg/_rgb_states.py
[1.408s] -- Up-to-date symlink: /home/mehul/elec555_ws/install/ros_robot_controller_msgs/local/lib/python3.10/dist-packages/ros_robot_controller_msgs/msg/_rgb_states_s.c
[1.408s] -- Up-to-date symlink: /home/mehul/elec555_ws/install/ros_robot_controller_msgs/local/lib/python3.10/dist-packages/ros_robot_controller_msgs/msg/_sbus.py
[1.408s] -- Up-to-date symlink: /home/mehul/elec555_ws/install/ros_robot_controller_msgs/local/lib/python3.10/dist-packages/ros_robot_controller_msgs/msg/_sbus_s.c
[1.408s] -- Up-to-date symlink: /home/mehul/elec555_ws/install/ros_robot_controller_msgs/local/lib/python3.10/dist-packages/ros_robot_controller_msgs/msg/_servo_position.py
[1.408s] -- Up-to-date symlink: /home/mehul/elec555_ws/install/ros_robot_controller_msgs/local/lib/python3.10/dist-packages/ros_robot_controller_msgs/msg/_servo_position_s.c
[1.408s] -- Up-to-date symlink: /home/mehul/elec555_ws/install/ros_robot_controller_msgs/local/lib/python3.10/dist-packages/ros_robot_controller_msgs/msg/_servos_position.py
[1.408s] -- Up-to-date symlink: /home/mehul/elec555_ws/install/ros_robot_controller_msgs/local/lib/python3.10/dist-packages/ros_robot_controller_msgs/msg/_servos_position_s.c
[1.409s] -- Up-to-date symlink: /home/mehul/elec555_ws/install/ros_robot_controller_msgs/local/lib/python3.10/dist-packages/ros_robot_controller_msgs/msg/_set_bus_servo_state.py
[1.409s] -- Up-to-date symlink: /home/mehul/elec555_ws/install/ros_robot_controller_msgs/local/lib/python3.10/dist-packages/ros_robot_controller_msgs/msg/_set_bus_servo_state_s.c
[1.409s] -- Up-to-date symlink: /home/mehul/elec555_ws/install/ros_robot_controller_msgs/local/lib/python3.10/dist-packages/ros_robot_controller_msgs/msg/_set_pwm_servo_state.py
[1.409s] -- Up-to-date symlink: /home/mehul/elec555_ws/install/ros_robot_controller_msgs/local/lib/python3.10/dist-packages/ros_robot_controller_msgs/msg/_set_pwm_servo_state_s.c
[1.409s] -- Up-to-date symlink: /home/mehul/elec555_ws/install/ros_robot_controller_msgs/local/lib/python3.10/dist-packages/ros_robot_controller_msgs/ros_robot_controller_msgs_s__rosidl_typesupport_c.cpython-310-x86_64-linux-gnu.so
[1.409s] -- Up-to-date symlink: /home/mehul/elec555_ws/install/ros_robot_controller_msgs/local/lib/python3.10/dist-packages/ros_robot_controller_msgs/ros_robot_controller_msgs_s__rosidl_typesupport_fastrtps_c.cpython-310-x86_64-linux-gnu.so
[1.409s] -- Up-to-date symlink: /home/mehul/elec555_ws/install/ros_robot_controller_msgs/local/lib/python3.10/dist-packages/ros_robot_controller_msgs/ros_robot_controller_msgs_s__rosidl_typesupport_introspection_c.cpython-310-x86_64-linux-gnu.so
[1.409s] -- Up-to-date symlink: /home/mehul/elec555_ws/install/ros_robot_controller_msgs/local/lib/python3.10/dist-packages/ros_robot_controller_msgs/srv/__init__.py
[1.410s] -- Up-to-date symlink: /home/mehul/elec555_ws/install/ros_robot_controller_msgs/local/lib/python3.10/dist-packages/ros_robot_controller_msgs/srv/_get_bus_servo_state.py
[1.410s] -- Up-to-date symlink: /home/mehul/elec555_ws/install/ros_robot_controller_msgs/local/lib/python3.10/dist-packages/ros_robot_controller_msgs/srv/_get_bus_servo_state_s.c
[1.410s] -- Up-to-date symlink: /home/mehul/elec555_ws/install/ros_robot_controller_msgs/local/lib/python3.10/dist-packages/ros_robot_controller_msgs/srv/_get_pwm_servo_state.py
[1.410s] -- Up-to-date symlink: /home/mehul/elec555_ws/install/ros_robot_controller_msgs/local/lib/python3.10/dist-packages/ros_robot_controller_msgs/srv/_get_pwm_servo_state_s.c
[1.410s] -- Up-to-date symlink: /home/mehul/elec555_ws/install/ros_robot_controller_msgs/local/lib/python3.10/dist-packages/ros_robot_controller_msgs/ros_robot_controller_msgs_s__rosidl_typesupport_fastrtps_c.cpython-310-x86_64-linux-gnu.so
[1.410s] -- Up-to-date symlink: /home/mehul/elec555_ws/install/ros_robot_controller_msgs/local/lib/python3.10/dist-packages/ros_robot_controller_msgs/ros_robot_controller_msgs_s__rosidl_typesupport_introspection_c.cpython-310-x86_64-linux-gnu.so
[1.410s] -- Up-to-date symlink: /home/mehul/elec555_ws/install/ros_robot_controller_msgs/local/lib/python3.10/dist-packages/ros_robot_controller_msgs/ros_robot_controller_msgs_s__rosidl_typesupport_c.cpython-310-x86_64-linux-gnu.so
[1.411s] -- Up-to-date symlink: /home/mehul/elec555_ws/install/ros_robot_controller_msgs/share/ros_robot_controller_msgs/msg/BusServoState.idl
[1.411s] -- Up-to-date symlink: /home/mehul/elec555_ws/install/ros_robot_controller_msgs/share/ros_robot_controller_msgs/msg/ButtonState.idl
[1.411s] -- Up-to-date symlink: /home/mehul/elec555_ws/install/ros_robot_controller_msgs/share/ros_robot_controller_msgs/msg/BuzzerState.idl
[1.411s] -- Up-to-date symlink: /home/mehul/elec555_ws/install/ros_robot_controller_msgs/share/ros_robot_controller_msgs/msg/LedState.idl
[1.411s] -- Up-to-date symlink: /home/mehul/elec555_ws/install/ros_robot_controller_msgs/share/ros_robot_controller_msgs/msg/MotorState.idl
[1.411s] -- Up-to-date symlink: /home/mehul/elec555_ws/install/ros_robot_controller_msgs/share/ros_robot_controller_msgs/msg/MotorsState.idl
[1.411s] -- Up-to-date symlink: /home/mehul/elec555_ws/install/ros_robot_controller_msgs/share/ros_robot_controller_msgs/msg/PWMServoState.idl
[1.411s] -- Up-to-date symlink: /home/mehul/elec555_ws/install/ros_robot_controller_msgs/share/ros_robot_controller_msgs/msg/Sbus.idl
[1.411s] -- Up-to-date symlink: /home/mehul/elec555_ws/install/ros_robot_controller_msgs/share/ros_robot_controller_msgs/msg/OLEDState.idl
[1.411s] -- Up-to-date symlink: /home/mehul/elec555_ws/install/ros_robot_controller_msgs/share/ros_robot_controller_msgs/msg/SetBusServoState.idl
[1.411s] -- Up-to-date symlink: /home/mehul/elec555_ws/install/ros_robot_controller_msgs/share/ros_robot_controller_msgs/msg/RGBStates.idl
[1.411s] -- Up-to-date symlink: /home/mehul/elec555_ws/install/ros_robot_controller_msgs/share/ros_robot_controller_msgs/msg/RGBState.idl
[1.411s] -- Up-to-date symlink: /home/mehul/elec555_ws/install/ros_robot_controller_msgs/share/ros_robot_controller_msgs/msg/ServoPosition.idl
[1.411s] -- Up-to-date symlink: /home/mehul/elec555_ws/install/ros_robot_controller_msgs/share/ros_robot_controller_msgs/msg/ServosPosition.idl
[1.412s] -- Up-to-date symlink: /home/mehul/elec555_ws/install/ros_robot_controller_msgs/share/ros_robot_controller_msgs/msg/SetPWMServoState.idl
[1.412s] -- Up-to-date symlink: /home/mehul/elec555_ws/install/ros_robot_controller_msgs/share/ros_robot_controller_msgs/msg/GetBusServoCmd.idl
[1.412s] -- Up-to-date symlink: /home/mehul/elec555_ws/install/ros_robot_controller_msgs/share/ros_robot_controller_msgs/msg/GetPWMServoCmd.idl
[1.412s] -- Up-to-date symlink: /home/mehul/elec555_ws/install/ros_robot_controller_msgs/share/ros_robot_controller_msgs/srv/GetBusServoState.idl
[1.412s] -- Up-to-date symlink: /home/mehul/elec555_ws/install/ros_robot_controller_msgs/share/ros_robot_controller_msgs/srv/GetPWMServoState.idl
[1.412s] -- Up-to-date symlink: /home/mehul/elec555_ws/install/ros_robot_controller_msgs/share/ros_robot_controller_msgs/msg/BusServoState.msg
[1.412s] -- Up-to-date symlink: /home/mehul/elec555_ws/install/ros_robot_controller_msgs/share/ros_robot_controller_msgs/msg/ButtonState.msg
[1.412s] -- Up-to-date symlink: /home/mehul/elec555_ws/install/ros_robot_controller_msgs/share/ros_robot_controller_msgs/msg/BuzzerState.msg
[1.412s] -- Up-to-date symlink: /home/mehul/elec555_ws/install/ros_robot_controller_msgs/share/ros_robot_controller_msgs/msg/LedState.msg
[1.412s] -- Up-to-date symlink: /home/mehul/elec555_ws/install/ros_robot_controller_msgs/share/ros_robot_controller_msgs/msg/MotorState.msg
[1.412s] -- Up-to-date symlink: /home/mehul/elec555_ws/install/ros_robot_controller_msgs/share/ros_robot_controller_msgs/msg/MotorsState.msg
[1.412s] -- Up-to-date symlink: /home/mehul/elec555_ws/install/ros_robot_controller_msgs/share/ros_robot_controller_msgs/msg/PWMServoState.msg
[1.412s] -- Up-to-date symlink: /home/mehul/elec555_ws/install/ros_robot_controller_msgs/share/ros_robot_controller_msgs/msg/Sbus.msg
[1.412s] -- Up-to-date symlink: /home/mehul/elec555_ws/install/ros_robot_controller_msgs/share/ros_robot_controller_msgs/msg/OLEDState.msg
[1.412s] -- Up-to-date symlink: /home/mehul/elec555_ws/install/ros_robot_controller_msgs/share/ros_robot_controller_msgs/msg/SetBusServoState.msg
[1.412s] -- Up-to-date symlink: /home/mehul/elec555_ws/install/ros_robot_controller_msgs/share/ros_robot_controller_msgs/msg/RGBStates.msg
[1.412s] -- Up-to-date symlink: /home/mehul/elec555_ws/install/ros_robot_controller_msgs/share/ros_robot_controller_msgs/msg/RGBState.msg
[1.412s] -- Up-to-date symlink: /home/mehul/elec555_ws/install/ros_robot_controller_msgs/share/ros_robot_controller_msgs/msg/ServoPosition.msg
[1.412s] -- Up-to-date symlink: /home/mehul/elec555_ws/install/ros_robot_controller_msgs/share/ros_robot_controller_msgs/msg/ServosPosition.msg
[1.412s] -- Up-to-date symlink: /home/mehul/elec555_ws/install/ros_robot_controller_msgs/share/ros_robot_controller_msgs/msg/SetPWMServoState.msg
[1.412s] -- Up-to-date symlink: /home/mehul/elec555_ws/install/ros_robot_controller_msgs/share/ros_robot_controller_msgs/msg/GetBusServoCmd.msg
[1.412s] -- Up-to-date symlink: /home/mehul/elec555_ws/install/ros_robot_controller_msgs/share/ros_robot_controller_msgs/msg/GetPWMServoCmd.msg
[1.413s] -- Up-to-date symlink: /home/mehul/elec555_ws/install/ros_robot_controller_msgs/share/ros_robot_controller_msgs/srv/GetBusServoState.srv
[1.414s] -- Up-to-date symlink: /home/mehul/elec555_ws/install/ros_robot_controller_msgs/share/ros_robot_controller_msgs/srv/GetBusServoState_Request.msg
[1.414s] -- Up-to-date symlink: /home/mehul/elec555_ws/install/ros_robot_controller_msgs/share/ros_robot_controller_msgs/srv/GetBusServoState_Response.msg
[1.414s] -- Up-to-date symlink: /home/mehul/elec555_ws/install/ros_robot_controller_msgs/share/ros_robot_controller_msgs/srv/GetPWMServoState.srv
[1.414s] -- Up-to-date symlink: /home/mehul/elec555_ws/install/ros_robot_controller_msgs/share/ros_robot_controller_msgs/srv/GetPWMServoState_Request.msg
[1.414s] -- Up-to-date symlink: /home/mehul/elec555_ws/install/ros_robot_controller_msgs/share/ros_robot_controller_msgs/srv/GetPWMServoState_Response.msg
[1.414s] -- Up-to-date symlink: /home/mehul/elec555_ws/install/ros_robot_controller_msgs/share/ament_index/resource_index/package_run_dependencies/ros_robot_controller_msgs
[1.414s] -- Up-to-date symlink: /home/mehul/elec555_ws/install/ros_robot_controller_msgs/share/ament_index/resource_index/parent_prefix_path/ros_robot_controller_msgs
[1.414s] -- Up-to-date symlink: /home/mehul/elec555_ws/install/ros_robot_controller_msgs/share/ros_robot_controller_msgs/environment/ament_prefix_path.sh
[1.414s] -- Up-to-date symlink: /home/mehul/elec555_ws/install/ros_robot_controller_msgs/share/ros_robot_controller_msgs/environment/ament_prefix_path.dsv
[1.414s] -- Up-to-date symlink: /home/mehul/elec555_ws/install/ros_robot_controller_msgs/share/ros_robot_controller_msgs/environment/path.sh
[1.414s] -- Up-to-date symlink: /home/mehul/elec555_ws/install/ros_robot_controller_msgs/share/ros_robot_controller_msgs/environment/path.dsv
[1.414s] -- Up-to-date symlink: /home/mehul/elec555_ws/install/ros_robot_controller_msgs/share/ros_robot_controller_msgs/local_setup.bash
[1.414s] -- Up-to-date symlink: /home/mehul/elec555_ws/install/ros_robot_controller_msgs/share/ros_robot_controller_msgs/local_setup.sh
[1.414s] -- Up-to-date symlink: /home/mehul/elec555_ws/install/ros_robot_controller_msgs/share/ros_robot_controller_msgs/local_setup.zsh
[1.414s] -- Up-to-date symlink: /home/mehul/elec555_ws/install/ros_robot_controller_msgs/share/ros_robot_controller_msgs/local_setup.dsv
[1.415s] -- Symlinking: /home/mehul/elec555_ws/install/ros_robot_controller_msgs/share/ros_robot_controller_msgs/package.dsv
[1.416s] -- Up-to-date symlink: /home/mehul/elec555_ws/install/ros_robot_controller_msgs/share/ament_index/resource_index/packages/ros_robot_controller_msgs
[1.416s] -- Up-to-date symlink: /home/mehul/elec555_ws/install/ros_robot_controller_msgs/share/ros_robot_controller_msgs/cmake/rosidl_cmake-extras.cmake
[1.416s] -- Up-to-date symlink: /home/mehul/elec555_ws/install/ros_robot_controller_msgs/share/ros_robot_controller_msgs/cmake/ament_cmake_export_dependencies-extras.cmake
[1.416s] -- Up-to-date symlink: /home/mehul/elec555_ws/install/ros_robot_controller_msgs/share/ros_robot_controller_msgs/cmake/ament_cmake_export_include_directories-extras.cmake
[1.416s] -- Up-to-date symlink: /home/mehul/elec555_ws/install/ros_robot_controller_msgs/share/ros_robot_controller_msgs/cmake/ament_cmake_export_libraries-extras.cmake
[1.416s] -- Up-to-date symlink: /home/mehul/elec555_ws/install/ros_robot_controller_msgs/share/ros_robot_controller_msgs/cmake/ament_cmake_export_targets-extras.cmake
[1.416s] -- Up-to-date symlink: /home/mehul/elec555_ws/install/ros_robot_controller_msgs/share/ros_robot_controller_msgs/cmake/rosidl_cmake_export_typesupport_targets-extras.cmake
[1.416s] -- Up-to-date symlink: /home/mehul/elec555_ws/install/ros_robot_controller_msgs/share/ros_robot_controller_msgs/cmake/rosidl_cmake_export_typesupport_libraries-extras.cmake
[1.416s] -- Up-to-date symlink: /home/mehul/elec555_ws/install/ros_robot_controller_msgs/share/ros_robot_controller_msgs/cmake/ros_robot_controller_msgsConfig.cmake
[1.416s] -- Up-to-date symlink: /home/mehul/elec555_ws/install/ros_robot_controller_msgs/share/ros_robot_controller_msgs/cmake/ros_robot_controller_msgsConfig-version.cmake
[1.416s] -- Up-to-date symlink: /home/mehul/elec555_ws/install/ros_robot_controller_msgs/share/ros_robot_controller_msgs/package.xml
[1.416s] -- Up-to-date: /home/mehul/elec555_ws/install/ros_robot_controller_msgs/lib/libros_robot_controller_msgs__rosidl_generator_c.so
[1.416s] -- Up-to-date: /home/mehul/elec555_ws/install/ros_robot_controller_msgs/lib/libros_robot_controller_msgs__rosidl_typesupport_fastrtps_c.so
[1.416s] -- Up-to-date: /home/mehul/elec555_ws/install/ros_robot_controller_msgs/lib/libros_robot_controller_msgs__rosidl_typesupport_fastrtps_cpp.so
[1.416s] -- Up-to-date: /home/mehul/elec555_ws/install/ros_robot_controller_msgs/lib/libros_robot_controller_msgs__rosidl_typesupport_introspection_c.so
[1.416s] -- Up-to-date: /home/mehul/elec555_ws/install/ros_robot_controller_msgs/lib/libros_robot_controller_msgs__rosidl_typesupport_c.so
[1.416s] -- Up-to-date: /home/mehul/elec555_ws/install/ros_robot_controller_msgs/lib/libros_robot_controller_msgs__rosidl_typesupport_introspection_cpp.so
[1.416s] -- Up-to-date: /home/mehul/elec555_ws/install/ros_robot_controller_msgs/lib/libros_robot_controller_msgs__rosidl_typesupport_cpp.so
[1.448s] Listing '/home/mehul/elec555_ws/install/ros_robot_controller_msgs/local/lib/python3.10/dist-packages/ros_robot_controller_msgs'...
[1.448s] Listing '/home/mehul/elec555_ws/install/ros_robot_controller_msgs/local/lib/python3.10/dist-packages/ros_robot_controller_msgs/msg'...
[1.448s] Listing '/home/mehul/elec555_ws/install/ros_robot_controller_msgs/local/lib/python3.10/dist-packages/ros_robot_controller_msgs/srv'...
[1.454s] -- Up-to-date: /home/mehul/elec555_ws/install/ros_robot_controller_msgs/lib/libros_robot_controller_msgs__rosidl_generator_py.so
[1.454s] -- Up-to-date: /home/mehul/elec555_ws/install/ros_robot_controller_msgs/share/ros_robot_controller_msgs/cmake/export_ros_robot_controller_msgs__rosidl_generator_cExport.cmake
[1.455s] -- Up-to-date: /home/mehul/elec555_ws/install/ros_robot_controller_msgs/share/ros_robot_controller_msgs/cmake/export_ros_robot_controller_msgs__rosidl_generator_cExport-noconfig.cmake
[1.455s] -- Up-to-date: /home/mehul/elec555_ws/install/ros_robot_controller_msgs/share/ros_robot_controller_msgs/cmake/export_ros_robot_controller_msgs__rosidl_typesupport_fastrtps_cExport.cmake
[1.455s] -- Up-to-date: /home/mehul/elec555_ws/install/ros_robot_controller_msgs/share/ros_robot_controller_msgs/cmake/export_ros_robot_controller_msgs__rosidl_typesupport_fastrtps_cExport-noconfig.cmake
[1.455s] -- Up-to-date: /home/mehul/elec555_ws/install/ros_robot_controller_msgs/share/ros_robot_controller_msgs/cmake/export_ros_robot_controller_msgs__rosidl_generator_cppExport.cmake
[1.455s] -- Up-to-date: /home/mehul/elec555_ws/install/ros_robot_controller_msgs/share/ros_robot_controller_msgs/cmake/export_ros_robot_controller_msgs__rosidl_typesupport_fastrtps_cppExport.cmake
[1.455s] -- Up-to-date: /home/mehul/elec555_ws/install/ros_robot_controller_msgs/share/ros_robot_controller_msgs/cmake/export_ros_robot_controller_msgs__rosidl_typesupport_fastrtps_cppExport-noconfig.cmake
[1.455s] -- Up-to-date: /home/mehul/elec555_ws/install/ros_robot_controller_msgs/share/ros_robot_controller_msgs/cmake/ros_robot_controller_msgs__rosidl_typesupport_introspection_cExport.cmake
[1.455s] -- Up-to-date: /home/mehul/elec555_ws/install/ros_robot_controller_msgs/share/ros_robot_controller_msgs/cmake/ros_robot_controller_msgs__rosidl_typesupport_introspection_cExport-noconfig.cmake
[1.455s] -- Up-to-date: /home/mehul/elec555_ws/install/ros_robot_controller_msgs/share/ros_robot_controller_msgs/cmake/ros_robot_controller_msgs__rosidl_typesupport_cExport.cmake
[1.455s] -- Up-to-date: /home/mehul/elec555_ws/install/ros_robot_controller_msgs/share/ros_robot_controller_msgs/cmake/ros_robot_controller_msgs__rosidl_typesupport_cExport-noconfig.cmake
[1.455s] -- Up-to-date: /home/mehul/elec555_ws/install/ros_robot_controller_msgs/share/ros_robot_controller_msgs/cmake/ros_robot_controller_msgs__rosidl_typesupport_introspection_cppExport.cmake
[1.455s] -- Up-to-date: /home/mehul/elec555_ws/install/ros_robot_controller_msgs/share/ros_robot_controller_msgs/cmake/ros_robot_controller_msgs__rosidl_typesupport_introspection_cppExport-noconfig.cmake
[1.456s] -- Up-to-date: /home/mehul/elec555_ws/install/ros_robot_controller_msgs/share/ros_robot_controller_msgs/cmake/ros_robot_controller_msgs__rosidl_typesupport_cppExport.cmake
[1.456s] -- Up-to-date: /home/mehul/elec555_ws/install/ros_robot_controller_msgs/share/ros_robot_controller_msgs/cmake/ros_robot_controller_msgs__rosidl_typesupport_cppExport-noconfig.cmake
[1.456s] -- Up-to-date: /home/mehul/elec555_ws/install/ros_robot_controller_msgs/share/ros_robot_controller_msgs/cmake/export_ros_robot_controller_msgs__rosidl_generator_pyExport.cmake
[1.456s] -- Up-to-date: /home/mehul/elec555_ws/install/ros_robot_controller_msgs/share/ros_robot_controller_msgs/cmake/export_ros_robot_controller_msgs__rosidl_generator_pyExport-noconfig.cmake
[1.468s] Invoked command in '/home/mehul/elec555_ws/build/ros_robot_controller_msgs' returned '0': CMAKE_PREFIX_PATH=${CMAKE_PREFIX_PATH}:/home/mehul/elec555_ws/install/teleop_ctrl:/home/mehul/elec555_ws/install/sdk:/home/mehul/elec555_ws/install/ros_robot_controller:/home/mehul/elec555_ws/install/robot_cam:/home/mehul/elec555_ws/install/peripherals:/home/mehul/elec555_ws/install/controller:/home/mehul/elec555_ws/install/calibration:/home/mehul/elec555_ws/install/bringup:/opt/ros/humble /usr/bin/cmake --install /home/mehul/elec555_ws/build/ros_robot_controller_msgs
