[1.619s] Invoking command in '/home/mehul/elec555_ws/build/ros_robot_controller': PYTHONPATH=/home/mehul/elec555_ws/build/ros_robot_controller/prefix_override:/usr/lib/python3/dist-packages/colcon_core/task/python/colcon_distutils_commands:/home/mehul/elec555_ws/install/ros_robot_controller/lib/python3.10/site-packages:${PYTHONPATH} /usr/bin/python3 -W ignore:setup.py install is deprecated -W ignore:easy_install command is deprecated setup.py develop --editable --build-directory /home/mehul/elec555_ws/build/ros_robot_controller/build --no-deps symlink_data
[1.832s] running develop
[1.959s] running egg_info
[1.959s] creating ros_robot_controller.egg-info
[1.959s] writing ros_robot_controller.egg-info/PKG-INFO
[1.960s] writing dependency_links to ros_robot_controller.egg-info/dependency_links.txt
[1.960s] writing entry points to ros_robot_controller.egg-info/entry_points.txt
[1.960s] writing requirements to ros_robot_controller.egg-info/requires.txt
[1.960s] writing top-level names to ros_robot_controller.egg-info/top_level.txt
[1.960s] writing manifest file 'ros_robot_controller.egg-info/SOURCES.txt'
[1.962s] reading manifest file 'ros_robot_controller.egg-info/SOURCES.txt'
[1.963s] writing manifest file 'ros_robot_controller.egg-info/SOURCES.txt'
[1.964s] running build_ext
[1.964s] Creating /home/mehul/elec555_ws/install/ros_robot_controller/lib/python3.10/site-packages/ros-robot-controller.egg-link (link to .)
[1.965s] Installing ros_robot_controller script to /home/mehul/elec555_ws/install/ros_robot_controller/lib/ros_robot_controller
[1.965s] 
[1.965s] Installed /home/mehul/elec555_ws/build/ros_robot_controller
[1.965s] running symlink_data
[1.965s] creating /home/mehul/elec555_ws/install/ros_robot_controller/share/ament_index
[1.965s] creating /home/mehul/elec555_ws/install/ros_robot_controller/share/ament_index/resource_index
[1.965s] creating /home/mehul/elec555_ws/install/ros_robot_controller/share/ament_index/resource_index/packages
[1.965s] symbolically linking /home/mehul/elec555_ws/build/ros_robot_controller/resource/ros_robot_controller -> /home/mehul/elec555_ws/install/ros_robot_controller/share/ament_index/resource_index/packages
[1.965s] symbolically linking /home/mehul/elec555_ws/build/ros_robot_controller/package.xml -> /home/mehul/elec555_ws/install/ros_robot_controller/share/ros_robot_controller
[1.965s] creating /home/mehul/elec555_ws/install/ros_robot_controller/share/ros_robot_controller/launch
[1.966s] symbolically linking /home/mehul/elec555_ws/build/ros_robot_controller/launch/ros_robot_controller.launch.py -> /home/mehul/elec555_ws/install/ros_robot_controller/share/ros_robot_controller/launch
[2.085s] Invoked command in '/home/mehul/elec555_ws/build/ros_robot_controller' returned '0': PYTHONPATH=/home/mehul/elec555_ws/build/ros_robot_controller/prefix_override:/usr/lib/python3/dist-packages/colcon_core/task/python/colcon_distutils_commands:/home/mehul/elec555_ws/install/ros_robot_controller/lib/python3.10/site-packages:${PYTHONPATH} /usr/bin/python3 -W ignore:setup.py install is deprecated -W ignore:easy_install command is deprecated setup.py develop --editable --build-directory /home/mehul/elec555_ws/build/ros_robot_controller/build --no-deps symlink_data
