[0.835s] Invoking command in '/home/mehul/elec555_ws/build/ros_robot_controller_msgs': CMAKE_PREFIX_PATH=${CMAKE_PREFIX_PATH}:/opt/ros/humble /usr/bin/cmake --build /home/mehul/elec555_ws/build/ros_robot_controller_msgs -- -j16 -l16
[1.019s] [  0%] Built target ros_robot_controller_msgs__cpp
[1.019s] [  0%] Built target ament_cmake_python_symlink_ros_robot_controller_msgs
[1.019s] [ 12%] Built target ros_robot_controller_msgs__rosidl_generator_c
[1.020s] [ 51%] Built target ros_robot_controller_msgs__rosidl_typesupport_cpp
[1.020s] [ 51%] Built target ros_robot_controller_msgs__rosidl_typesupport_c
[1.020s] [ 51%] Built target ros_robot_controller_msgs__rosidl_typesupport_introspection_cpp
[1.020s] [ 79%] Built target ros_robot_controller_msgs__rosidl_typesupport_fastrtps_cpp
[1.020s] [ 79%] Built target ros_robot_controller_msgs__rosidl_typesupport_fastrtps_c
[1.020s] [ 84%] Built target ros_robot_controller_msgs__rosidl_typesupport_introspection_c
[1.020s] [ 84%] Built target ros_robot_controller_msgs
[1.020s] [ 85%] Built target ros_robot_controller_msgs__py
[1.020s] [ 96%] Built target ros_robot_controller_msgs__rosidl_generator_py
[1.021s] [100%] Built target ros_robot_controller_msgs__rosidl_typesupport_fastrtps_c__pyext
[1.021s] [100%] Built target ros_robot_controller_msgs__rosidl_typesupport_introspection_c__pyext
[1.021s] [100%] Built target ros_robot_controller_msgs__rosidl_typesupport_c__pyext
[1.058s] running egg_info
[1.059s] writing ros_robot_controller_msgs.egg-info/PKG-INFO
[1.059s] writing dependency_links to ros_robot_controller_msgs.egg-info/dependency_links.txt
[1.059s] writing top-level names to ros_robot_controller_msgs.egg-info/top_level.txt
[1.062s] reading manifest file 'ros_robot_controller_msgs.egg-info/SOURCES.txt'
[1.062s] writing manifest file 'ros_robot_controller_msgs.egg-info/SOURCES.txt'
[1.097s] [100%] Built target ament_cmake_python_build_ros_robot_controller_msgs_egg
[1.210s] Invoked command in '/home/mehul/elec555_ws/build/ros_robot_controller_msgs' returned '0': CMAKE_PREFIX_PATH=${CMAKE_PREFIX_PATH}:/opt/ros/humble /usr/bin/cmake --build /home/mehul/elec555_ws/build/ros_robot_controller_msgs -- -j16 -l16
[1.212s] Invoking command in '/home/mehul/elec555_ws/build/ros_robot_controller_msgs': CMAKE_PREFIX_PATH=${CMAKE_PREFIX_PATH}:/opt/ros/humble /usr/bin/cmake --install /home/mehul/elec555_ws/build/ros_robot_controller_msgs
[1.223s] -- Install configuration: ""
[1.224s] -- Execute custom install script
[1.225s] -- Up-to-date symlink: /home/mehul/elec555_ws/install/ros_robot_controller_msgs/share/ament_index/resource_index/rosidl_interfaces/ros_robot_controller_msgs
[1.226s] -- Up-to-date symlink: /home/mehul/elec555_ws/install/ros_robot_controller_msgs/include/ros_robot_controller_msgs/ros_robot_controller_msgs/msg/bus_servo_state.h
[1.226s] -- Up-to-date symlink: /home/mehul/elec555_ws/install/ros_robot_controller_msgs/include/ros_robot_controller_msgs/ros_robot_controller_msgs/msg/button_state.h
[1.227s] -- Up-to-date symlink: /home/mehul/elec555_ws/install/ros_robot_controller_msgs/include/ros_robot_controller_msgs/ros_robot_controller_msgs/msg/buzzer_state.h
[1.227s] -- Up-to-date symlink: /home/mehul/elec555_ws/install/ros_robot_controller_msgs/include/ros_robot_controller_msgs/ros_robot_controller_msgs/msg/detail/bus_servo_state__functions.h
[1.227s] -- Up-to-date symlink: /home/mehul/elec555_ws/install/ros_robot_controller_msgs/include/ros_robot_controller_msgs/ros_robot_controller_msgs/msg/detail/bus_servo_state__struct.h
[1.227s] -- Up-to-date symlink: /home/mehul/elec555_ws/install/ros_robot_controller_msgs/include/ros_robot_controller_msgs/ros_robot_controller_msgs/msg/detail/bus_servo_state__type_support.h
[1.228s] -- Up-to-date symlink: /home/mehul/elec555_ws/install/ros_robot_controller_msgs/include/ros_robot_controller_msgs/ros_robot_controller_msgs/msg/detail/button_state__functions.h
[1.228s] -- Up-to-date symlink: /home/mehul/elec555_ws/install/ros_robot_controller_msgs/include/ros_robot_controller_msgs/ros_robot_controller_msgs/msg/detail/button_state__struct.h
[1.228s] -- Up-to-date symlink: /home/mehul/elec555_ws/install/ros_robot_controller_msgs/include/ros_robot_controller_msgs/ros_robot_controller_msgs/msg/detail/button_state__type_support.h
[1.228s] -- Up-to-date symlink: /home/mehul/elec555_ws/install/ros_robot_controller_msgs/include/ros_robot_controller_msgs/ros_robot_controller_msgs/msg/detail/buzzer_state__functions.h
[1.228s] -- Up-to-date symlink: /home/mehul/elec555_ws/install/ros_robot_controller_msgs/include/ros_robot_controller_msgs/ros_robot_controller_msgs/msg/detail/buzzer_state__struct.h
[1.229s] -- Up-to-date symlink: /home/mehul/elec555_ws/install/ros_robot_controller_msgs/include/ros_robot_controller_msgs/ros_robot_controller_msgs/msg/detail/buzzer_state__type_support.h
[1.229s] -- Up-to-date symlink: /home/mehul/elec555_ws/install/ros_robot_controller_msgs/include/ros_robot_controller_msgs/ros_robot_controller_msgs/msg/detail/get_bus_servo_cmd__functions.h
[1.229s] -- Up-to-date symlink: /home/mehul/elec555_ws/install/ros_robot_controller_msgs/include/ros_robot_controller_msgs/ros_robot_controller_msgs/msg/detail/get_bus_servo_cmd__struct.h
[1.229s] -- Up-to-date symlink: /home/mehul/elec555_ws/install/ros_robot_controller_msgs/include/ros_robot_controller_msgs/ros_robot_controller_msgs/msg/detail/get_bus_servo_cmd__type_support.h
[1.229s] -- Up-to-date symlink: /home/mehul/elec555_ws/install/ros_robot_controller_msgs/include/ros_robot_controller_msgs/ros_robot_controller_msgs/msg/detail/get_pwm_servo_cmd__functions.h
[1.229s] -- Up-to-date symlink: /home/mehul/elec555_ws/install/ros_robot_controller_msgs/include/ros_robot_controller_msgs/ros_robot_controller_msgs/msg/detail/get_pwm_servo_cmd__struct.h
[1.229s] -- Up-to-date symlink: /home/mehul/elec555_ws/install/ros_robot_controller_msgs/include/ros_robot_controller_msgs/ros_robot_controller_msgs/msg/detail/get_pwm_servo_cmd__type_support.h
[1.229s] -- Up-to-date symlink: /home/mehul/elec555_ws/install/ros_robot_controller_msgs/include/ros_robot_controller_msgs/ros_robot_controller_msgs/msg/detail/led_state__functions.h
[1.230s] -- Up-to-date symlink: /home/mehul/elec555_ws/install/ros_robot_controller_msgs/include/ros_robot_controller_msgs/ros_robot_controller_msgs/msg/detail/led_state__struct.h
[1.230s] -- Up-to-date symlink: /home/mehul/elec555_ws/install/ros_robot_controller_msgs/include/ros_robot_controller_msgs/ros_robot_controller_msgs/msg/detail/led_state__type_support.h
[1.230s] -- Up-to-date symlink: /home/mehul/elec555_ws/install/ros_robot_controller_msgs/include/ros_robot_controller_msgs/ros_robot_controller_msgs/msg/detail/motor_state__functions.h
[1.230s] -- Up-to-date symlink: /home/mehul/elec555_ws/install/ros_robot_controller_msgs/include/ros_robot_controller_msgs/ros_robot_controller_msgs/msg/detail/motor_state__struct.h
[1.230s] -- Up-to-date symlink: /home/mehul/elec555_ws/install/ros_robot_controller_msgs/include/ros_robot_controller_msgs/ros_robot_controller_msgs/msg/detail/motor_state__type_support.h
[1.230s] -- Up-to-date symlink: /home/mehul/elec555_ws/install/ros_robot_controller_msgs/include/ros_robot_controller_msgs/ros_robot_controller_msgs/msg/detail/motors_state__functions.h
[1.230s] -- Up-to-date symlink: /home/mehul/elec555_ws/install/ros_robot_controller_msgs/include/ros_robot_controller_msgs/ros_robot_controller_msgs/msg/detail/motors_state__struct.h
[1.231s] -- Up-to-date symlink: /home/mehul/elec555_ws/install/ros_robot_controller_msgs/include/ros_robot_controller_msgs/ros_robot_controller_msgs/msg/detail/motors_state__type_support.h
[1.231s] -- Up-to-date symlink: /home/mehul/elec555_ws/install/ros_robot_controller_msgs/include/ros_robot_controller_msgs/ros_robot_controller_msgs/msg/detail/oled_state__functions.h
[1.231s] -- Up-to-date symlink: /home/mehul/elec555_ws/install/ros_robot_controller_msgs/include/ros_robot_controller_msgs/ros_robot_controller_msgs/msg/detail/oled_state__struct.h
[1.231s] -- Up-to-date symlink: /home/mehul/elec555_ws/install/ros_robot_controller_msgs/include/ros_robot_controller_msgs/ros_robot_controller_msgs/msg/detail/oled_state__type_support.h
[1.231s] -- Up-to-date symlink: /home/mehul/elec555_ws/install/ros_robot_controller_msgs/include/ros_robot_controller_msgs/ros_robot_controller_msgs/msg/detail/pwm_servo_state__functions.h
[1.231s] -- Up-to-date symlink: /home/mehul/elec555_ws/install/ros_robot_controller_msgs/include/ros_robot_controller_msgs/ros_robot_controller_msgs/msg/detail/pwm_servo_state__struct.h
[1.231s] -- Up-to-date symlink: /home/mehul/elec555_ws/install/ros_robot_controller_msgs/include/ros_robot_controller_msgs/ros_robot_controller_msgs/msg/detail/pwm_servo_state__type_support.h
[1.232s] -- Up-to-date symlink: /home/mehul/elec555_ws/install/ros_robot_controller_msgs/include/ros_robot_controller_msgs/ros_robot_controller_msgs/msg/detail/rgb_state__functions.h
[1.232s] -- Up-to-date symlink: /home/mehul/elec555_ws/install/ros_robot_controller_msgs/include/ros_robot_controller_msgs/ros_robot_controller_msgs/msg/detail/rgb_state__struct.h
[1.232s] -- Up-to-date symlink: /home/mehul/elec555_ws/install/ros_robot_controller_msgs/include/ros_robot_controller_msgs/ros_robot_controller_msgs/msg/detail/rgb_state__type_support.h
[1.232s] -- Up-to-date symlink: /home/mehul/elec555_ws/install/ros_robot_controller_msgs/include/ros_robot_controller_msgs/ros_robot_controller_msgs/msg/detail/rgb_states__functions.h
[1.232s] -- Up-to-date symlink: /home/mehul/elec555_ws/install/ros_robot_controller_msgs/include/ros_robot_controller_msgs/ros_robot_controller_msgs/msg/detail/rgb_states__struct.h
[1.232s] -- Up-to-date symlink: /home/mehul/elec555_ws/install/ros_robot_controller_msgs/include/ros_robot_controller_msgs/ros_robot_controller_msgs/msg/detail/rgb_states__type_support.h
[1.232s] -- Up-to-date symlink: /home/mehul/elec555_ws/install/ros_robot_controller_msgs/include/ros_robot_controller_msgs/ros_robot_controller_msgs/msg/detail/sbus__functions.h
[1.233s] -- Up-to-date symlink: /home/mehul/elec555_ws/install/ros_robot_controller_msgs/include/ros_robot_controller_msgs/ros_robot_controller_msgs/msg/detail/sbus__struct.h
[1.233s] -- Up-to-date symlink: /home/mehul/elec555_ws/install/ros_robot_controller_msgs/include/ros_robot_controller_msgs/ros_robot_controller_msgs/msg/detail/sbus__type_support.h
[1.233s] -- Up-to-date symlink: /home/mehul/elec555_ws/install/ros_robot_controller_msgs/include/ros_robot_controller_msgs/ros_robot_controller_msgs/msg/detail/servo_position__functions.h
[1.233s] -- Up-to-date symlink: /home/mehul/elec555_ws/install/ros_robot_controller_msgs/include/ros_robot_controller_msgs/ros_robot_controller_msgs/msg/detail/servo_position__struct.h
[1.233s] -- Up-to-date symlink: /home/mehul/elec555_ws/install/ros_robot_controller_msgs/include/ros_robot_controller_msgs/ros_robot_controller_msgs/msg/detail/servo_position__type_support.h
[1.233s] -- Up-to-date symlink: /home/mehul/elec555_ws/install/ros_robot_controller_msgs/include/ros_robot_controller_msgs/ros_robot_controller_msgs/msg/detail/servos_position__functions.h
[1.234s] -- Up-to-date symlink: /home/mehul/elec555_ws/install/ros_robot_controller_msgs/include/ros_robot_controller_msgs/ros_robot_controller_msgs/msg/detail/servos_position__struct.h
[1.234s] -- Up-to-date symlink: /home/mehul/elec555_ws/install/ros_robot_controller_msgs/include/ros_robot_controller_msgs/ros_robot_controller_msgs/msg/detail/servos_position__type_support.h
[1.234s] -- Up-to-date symlink: /home/mehul/elec555_ws/install/ros_robot_controller_msgs/include/ros_robot_controller_msgs/ros_robot_controller_msgs/msg/detail/set_bus_servo_state__functions.h
[1.234s] -- Up-to-date symlink: /home/mehul/elec555_ws/install/ros_robot_controller_msgs/include/ros_robot_controller_msgs/ros_robot_controller_msgs/msg/detail/set_bus_servo_state__struct.h
[1.234s] -- Up-to-date symlink: /home/mehul/elec555_ws/install/ros_robot_controller_msgs/include/ros_robot_controller_msgs/ros_robot_controller_msgs/msg/detail/set_bus_servo_state__type_support.h
[1.234s] -- Up-to-date symlink: /home/mehul/elec555_ws/install/ros_robot_controller_msgs/include/ros_robot_controller_msgs/ros_robot_controller_msgs/msg/detail/set_pwm_servo_state__functions.h
[1.234s] -- Up-to-date symlink: /home/mehul/elec555_ws/install/ros_robot_controller_msgs/include/ros_robot_controller_msgs/ros_robot_controller_msgs/msg/detail/set_pwm_servo_state__struct.h
[1.235s] -- Up-to-date symlink: /home/mehul/elec555_ws/install/ros_robot_controller_msgs/include/ros_robot_controller_msgs/ros_robot_controller_msgs/msg/detail/set_pwm_servo_state__type_support.h
[1.235s] -- Up-to-date symlink: /home/mehul/elec555_ws/install/ros_robot_controller_msgs/include/ros_robot_controller_msgs/ros_robot_controller_msgs/msg/get_bus_servo_cmd.h
[1.235s] -- Up-to-date symlink: /home/mehul/elec555_ws/install/ros_robot_controller_msgs/include/ros_robot_controller_msgs/ros_robot_controller_msgs/msg/get_pwm_servo_cmd.h
[1.235s] -- Up-to-date symlink: /home/mehul/elec555_ws/install/ros_robot_controller_msgs/include/ros_robot_controller_msgs/ros_robot_controller_msgs/msg/led_state.h
[1.235s] -- Up-to-date symlink: /home/mehul/elec555_ws/install/ros_robot_controller_msgs/include/ros_robot_controller_msgs/ros_robot_controller_msgs/msg/motor_state.h
[1.235s] -- Up-to-date symlink: /home/mehul/elec555_ws/install/ros_robot_controller_msgs/include/ros_robot_controller_msgs/ros_robot_controller_msgs/msg/motors_state.h
[1.236s] -- Up-to-date symlink: /home/mehul/elec555_ws/install/ros_robot_controller_msgs/include/ros_robot_controller_msgs/ros_robot_controller_msgs/msg/oled_state.h
[1.236s] -- Up-to-date symlink: /home/mehul/elec555_ws/install/ros_robot_controller_msgs/include/ros_robot_controller_msgs/ros_robot_controller_msgs/msg/pwm_servo_state.h
[1.236s] -- Up-to-date symlink: /home/mehul/elec555_ws/install/ros_robot_controller_msgs/include/ros_robot_controller_msgs/ros_robot_controller_msgs/msg/rgb_state.h
[1.236s] -- Up-to-date symlink: /home/mehul/elec555_ws/install/ros_robot_controller_msgs/include/ros_robot_controller_msgs/ros_robot_controller_msgs/msg/rgb_states.h
[1.236s] -- Up-to-date symlink: /home/mehul/elec555_ws/install/ros_robot_controller_msgs/include/ros_robot_controller_msgs/ros_robot_controller_msgs/msg/rosidl_generator_c__visibility_control.h
[1.236s] -- Up-to-date symlink: /home/mehul/elec555_ws/install/ros_robot_controller_msgs/include/ros_robot_controller_msgs/ros_robot_controller_msgs/msg/sbus.h
[1.236s] -- Up-to-date symlink: /home/mehul/elec555_ws/install/ros_robot_controller_msgs/include/ros_robot_controller_msgs/ros_robot_controller_msgs/msg/servo_position.h
[1.236s] -- Up-to-date symlink: /home/mehul/elec555_ws/install/ros_robot_controller_msgs/include/ros_robot_controller_msgs/ros_robot_controller_msgs/msg/servos_position.h
[1.237s] -- Up-to-date symlink: /home/mehul/elec555_ws/install/ros_robot_controller_msgs/include/ros_robot_controller_msgs/ros_robot_controller_msgs/msg/set_bus_servo_state.h
[1.237s] -- Up-to-date symlink: /home/mehul/elec555_ws/install/ros_robot_controller_msgs/include/ros_robot_controller_msgs/ros_robot_controller_msgs/msg/set_pwm_servo_state.h
[1.237s] -- Up-to-date symlink: /home/mehul/elec555_ws/install/ros_robot_controller_msgs/include/ros_robot_controller_msgs/ros_robot_controller_msgs/srv/detail/get_bus_servo_state__functions.h
[1.237s] -- Up-to-date symlink: /home/mehul/elec555_ws/install/ros_robot_controller_msgs/include/ros_robot_controller_msgs/ros_robot_controller_msgs/srv/detail/get_bus_servo_state__struct.h
[1.237s] -- Up-to-date symlink: /home/mehul/elec555_ws/install/ros_robot_controller_msgs/include/ros_robot_controller_msgs/ros_robot_controller_msgs/srv/detail/get_bus_servo_state__type_support.h
[1.238s] -- Up-to-date symlink: /home/mehul/elec555_ws/install/ros_robot_controller_msgs/include/ros_robot_controller_msgs/ros_robot_controller_msgs/srv/detail/get_pwm_servo_state__functions.h
[1.238s] -- Up-to-date symlink: /home/mehul/elec555_ws/install/ros_robot_controller_msgs/include/ros_robot_controller_msgs/ros_robot_controller_msgs/srv/detail/get_pwm_servo_state__struct.h
[1.238s] -- Up-to-date symlink: /home/mehul/elec555_ws/install/ros_robot_controller_msgs/include/ros_robot_controller_msgs/ros_robot_controller_msgs/srv/detail/get_pwm_servo_state__type_support.h
[1.238s] -- Up-to-date symlink: /home/mehul/elec555_ws/install/ros_robot_controller_msgs/include/ros_robot_controller_msgs/ros_robot_controller_msgs/srv/get_bus_servo_state.h
[1.239s] -- Up-to-date symlink: /home/mehul/elec555_ws/install/ros_robot_controller_msgs/include/ros_robot_controller_msgs/ros_robot_controller_msgs/srv/get_pwm_servo_state.h
[1.239s] -- Up-to-date symlink: /home/mehul/elec555_ws/install/ros_robot_controller_msgs/share/ros_robot_controller_msgs/environment/library_path.sh
[1.239s] -- Up-to-date symlink: /home/mehul/elec555_ws/install/ros_robot_controller_msgs/share/ros_robot_controller_msgs/environment/library_path.dsv
[1.241s] -- Up-to-date symlink: /home/mehul/elec555_ws/install/ros_robot_controller_msgs/include/ros_robot_controller_msgs/ros_robot_controller_msgs/msg/detail/bus_servo_state__rosidl_typesupport_fastrtps_c.h
[1.241s] -- Up-to-date symlink: /home/mehul/elec555_ws/install/ros_robot_controller_msgs/include/ros_robot_controller_msgs/ros_robot_controller_msgs/msg/detail/button_state__rosidl_typesupport_fastrtps_c.h
[1.241s] -- Up-to-date symlink: /home/mehul/elec555_ws/install/ros_robot_controller_msgs/include/ros_robot_controller_msgs/ros_robot_controller_msgs/msg/detail/buzzer_state__rosidl_typesupport_fastrtps_c.h
[1.241s] -- Up-to-date symlink: /home/mehul/elec555_ws/install/ros_robot_controller_msgs/include/ros_robot_controller_msgs/ros_robot_controller_msgs/msg/detail/get_bus_servo_cmd__rosidl_typesupport_fastrtps_c.h
[1.241s] -- Up-to-date symlink: /home/mehul/elec555_ws/install/ros_robot_controller_msgs/include/ros_robot_controller_msgs/ros_robot_controller_msgs/msg/detail/get_pwm_servo_cmd__rosidl_typesupport_fastrtps_c.h
[1.241s] -- Up-to-date symlink: /home/mehul/elec555_ws/install/ros_robot_controller_msgs/include/ros_robot_controller_msgs/ros_robot_controller_msgs/msg/detail/led_state__rosidl_typesupport_fastrtps_c.h
[1.242s] -- Up-to-date symlink: /home/mehul/elec555_ws/install/ros_robot_controller_msgs/include/ros_robot_controller_msgs/ros_robot_controller_msgs/msg/detail/motor_state__rosidl_typesupport_fastrtps_c.h
[1.242s] -- Up-to-date symlink: /home/mehul/elec555_ws/install/ros_robot_controller_msgs/include/ros_robot_controller_msgs/ros_robot_controller_msgs/msg/detail/motors_state__rosidl_typesupport_fastrtps_c.h
[1.242s] -- Up-to-date symlink: /home/mehul/elec555_ws/install/ros_robot_controller_msgs/include/ros_robot_controller_msgs/ros_robot_controller_msgs/msg/detail/oled_state__rosidl_typesupport_fastrtps_c.h
[1.242s] -- Up-to-date symlink: /home/mehul/elec555_ws/install/ros_robot_controller_msgs/include/ros_robot_controller_msgs/ros_robot_controller_msgs/msg/detail/pwm_servo_state__rosidl_typesupport_fastrtps_c.h
[1.242s] -- Up-to-date symlink: /home/mehul/elec555_ws/install/ros_robot_controller_msgs/include/ros_robot_controller_msgs/ros_robot_controller_msgs/msg/detail/rgb_state__rosidl_typesupport_fastrtps_c.h
[1.242s] -- Up-to-date symlink: /home/mehul/elec555_ws/install/ros_robot_controller_msgs/include/ros_robot_controller_msgs/ros_robot_controller_msgs/msg/detail/rgb_states__rosidl_typesupport_fastrtps_c.h
[1.242s] -- Up-to-date symlink: /home/mehul/elec555_ws/install/ros_robot_controller_msgs/include/ros_robot_controller_msgs/ros_robot_controller_msgs/msg/detail/sbus__rosidl_typesupport_fastrtps_c.h
[1.243s] -- Up-to-date symlink: /home/mehul/elec555_ws/install/ros_robot_controller_msgs/include/ros_robot_controller_msgs/ros_robot_controller_msgs/msg/detail/servo_position__rosidl_typesupport_fastrtps_c.h
[1.243s] -- Up-to-date symlink: /home/mehul/elec555_ws/install/ros_robot_controller_msgs/include/ros_robot_controller_msgs/ros_robot_controller_msgs/msg/detail/servos_position__rosidl_typesupport_fastrtps_c.h
[1.243s] -- Up-to-date symlink: /home/mehul/elec555_ws/install/ros_robot_controller_msgs/include/ros_robot_controller_msgs/ros_robot_controller_msgs/msg/detail/set_bus_servo_state__rosidl_typesupport_fastrtps_c.h
[1.243s] -- Up-to-date symlink: /home/mehul/elec555_ws/install/ros_robot_controller_msgs/include/ros_robot_controller_msgs/ros_robot_controller_msgs/msg/detail/set_pwm_servo_state__rosidl_typesupport_fastrtps_c.h
[1.243s] -- Up-to-date symlink: /home/mehul/elec555_ws/install/ros_robot_controller_msgs/include/ros_robot_controller_msgs/ros_robot_controller_msgs/msg/rosidl_typesupport_fastrtps_c__visibility_control.h
[1.243s] -- Up-to-date symlink: /home/mehul/elec555_ws/install/ros_robot_controller_msgs/include/ros_robot_controller_msgs/ros_robot_controller_msgs/srv/detail/get_bus_servo_state__rosidl_typesupport_fastrtps_c.h
[1.243s] -- Up-to-date symlink: /home/mehul/elec555_ws/install/ros_robot_controller_msgs/include/ros_robot_controller_msgs/ros_robot_controller_msgs/srv/detail/get_pwm_servo_state__rosidl_typesupport_fastrtps_c.h
[1.247s] -- Up-to-date symlink: /home/mehul/elec555_ws/install/ros_robot_controller_msgs/include/ros_robot_controller_msgs/ros_robot_controller_msgs/msg/bus_servo_state.hpp
[1.248s] -- Up-to-date symlink: /home/mehul/elec555_ws/install/ros_robot_controller_msgs/include/ros_robot_controller_msgs/ros_robot_controller_msgs/msg/button_state.hpp
[1.248s] -- Up-to-date symlink: /home/mehul/elec555_ws/install/ros_robot_controller_msgs/include/ros_robot_controller_msgs/ros_robot_controller_msgs/msg/buzzer_state.hpp
[1.248s] -- Up-to-date symlink: /home/mehul/elec555_ws/install/ros_robot_controller_msgs/include/ros_robot_controller_msgs/ros_robot_controller_msgs/msg/detail/bus_servo_state__builder.hpp
[1.248s] -- Up-to-date symlink: /home/mehul/elec555_ws/install/ros_robot_controller_msgs/include/ros_robot_controller_msgs/ros_robot_controller_msgs/msg/detail/bus_servo_state__struct.hpp
[1.248s] -- Up-to-date symlink: /home/mehul/elec555_ws/install/ros_robot_controller_msgs/include/ros_robot_controller_msgs/ros_robot_controller_msgs/msg/detail/bus_servo_state__traits.hpp
[1.248s] -- Up-to-date symlink: /home/mehul/elec555_ws/install/ros_robot_controller_msgs/include/ros_robot_controller_msgs/ros_robot_controller_msgs/msg/detail/bus_servo_state__type_support.hpp
[1.248s] -- Up-to-date symlink: /home/mehul/elec555_ws/install/ros_robot_controller_msgs/include/ros_robot_controller_msgs/ros_robot_controller_msgs/msg/detail/button_state__builder.hpp
[1.248s] -- Up-to-date symlink: /home/mehul/elec555_ws/install/ros_robot_controller_msgs/include/ros_robot_controller_msgs/ros_robot_controller_msgs/msg/detail/button_state__struct.hpp
[1.248s] -- Up-to-date symlink: /home/mehul/elec555_ws/install/ros_robot_controller_msgs/include/ros_robot_controller_msgs/ros_robot_controller_msgs/msg/detail/button_state__traits.hpp
[1.249s] -- Up-to-date symlink: /home/mehul/elec555_ws/install/ros_robot_controller_msgs/include/ros_robot_controller_msgs/ros_robot_controller_msgs/msg/detail/button_state__type_support.hpp
[1.249s] -- Up-to-date symlink: /home/mehul/elec555_ws/install/ros_robot_controller_msgs/include/ros_robot_controller_msgs/ros_robot_controller_msgs/msg/detail/buzzer_state__builder.hpp
[1.249s] -- Up-to-date symlink: /home/mehul/elec555_ws/install/ros_robot_controller_msgs/include/ros_robot_controller_msgs/ros_robot_controller_msgs/msg/detail/buzzer_state__struct.hpp
[1.249s] -- Up-to-date symlink: /home/mehul/elec555_ws/install/ros_robot_controller_msgs/include/ros_robot_controller_msgs/ros_robot_controller_msgs/msg/detail/buzzer_state__traits.hpp
[1.249s] -- Up-to-date symlink: /home/mehul/elec555_ws/install/ros_robot_controller_msgs/include/ros_robot_controller_msgs/ros_robot_controller_msgs/msg/detail/buzzer_state__type_support.hpp
[1.249s] -- Up-to-date symlink: /home/mehul/elec555_ws/install/ros_robot_controller_msgs/include/ros_robot_controller_msgs/ros_robot_controller_msgs/msg/detail/get_bus_servo_cmd__builder.hpp
[1.249s] -- Up-to-date symlink: /home/mehul/elec555_ws/install/ros_robot_controller_msgs/include/ros_robot_controller_msgs/ros_robot_controller_msgs/msg/detail/get_bus_servo_cmd__struct.hpp
[1.249s] -- Up-to-date symlink: /home/mehul/elec555_ws/install/ros_robot_controller_msgs/include/ros_robot_controller_msgs/ros_robot_controller_msgs/msg/detail/get_bus_servo_cmd__traits.hpp
[1.250s] -- Up-to-date symlink: /home/mehul/elec555_ws/install/ros_robot_controller_msgs/include/ros_robot_controller_msgs/ros_robot_controller_msgs/msg/detail/get_bus_servo_cmd__type_support.hpp
[1.250s] -- Up-to-date symlink: /home/mehul/elec555_ws/install/ros_robot_controller_msgs/include/ros_robot_controller_msgs/ros_robot_controller_msgs/msg/detail/get_pwm_servo_cmd__builder.hpp
[1.250s] -- Up-to-date symlink: /home/mehul/elec555_ws/install/ros_robot_controller_msgs/include/ros_robot_controller_msgs/ros_robot_controller_msgs/msg/detail/get_pwm_servo_cmd__struct.hpp
[1.250s] -- Up-to-date symlink: /home/mehul/elec555_ws/install/ros_robot_controller_msgs/include/ros_robot_controller_msgs/ros_robot_controller_msgs/msg/detail/get_pwm_servo_cmd__traits.hpp
[1.250s] -- Up-to-date symlink: /home/mehul/elec555_ws/install/ros_robot_controller_msgs/include/ros_robot_controller_msgs/ros_robot_controller_msgs/msg/detail/get_pwm_servo_cmd__type_support.hpp
[1.250s] -- Up-to-date symlink: /home/mehul/elec555_ws/install/ros_robot_controller_msgs/include/ros_robot_controller_msgs/ros_robot_controller_msgs/msg/detail/led_state__builder.hpp
[1.250s] -- Up-to-date symlink: /home/mehul/elec555_ws/install/ros_robot_controller_msgs/include/ros_robot_controller_msgs/ros_robot_controller_msgs/msg/detail/led_state__struct.hpp
[1.251s] -- Up-to-date symlink: /home/mehul/elec555_ws/install/ros_robot_controller_msgs/include/ros_robot_controller_msgs/ros_robot_controller_msgs/msg/detail/led_state__traits.hpp
[1.251s] -- Up-to-date symlink: /home/mehul/elec555_ws/install/ros_robot_controller_msgs/include/ros_robot_controller_msgs/ros_robot_controller_msgs/msg/detail/led_state__type_support.hpp
[1.251s] -- Up-to-date symlink: /home/mehul/elec555_ws/install/ros_robot_controller_msgs/include/ros_robot_controller_msgs/ros_robot_controller_msgs/msg/detail/motor_state__builder.hpp
[1.251s] -- Up-to-date symlink: /home/mehul/elec555_ws/install/ros_robot_controller_msgs/include/ros_robot_controller_msgs/ros_robot_controller_msgs/msg/detail/motor_state__struct.hpp
[1.251s] -- Up-to-date symlink: /home/mehul/elec555_ws/install/ros_robot_controller_msgs/include/ros_robot_controller_msgs/ros_robot_controller_msgs/msg/detail/motor_state__traits.hpp
[1.252s] -- Up-to-date symlink: /home/mehul/elec555_ws/install/ros_robot_controller_msgs/include/ros_robot_controller_msgs/ros_robot_controller_msgs/msg/detail/motor_state__type_support.hpp
[1.252s] -- Up-to-date symlink: /home/mehul/elec555_ws/install/ros_robot_controller_msgs/include/ros_robot_controller_msgs/ros_robot_controller_msgs/msg/detail/motors_state__builder.hpp
[1.252s] -- Up-to-date symlink: /home/mehul/elec555_ws/install/ros_robot_controller_msgs/include/ros_robot_controller_msgs/ros_robot_controller_msgs/msg/detail/motors_state__struct.hpp
[1.252s] -- Up-to-date symlink: /home/mehul/elec555_ws/install/ros_robot_controller_msgs/include/ros_robot_controller_msgs/ros_robot_controller_msgs/msg/detail/motors_state__traits.hpp
[1.252s] -- Up-to-date symlink: /home/mehul/elec555_ws/install/ros_robot_controller_msgs/include/ros_robot_controller_msgs/ros_robot_controller_msgs/msg/detail/motors_state__type_support.hpp
[1.252s] -- Up-to-date symlink: /home/mehul/elec555_ws/install/ros_robot_controller_msgs/include/ros_robot_controller_msgs/ros_robot_controller_msgs/msg/detail/oled_state__builder.hpp
[1.253s] -- Up-to-date symlink: /home/mehul/elec555_ws/install/ros_robot_controller_msgs/include/ros_robot_controller_msgs/ros_robot_controller_msgs/msg/detail/oled_state__struct.hpp
[1.253s] -- Up-to-date symlink: /home/mehul/elec555_ws/install/ros_robot_controller_msgs/include/ros_robot_controller_msgs/ros_robot_controller_msgs/msg/detail/oled_state__traits.hpp
[1.253s] -- Up-to-date symlink: /home/mehul/elec555_ws/install/ros_robot_controller_msgs/include/ros_robot_controller_msgs/ros_robot_controller_msgs/msg/detail/oled_state__type_support.hpp
[1.253s] -- Up-to-date symlink: /home/mehul/elec555_ws/install/ros_robot_controller_msgs/include/ros_robot_controller_msgs/ros_robot_controller_msgs/msg/detail/pwm_servo_state__builder.hpp
[1.253s] -- Up-to-date symlink: /home/mehul/elec555_ws/install/ros_robot_controller_msgs/include/ros_robot_controller_msgs/ros_robot_controller_msgs/msg/detail/pwm_servo_state__struct.hpp
[1.253s] -- Up-to-date symlink: /home/mehul/elec555_ws/install/ros_robot_controller_msgs/include/ros_robot_controller_msgs/ros_robot_controller_msgs/msg/detail/pwm_servo_state__traits.hpp
[1.254s] -- Up-to-date symlink: /home/mehul/elec555_ws/install/ros_robot_controller_msgs/include/ros_robot_controller_msgs/ros_robot_controller_msgs/msg/detail/pwm_servo_state__type_support.hpp
[1.254s] -- Up-to-date symlink: /home/mehul/elec555_ws/install/ros_robot_controller_msgs/include/ros_robot_controller_msgs/ros_robot_controller_msgs/msg/detail/rgb_state__builder.hpp
[1.254s] -- Up-to-date symlink: /home/mehul/elec555_ws/install/ros_robot_controller_msgs/include/ros_robot_controller_msgs/ros_robot_controller_msgs/msg/detail/rgb_state__struct.hpp
[1.254s] -- Up-to-date symlink: /home/mehul/elec555_ws/install/ros_robot_controller_msgs/include/ros_robot_controller_msgs/ros_robot_controller_msgs/msg/detail/rgb_state__traits.hpp
[1.254s] -- Up-to-date symlink: /home/mehul/elec555_ws/install/ros_robot_controller_msgs/include/ros_robot_controller_msgs/ros_robot_controller_msgs/msg/detail/rgb_state__type_support.hpp
[1.255s] -- Up-to-date symlink: /home/mehul/elec555_ws/install/ros_robot_controller_msgs/include/ros_robot_controller_msgs/ros_robot_controller_msgs/msg/detail/rgb_states__builder.hpp
[1.255s] -- Up-to-date symlink: /home/mehul/elec555_ws/install/ros_robot_controller_msgs/include/ros_robot_controller_msgs/ros_robot_controller_msgs/msg/detail/rgb_states__struct.hpp
[1.255s] -- Up-to-date symlink: /home/mehul/elec555_ws/install/ros_robot_controller_msgs/include/ros_robot_controller_msgs/ros_robot_controller_msgs/msg/detail/rgb_states__traits.hpp
[1.255s] -- Up-to-date symlink: /home/mehul/elec555_ws/install/ros_robot_controller_msgs/include/ros_robot_controller_msgs/ros_robot_controller_msgs/msg/detail/rgb_states__type_support.hpp
[1.255s] -- Up-to-date symlink: /home/mehul/elec555_ws/install/ros_robot_controller_msgs/include/ros_robot_controller_msgs/ros_robot_controller_msgs/msg/detail/sbus__builder.hpp
[1.255s] -- Up-to-date symlink: /home/mehul/elec555_ws/install/ros_robot_controller_msgs/include/ros_robot_controller_msgs/ros_robot_controller_msgs/msg/detail/sbus__struct.hpp
[1.256s] -- Up-to-date symlink: /home/mehul/elec555_ws/install/ros_robot_controller_msgs/include/ros_robot_controller_msgs/ros_robot_controller_msgs/msg/detail/sbus__traits.hpp
[1.256s] -- Up-to-date symlink: /home/mehul/elec555_ws/install/ros_robot_controller_msgs/include/ros_robot_controller_msgs/ros_robot_controller_msgs/msg/detail/sbus__type_support.hpp
[1.256s] -- Up-to-date symlink: /home/mehul/elec555_ws/install/ros_robot_controller_msgs/include/ros_robot_controller_msgs/ros_robot_controller_msgs/msg/detail/servo_position__builder.hpp
[1.257s] -- Up-to-date symlink: /home/mehul/elec555_ws/install/ros_robot_controller_msgs/include/ros_robot_controller_msgs/ros_robot_controller_msgs/msg/detail/servo_position__struct.hpp
[1.257s] -- Up-to-date symlink: /home/mehul/elec555_ws/install/ros_robot_controller_msgs/include/ros_robot_controller_msgs/ros_robot_controller_msgs/msg/detail/servo_position__traits.hpp
[1.257s] -- Up-to-date symlink: /home/mehul/elec555_ws/install/ros_robot_controller_msgs/include/ros_robot_controller_msgs/ros_robot_controller_msgs/msg/detail/servo_position__type_support.hpp
[1.257s] -- Up-to-date symlink: /home/mehul/elec555_ws/install/ros_robot_controller_msgs/include/ros_robot_controller_msgs/ros_robot_controller_msgs/msg/detail/servos_position__builder.hpp
[1.257s] -- Up-to-date symlink: /home/mehul/elec555_ws/install/ros_robot_controller_msgs/include/ros_robot_controller_msgs/ros_robot_controller_msgs/msg/detail/servos_position__struct.hpp
[1.257s] -- Up-to-date symlink: /home/mehul/elec555_ws/install/ros_robot_controller_msgs/include/ros_robot_controller_msgs/ros_robot_controller_msgs/msg/detail/servos_position__traits.hpp
[1.258s] -- Up-to-date symlink: /home/mehul/elec555_ws/install/ros_robot_controller_msgs/include/ros_robot_controller_msgs/ros_robot_controller_msgs/msg/detail/servos_position__type_support.hpp
[1.258s] -- Up-to-date symlink: /home/mehul/elec555_ws/install/ros_robot_controller_msgs/include/ros_robot_controller_msgs/ros_robot_controller_msgs/msg/detail/set_bus_servo_state__builder.hpp
[1.258s] -- Up-to-date symlink: /home/mehul/elec555_ws/install/ros_robot_controller_msgs/include/ros_robot_controller_msgs/ros_robot_controller_msgs/msg/detail/set_bus_servo_state__struct.hpp
[1.258s] -- Up-to-date symlink: /home/mehul/elec555_ws/install/ros_robot_controller_msgs/include/ros_robot_controller_msgs/ros_robot_controller_msgs/msg/detail/set_bus_servo_state__traits.hpp
[1.258s] -- Up-to-date symlink: /home/mehul/elec555_ws/install/ros_robot_controller_msgs/include/ros_robot_controller_msgs/ros_robot_controller_msgs/msg/detail/set_bus_servo_state__type_support.hpp
[1.259s] -- Up-to-date symlink: /home/mehul/elec555_ws/install/ros_robot_controller_msgs/include/ros_robot_controller_msgs/ros_robot_controller_msgs/msg/detail/set_pwm_servo_state__builder.hpp
[1.259s] -- Up-to-date symlink: /home/mehul/elec555_ws/install/ros_robot_controller_msgs/include/ros_robot_controller_msgs/ros_robot_controller_msgs/msg/detail/set_pwm_servo_state__struct.hpp
[1.259s] -- Up-to-date symlink: /home/mehul/elec555_ws/install/ros_robot_controller_msgs/include/ros_robot_controller_msgs/ros_robot_controller_msgs/msg/detail/set_pwm_servo_state__traits.hpp
[1.259s] -- Up-to-date symlink: /home/mehul/elec555_ws/install/ros_robot_controller_msgs/include/ros_robot_controller_msgs/ros_robot_controller_msgs/msg/detail/set_pwm_servo_state__type_support.hpp
[1.259s] -- Up-to-date symlink: /home/mehul/elec555_ws/install/ros_robot_controller_msgs/include/ros_robot_controller_msgs/ros_robot_controller_msgs/msg/get_bus_servo_cmd.hpp
[1.260s] -- Up-to-date symlink: /home/mehul/elec555_ws/install/ros_robot_controller_msgs/include/ros_robot_controller_msgs/ros_robot_controller_msgs/msg/get_pwm_servo_cmd.hpp
[1.261s] -- Up-to-date symlink: /home/mehul/elec555_ws/install/ros_robot_controller_msgs/include/ros_robot_controller_msgs/ros_robot_controller_msgs/msg/led_state.hpp
[1.261s] -- Up-to-date symlink: /home/mehul/elec555_ws/install/ros_robot_controller_msgs/include/ros_robot_controller_msgs/ros_robot_controller_msgs/msg/motor_state.hpp
[1.261s] -- Up-to-date symlink: /home/mehul/elec555_ws/install/ros_robot_controller_msgs/include/ros_robot_controller_msgs/ros_robot_controller_msgs/msg/motors_state.hpp
[1.261s] -- Up-to-date symlink: /home/mehul/elec555_ws/install/ros_robot_controller_msgs/include/ros_robot_controller_msgs/ros_robot_controller_msgs/msg/oled_state.hpp
[1.261s] -- Up-to-date symlink: /home/mehul/elec555_ws/install/ros_robot_controller_msgs/include/ros_robot_controller_msgs/ros_robot_controller_msgs/msg/pwm_servo_state.hpp
[1.262s] -- Up-to-date symlink: /home/mehul/elec555_ws/install/ros_robot_controller_msgs/include/ros_robot_controller_msgs/ros_robot_controller_msgs/msg/rgb_state.hpp
[1.262s] -- Up-to-date symlink: /home/mehul/elec555_ws/install/ros_robot_controller_msgs/include/ros_robot_controller_msgs/ros_robot_controller_msgs/msg/rgb_states.hpp
[1.262s] -- Up-to-date symlink: /home/mehul/elec555_ws/install/ros_robot_controller_msgs/include/ros_robot_controller_msgs/ros_robot_controller_msgs/msg/rosidl_generator_cpp__visibility_control.hpp
[1.262s] -- Up-to-date symlink: /home/mehul/elec555_ws/install/ros_robot_controller_msgs/include/ros_robot_controller_msgs/ros_robot_controller_msgs/msg/sbus.hpp
[1.262s] -- Up-to-date symlink: /home/mehul/elec555_ws/install/ros_robot_controller_msgs/include/ros_robot_controller_msgs/ros_robot_controller_msgs/msg/servo_position.hpp
[1.262s] -- Up-to-date symlink: /home/mehul/elec555_ws/install/ros_robot_controller_msgs/include/ros_robot_controller_msgs/ros_robot_controller_msgs/msg/servos_position.hpp
[1.262s] -- Up-to-date symlink: /home/mehul/elec555_ws/install/ros_robot_controller_msgs/include/ros_robot_controller_msgs/ros_robot_controller_msgs/msg/set_bus_servo_state.hpp
[1.262s] -- Up-to-date symlink: /home/mehul/elec555_ws/install/ros_robot_controller_msgs/include/ros_robot_controller_msgs/ros_robot_controller_msgs/msg/set_pwm_servo_state.hpp
[1.262s] -- Up-to-date symlink: /home/mehul/elec555_ws/install/ros_robot_controller_msgs/include/ros_robot_controller_msgs/ros_robot_controller_msgs/srv/detail/get_bus_servo_state__builder.hpp
[1.263s] -- Up-to-date symlink: /home/mehul/elec555_ws/install/ros_robot_controller_msgs/include/ros_robot_controller_msgs/ros_robot_controller_msgs/srv/detail/get_bus_servo_state__struct.hpp
[1.263s] -- Up-to-date symlink: /home/mehul/elec555_ws/install/ros_robot_controller_msgs/include/ros_robot_controller_msgs/ros_robot_controller_msgs/srv/detail/get_bus_servo_state__traits.hpp
[1.263s] -- Up-to-date symlink: /home/mehul/elec555_ws/install/ros_robot_controller_msgs/include/ros_robot_controller_msgs/ros_robot_controller_msgs/srv/detail/get_bus_servo_state__type_support.hpp
[1.263s] -- Up-to-date symlink: /home/mehul/elec555_ws/install/ros_robot_controller_msgs/include/ros_robot_controller_msgs/ros_robot_controller_msgs/srv/detail/get_pwm_servo_state__builder.hpp
[1.263s] -- Up-to-date symlink: /home/mehul/elec555_ws/install/ros_robot_controller_msgs/include/ros_robot_controller_msgs/ros_robot_controller_msgs/srv/detail/get_pwm_servo_state__struct.hpp
[1.263s] -- Up-to-date symlink: /home/mehul/elec555_ws/install/ros_robot_controller_msgs/include/ros_robot_controller_msgs/ros_robot_controller_msgs/srv/detail/get_pwm_servo_state__traits.hpp
[1.264s] -- Up-to-date symlink: /home/mehul/elec555_ws/install/ros_robot_controller_msgs/include/ros_robot_controller_msgs/ros_robot_controller_msgs/srv/detail/get_pwm_servo_state__type_support.hpp
[1.265s] -- Up-to-date symlink: /home/mehul/elec555_ws/install/ros_robot_controller_msgs/include/ros_robot_controller_msgs/ros_robot_controller_msgs/srv/get_bus_servo_state.hpp
[1.265s] -- Up-to-date symlink: /home/mehul/elec555_ws/install/ros_robot_controller_msgs/include/ros_robot_controller_msgs/ros_robot_controller_msgs/srv/get_pwm_servo_state.hpp
[1.267s] -- Up-to-date symlink: /home/mehul/elec555_ws/install/ros_robot_controller_msgs/include/ros_robot_controller_msgs/ros_robot_controller_msgs/msg/detail/bus_servo_state__rosidl_typesupport_fastrtps_cpp.hpp
[1.267s] -- Up-to-date symlink: /home/mehul/elec555_ws/install/ros_robot_controller_msgs/include/ros_robot_controller_msgs/ros_robot_controller_msgs/msg/detail/button_state__rosidl_typesupport_fastrtps_cpp.hpp
[1.267s] -- Up-to-date symlink: /home/mehul/elec555_ws/install/ros_robot_controller_msgs/include/ros_robot_controller_msgs/ros_robot_controller_msgs/msg/detail/buzzer_state__rosidl_typesupport_fastrtps_cpp.hpp
[1.267s] -- Up-to-date symlink: /home/mehul/elec555_ws/install/ros_robot_controller_msgs/include/ros_robot_controller_msgs/ros_robot_controller_msgs/msg/detail/get_bus_servo_cmd__rosidl_typesupport_fastrtps_cpp.hpp
[1.267s] -- Up-to-date symlink: /home/mehul/elec555_ws/install/ros_robot_controller_msgs/include/ros_robot_controller_msgs/ros_robot_controller_msgs/msg/detail/get_pwm_servo_cmd__rosidl_typesupport_fastrtps_cpp.hpp
[1.268s] -- Up-to-date symlink: /home/mehul/elec555_ws/install/ros_robot_controller_msgs/include/ros_robot_controller_msgs/ros_robot_controller_msgs/msg/detail/led_state__rosidl_typesupport_fastrtps_cpp.hpp
[1.268s] -- Up-to-date symlink: /home/mehul/elec555_ws/install/ros_robot_controller_msgs/include/ros_robot_controller_msgs/ros_robot_controller_msgs/msg/detail/motor_state__rosidl_typesupport_fastrtps_cpp.hpp
[1.268s] -- Up-to-date symlink: /home/mehul/elec555_ws/install/ros_robot_controller_msgs/include/ros_robot_controller_msgs/ros_robot_controller_msgs/msg/detail/motors_state__rosidl_typesupport_fastrtps_cpp.hpp
[1.268s] -- Up-to-date symlink: /home/mehul/elec555_ws/install/ros_robot_controller_msgs/include/ros_robot_controller_msgs/ros_robot_controller_msgs/msg/detail/oled_state__rosidl_typesupport_fastrtps_cpp.hpp
[1.268s] -- Up-to-date symlink: /home/mehul/elec555_ws/install/ros_robot_controller_msgs/include/ros_robot_controller_msgs/ros_robot_controller_msgs/msg/detail/pwm_servo_state__rosidl_typesupport_fastrtps_cpp.hpp
[1.268s] -- Up-to-date symlink: /home/mehul/elec555_ws/install/ros_robot_controller_msgs/include/ros_robot_controller_msgs/ros_robot_controller_msgs/msg/detail/rgb_state__rosidl_typesupport_fastrtps_cpp.hpp
[1.269s] -- Up-to-date symlink: /home/mehul/elec555_ws/install/ros_robot_controller_msgs/include/ros_robot_controller_msgs/ros_robot_controller_msgs/msg/detail/rgb_states__rosidl_typesupport_fastrtps_cpp.hpp
[1.269s] -- Up-to-date symlink: /home/mehul/elec555_ws/install/ros_robot_controller_msgs/include/ros_robot_controller_msgs/ros_robot_controller_msgs/msg/detail/sbus__rosidl_typesupport_fastrtps_cpp.hpp
[1.269s] -- Up-to-date symlink: /home/mehul/elec555_ws/install/ros_robot_controller_msgs/include/ros_robot_controller_msgs/ros_robot_controller_msgs/msg/detail/servo_position__rosidl_typesupport_fastrtps_cpp.hpp
[1.269s] -- Up-to-date symlink: /home/mehul/elec555_ws/install/ros_robot_controller_msgs/include/ros_robot_controller_msgs/ros_robot_controller_msgs/msg/detail/servos_position__rosidl_typesupport_fastrtps_cpp.hpp
[1.269s] -- Up-to-date symlink: /home/mehul/elec555_ws/install/ros_robot_controller_msgs/include/ros_robot_controller_msgs/ros_robot_controller_msgs/msg/detail/set_bus_servo_state__rosidl_typesupport_fastrtps_cpp.hpp
[1.269s] -- Up-to-date symlink: /home/mehul/elec555_ws/install/ros_robot_controller_msgs/include/ros_robot_controller_msgs/ros_robot_controller_msgs/msg/detail/set_pwm_servo_state__rosidl_typesupport_fastrtps_cpp.hpp
[1.269s] -- Up-to-date symlink: /home/mehul/elec555_ws/install/ros_robot_controller_msgs/include/ros_robot_controller_msgs/ros_robot_controller_msgs/msg/rosidl_typesupport_fastrtps_cpp__visibility_control.h
[1.270s] -- Up-to-date symlink: /home/mehul/elec555_ws/install/ros_robot_controller_msgs/include/ros_robot_controller_msgs/ros_robot_controller_msgs/srv/detail/get_bus_servo_state__rosidl_typesupport_fastrtps_cpp.hpp
[1.270s] -- Up-to-date symlink: /home/mehul/elec555_ws/install/ros_robot_controller_msgs/include/ros_robot_controller_msgs/ros_robot_controller_msgs/srv/detail/get_pwm_servo_state__rosidl_typesupport_fastrtps_cpp.hpp
[1.270s] -- Up-to-date symlink: /home/mehul/elec555_ws/install/ros_robot_controller_msgs/include/ros_robot_controller_msgs/ros_robot_controller_msgs/msg/detail/bus_servo_state__rosidl_typesupport_introspection_c.h
[1.271s] -- Up-to-date symlink: /home/mehul/elec555_ws/install/ros_robot_controller_msgs/include/ros_robot_controller_msgs/ros_robot_controller_msgs/msg/detail/button_state__rosidl_typesupport_introspection_c.h
[1.271s] -- Up-to-date symlink: /home/mehul/elec555_ws/install/ros_robot_controller_msgs/include/ros_robot_controller_msgs/ros_robot_controller_msgs/msg/detail/buzzer_state__rosidl_typesupport_introspection_c.h
[1.271s] -- Up-to-date symlink: /home/mehul/elec555_ws/install/ros_robot_controller_msgs/include/ros_robot_controller_msgs/ros_robot_controller_msgs/msg/detail/get_bus_servo_cmd__rosidl_typesupport_introspection_c.h
[1.272s] -- Up-to-date symlink: /home/mehul/elec555_ws/install/ros_robot_controller_msgs/include/ros_robot_controller_msgs/ros_robot_controller_msgs/msg/detail/get_pwm_servo_cmd__rosidl_typesupport_introspection_c.h
[1.272s] -- Up-to-date symlink: /home/mehul/elec555_ws/install/ros_robot_controller_msgs/include/ros_robot_controller_msgs/ros_robot_controller_msgs/msg/detail/led_state__rosidl_typesupport_introspection_c.h
[1.272s] -- Up-to-date symlink: /home/mehul/elec555_ws/install/ros_robot_controller_msgs/include/ros_robot_controller_msgs/ros_robot_controller_msgs/msg/detail/motor_state__rosidl_typesupport_introspection_c.h
[1.272s] -- Up-to-date symlink: /home/mehul/elec555_ws/install/ros_robot_controller_msgs/include/ros_robot_controller_msgs/ros_robot_controller_msgs/msg/detail/motors_state__rosidl_typesupport_introspection_c.h
[1.273s] -- Up-to-date symlink: /home/mehul/elec555_ws/install/ros_robot_controller_msgs/include/ros_robot_controller_msgs/ros_robot_controller_msgs/msg/detail/oled_state__rosidl_typesupport_introspection_c.h
[1.273s] -- Up-to-date symlink: /home/mehul/elec555_ws/install/ros_robot_controller_msgs/include/ros_robot_controller_msgs/ros_robot_controller_msgs/msg/detail/pwm_servo_state__rosidl_typesupport_introspection_c.h
[1.273s] -- Up-to-date symlink: /home/mehul/elec555_ws/install/ros_robot_controller_msgs/include/ros_robot_controller_msgs/ros_robot_controller_msgs/msg/detail/rgb_state__rosidl_typesupport_introspection_c.h
[1.273s] -- Up-to-date symlink: /home/mehul/elec555_ws/install/ros_robot_controller_msgs/include/ros_robot_controller_msgs/ros_robot_controller_msgs/msg/detail/rgb_states__rosidl_typesupport_introspection_c.h
[1.273s] -- Up-to-date symlink: /home/mehul/elec555_ws/install/ros_robot_controller_msgs/include/ros_robot_controller_msgs/ros_robot_controller_msgs/msg/detail/sbus__rosidl_typesupport_introspection_c.h
[1.273s] -- Up-to-date symlink: /home/mehul/elec555_ws/install/ros_robot_controller_msgs/include/ros_robot_controller_msgs/ros_robot_controller_msgs/msg/detail/servo_position__rosidl_typesupport_introspection_c.h
[1.274s] -- Up-to-date symlink: /home/mehul/elec555_ws/install/ros_robot_controller_msgs/include/ros_robot_controller_msgs/ros_robot_controller_msgs/msg/detail/servos_position__rosidl_typesupport_introspection_c.h
[1.274s] -- Up-to-date symlink: /home/mehul/elec555_ws/install/ros_robot_controller_msgs/include/ros_robot_controller_msgs/ros_robot_controller_msgs/msg/detail/set_bus_servo_state__rosidl_typesupport_introspection_c.h
[1.274s] -- Up-to-date symlink: /home/mehul/elec555_ws/install/ros_robot_controller_msgs/include/ros_robot_controller_msgs/ros_robot_controller_msgs/msg/detail/set_pwm_servo_state__rosidl_typesupport_introspection_c.h
[1.274s] -- Up-to-date symlink: /home/mehul/elec555_ws/install/ros_robot_controller_msgs/include/ros_robot_controller_msgs/ros_robot_controller_msgs/msg/rosidl_typesupport_introspection_c__visibility_control.h
[1.274s] -- Up-to-date symlink: /home/mehul/elec555_ws/install/ros_robot_controller_msgs/include/ros_robot_controller_msgs/ros_robot_controller_msgs/srv/detail/get_bus_servo_state__rosidl_typesupport_introspection_c.h
[1.274s] -- Up-to-date symlink: /home/mehul/elec555_ws/install/ros_robot_controller_msgs/include/ros_robot_controller_msgs/ros_robot_controller_msgs/srv/detail/get_pwm_servo_state__rosidl_typesupport_introspection_c.h
[1.275s] -- Up-to-date symlink: /home/mehul/elec555_ws/install/ros_robot_controller_msgs/include/ros_robot_controller_msgs/ros_robot_controller_msgs/msg/detail/bus_servo_state__rosidl_typesupport_introspection_cpp.hpp
[1.275s] -- Up-to-date symlink: /home/mehul/elec555_ws/install/ros_robot_controller_msgs/include/ros_robot_controller_msgs/ros_robot_controller_msgs/msg/detail/button_state__rosidl_typesupport_introspection_cpp.hpp
[1.276s] -- Up-to-date symlink: /home/mehul/elec555_ws/install/ros_robot_controller_msgs/include/ros_robot_controller_msgs/ros_robot_controller_msgs/msg/detail/buzzer_state__rosidl_typesupport_introspection_cpp.hpp
[1.276s] -- Up-to-date symlink: /home/mehul/elec555_ws/install/ros_robot_controller_msgs/include/ros_robot_controller_msgs/ros_robot_controller_msgs/msg/detail/get_bus_servo_cmd__rosidl_typesupport_introspection_cpp.hpp
[1.276s] -- Up-to-date symlink: /home/mehul/elec555_ws/install/ros_robot_controller_msgs/include/ros_robot_controller_msgs/ros_robot_controller_msgs/msg/detail/get_pwm_servo_cmd__rosidl_typesupport_introspection_cpp.hpp
[1.276s] -- Up-to-date symlink: /home/mehul/elec555_ws/install/ros_robot_controller_msgs/include/ros_robot_controller_msgs/ros_robot_controller_msgs/msg/detail/led_state__rosidl_typesupport_introspection_cpp.hpp
[1.276s] -- Up-to-date symlink: /home/mehul/elec555_ws/install/ros_robot_controller_msgs/include/ros_robot_controller_msgs/ros_robot_controller_msgs/msg/detail/motor_state__rosidl_typesupport_introspection_cpp.hpp
[1.277s] -- Up-to-date symlink: /home/mehul/elec555_ws/install/ros_robot_controller_msgs/include/ros_robot_controller_msgs/ros_robot_controller_msgs/msg/detail/motors_state__rosidl_typesupport_introspection_cpp.hpp
[1.277s] -- Up-to-date symlink: /home/mehul/elec555_ws/install/ros_robot_controller_msgs/include/ros_robot_controller_msgs/ros_robot_controller_msgs/msg/detail/oled_state__rosidl_typesupport_introspection_cpp.hpp
[1.277s] -- Up-to-date symlink: /home/mehul/elec555_ws/install/ros_robot_controller_msgs/include/ros_robot_controller_msgs/ros_robot_controller_msgs/msg/detail/pwm_servo_state__rosidl_typesupport_introspection_cpp.hpp
[1.277s] -- Up-to-date symlink: /home/mehul/elec555_ws/install/ros_robot_controller_msgs/include/ros_robot_controller_msgs/ros_robot_controller_msgs/msg/detail/rgb_state__rosidl_typesupport_introspection_cpp.hpp
[1.277s] -- Up-to-date symlink: /home/mehul/elec555_ws/install/ros_robot_controller_msgs/include/ros_robot_controller_msgs/ros_robot_controller_msgs/msg/detail/rgb_states__rosidl_typesupport_introspection_cpp.hpp
[1.278s] -- Up-to-date symlink: /home/mehul/elec555_ws/install/ros_robot_controller_msgs/include/ros_robot_controller_msgs/ros_robot_controller_msgs/msg/detail/sbus__rosidl_typesupport_introspection_cpp.hpp
[1.278s] -- Up-to-date symlink: /home/mehul/elec555_ws/install/ros_robot_controller_msgs/include/ros_robot_controller_msgs/ros_robot_controller_msgs/msg/detail/servo_position__rosidl_typesupport_introspection_cpp.hpp
[1.278s] -- Up-to-date symlink: /home/mehul/elec555_ws/install/ros_robot_controller_msgs/include/ros_robot_controller_msgs/ros_robot_controller_msgs/msg/detail/servos_position__rosidl_typesupport_introspection_cpp.hpp
[1.278s] -- Up-to-date symlink: /home/mehul/elec555_ws/install/ros_robot_controller_msgs/include/ros_robot_controller_msgs/ros_robot_controller_msgs/msg/detail/set_bus_servo_state__rosidl_typesupport_introspection_cpp.hpp
[1.278s] -- Up-to-date symlink: /home/mehul/elec555_ws/install/ros_robot_controller_msgs/include/ros_robot_controller_msgs/ros_robot_controller_msgs/msg/detail/set_pwm_servo_state__rosidl_typesupport_introspection_cpp.hpp
[1.278s] -- Up-to-date symlink: /home/mehul/elec555_ws/install/ros_robot_controller_msgs/include/ros_robot_controller_msgs/ros_robot_controller_msgs/srv/detail/get_bus_servo_state__rosidl_typesupport_introspection_cpp.hpp
[1.279s] -- Up-to-date symlink: /home/mehul/elec555_ws/install/ros_robot_controller_msgs/include/ros_robot_controller_msgs/ros_robot_controller_msgs/srv/detail/get_pwm_servo_state__rosidl_typesupport_introspection_cpp.hpp
[1.279s] -- Up-to-date symlink: /home/mehul/elec555_ws/install/ros_robot_controller_msgs/share/ros_robot_controller_msgs/environment/pythonpath.sh
[1.279s] -- Up-to-date symlink: /home/mehul/elec555_ws/install/ros_robot_controller_msgs/share/ros_robot_controller_msgs/environment/pythonpath.dsv
[1.280s] -- Up-to-date symlink: /home/mehul/elec555_ws/install/ros_robot_controller_msgs/local/lib/python3.10/dist-packages/ros_robot_controller_msgs-0.0.0-py3.10.egg-info/PKG-INFO
[1.282s] -- Up-to-date symlink: /home/mehul/elec555_ws/install/ros_robot_controller_msgs/local/lib/python3.10/dist-packages/ros_robot_controller_msgs-0.0.0-py3.10.egg-info/SOURCES.txt
[1.282s] -- Up-to-date symlink: /home/mehul/elec555_ws/install/ros_robot_controller_msgs/local/lib/python3.10/dist-packages/ros_robot_controller_msgs-0.0.0-py3.10.egg-info/dependency_links.txt
[1.282s] -- Up-to-date symlink: /home/mehul/elec555_ws/install/ros_robot_controller_msgs/local/lib/python3.10/dist-packages/ros_robot_controller_msgs-0.0.0-py3.10.egg-info/top_level.txt
[1.283s] -- Up-to-date symlink: /home/mehul/elec555_ws/install/ros_robot_controller_msgs/local/lib/python3.10/dist-packages/ros_robot_controller_msgs/__init__.py
[1.283s] -- Up-to-date symlink: /home/mehul/elec555_ws/install/ros_robot_controller_msgs/local/lib/python3.10/dist-packages/ros_robot_controller_msgs/_ros_robot_controller_msgs_s.ep.rosidl_typesupport_c.c
[1.283s] -- Up-to-date symlink: /home/mehul/elec555_ws/install/ros_robot_controller_msgs/local/lib/python3.10/dist-packages/ros_robot_controller_msgs/_ros_robot_controller_msgs_s.ep.rosidl_typesupport_fastrtps_c.c
[1.283s] -- Up-to-date symlink: /home/mehul/elec555_ws/install/ros_robot_controller_msgs/local/lib/python3.10/dist-packages/ros_robot_controller_msgs/_ros_robot_controller_msgs_s.ep.rosidl_typesupport_introspection_c.c
[1.284s] -- Up-to-date symlink: /home/mehul/elec555_ws/install/ros_robot_controller_msgs/local/lib/python3.10/dist-packages/ros_robot_controller_msgs/libros_robot_controller_msgs__rosidl_generator_py.so
[1.284s] -- Up-to-date symlink: /home/mehul/elec555_ws/install/ros_robot_controller_msgs/local/lib/python3.10/dist-packages/ros_robot_controller_msgs/msg/__init__.py
[1.284s] -- Up-to-date symlink: /home/mehul/elec555_ws/install/ros_robot_controller_msgs/local/lib/python3.10/dist-packages/ros_robot_controller_msgs/msg/_bus_servo_state.py
[1.284s] -- Up-to-date symlink: /home/mehul/elec555_ws/install/ros_robot_controller_msgs/local/lib/python3.10/dist-packages/ros_robot_controller_msgs/msg/_bus_servo_state_s.c
[1.284s] -- Up-to-date symlink: /home/mehul/elec555_ws/install/ros_robot_controller_msgs/local/lib/python3.10/dist-packages/ros_robot_controller_msgs/msg/_button_state.py
[1.285s] -- Up-to-date symlink: /home/mehul/elec555_ws/install/ros_robot_controller_msgs/local/lib/python3.10/dist-packages/ros_robot_controller_msgs/msg/_button_state_s.c
[1.285s] -- Up-to-date symlink: /home/mehul/elec555_ws/install/ros_robot_controller_msgs/local/lib/python3.10/dist-packages/ros_robot_controller_msgs/msg/_buzzer_state.py
[1.285s] -- Up-to-date symlink: /home/mehul/elec555_ws/install/ros_robot_controller_msgs/local/lib/python3.10/dist-packages/ros_robot_controller_msgs/msg/_buzzer_state_s.c
[1.286s] -- Up-to-date symlink: /home/mehul/elec555_ws/install/ros_robot_controller_msgs/local/lib/python3.10/dist-packages/ros_robot_controller_msgs/msg/_get_bus_servo_cmd.py
[1.286s] -- Up-to-date symlink: /home/mehul/elec555_ws/install/ros_robot_controller_msgs/local/lib/python3.10/dist-packages/ros_robot_controller_msgs/msg/_get_bus_servo_cmd_s.c
[1.286s] -- Up-to-date symlink: /home/mehul/elec555_ws/install/ros_robot_controller_msgs/local/lib/python3.10/dist-packages/ros_robot_controller_msgs/msg/_get_pwm_servo_cmd.py
[1.286s] -- Up-to-date symlink: /home/mehul/elec555_ws/install/ros_robot_controller_msgs/local/lib/python3.10/dist-packages/ros_robot_controller_msgs/msg/_get_pwm_servo_cmd_s.c
[1.286s] -- Up-to-date symlink: /home/mehul/elec555_ws/install/ros_robot_controller_msgs/local/lib/python3.10/dist-packages/ros_robot_controller_msgs/msg/_led_state.py
[1.286s] -- Up-to-date symlink: /home/mehul/elec555_ws/install/ros_robot_controller_msgs/local/lib/python3.10/dist-packages/ros_robot_controller_msgs/msg/_led_state_s.c
[1.287s] -- Up-to-date symlink: /home/mehul/elec555_ws/install/ros_robot_controller_msgs/local/lib/python3.10/dist-packages/ros_robot_controller_msgs/msg/_motor_state.py
[1.287s] -- Up-to-date symlink: /home/mehul/elec555_ws/install/ros_robot_controller_msgs/local/lib/python3.10/dist-packages/ros_robot_controller_msgs/msg/_motor_state_s.c
[1.287s] -- Up-to-date symlink: /home/mehul/elec555_ws/install/ros_robot_controller_msgs/local/lib/python3.10/dist-packages/ros_robot_controller_msgs/msg/_motors_state.py
[1.287s] -- Up-to-date symlink: /home/mehul/elec555_ws/install/ros_robot_controller_msgs/local/lib/python3.10/dist-packages/ros_robot_controller_msgs/msg/_motors_state_s.c
[1.287s] -- Up-to-date symlink: /home/mehul/elec555_ws/install/ros_robot_controller_msgs/local/lib/python3.10/dist-packages/ros_robot_controller_msgs/msg/_oled_state.py
[1.288s] -- Up-to-date symlink: /home/mehul/elec555_ws/install/ros_robot_controller_msgs/local/lib/python3.10/dist-packages/ros_robot_controller_msgs/msg/_oled_state_s.c
[1.288s] -- Up-to-date symlink: /home/mehul/elec555_ws/install/ros_robot_controller_msgs/local/lib/python3.10/dist-packages/ros_robot_controller_msgs/msg/_pwm_servo_state.py
[1.288s] -- Up-to-date symlink: /home/mehul/elec555_ws/install/ros_robot_controller_msgs/local/lib/python3.10/dist-packages/ros_robot_controller_msgs/msg/_pwm_servo_state_s.c
[1.288s] -- Up-to-date symlink: /home/mehul/elec555_ws/install/ros_robot_controller_msgs/local/lib/python3.10/dist-packages/ros_robot_controller_msgs/msg/_rgb_state.py
[1.288s] -- Up-to-date symlink: /home/mehul/elec555_ws/install/ros_robot_controller_msgs/local/lib/python3.10/dist-packages/ros_robot_controller_msgs/msg/_rgb_state_s.c
[1.288s] -- Up-to-date symlink: /home/mehul/elec555_ws/install/ros_robot_controller_msgs/local/lib/python3.10/dist-packages/ros_robot_controller_msgs/msg/_rgb_states.py
[1.288s] -- Up-to-date symlink: /home/mehul/elec555_ws/install/ros_robot_controller_msgs/local/lib/python3.10/dist-packages/ros_robot_controller_msgs/msg/_rgb_states_s.c
[1.289s] -- Up-to-date symlink: /home/mehul/elec555_ws/install/ros_robot_controller_msgs/local/lib/python3.10/dist-packages/ros_robot_controller_msgs/msg/_sbus.py
[1.289s] -- Up-to-date symlink: /home/mehul/elec555_ws/install/ros_robot_controller_msgs/local/lib/python3.10/dist-packages/ros_robot_controller_msgs/msg/_sbus_s.c
[1.289s] -- Up-to-date symlink: /home/mehul/elec555_ws/install/ros_robot_controller_msgs/local/lib/python3.10/dist-packages/ros_robot_controller_msgs/msg/_servo_position.py
[1.289s] -- Up-to-date symlink: /home/mehul/elec555_ws/install/ros_robot_controller_msgs/local/lib/python3.10/dist-packages/ros_robot_controller_msgs/msg/_servo_position_s.c
[1.290s] -- Up-to-date symlink: /home/mehul/elec555_ws/install/ros_robot_controller_msgs/local/lib/python3.10/dist-packages/ros_robot_controller_msgs/msg/_servos_position.py
[1.290s] -- Up-to-date symlink: /home/mehul/elec555_ws/install/ros_robot_controller_msgs/local/lib/python3.10/dist-packages/ros_robot_controller_msgs/msg/_servos_position_s.c
[1.290s] -- Up-to-date symlink: /home/mehul/elec555_ws/install/ros_robot_controller_msgs/local/lib/python3.10/dist-packages/ros_robot_controller_msgs/msg/_set_bus_servo_state.py
[1.290s] -- Up-to-date symlink: /home/mehul/elec555_ws/install/ros_robot_controller_msgs/local/lib/python3.10/dist-packages/ros_robot_controller_msgs/msg/_set_bus_servo_state_s.c
[1.290s] -- Up-to-date symlink: /home/mehul/elec555_ws/install/ros_robot_controller_msgs/local/lib/python3.10/dist-packages/ros_robot_controller_msgs/msg/_set_pwm_servo_state.py
[1.291s] -- Up-to-date symlink: /home/mehul/elec555_ws/install/ros_robot_controller_msgs/local/lib/python3.10/dist-packages/ros_robot_controller_msgs/msg/_set_pwm_servo_state_s.c
[1.291s] -- Up-to-date symlink: /home/mehul/elec555_ws/install/ros_robot_controller_msgs/local/lib/python3.10/dist-packages/ros_robot_controller_msgs/ros_robot_controller_msgs_s__rosidl_typesupport_c.cpython-310-x86_64-linux-gnu.so
[1.291s] -- Up-to-date symlink: /home/mehul/elec555_ws/install/ros_robot_controller_msgs/local/lib/python3.10/dist-packages/ros_robot_controller_msgs/ros_robot_controller_msgs_s__rosidl_typesupport_fastrtps_c.cpython-310-x86_64-linux-gnu.so
[1.291s] -- Up-to-date symlink: /home/mehul/elec555_ws/install/ros_robot_controller_msgs/local/lib/python3.10/dist-packages/ros_robot_controller_msgs/ros_robot_controller_msgs_s__rosidl_typesupport_introspection_c.cpython-310-x86_64-linux-gnu.so
[1.292s] -- Up-to-date symlink: /home/mehul/elec555_ws/install/ros_robot_controller_msgs/local/lib/python3.10/dist-packages/ros_robot_controller_msgs/srv/__init__.py
[1.292s] -- Up-to-date symlink: /home/mehul/elec555_ws/install/ros_robot_controller_msgs/local/lib/python3.10/dist-packages/ros_robot_controller_msgs/srv/_get_bus_servo_state.py
[1.292s] -- Up-to-date symlink: /home/mehul/elec555_ws/install/ros_robot_controller_msgs/local/lib/python3.10/dist-packages/ros_robot_controller_msgs/srv/_get_bus_servo_state_s.c
[1.292s] -- Up-to-date symlink: /home/mehul/elec555_ws/install/ros_robot_controller_msgs/local/lib/python3.10/dist-packages/ros_robot_controller_msgs/srv/_get_pwm_servo_state.py
[1.293s] -- Up-to-date symlink: /home/mehul/elec555_ws/install/ros_robot_controller_msgs/local/lib/python3.10/dist-packages/ros_robot_controller_msgs/srv/_get_pwm_servo_state_s.c
[1.293s] -- Up-to-date symlink: /home/mehul/elec555_ws/install/ros_robot_controller_msgs/local/lib/python3.10/dist-packages/ros_robot_controller_msgs/ros_robot_controller_msgs_s__rosidl_typesupport_fastrtps_c.cpython-310-x86_64-linux-gnu.so
[1.293s] -- Up-to-date symlink: /home/mehul/elec555_ws/install/ros_robot_controller_msgs/local/lib/python3.10/dist-packages/ros_robot_controller_msgs/ros_robot_controller_msgs_s__rosidl_typesupport_introspection_c.cpython-310-x86_64-linux-gnu.so
[1.294s] -- Up-to-date symlink: /home/mehul/elec555_ws/install/ros_robot_controller_msgs/local/lib/python3.10/dist-packages/ros_robot_controller_msgs/ros_robot_controller_msgs_s__rosidl_typesupport_c.cpython-310-x86_64-linux-gnu.so
[1.294s] -- Up-to-date symlink: /home/mehul/elec555_ws/install/ros_robot_controller_msgs/share/ros_robot_controller_msgs/msg/BusServoState.idl
[1.294s] -- Up-to-date symlink: /home/mehul/elec555_ws/install/ros_robot_controller_msgs/share/ros_robot_controller_msgs/msg/ButtonState.idl
[1.294s] -- Up-to-date symlink: /home/mehul/elec555_ws/install/ros_robot_controller_msgs/share/ros_robot_controller_msgs/msg/BuzzerState.idl
[1.295s] -- Up-to-date symlink: /home/mehul/elec555_ws/install/ros_robot_controller_msgs/share/ros_robot_controller_msgs/msg/LedState.idl
[1.295s] -- Up-to-date symlink: /home/mehul/elec555_ws/install/ros_robot_controller_msgs/share/ros_robot_controller_msgs/msg/MotorState.idl
[1.295s] -- Up-to-date symlink: /home/mehul/elec555_ws/install/ros_robot_controller_msgs/share/ros_robot_controller_msgs/msg/MotorsState.idl
[1.295s] -- Up-to-date symlink: /home/mehul/elec555_ws/install/ros_robot_controller_msgs/share/ros_robot_controller_msgs/msg/PWMServoState.idl
[1.295s] -- Up-to-date symlink: /home/mehul/elec555_ws/install/ros_robot_controller_msgs/share/ros_robot_controller_msgs/msg/Sbus.idl
[1.296s] -- Up-to-date symlink: /home/mehul/elec555_ws/install/ros_robot_controller_msgs/share/ros_robot_controller_msgs/msg/OLEDState.idl
[1.296s] -- Up-to-date symlink: /home/mehul/elec555_ws/install/ros_robot_controller_msgs/share/ros_robot_controller_msgs/msg/SetBusServoState.idl
[1.296s] -- Up-to-date symlink: /home/mehul/elec555_ws/install/ros_robot_controller_msgs/share/ros_robot_controller_msgs/msg/RGBStates.idl
[1.296s] -- Up-to-date symlink: /home/mehul/elec555_ws/install/ros_robot_controller_msgs/share/ros_robot_controller_msgs/msg/RGBState.idl
[1.296s] -- Up-to-date symlink: /home/mehul/elec555_ws/install/ros_robot_controller_msgs/share/ros_robot_controller_msgs/msg/ServoPosition.idl
[1.297s] -- Up-to-date symlink: /home/mehul/elec555_ws/install/ros_robot_controller_msgs/share/ros_robot_controller_msgs/msg/ServosPosition.idl
[1.297s] -- Up-to-date symlink: /home/mehul/elec555_ws/install/ros_robot_controller_msgs/share/ros_robot_controller_msgs/msg/SetPWMServoState.idl
[1.297s] -- Up-to-date symlink: /home/mehul/elec555_ws/install/ros_robot_controller_msgs/share/ros_robot_controller_msgs/msg/GetBusServoCmd.idl
[1.297s] -- Up-to-date symlink: /home/mehul/elec555_ws/install/ros_robot_controller_msgs/share/ros_robot_controller_msgs/msg/GetPWMServoCmd.idl
[1.297s] -- Up-to-date symlink: /home/mehul/elec555_ws/install/ros_robot_controller_msgs/share/ros_robot_controller_msgs/srv/GetBusServoState.idl
[1.298s] -- Up-to-date symlink: /home/mehul/elec555_ws/install/ros_robot_controller_msgs/share/ros_robot_controller_msgs/srv/GetPWMServoState.idl
[1.298s] -- Up-to-date symlink: /home/mehul/elec555_ws/install/ros_robot_controller_msgs/share/ros_robot_controller_msgs/msg/BusServoState.msg
[1.298s] -- Up-to-date symlink: /home/mehul/elec555_ws/install/ros_robot_controller_msgs/share/ros_robot_controller_msgs/msg/ButtonState.msg
[1.298s] -- Up-to-date symlink: /home/mehul/elec555_ws/install/ros_robot_controller_msgs/share/ros_robot_controller_msgs/msg/BuzzerState.msg
[1.298s] -- Up-to-date symlink: /home/mehul/elec555_ws/install/ros_robot_controller_msgs/share/ros_robot_controller_msgs/msg/LedState.msg
[1.298s] -- Up-to-date symlink: /home/mehul/elec555_ws/install/ros_robot_controller_msgs/share/ros_robot_controller_msgs/msg/MotorState.msg
[1.299s] -- Up-to-date symlink: /home/mehul/elec555_ws/install/ros_robot_controller_msgs/share/ros_robot_controller_msgs/msg/MotorsState.msg
[1.299s] -- Up-to-date symlink: /home/mehul/elec555_ws/install/ros_robot_controller_msgs/share/ros_robot_controller_msgs/msg/PWMServoState.msg
[1.299s] -- Up-to-date symlink: /home/mehul/elec555_ws/install/ros_robot_controller_msgs/share/ros_robot_controller_msgs/msg/Sbus.msg
[1.299s] -- Up-to-date symlink: /home/mehul/elec555_ws/install/ros_robot_controller_msgs/share/ros_robot_controller_msgs/msg/OLEDState.msg
[1.299s] -- Up-to-date symlink: /home/mehul/elec555_ws/install/ros_robot_controller_msgs/share/ros_robot_controller_msgs/msg/SetBusServoState.msg
[1.300s] -- Up-to-date symlink: /home/mehul/elec555_ws/install/ros_robot_controller_msgs/share/ros_robot_controller_msgs/msg/RGBStates.msg
[1.300s] -- Up-to-date symlink: /home/mehul/elec555_ws/install/ros_robot_controller_msgs/share/ros_robot_controller_msgs/msg/RGBState.msg
[1.300s] -- Up-to-date symlink: /home/mehul/elec555_ws/install/ros_robot_controller_msgs/share/ros_robot_controller_msgs/msg/ServoPosition.msg
[1.300s] -- Up-to-date symlink: /home/mehul/elec555_ws/install/ros_robot_controller_msgs/share/ros_robot_controller_msgs/msg/ServosPosition.msg
[1.300s] -- Up-to-date symlink: /home/mehul/elec555_ws/install/ros_robot_controller_msgs/share/ros_robot_controller_msgs/msg/SetPWMServoState.msg
[1.301s] -- Up-to-date symlink: /home/mehul/elec555_ws/install/ros_robot_controller_msgs/share/ros_robot_controller_msgs/msg/GetBusServoCmd.msg
[1.301s] -- Up-to-date symlink: /home/mehul/elec555_ws/install/ros_robot_controller_msgs/share/ros_robot_controller_msgs/msg/GetPWMServoCmd.msg
[1.301s] -- Up-to-date symlink: /home/mehul/elec555_ws/install/ros_robot_controller_msgs/share/ros_robot_controller_msgs/srv/GetBusServoState.srv
[1.301s] -- Up-to-date symlink: /home/mehul/elec555_ws/install/ros_robot_controller_msgs/share/ros_robot_controller_msgs/srv/GetBusServoState_Request.msg
[1.302s] -- Up-to-date symlink: /home/mehul/elec555_ws/install/ros_robot_controller_msgs/share/ros_robot_controller_msgs/srv/GetBusServoState_Response.msg
[1.302s] -- Up-to-date symlink: /home/mehul/elec555_ws/install/ros_robot_controller_msgs/share/ros_robot_controller_msgs/srv/GetPWMServoState.srv
[1.302s] -- Up-to-date symlink: /home/mehul/elec555_ws/install/ros_robot_controller_msgs/share/ros_robot_controller_msgs/srv/GetPWMServoState_Request.msg
[1.302s] -- Up-to-date symlink: /home/mehul/elec555_ws/install/ros_robot_controller_msgs/share/ros_robot_controller_msgs/srv/GetPWMServoState_Response.msg
[1.303s] -- Up-to-date symlink: /home/mehul/elec555_ws/install/ros_robot_controller_msgs/share/ament_index/resource_index/package_run_dependencies/ros_robot_controller_msgs
[1.303s] -- Up-to-date symlink: /home/mehul/elec555_ws/install/ros_robot_controller_msgs/share/ament_index/resource_index/parent_prefix_path/ros_robot_controller_msgs
[1.303s] -- Up-to-date symlink: /home/mehul/elec555_ws/install/ros_robot_controller_msgs/share/ros_robot_controller_msgs/environment/ament_prefix_path.sh
[1.304s] -- Up-to-date symlink: /home/mehul/elec555_ws/install/ros_robot_controller_msgs/share/ros_robot_controller_msgs/environment/ament_prefix_path.dsv
[1.304s] -- Up-to-date symlink: /home/mehul/elec555_ws/install/ros_robot_controller_msgs/share/ros_robot_controller_msgs/environment/path.sh
[1.304s] -- Up-to-date symlink: /home/mehul/elec555_ws/install/ros_robot_controller_msgs/share/ros_robot_controller_msgs/environment/path.dsv
[1.304s] -- Up-to-date symlink: /home/mehul/elec555_ws/install/ros_robot_controller_msgs/share/ros_robot_controller_msgs/local_setup.bash
[1.304s] -- Up-to-date symlink: /home/mehul/elec555_ws/install/ros_robot_controller_msgs/share/ros_robot_controller_msgs/local_setup.sh
[1.305s] -- Up-to-date symlink: /home/mehul/elec555_ws/install/ros_robot_controller_msgs/share/ros_robot_controller_msgs/local_setup.zsh
[1.305s] -- Up-to-date symlink: /home/mehul/elec555_ws/install/ros_robot_controller_msgs/share/ros_robot_controller_msgs/local_setup.dsv
[1.305s] -- Symlinking: /home/mehul/elec555_ws/install/ros_robot_controller_msgs/share/ros_robot_controller_msgs/package.dsv
[1.315s] -- Up-to-date symlink: /home/mehul/elec555_ws/install/ros_robot_controller_msgs/share/ament_index/resource_index/packages/ros_robot_controller_msgs
[1.316s] -- Up-to-date symlink: /home/mehul/elec555_ws/install/ros_robot_controller_msgs/share/ros_robot_controller_msgs/cmake/rosidl_cmake-extras.cmake
[1.316s] -- Up-to-date symlink: /home/mehul/elec555_ws/install/ros_robot_controller_msgs/share/ros_robot_controller_msgs/cmake/ament_cmake_export_dependencies-extras.cmake
[1.317s] -- Up-to-date symlink: /home/mehul/elec555_ws/install/ros_robot_controller_msgs/share/ros_robot_controller_msgs/cmake/ament_cmake_export_include_directories-extras.cmake
[1.318s] -- Up-to-date symlink: /home/mehul/elec555_ws/install/ros_robot_controller_msgs/share/ros_robot_controller_msgs/cmake/ament_cmake_export_libraries-extras.cmake
[1.318s] -- Up-to-date symlink: /home/mehul/elec555_ws/install/ros_robot_controller_msgs/share/ros_robot_controller_msgs/cmake/ament_cmake_export_targets-extras.cmake
[1.318s] -- Up-to-date symlink: /home/mehul/elec555_ws/install/ros_robot_controller_msgs/share/ros_robot_controller_msgs/cmake/rosidl_cmake_export_typesupport_targets-extras.cmake
[1.319s] -- Up-to-date symlink: /home/mehul/elec555_ws/install/ros_robot_controller_msgs/share/ros_robot_controller_msgs/cmake/rosidl_cmake_export_typesupport_libraries-extras.cmake
[1.319s] -- Up-to-date symlink: /home/mehul/elec555_ws/install/ros_robot_controller_msgs/share/ros_robot_controller_msgs/cmake/ros_robot_controller_msgsConfig.cmake
[1.319s] -- Up-to-date symlink: /home/mehul/elec555_ws/install/ros_robot_controller_msgs/share/ros_robot_controller_msgs/cmake/ros_robot_controller_msgsConfig-version.cmake
[1.319s] -- Up-to-date symlink: /home/mehul/elec555_ws/install/ros_robot_controller_msgs/share/ros_robot_controller_msgs/package.xml
[1.320s] -- Up-to-date: /home/mehul/elec555_ws/install/ros_robot_controller_msgs/lib/libros_robot_controller_msgs__rosidl_generator_c.so
[1.321s] -- Up-to-date: /home/mehul/elec555_ws/install/ros_robot_controller_msgs/lib/libros_robot_controller_msgs__rosidl_typesupport_fastrtps_c.so
[1.321s] -- Up-to-date: /home/mehul/elec555_ws/install/ros_robot_controller_msgs/lib/libros_robot_controller_msgs__rosidl_typesupport_fastrtps_cpp.so
[1.322s] -- Up-to-date: /home/mehul/elec555_ws/install/ros_robot_controller_msgs/lib/libros_robot_controller_msgs__rosidl_typesupport_introspection_c.so
[1.322s] -- Up-to-date: /home/mehul/elec555_ws/install/ros_robot_controller_msgs/lib/libros_robot_controller_msgs__rosidl_typesupport_c.so
[1.323s] -- Up-to-date: /home/mehul/elec555_ws/install/ros_robot_controller_msgs/lib/libros_robot_controller_msgs__rosidl_typesupport_introspection_cpp.so
[1.323s] -- Up-to-date: /home/mehul/elec555_ws/install/ros_robot_controller_msgs/lib/libros_robot_controller_msgs__rosidl_typesupport_cpp.so
[1.352s] Listing '/home/mehul/elec555_ws/install/ros_robot_controller_msgs/local/lib/python3.10/dist-packages/ros_robot_controller_msgs'...
[1.352s] Listing '/home/mehul/elec555_ws/install/ros_robot_controller_msgs/local/lib/python3.10/dist-packages/ros_robot_controller_msgs/msg'...
[1.352s] Listing '/home/mehul/elec555_ws/install/ros_robot_controller_msgs/local/lib/python3.10/dist-packages/ros_robot_controller_msgs/srv'...
[1.357s] -- Up-to-date: /home/mehul/elec555_ws/install/ros_robot_controller_msgs/lib/libros_robot_controller_msgs__rosidl_generator_py.so
[1.357s] -- Up-to-date: /home/mehul/elec555_ws/install/ros_robot_controller_msgs/share/ros_robot_controller_msgs/cmake/export_ros_robot_controller_msgs__rosidl_generator_cExport.cmake
[1.357s] -- Up-to-date: /home/mehul/elec555_ws/install/ros_robot_controller_msgs/share/ros_robot_controller_msgs/cmake/export_ros_robot_controller_msgs__rosidl_generator_cExport-noconfig.cmake
[1.358s] -- Up-to-date: /home/mehul/elec555_ws/install/ros_robot_controller_msgs/share/ros_robot_controller_msgs/cmake/export_ros_robot_controller_msgs__rosidl_typesupport_fastrtps_cExport.cmake
[1.358s] -- Up-to-date: /home/mehul/elec555_ws/install/ros_robot_controller_msgs/share/ros_robot_controller_msgs/cmake/export_ros_robot_controller_msgs__rosidl_typesupport_fastrtps_cExport-noconfig.cmake
[1.358s] -- Up-to-date: /home/mehul/elec555_ws/install/ros_robot_controller_msgs/share/ros_robot_controller_msgs/cmake/export_ros_robot_controller_msgs__rosidl_generator_cppExport.cmake
[1.358s] -- Up-to-date: /home/mehul/elec555_ws/install/ros_robot_controller_msgs/share/ros_robot_controller_msgs/cmake/export_ros_robot_controller_msgs__rosidl_typesupport_fastrtps_cppExport.cmake
[1.358s] -- Up-to-date: /home/mehul/elec555_ws/install/ros_robot_controller_msgs/share/ros_robot_controller_msgs/cmake/export_ros_robot_controller_msgs__rosidl_typesupport_fastrtps_cppExport-noconfig.cmake
[1.358s] -- Up-to-date: /home/mehul/elec555_ws/install/ros_robot_controller_msgs/share/ros_robot_controller_msgs/cmake/ros_robot_controller_msgs__rosidl_typesupport_introspection_cExport.cmake
[1.359s] -- Up-to-date: /home/mehul/elec555_ws/install/ros_robot_controller_msgs/share/ros_robot_controller_msgs/cmake/ros_robot_controller_msgs__rosidl_typesupport_introspection_cExport-noconfig.cmake
[1.359s] -- Up-to-date: /home/mehul/elec555_ws/install/ros_robot_controller_msgs/share/ros_robot_controller_msgs/cmake/ros_robot_controller_msgs__rosidl_typesupport_cExport.cmake
[1.359s] -- Up-to-date: /home/mehul/elec555_ws/install/ros_robot_controller_msgs/share/ros_robot_controller_msgs/cmake/ros_robot_controller_msgs__rosidl_typesupport_cExport-noconfig.cmake
[1.359s] -- Up-to-date: /home/mehul/elec555_ws/install/ros_robot_controller_msgs/share/ros_robot_controller_msgs/cmake/ros_robot_controller_msgs__rosidl_typesupport_introspection_cppExport.cmake
[1.359s] -- Up-to-date: /home/mehul/elec555_ws/install/ros_robot_controller_msgs/share/ros_robot_controller_msgs/cmake/ros_robot_controller_msgs__rosidl_typesupport_introspection_cppExport-noconfig.cmake
[1.359s] -- Up-to-date: /home/mehul/elec555_ws/install/ros_robot_controller_msgs/share/ros_robot_controller_msgs/cmake/ros_robot_controller_msgs__rosidl_typesupport_cppExport.cmake
[1.360s] -- Up-to-date: /home/mehul/elec555_ws/install/ros_robot_controller_msgs/share/ros_robot_controller_msgs/cmake/ros_robot_controller_msgs__rosidl_typesupport_cppExport-noconfig.cmake
[1.360s] -- Up-to-date: /home/mehul/elec555_ws/install/ros_robot_controller_msgs/share/ros_robot_controller_msgs/cmake/export_ros_robot_controller_msgs__rosidl_generator_pyExport.cmake
[1.360s] -- Up-to-date: /home/mehul/elec555_ws/install/ros_robot_controller_msgs/share/ros_robot_controller_msgs/cmake/export_ros_robot_controller_msgs__rosidl_generator_pyExport-noconfig.cmake
[1.365s] Invoked command in '/home/mehul/elec555_ws/build/ros_robot_controller_msgs' returned '0': CMAKE_PREFIX_PATH=${CMAKE_PREFIX_PATH}:/opt/ros/humble /usr/bin/cmake --install /home/mehul/elec555_ws/build/ros_robot_controller_msgs
