running develop
running egg_info
creating sdk.egg-info
writing sdk.egg-info/PKG-INFO
writing dependency_links to sdk.egg-info/dependency_links.txt
writing entry points to sdk.egg-info/entry_points.txt
writing requirements to sdk.egg-info/requires.txt
writing top-level names to sdk.egg-info/top_level.txt
writing manifest file 'sdk.egg-info/SOURCES.txt'
reading manifest file 'sdk.egg-info/SOURCES.txt'
writing manifest file 'sdk.egg-info/SOURCES.txt'
running build_ext
Creating /home/mehul/elec555_ws/install/sdk/lib/python3.10/site-packages/sdk.egg-link (link to .)

Installed /home/mehul/elec555_ws/build/sdk
running symlink_data
creating /home/mehul/elec555_ws/install/sdk/share/ament_index
creating /home/mehul/elec555_ws/install/sdk/share/ament_index/resource_index
creating /home/mehul/elec555_ws/install/sdk/share/ament_index/resource_index/packages
symbolically linking /home/mehul/elec555_ws/build/sdk/resource/sdk -> /home/mehul/elec555_ws/install/sdk/share/ament_index/resource_index/packages
symbolically linking /home/mehul/elec555_ws/build/sdk/package.xml -> /home/mehul/elec555_ws/install/sdk/share/sdk
