[1.634s] Invoking command in '/home/mehul/elec555_ws/build/sdk': PYTHONPATH=/home/mehul/elec555_ws/build/sdk/prefix_override:/usr/lib/python3/dist-packages/colcon_core/task/python/colcon_distutils_commands:/home/mehul/elec555_ws/install/sdk/lib/python3.10/site-packages:${PYTHONPATH} /usr/bin/python3 -W ignore:setup.py install is deprecated -W ignore:easy_install command is deprecated setup.py develop --editable --build-directory /home/mehul/elec555_ws/build/sdk/build --no-deps symlink_data
[1.836s] running develop
[1.981s] running egg_info
[1.981s] creating sdk.egg-info
[1.982s] writing sdk.egg-info/PKG-INFO
[1.982s] writing dependency_links to sdk.egg-info/dependency_links.txt
[1.982s] writing entry points to sdk.egg-info/entry_points.txt
[1.982s] writing requirements to sdk.egg-info/requires.txt
[1.982s] writing top-level names to sdk.egg-info/top_level.txt
[1.982s] writing manifest file 'sdk.egg-info/SOURCES.txt'
[1.984s] reading manifest file 'sdk.egg-info/SOURCES.txt'
[1.985s] writing manifest file 'sdk.egg-info/SOURCES.txt'
[1.986s] running build_ext
[1.986s] Creating /home/mehul/elec555_ws/install/sdk/lib/python3.10/site-packages/sdk.egg-link (link to .)
[1.987s] 
[1.987s] Installed /home/mehul/elec555_ws/build/sdk
[1.987s] running symlink_data
[1.987s] creating /home/mehul/elec555_ws/install/sdk/share/ament_index
[1.987s] creating /home/mehul/elec555_ws/install/sdk/share/ament_index/resource_index
[1.987s] creating /home/mehul/elec555_ws/install/sdk/share/ament_index/resource_index/packages
[1.987s] symbolically linking /home/mehul/elec555_ws/build/sdk/resource/sdk -> /home/mehul/elec555_ws/install/sdk/share/ament_index/resource_index/packages
[1.987s] symbolically linking /home/mehul/elec555_ws/build/sdk/package.xml -> /home/mehul/elec555_ws/install/sdk/share/sdk
[2.087s] Invoked command in '/home/mehul/elec555_ws/build/sdk' returned '0': PYTHONPATH=/home/mehul/elec555_ws/build/sdk/prefix_override:/usr/lib/python3/dist-packages/colcon_core/task/python/colcon_distutils_commands:/home/mehul/elec555_ws/install/sdk/lib/python3.10/site-packages:${PYTHONPATH} /usr/bin/python3 -W ignore:setup.py install is deprecated -W ignore:easy_install command is deprecated setup.py develop --editable --build-directory /home/mehul/elec555_ws/build/sdk/build --no-deps symlink_data
