[1.620s] Invoking command in '/home/mehul/elec555_ws/build/calibration': PYTHONPATH=/home/mehul/elec555_ws/build/calibration/prefix_override:/usr/lib/python3/dist-packages/colcon_core/task/python/colcon_distutils_commands:/home/mehul/elec555_ws/install/calibration/lib/python3.10/site-packages:${PYTHONPATH} /usr/bin/python3 -W ignore:setup.py install is deprecated -W ignore:easy_install command is deprecated setup.py develop --editable --build-directory /home/mehul/elec555_ws/build/calibration/build --no-deps symlink_data
[1.817s] running develop
[1.951s] running egg_info
[1.951s] creating calibration.egg-info
[1.951s] writing calibration.egg-info/PKG-INFO
[1.951s] writing dependency_links to calibration.egg-info/dependency_links.txt
[1.951s] writing entry points to calibration.egg-info/entry_points.txt
[1.951s] writing requirements to calibration.egg-info/requires.txt
[1.951s] writing top-level names to calibration.egg-info/top_level.txt
[1.952s] writing manifest file 'calibration.egg-info/SOURCES.txt'
[1.953s] reading manifest file 'calibration.egg-info/SOURCES.txt'
[1.954s] writing manifest file 'calibration.egg-info/SOURCES.txt'
[1.955s] running build_ext
[1.955s] Creating /home/mehul/elec555_ws/install/calibration/lib/python3.10/site-packages/calibration.egg-link (link to .)
[1.956s] Installing calibrate_angular script to /home/mehul/elec555_ws/install/calibration/lib/calibration
[1.956s] Installing calibrate_linear script to /home/mehul/elec555_ws/install/calibration/lib/calibration
[1.956s] 
[1.956s] Installed /home/mehul/elec555_ws/build/calibration
[1.956s] running symlink_data
[1.956s] creating /home/mehul/elec555_ws/install/calibration/share/ament_index
[1.956s] creating /home/mehul/elec555_ws/install/calibration/share/ament_index/resource_index
[1.956s] creating /home/mehul/elec555_ws/install/calibration/share/ament_index/resource_index/packages
[1.956s] symbolically linking /home/mehul/elec555_ws/build/calibration/resource/calibration -> /home/mehul/elec555_ws/install/calibration/share/ament_index/resource_index/packages
[1.956s] symbolically linking /home/mehul/elec555_ws/build/calibration/package.xml -> /home/mehul/elec555_ws/install/calibration/share/calibration
[1.956s] creating /home/mehul/elec555_ws/install/calibration/share/calibration/launch
[1.956s] symbolically linking /home/mehul/elec555_ws/build/calibration/launch/angular_calib.launch.py -> /home/mehul/elec555_ws/install/calibration/share/calibration/launch
[1.956s] symbolically linking /home/mehul/elec555_ws/build/calibration/launch/linear_calib.launch.py -> /home/mehul/elec555_ws/install/calibration/share/calibration/launch
[1.956s] creating /home/mehul/elec555_ws/install/calibration/share/calibration/config
[1.957s] symbolically linking /home/mehul/elec555_ws/build/calibration/config/imu_calib.yaml -> /home/mehul/elec555_ws/install/calibration/share/calibration/config
[1.957s] symbolically linking /home/mehul/elec555_ws/build/calibration/config/bk.yaml -> /home/mehul/elec555_ws/install/calibration/share/calibration/config
[2.069s] Invoked command in '/home/mehul/elec555_ws/build/calibration' returned '0': PYTHONPATH=/home/mehul/elec555_ws/build/calibration/prefix_override:/usr/lib/python3/dist-packages/colcon_core/task/python/colcon_distutils_commands:/home/mehul/elec555_ws/install/calibration/lib/python3.10/site-packages:${PYTHONPATH} /usr/bin/python3 -W ignore:setup.py install is deprecated -W ignore:easy_install command is deprecated setup.py develop --editable --build-directory /home/mehul/elec555_ws/build/calibration/build --no-deps symlink_data
