[0.060s] Invoking command in '/home/mehul/elec555_ws/build/interfaces': CMAKE_PREFIX_PATH=${CMAKE_PREFIX_PATH}:/opt/ros/humble /usr/bin/cmake --build /home/mehul/elec555_ws/build/interfaces -- -j16 -l16
[1.408s] [  0%] Built target interfaces__cpp
[1.409s] [  0%] Built target ament_cmake_python_symlink_interfaces
[1.409s] [ 13%] Built target interfaces__rosidl_generator_c
[1.409s] [ 50%] Built target interfaces__rosidl_typesupport_cpp
[1.409s] [ 50%] Built target interfaces__rosidl_typesupport_fastrtps_cpp
[1.409s] [ 50%] Built target interfaces__rosidl_typesupport_introspection_cpp
[1.409s] [ 62%] Built target interfaces__rosidl_typesupport_c
[1.409s] [ 74%] Built target interfaces__rosidl_typesupport_introspection_c
[1.409s] [ 86%] Built target interfaces__rosidl_typesupport_fastrtps_c
[1.409s] [ 86%] Built target interfaces
[1.409s] [ 86%] Built target interfaces__py
[1.409s] [ 97%] Built target interfaces__rosidl_generator_py
[1.409s] [ 99%] Built target interfaces__rosidl_typesupport_introspection_c__pyext
[1.409s] [ 99%] Built target interfaces__rosidl_typesupport_c__pyext
[1.409s] [100%] Built target interfaces__rosidl_typesupport_fastrtps_c__pyext
[1.409s] running egg_info
[1.409s] writing interfaces.egg-info/PKG-INFO
[1.409s] writing dependency_links to interfaces.egg-info/dependency_links.txt
[1.409s] writing top-level names to interfaces.egg-info/top_level.txt
[1.409s] reading manifest file 'interfaces.egg-info/SOURCES.txt'
[1.409s] writing manifest file 'interfaces.egg-info/SOURCES.txt'
[1.409s] [100%] Built target ament_cmake_python_build_interfaces_egg
[1.573s] Invoked command in '/home/mehul/elec555_ws/build/interfaces' returned '0': CMAKE_PREFIX_PATH=${CMAKE_PREFIX_PATH}:/opt/ros/humble /usr/bin/cmake --build /home/mehul/elec555_ws/build/interfaces -- -j16 -l16
[1.583s] Invoking command in '/home/mehul/elec555_ws/build/interfaces': CMAKE_PREFIX_PATH=${CMAKE_PREFIX_PATH}:/opt/ros/humble /usr/bin/cmake --install /home/mehul/elec555_ws/build/interfaces
[1.595s] -- Install configuration: ""
[1.595s] -- Execute custom install script
[1.596s] -- Up-to-date symlink: /home/mehul/elec555_ws/install/interfaces/share/ament_index/resource_index/rosidl_interfaces/interfaces
[1.596s] -- Up-to-date symlink: /home/mehul/elec555_ws/install/interfaces/include/interfaces/interfaces/msg/color_detect.h
[1.596s] -- Up-to-date symlink: /home/mehul/elec555_ws/install/interfaces/include/interfaces/interfaces/msg/color_info.h
[1.596s] -- Up-to-date symlink: /home/mehul/elec555_ws/install/interfaces/include/interfaces/interfaces/msg/colors_info.h
[1.596s] -- Up-to-date symlink: /home/mehul/elec555_ws/install/interfaces/include/interfaces/interfaces/msg/detail/color_detect__functions.h
[1.596s] -- Up-to-date symlink: /home/mehul/elec555_ws/install/interfaces/include/interfaces/interfaces/msg/detail/color_detect__struct.h
[1.596s] -- Up-to-date symlink: /home/mehul/elec555_ws/install/interfaces/include/interfaces/interfaces/msg/detail/color_detect__type_support.h
[1.596s] -- Up-to-date symlink: /home/mehul/elec555_ws/install/interfaces/include/interfaces/interfaces/msg/detail/color_info__functions.h
[1.596s] -- Up-to-date symlink: /home/mehul/elec555_ws/install/interfaces/include/interfaces/interfaces/msg/detail/color_info__struct.h
[1.596s] -- Up-to-date symlink: /home/mehul/elec555_ws/install/interfaces/include/interfaces/interfaces/msg/detail/color_info__type_support.h
[1.596s] -- Up-to-date symlink: /home/mehul/elec555_ws/install/interfaces/include/interfaces/interfaces/msg/detail/colors_info__functions.h
[1.596s] -- Up-to-date symlink: /home/mehul/elec555_ws/install/interfaces/include/interfaces/interfaces/msg/detail/colors_info__struct.h
[1.596s] -- Up-to-date symlink: /home/mehul/elec555_ws/install/interfaces/include/interfaces/interfaces/msg/detail/colors_info__type_support.h
[1.597s] -- Up-to-date symlink: /home/mehul/elec555_ws/install/interfaces/include/interfaces/interfaces/msg/detail/line_roi__functions.h
[1.597s] -- Up-to-date symlink: /home/mehul/elec555_ws/install/interfaces/include/interfaces/interfaces/msg/detail/line_roi__struct.h
[1.597s] -- Up-to-date symlink: /home/mehul/elec555_ws/install/interfaces/include/interfaces/interfaces/msg/detail/line_roi__type_support.h
[1.597s] -- Up-to-date symlink: /home/mehul/elec555_ws/install/interfaces/include/interfaces/interfaces/msg/detail/object_info__functions.h
[1.597s] -- Up-to-date symlink: /home/mehul/elec555_ws/install/interfaces/include/interfaces/interfaces/msg/detail/object_info__struct.h
[1.597s] -- Up-to-date symlink: /home/mehul/elec555_ws/install/interfaces/include/interfaces/interfaces/msg/detail/object_info__type_support.h
[1.598s] -- Up-to-date symlink: /home/mehul/elec555_ws/install/interfaces/include/interfaces/interfaces/msg/detail/objects_info__functions.h
[1.598s] -- Up-to-date symlink: /home/mehul/elec555_ws/install/interfaces/include/interfaces/interfaces/msg/detail/objects_info__struct.h
[1.598s] -- Up-to-date symlink: /home/mehul/elec555_ws/install/interfaces/include/interfaces/interfaces/msg/detail/objects_info__type_support.h
[1.598s] -- Up-to-date symlink: /home/mehul/elec555_ws/install/interfaces/include/interfaces/interfaces/msg/detail/pixel_position__functions.h
[1.598s] -- Up-to-date symlink: /home/mehul/elec555_ws/install/interfaces/include/interfaces/interfaces/msg/detail/pixel_position__struct.h
[1.598s] -- Up-to-date symlink: /home/mehul/elec555_ws/install/interfaces/include/interfaces/interfaces/msg/detail/pixel_position__type_support.h
[1.598s] -- Up-to-date symlink: /home/mehul/elec555_ws/install/interfaces/include/interfaces/interfaces/msg/detail/point2_d__functions.h
[1.598s] -- Up-to-date symlink: /home/mehul/elec555_ws/install/interfaces/include/interfaces/interfaces/msg/detail/point2_d__struct.h
[1.599s] -- Up-to-date symlink: /home/mehul/elec555_ws/install/interfaces/include/interfaces/interfaces/msg/detail/point2_d__type_support.h
[1.601s] -- Up-to-date symlink: /home/mehul/elec555_ws/install/interfaces/include/interfaces/interfaces/msg/detail/points__functions.h
[1.601s] -- Up-to-date symlink: /home/mehul/elec555_ws/install/interfaces/include/interfaces/interfaces/msg/detail/points__struct.h
[1.601s] -- Up-to-date symlink: /home/mehul/elec555_ws/install/interfaces/include/interfaces/interfaces/msg/detail/points__type_support.h
[1.601s] -- Up-to-date symlink: /home/mehul/elec555_ws/install/interfaces/include/interfaces/interfaces/msg/detail/pose2_d__functions.h
[1.601s] -- Up-to-date symlink: /home/mehul/elec555_ws/install/interfaces/include/interfaces/interfaces/msg/detail/pose2_d__struct.h
[1.601s] -- Up-to-date symlink: /home/mehul/elec555_ws/install/interfaces/include/interfaces/interfaces/msg/detail/pose2_d__type_support.h
[1.601s] -- Up-to-date symlink: /home/mehul/elec555_ws/install/interfaces/include/interfaces/interfaces/msg/detail/roi__functions.h
[1.601s] -- Up-to-date symlink: /home/mehul/elec555_ws/install/interfaces/include/interfaces/interfaces/msg/detail/roi__struct.h
[1.601s] -- Up-to-date symlink: /home/mehul/elec555_ws/install/interfaces/include/interfaces/interfaces/msg/detail/roi__type_support.h
[1.601s] -- Up-to-date symlink: /home/mehul/elec555_ws/install/interfaces/include/interfaces/interfaces/msg/line_roi.h
[1.601s] -- Up-to-date symlink: /home/mehul/elec555_ws/install/interfaces/include/interfaces/interfaces/msg/object_info.h
[1.601s] -- Up-to-date symlink: /home/mehul/elec555_ws/install/interfaces/include/interfaces/interfaces/msg/objects_info.h
[1.602s] -- Up-to-date symlink: /home/mehul/elec555_ws/install/interfaces/include/interfaces/interfaces/msg/pixel_position.h
[1.602s] -- Up-to-date symlink: /home/mehul/elec555_ws/install/interfaces/include/interfaces/interfaces/msg/point2_d.h
[1.602s] -- Up-to-date symlink: /home/mehul/elec555_ws/install/interfaces/include/interfaces/interfaces/msg/points.h
[1.602s] -- Up-to-date symlink: /home/mehul/elec555_ws/install/interfaces/include/interfaces/interfaces/msg/pose2_d.h
[1.602s] -- Up-to-date symlink: /home/mehul/elec555_ws/install/interfaces/include/interfaces/interfaces/msg/roi.h
[1.602s] -- Up-to-date symlink: /home/mehul/elec555_ws/install/interfaces/include/interfaces/interfaces/msg/rosidl_generator_c__visibility_control.h
[1.605s] -- Up-to-date symlink: /home/mehul/elec555_ws/install/interfaces/include/interfaces/interfaces/srv/detail/get_pose__functions.h
[1.606s] -- Up-to-date symlink: /home/mehul/elec555_ws/install/interfaces/include/interfaces/interfaces/srv/detail/get_pose__struct.h
[1.606s] -- Up-to-date symlink: /home/mehul/elec555_ws/install/interfaces/include/interfaces/interfaces/srv/detail/get_pose__type_support.h
[1.606s] -- Up-to-date symlink: /home/mehul/elec555_ws/install/interfaces/include/interfaces/interfaces/srv/detail/set_circle_roi__functions.h
[1.606s] -- Up-to-date symlink: /home/mehul/elec555_ws/install/interfaces/include/interfaces/interfaces/srv/detail/set_circle_roi__struct.h
[1.606s] -- Up-to-date symlink: /home/mehul/elec555_ws/install/interfaces/include/interfaces/interfaces/srv/detail/set_circle_roi__type_support.h
[1.606s] -- Up-to-date symlink: /home/mehul/elec555_ws/install/interfaces/include/interfaces/interfaces/srv/detail/set_color_detect_param__functions.h
[1.606s] -- Up-to-date symlink: /home/mehul/elec555_ws/install/interfaces/include/interfaces/interfaces/srv/detail/set_color_detect_param__struct.h
[1.606s] -- Up-to-date symlink: /home/mehul/elec555_ws/install/interfaces/include/interfaces/interfaces/srv/detail/set_color_detect_param__type_support.h
[1.606s] -- Up-to-date symlink: /home/mehul/elec555_ws/install/interfaces/include/interfaces/interfaces/srv/detail/set_color_rgba__functions.h
[1.607s] -- Up-to-date symlink: /home/mehul/elec555_ws/install/interfaces/include/interfaces/interfaces/srv/detail/set_color_rgba__struct.h
[1.607s] -- Up-to-date symlink: /home/mehul/elec555_ws/install/interfaces/include/interfaces/interfaces/srv/detail/set_color_rgba__type_support.h
[1.607s] -- Up-to-date symlink: /home/mehul/elec555_ws/install/interfaces/include/interfaces/interfaces/srv/detail/set_float64__functions.h
[1.607s] -- Up-to-date symlink: /home/mehul/elec555_ws/install/interfaces/include/interfaces/interfaces/srv/detail/set_float64__struct.h
[1.607s] -- Up-to-date symlink: /home/mehul/elec555_ws/install/interfaces/include/interfaces/interfaces/srv/detail/set_float64__type_support.h
[1.607s] -- Up-to-date symlink: /home/mehul/elec555_ws/install/interfaces/include/interfaces/interfaces/srv/detail/set_float64_list__functions.h
[1.607s] -- Up-to-date symlink: /home/mehul/elec555_ws/install/interfaces/include/interfaces/interfaces/srv/detail/set_float64_list__struct.h
[1.607s] -- Up-to-date symlink: /home/mehul/elec555_ws/install/interfaces/include/interfaces/interfaces/srv/detail/set_float64_list__type_support.h
[1.607s] -- Up-to-date symlink: /home/mehul/elec555_ws/install/interfaces/include/interfaces/interfaces/srv/detail/set_int64__functions.h
[1.607s] -- Up-to-date symlink: /home/mehul/elec555_ws/install/interfaces/include/interfaces/interfaces/srv/detail/set_int64__struct.h
[1.607s] -- Up-to-date symlink: /home/mehul/elec555_ws/install/interfaces/include/interfaces/interfaces/srv/detail/set_int64__type_support.h
[1.607s] -- Up-to-date symlink: /home/mehul/elec555_ws/install/interfaces/include/interfaces/interfaces/srv/detail/set_line_roi__functions.h
[1.608s] -- Up-to-date symlink: /home/mehul/elec555_ws/install/interfaces/include/interfaces/interfaces/srv/detail/set_line_roi__struct.h
[1.608s] -- Up-to-date symlink: /home/mehul/elec555_ws/install/interfaces/include/interfaces/interfaces/srv/detail/set_line_roi__type_support.h
[1.608s] -- Up-to-date symlink: /home/mehul/elec555_ws/install/interfaces/include/interfaces/interfaces/srv/detail/set_point__functions.h
[1.610s] -- Up-to-date symlink: /home/mehul/elec555_ws/install/interfaces/include/interfaces/interfaces/srv/detail/set_point__struct.h
[1.610s] -- Up-to-date symlink: /home/mehul/elec555_ws/install/interfaces/include/interfaces/interfaces/srv/detail/set_point__type_support.h
[1.610s] -- Up-to-date symlink: /home/mehul/elec555_ws/install/interfaces/include/interfaces/interfaces/srv/detail/set_pose2_d__functions.h
[1.610s] -- Up-to-date symlink: /home/mehul/elec555_ws/install/interfaces/include/interfaces/interfaces/srv/detail/set_pose2_d__struct.h
[1.610s] -- Up-to-date symlink: /home/mehul/elec555_ws/install/interfaces/include/interfaces/interfaces/srv/detail/set_pose2_d__type_support.h
[1.610s] -- Up-to-date symlink: /home/mehul/elec555_ws/install/interfaces/include/interfaces/interfaces/srv/detail/set_pose__functions.h
[1.610s] -- Up-to-date symlink: /home/mehul/elec555_ws/install/interfaces/include/interfaces/interfaces/srv/detail/set_pose__struct.h
[1.610s] -- Up-to-date symlink: /home/mehul/elec555_ws/install/interfaces/include/interfaces/interfaces/srv/detail/set_pose__type_support.h
[1.610s] -- Up-to-date symlink: /home/mehul/elec555_ws/install/interfaces/include/interfaces/interfaces/srv/detail/set_string__functions.h
[1.610s] -- Up-to-date symlink: /home/mehul/elec555_ws/install/interfaces/include/interfaces/interfaces/srv/detail/set_string__struct.h
[1.611s] -- Up-to-date symlink: /home/mehul/elec555_ws/install/interfaces/include/interfaces/interfaces/srv/detail/set_string__type_support.h
[1.611s] -- Up-to-date symlink: /home/mehul/elec555_ws/install/interfaces/include/interfaces/interfaces/srv/detail/set_string_list__functions.h
[1.611s] -- Up-to-date symlink: /home/mehul/elec555_ws/install/interfaces/include/interfaces/interfaces/srv/detail/set_string_list__struct.h
[1.611s] -- Up-to-date symlink: /home/mehul/elec555_ws/install/interfaces/include/interfaces/interfaces/srv/detail/set_string_list__type_support.h
[1.611s] -- Up-to-date symlink: /home/mehul/elec555_ws/install/interfaces/include/interfaces/interfaces/srv/get_pose.h
[1.611s] -- Up-to-date symlink: /home/mehul/elec555_ws/install/interfaces/include/interfaces/interfaces/srv/set_circle_roi.h
[1.611s] -- Up-to-date symlink: /home/mehul/elec555_ws/install/interfaces/include/interfaces/interfaces/srv/set_color_detect_param.h
[1.612s] -- Up-to-date symlink: /home/mehul/elec555_ws/install/interfaces/include/interfaces/interfaces/srv/set_color_rgba.h
[1.612s] -- Up-to-date symlink: /home/mehul/elec555_ws/install/interfaces/include/interfaces/interfaces/srv/set_float64.h
[1.612s] -- Up-to-date symlink: /home/mehul/elec555_ws/install/interfaces/include/interfaces/interfaces/srv/set_float64_list.h
[1.612s] -- Up-to-date symlink: /home/mehul/elec555_ws/install/interfaces/include/interfaces/interfaces/srv/set_int64.h
[1.612s] -- Up-to-date symlink: /home/mehul/elec555_ws/install/interfaces/include/interfaces/interfaces/srv/set_line_roi.h
[1.613s] -- Up-to-date symlink: /home/mehul/elec555_ws/install/interfaces/include/interfaces/interfaces/srv/set_point.h
[1.613s] -- Up-to-date symlink: /home/mehul/elec555_ws/install/interfaces/include/interfaces/interfaces/srv/set_pose.h
[1.613s] -- Up-to-date symlink: /home/mehul/elec555_ws/install/interfaces/include/interfaces/interfaces/srv/set_pose2_d.h
[1.613s] -- Up-to-date symlink: /home/mehul/elec555_ws/install/interfaces/include/interfaces/interfaces/srv/set_string.h
[1.613s] -- Up-to-date symlink: /home/mehul/elec555_ws/install/interfaces/include/interfaces/interfaces/srv/set_string_list.h
[1.614s] -- Up-to-date symlink: /home/mehul/elec555_ws/install/interfaces/share/interfaces/environment/library_path.sh
[1.614s] -- Up-to-date symlink: /home/mehul/elec555_ws/install/interfaces/share/interfaces/environment/library_path.dsv
[1.615s] -- Up-to-date symlink: /home/mehul/elec555_ws/install/interfaces/include/interfaces/interfaces/msg/detail/color_detect__rosidl_typesupport_fastrtps_c.h
[1.615s] -- Up-to-date symlink: /home/mehul/elec555_ws/install/interfaces/include/interfaces/interfaces/msg/detail/color_info__rosidl_typesupport_fastrtps_c.h
[1.616s] -- Up-to-date symlink: /home/mehul/elec555_ws/install/interfaces/include/interfaces/interfaces/msg/detail/colors_info__rosidl_typesupport_fastrtps_c.h
[1.616s] -- Up-to-date symlink: /home/mehul/elec555_ws/install/interfaces/include/interfaces/interfaces/msg/detail/line_roi__rosidl_typesupport_fastrtps_c.h
[1.616s] -- Up-to-date symlink: /home/mehul/elec555_ws/install/interfaces/include/interfaces/interfaces/msg/detail/object_info__rosidl_typesupport_fastrtps_c.h
[1.616s] -- Up-to-date symlink: /home/mehul/elec555_ws/install/interfaces/include/interfaces/interfaces/msg/detail/objects_info__rosidl_typesupport_fastrtps_c.h
[1.617s] -- Up-to-date symlink: /home/mehul/elec555_ws/install/interfaces/include/interfaces/interfaces/msg/detail/pixel_position__rosidl_typesupport_fastrtps_c.h
[1.617s] -- Up-to-date symlink: /home/mehul/elec555_ws/install/interfaces/include/interfaces/interfaces/msg/detail/point2_d__rosidl_typesupport_fastrtps_c.h
[1.617s] -- Up-to-date symlink: /home/mehul/elec555_ws/install/interfaces/include/interfaces/interfaces/msg/detail/points__rosidl_typesupport_fastrtps_c.h
[1.617s] -- Up-to-date symlink: /home/mehul/elec555_ws/install/interfaces/include/interfaces/interfaces/msg/detail/pose2_d__rosidl_typesupport_fastrtps_c.h
[1.617s] -- Up-to-date symlink: /home/mehul/elec555_ws/install/interfaces/include/interfaces/interfaces/msg/detail/roi__rosidl_typesupport_fastrtps_c.h
[1.618s] -- Up-to-date symlink: /home/mehul/elec555_ws/install/interfaces/include/interfaces/interfaces/msg/rosidl_typesupport_fastrtps_c__visibility_control.h
[1.618s] -- Up-to-date symlink: /home/mehul/elec555_ws/install/interfaces/include/interfaces/interfaces/srv/detail/get_pose__rosidl_typesupport_fastrtps_c.h
[1.618s] -- Up-to-date symlink: /home/mehul/elec555_ws/install/interfaces/include/interfaces/interfaces/srv/detail/set_circle_roi__rosidl_typesupport_fastrtps_c.h
[1.618s] -- Up-to-date symlink: /home/mehul/elec555_ws/install/interfaces/include/interfaces/interfaces/srv/detail/set_color_detect_param__rosidl_typesupport_fastrtps_c.h
[1.619s] -- Up-to-date symlink: /home/mehul/elec555_ws/install/interfaces/include/interfaces/interfaces/srv/detail/set_color_rgba__rosidl_typesupport_fastrtps_c.h
[1.619s] -- Up-to-date symlink: /home/mehul/elec555_ws/install/interfaces/include/interfaces/interfaces/srv/detail/set_float64__rosidl_typesupport_fastrtps_c.h
[1.619s] -- Up-to-date symlink: /home/mehul/elec555_ws/install/interfaces/include/interfaces/interfaces/srv/detail/set_float64_list__rosidl_typesupport_fastrtps_c.h
[1.619s] -- Up-to-date symlink: /home/mehul/elec555_ws/install/interfaces/include/interfaces/interfaces/srv/detail/set_int64__rosidl_typesupport_fastrtps_c.h
[1.620s] -- Up-to-date symlink: /home/mehul/elec555_ws/install/interfaces/include/interfaces/interfaces/srv/detail/set_line_roi__rosidl_typesupport_fastrtps_c.h
[1.620s] -- Up-to-date symlink: /home/mehul/elec555_ws/install/interfaces/include/interfaces/interfaces/srv/detail/set_point__rosidl_typesupport_fastrtps_c.h
[1.620s] -- Up-to-date symlink: /home/mehul/elec555_ws/install/interfaces/include/interfaces/interfaces/srv/detail/set_pose2_d__rosidl_typesupport_fastrtps_c.h
[1.620s] -- Up-to-date symlink: /home/mehul/elec555_ws/install/interfaces/include/interfaces/interfaces/srv/detail/set_pose__rosidl_typesupport_fastrtps_c.h
[1.621s] -- Up-to-date symlink: /home/mehul/elec555_ws/install/interfaces/include/interfaces/interfaces/srv/detail/set_string__rosidl_typesupport_fastrtps_c.h
[1.621s] -- Up-to-date symlink: /home/mehul/elec555_ws/install/interfaces/include/interfaces/interfaces/srv/detail/set_string_list__rosidl_typesupport_fastrtps_c.h
[1.622s] -- Up-to-date symlink: /home/mehul/elec555_ws/install/interfaces/include/interfaces/interfaces/msg/color_detect.hpp
[1.623s] -- Up-to-date symlink: /home/mehul/elec555_ws/install/interfaces/include/interfaces/interfaces/msg/color_info.hpp
[1.623s] -- Up-to-date symlink: /home/mehul/elec555_ws/install/interfaces/include/interfaces/interfaces/msg/colors_info.hpp
[1.623s] -- Up-to-date symlink: /home/mehul/elec555_ws/install/interfaces/include/interfaces/interfaces/msg/detail/color_detect__builder.hpp
[1.623s] -- Up-to-date symlink: /home/mehul/elec555_ws/install/interfaces/include/interfaces/interfaces/msg/detail/color_detect__struct.hpp
[1.623s] -- Up-to-date symlink: /home/mehul/elec555_ws/install/interfaces/include/interfaces/interfaces/msg/detail/color_detect__traits.hpp
[1.623s] -- Up-to-date symlink: /home/mehul/elec555_ws/install/interfaces/include/interfaces/interfaces/msg/detail/color_detect__type_support.hpp
[1.624s] -- Up-to-date symlink: /home/mehul/elec555_ws/install/interfaces/include/interfaces/interfaces/msg/detail/color_info__builder.hpp
[1.624s] -- Up-to-date symlink: /home/mehul/elec555_ws/install/interfaces/include/interfaces/interfaces/msg/detail/color_info__struct.hpp
[1.624s] -- Up-to-date symlink: /home/mehul/elec555_ws/install/interfaces/include/interfaces/interfaces/msg/detail/color_info__traits.hpp
[1.624s] -- Up-to-date symlink: /home/mehul/elec555_ws/install/interfaces/include/interfaces/interfaces/msg/detail/color_info__type_support.hpp
[1.624s] -- Up-to-date symlink: /home/mehul/elec555_ws/install/interfaces/include/interfaces/interfaces/msg/detail/colors_info__builder.hpp
[1.625s] -- Up-to-date symlink: /home/mehul/elec555_ws/install/interfaces/include/interfaces/interfaces/msg/detail/colors_info__struct.hpp
[1.625s] -- Up-to-date symlink: /home/mehul/elec555_ws/install/interfaces/include/interfaces/interfaces/msg/detail/colors_info__traits.hpp
[1.625s] -- Up-to-date symlink: /home/mehul/elec555_ws/install/interfaces/include/interfaces/interfaces/msg/detail/colors_info__type_support.hpp
[1.625s] -- Up-to-date symlink: /home/mehul/elec555_ws/install/interfaces/include/interfaces/interfaces/msg/detail/line_roi__builder.hpp
[1.625s] -- Up-to-date symlink: /home/mehul/elec555_ws/install/interfaces/include/interfaces/interfaces/msg/detail/line_roi__struct.hpp
[1.626s] -- Up-to-date symlink: /home/mehul/elec555_ws/install/interfaces/include/interfaces/interfaces/msg/detail/line_roi__traits.hpp
[1.626s] -- Up-to-date symlink: /home/mehul/elec555_ws/install/interfaces/include/interfaces/interfaces/msg/detail/line_roi__type_support.hpp
[1.626s] -- Up-to-date symlink: /home/mehul/elec555_ws/install/interfaces/include/interfaces/interfaces/msg/detail/object_info__builder.hpp
[1.626s] -- Up-to-date symlink: /home/mehul/elec555_ws/install/interfaces/include/interfaces/interfaces/msg/detail/object_info__struct.hpp
[1.627s] -- Up-to-date symlink: /home/mehul/elec555_ws/install/interfaces/include/interfaces/interfaces/msg/detail/object_info__traits.hpp
[1.627s] -- Up-to-date symlink: /home/mehul/elec555_ws/install/interfaces/include/interfaces/interfaces/msg/detail/object_info__type_support.hpp
[1.627s] -- Up-to-date symlink: /home/mehul/elec555_ws/install/interfaces/include/interfaces/interfaces/msg/detail/objects_info__builder.hpp
[1.627s] -- Up-to-date symlink: /home/mehul/elec555_ws/install/interfaces/include/interfaces/interfaces/msg/detail/objects_info__struct.hpp
[1.627s] -- Up-to-date symlink: /home/mehul/elec555_ws/install/interfaces/include/interfaces/interfaces/msg/detail/objects_info__traits.hpp
[1.628s] -- Up-to-date symlink: /home/mehul/elec555_ws/install/interfaces/include/interfaces/interfaces/msg/detail/objects_info__type_support.hpp
[1.628s] -- Up-to-date symlink: /home/mehul/elec555_ws/install/interfaces/include/interfaces/interfaces/msg/detail/pixel_position__builder.hpp
[1.628s] -- Up-to-date symlink: /home/mehul/elec555_ws/install/interfaces/include/interfaces/interfaces/msg/detail/pixel_position__struct.hpp
[1.628s] -- Up-to-date symlink: /home/mehul/elec555_ws/install/interfaces/include/interfaces/interfaces/msg/detail/pixel_position__traits.hpp
[1.629s] -- Up-to-date symlink: /home/mehul/elec555_ws/install/interfaces/include/interfaces/interfaces/msg/detail/pixel_position__type_support.hpp
[1.629s] -- Up-to-date symlink: /home/mehul/elec555_ws/install/interfaces/include/interfaces/interfaces/msg/detail/point2_d__builder.hpp
[1.629s] -- Up-to-date symlink: /home/mehul/elec555_ws/install/interfaces/include/interfaces/interfaces/msg/detail/point2_d__struct.hpp
[1.629s] -- Up-to-date symlink: /home/mehul/elec555_ws/install/interfaces/include/interfaces/interfaces/msg/detail/point2_d__traits.hpp
[1.630s] -- Up-to-date symlink: /home/mehul/elec555_ws/install/interfaces/include/interfaces/interfaces/msg/detail/point2_d__type_support.hpp
[1.630s] -- Up-to-date symlink: /home/mehul/elec555_ws/install/interfaces/include/interfaces/interfaces/msg/detail/points__builder.hpp
[1.630s] -- Up-to-date symlink: /home/mehul/elec555_ws/install/interfaces/include/interfaces/interfaces/msg/detail/points__struct.hpp
[1.630s] -- Up-to-date symlink: /home/mehul/elec555_ws/install/interfaces/include/interfaces/interfaces/msg/detail/points__traits.hpp
[1.631s] -- Up-to-date symlink: /home/mehul/elec555_ws/install/interfaces/include/interfaces/interfaces/msg/detail/points__type_support.hpp
[1.631s] -- Up-to-date symlink: /home/mehul/elec555_ws/install/interfaces/include/interfaces/interfaces/msg/detail/pose2_d__builder.hpp
[1.631s] -- Up-to-date symlink: /home/mehul/elec555_ws/install/interfaces/include/interfaces/interfaces/msg/detail/pose2_d__struct.hpp
[1.631s] -- Up-to-date symlink: /home/mehul/elec555_ws/install/interfaces/include/interfaces/interfaces/msg/detail/pose2_d__traits.hpp
[1.632s] -- Up-to-date symlink: /home/mehul/elec555_ws/install/interfaces/include/interfaces/interfaces/msg/detail/pose2_d__type_support.hpp
[1.632s] -- Up-to-date symlink: /home/mehul/elec555_ws/install/interfaces/include/interfaces/interfaces/msg/detail/roi__builder.hpp
[1.632s] -- Up-to-date symlink: /home/mehul/elec555_ws/install/interfaces/include/interfaces/interfaces/msg/detail/roi__struct.hpp
[1.632s] -- Up-to-date symlink: /home/mehul/elec555_ws/install/interfaces/include/interfaces/interfaces/msg/detail/roi__traits.hpp
[1.633s] -- Up-to-date symlink: /home/mehul/elec555_ws/install/interfaces/include/interfaces/interfaces/msg/detail/roi__type_support.hpp
[1.633s] -- Up-to-date symlink: /home/mehul/elec555_ws/install/interfaces/include/interfaces/interfaces/msg/line_roi.hpp
[1.634s] -- Up-to-date symlink: /home/mehul/elec555_ws/install/interfaces/include/interfaces/interfaces/msg/object_info.hpp
[1.634s] -- Up-to-date symlink: /home/mehul/elec555_ws/install/interfaces/include/interfaces/interfaces/msg/objects_info.hpp
[1.634s] -- Up-to-date symlink: /home/mehul/elec555_ws/install/interfaces/include/interfaces/interfaces/msg/pixel_position.hpp
[1.635s] -- Up-to-date symlink: /home/mehul/elec555_ws/install/interfaces/include/interfaces/interfaces/msg/point2_d.hpp
[1.635s] -- Up-to-date symlink: /home/mehul/elec555_ws/install/interfaces/include/interfaces/interfaces/msg/points.hpp
[1.635s] -- Up-to-date symlink: /home/mehul/elec555_ws/install/interfaces/include/interfaces/interfaces/msg/pose2_d.hpp
[1.635s] -- Up-to-date symlink: /home/mehul/elec555_ws/install/interfaces/include/interfaces/interfaces/msg/roi.hpp
[1.635s] -- Up-to-date symlink: /home/mehul/elec555_ws/install/interfaces/include/interfaces/interfaces/msg/rosidl_generator_cpp__visibility_control.hpp
[1.635s] -- Up-to-date symlink: /home/mehul/elec555_ws/install/interfaces/include/interfaces/interfaces/srv/detail/get_pose__builder.hpp
[1.635s] -- Up-to-date symlink: /home/mehul/elec555_ws/install/interfaces/include/interfaces/interfaces/srv/detail/get_pose__struct.hpp
[1.635s] -- Up-to-date symlink: /home/mehul/elec555_ws/install/interfaces/include/interfaces/interfaces/srv/detail/get_pose__traits.hpp
[1.635s] -- Up-to-date symlink: /home/mehul/elec555_ws/install/interfaces/include/interfaces/interfaces/srv/detail/get_pose__type_support.hpp
[1.636s] -- Up-to-date symlink: /home/mehul/elec555_ws/install/interfaces/include/interfaces/interfaces/srv/detail/set_circle_roi__builder.hpp
[1.636s] -- Up-to-date symlink: /home/mehul/elec555_ws/install/interfaces/include/interfaces/interfaces/srv/detail/set_circle_roi__struct.hpp
[1.636s] -- Up-to-date symlink: /home/mehul/elec555_ws/install/interfaces/include/interfaces/interfaces/srv/detail/set_circle_roi__traits.hpp
[1.636s] -- Up-to-date symlink: /home/mehul/elec555_ws/install/interfaces/include/interfaces/interfaces/srv/detail/set_circle_roi__type_support.hpp
[1.636s] -- Up-to-date symlink: /home/mehul/elec555_ws/install/interfaces/include/interfaces/interfaces/srv/detail/set_color_detect_param__builder.hpp
[1.636s] -- Up-to-date symlink: /home/mehul/elec555_ws/install/interfaces/include/interfaces/interfaces/srv/detail/set_color_detect_param__struct.hpp
[1.636s] -- Up-to-date symlink: /home/mehul/elec555_ws/install/interfaces/include/interfaces/interfaces/srv/detail/set_color_detect_param__traits.hpp
[1.636s] -- Up-to-date symlink: /home/mehul/elec555_ws/install/interfaces/include/interfaces/interfaces/srv/detail/set_color_detect_param__type_support.hpp
[1.636s] -- Up-to-date symlink: /home/mehul/elec555_ws/install/interfaces/include/interfaces/interfaces/srv/detail/set_color_rgba__builder.hpp
[1.637s] -- Up-to-date symlink: /home/mehul/elec555_ws/install/interfaces/include/interfaces/interfaces/srv/detail/set_color_rgba__struct.hpp
[1.637s] -- Up-to-date symlink: /home/mehul/elec555_ws/install/interfaces/include/interfaces/interfaces/srv/detail/set_color_rgba__traits.hpp
[1.637s] -- Up-to-date symlink: /home/mehul/elec555_ws/install/interfaces/include/interfaces/interfaces/srv/detail/set_color_rgba__type_support.hpp
[1.637s] -- Up-to-date symlink: /home/mehul/elec555_ws/install/interfaces/include/interfaces/interfaces/srv/detail/set_float64__builder.hpp
[1.638s] -- Up-to-date symlink: /home/mehul/elec555_ws/install/interfaces/include/interfaces/interfaces/srv/detail/set_float64__struct.hpp
[1.638s] -- Up-to-date symlink: /home/mehul/elec555_ws/install/interfaces/include/interfaces/interfaces/srv/detail/set_float64__traits.hpp
[1.638s] -- Up-to-date symlink: /home/mehul/elec555_ws/install/interfaces/include/interfaces/interfaces/srv/detail/set_float64__type_support.hpp
[1.638s] -- Up-to-date symlink: /home/mehul/elec555_ws/install/interfaces/include/interfaces/interfaces/srv/detail/set_float64_list__builder.hpp
[1.638s] -- Up-to-date symlink: /home/mehul/elec555_ws/install/interfaces/include/interfaces/interfaces/srv/detail/set_float64_list__struct.hpp
[1.639s] -- Up-to-date symlink: /home/mehul/elec555_ws/install/interfaces/include/interfaces/interfaces/srv/detail/set_float64_list__traits.hpp
[1.639s] -- Up-to-date symlink: /home/mehul/elec555_ws/install/interfaces/include/interfaces/interfaces/srv/detail/set_float64_list__type_support.hpp
[1.639s] -- Up-to-date symlink: /home/mehul/elec555_ws/install/interfaces/include/interfaces/interfaces/srv/detail/set_int64__builder.hpp
[1.639s] -- Up-to-date symlink: /home/mehul/elec555_ws/install/interfaces/include/interfaces/interfaces/srv/detail/set_int64__struct.hpp
[1.639s] -- Up-to-date symlink: /home/mehul/elec555_ws/install/interfaces/include/interfaces/interfaces/srv/detail/set_int64__traits.hpp
[1.640s] -- Up-to-date symlink: /home/mehul/elec555_ws/install/interfaces/include/interfaces/interfaces/srv/detail/set_int64__type_support.hpp
[1.640s] -- Up-to-date symlink: /home/mehul/elec555_ws/install/interfaces/include/interfaces/interfaces/srv/detail/set_line_roi__builder.hpp
[1.640s] -- Up-to-date symlink: /home/mehul/elec555_ws/install/interfaces/include/interfaces/interfaces/srv/detail/set_line_roi__struct.hpp
[1.640s] -- Up-to-date symlink: /home/mehul/elec555_ws/install/interfaces/include/interfaces/interfaces/srv/detail/set_line_roi__traits.hpp
[1.641s] -- Up-to-date symlink: /home/mehul/elec555_ws/install/interfaces/include/interfaces/interfaces/srv/detail/set_line_roi__type_support.hpp
[1.641s] -- Up-to-date symlink: /home/mehul/elec555_ws/install/interfaces/include/interfaces/interfaces/srv/detail/set_point__builder.hpp
[1.641s] -- Up-to-date symlink: /home/mehul/elec555_ws/install/interfaces/include/interfaces/interfaces/srv/detail/set_point__struct.hpp
[1.641s] -- Up-to-date symlink: /home/mehul/elec555_ws/install/interfaces/include/interfaces/interfaces/srv/detail/set_point__traits.hpp
[1.641s] -- Up-to-date symlink: /home/mehul/elec555_ws/install/interfaces/include/interfaces/interfaces/srv/detail/set_point__type_support.hpp
[1.641s] -- Up-to-date symlink: /home/mehul/elec555_ws/install/interfaces/include/interfaces/interfaces/srv/detail/set_pose2_d__builder.hpp
[1.642s] -- Up-to-date symlink: /home/mehul/elec555_ws/install/interfaces/include/interfaces/interfaces/srv/detail/set_pose2_d__struct.hpp
[1.642s] -- Up-to-date symlink: /home/mehul/elec555_ws/install/interfaces/include/interfaces/interfaces/srv/detail/set_pose2_d__traits.hpp
[1.642s] -- Up-to-date symlink: /home/mehul/elec555_ws/install/interfaces/include/interfaces/interfaces/srv/detail/set_pose2_d__type_support.hpp
[1.642s] -- Up-to-date symlink: /home/mehul/elec555_ws/install/interfaces/include/interfaces/interfaces/srv/detail/set_pose__builder.hpp
[1.642s] -- Up-to-date symlink: /home/mehul/elec555_ws/install/interfaces/include/interfaces/interfaces/srv/detail/set_pose__struct.hpp
[1.642s] -- Up-to-date symlink: /home/mehul/elec555_ws/install/interfaces/include/interfaces/interfaces/srv/detail/set_pose__traits.hpp
[1.643s] -- Up-to-date symlink: /home/mehul/elec555_ws/install/interfaces/include/interfaces/interfaces/srv/detail/set_pose__type_support.hpp
[1.645s] -- Up-to-date symlink: /home/mehul/elec555_ws/install/interfaces/include/interfaces/interfaces/srv/detail/set_string__builder.hpp
[1.645s] -- Up-to-date symlink: /home/mehul/elec555_ws/install/interfaces/include/interfaces/interfaces/srv/detail/set_string__struct.hpp
[1.645s] -- Up-to-date symlink: /home/mehul/elec555_ws/install/interfaces/include/interfaces/interfaces/srv/detail/set_string__traits.hpp
[1.645s] -- Up-to-date symlink: /home/mehul/elec555_ws/install/interfaces/include/interfaces/interfaces/srv/detail/set_string__type_support.hpp
[1.646s] -- Up-to-date symlink: /home/mehul/elec555_ws/install/interfaces/include/interfaces/interfaces/srv/detail/set_string_list__builder.hpp
[1.646s] -- Up-to-date symlink: /home/mehul/elec555_ws/install/interfaces/include/interfaces/interfaces/srv/detail/set_string_list__struct.hpp
[1.646s] -- Up-to-date symlink: /home/mehul/elec555_ws/install/interfaces/include/interfaces/interfaces/srv/detail/set_string_list__traits.hpp
[1.646s] -- Up-to-date symlink: /home/mehul/elec555_ws/install/interfaces/include/interfaces/interfaces/srv/detail/set_string_list__type_support.hpp
[1.646s] -- Up-to-date symlink: /home/mehul/elec555_ws/install/interfaces/include/interfaces/interfaces/srv/get_pose.hpp
[1.646s] -- Up-to-date symlink: /home/mehul/elec555_ws/install/interfaces/include/interfaces/interfaces/srv/set_circle_roi.hpp
[1.646s] -- Up-to-date symlink: /home/mehul/elec555_ws/install/interfaces/include/interfaces/interfaces/srv/set_color_detect_param.hpp
[1.646s] -- Up-to-date symlink: /home/mehul/elec555_ws/install/interfaces/include/interfaces/interfaces/srv/set_color_rgba.hpp
[1.647s] -- Up-to-date symlink: /home/mehul/elec555_ws/install/interfaces/include/interfaces/interfaces/srv/set_float64.hpp
[1.647s] -- Up-to-date symlink: /home/mehul/elec555_ws/install/interfaces/include/interfaces/interfaces/srv/set_float64_list.hpp
[1.647s] -- Up-to-date symlink: /home/mehul/elec555_ws/install/interfaces/include/interfaces/interfaces/srv/set_int64.hpp
[1.647s] -- Up-to-date symlink: /home/mehul/elec555_ws/install/interfaces/include/interfaces/interfaces/srv/set_line_roi.hpp
[1.647s] -- Up-to-date symlink: /home/mehul/elec555_ws/install/interfaces/include/interfaces/interfaces/srv/set_point.hpp
[1.648s] -- Up-to-date symlink: /home/mehul/elec555_ws/install/interfaces/include/interfaces/interfaces/srv/set_pose.hpp
[1.648s] -- Up-to-date symlink: /home/mehul/elec555_ws/install/interfaces/include/interfaces/interfaces/srv/set_pose2_d.hpp
[1.648s] -- Up-to-date symlink: /home/mehul/elec555_ws/install/interfaces/include/interfaces/interfaces/srv/set_string.hpp
[1.648s] -- Up-to-date symlink: /home/mehul/elec555_ws/install/interfaces/include/interfaces/interfaces/srv/set_string_list.hpp
[1.650s] -- Up-to-date symlink: /home/mehul/elec555_ws/install/interfaces/include/interfaces/interfaces/msg/detail/color_detect__rosidl_typesupport_fastrtps_cpp.hpp
[1.650s] -- Up-to-date symlink: /home/mehul/elec555_ws/install/interfaces/include/interfaces/interfaces/msg/detail/color_info__rosidl_typesupport_fastrtps_cpp.hpp
[1.650s] -- Up-to-date symlink: /home/mehul/elec555_ws/install/interfaces/include/interfaces/interfaces/msg/detail/colors_info__rosidl_typesupport_fastrtps_cpp.hpp
[1.650s] -- Up-to-date symlink: /home/mehul/elec555_ws/install/interfaces/include/interfaces/interfaces/msg/detail/line_roi__rosidl_typesupport_fastrtps_cpp.hpp
[1.650s] -- Up-to-date symlink: /home/mehul/elec555_ws/install/interfaces/include/interfaces/interfaces/msg/detail/object_info__rosidl_typesupport_fastrtps_cpp.hpp
[1.651s] -- Up-to-date symlink: /home/mehul/elec555_ws/install/interfaces/include/interfaces/interfaces/msg/detail/objects_info__rosidl_typesupport_fastrtps_cpp.hpp
[1.651s] -- Up-to-date symlink: /home/mehul/elec555_ws/install/interfaces/include/interfaces/interfaces/msg/detail/pixel_position__rosidl_typesupport_fastrtps_cpp.hpp
[1.651s] -- Up-to-date symlink: /home/mehul/elec555_ws/install/interfaces/include/interfaces/interfaces/msg/detail/point2_d__rosidl_typesupport_fastrtps_cpp.hpp
[1.651s] -- Up-to-date symlink: /home/mehul/elec555_ws/install/interfaces/include/interfaces/interfaces/msg/detail/points__rosidl_typesupport_fastrtps_cpp.hpp
[1.652s] -- Up-to-date symlink: /home/mehul/elec555_ws/install/interfaces/include/interfaces/interfaces/msg/detail/pose2_d__rosidl_typesupport_fastrtps_cpp.hpp
[1.652s] -- Up-to-date symlink: /home/mehul/elec555_ws/install/interfaces/include/interfaces/interfaces/msg/detail/roi__rosidl_typesupport_fastrtps_cpp.hpp
[1.652s] -- Up-to-date symlink: /home/mehul/elec555_ws/install/interfaces/include/interfaces/interfaces/msg/rosidl_typesupport_fastrtps_cpp__visibility_control.h
[1.652s] -- Up-to-date symlink: /home/mehul/elec555_ws/install/interfaces/include/interfaces/interfaces/srv/detail/get_pose__rosidl_typesupport_fastrtps_cpp.hpp
[1.652s] -- Up-to-date symlink: /home/mehul/elec555_ws/install/interfaces/include/interfaces/interfaces/srv/detail/set_circle_roi__rosidl_typesupport_fastrtps_cpp.hpp
[1.652s] -- Up-to-date symlink: /home/mehul/elec555_ws/install/interfaces/include/interfaces/interfaces/srv/detail/set_color_detect_param__rosidl_typesupport_fastrtps_cpp.hpp
[1.653s] -- Up-to-date symlink: /home/mehul/elec555_ws/install/interfaces/include/interfaces/interfaces/srv/detail/set_color_rgba__rosidl_typesupport_fastrtps_cpp.hpp
[1.653s] -- Up-to-date symlink: /home/mehul/elec555_ws/install/interfaces/include/interfaces/interfaces/srv/detail/set_float64__rosidl_typesupport_fastrtps_cpp.hpp
[1.655s] -- Up-to-date symlink: /home/mehul/elec555_ws/install/interfaces/include/interfaces/interfaces/srv/detail/set_float64_list__rosidl_typesupport_fastrtps_cpp.hpp
[1.655s] -- Up-to-date symlink: /home/mehul/elec555_ws/install/interfaces/include/interfaces/interfaces/srv/detail/set_int64__rosidl_typesupport_fastrtps_cpp.hpp
[1.655s] -- Up-to-date symlink: /home/mehul/elec555_ws/install/interfaces/include/interfaces/interfaces/srv/detail/set_line_roi__rosidl_typesupport_fastrtps_cpp.hpp
[1.655s] -- Up-to-date symlink: /home/mehul/elec555_ws/install/interfaces/include/interfaces/interfaces/srv/detail/set_point__rosidl_typesupport_fastrtps_cpp.hpp
[1.655s] -- Up-to-date symlink: /home/mehul/elec555_ws/install/interfaces/include/interfaces/interfaces/srv/detail/set_pose2_d__rosidl_typesupport_fastrtps_cpp.hpp
[1.655s] -- Up-to-date symlink: /home/mehul/elec555_ws/install/interfaces/include/interfaces/interfaces/srv/detail/set_pose__rosidl_typesupport_fastrtps_cpp.hpp
[1.655s] -- Up-to-date symlink: /home/mehul/elec555_ws/install/interfaces/include/interfaces/interfaces/srv/detail/set_string__rosidl_typesupport_fastrtps_cpp.hpp
[1.655s] -- Up-to-date symlink: /home/mehul/elec555_ws/install/interfaces/include/interfaces/interfaces/srv/detail/set_string_list__rosidl_typesupport_fastrtps_cpp.hpp
[1.656s] -- Up-to-date symlink: /home/mehul/elec555_ws/install/interfaces/include/interfaces/interfaces/msg/detail/color_detect__rosidl_typesupport_introspection_c.h
[1.656s] -- Up-to-date symlink: /home/mehul/elec555_ws/install/interfaces/include/interfaces/interfaces/msg/detail/color_info__rosidl_typesupport_introspection_c.h
[1.656s] -- Up-to-date symlink: /home/mehul/elec555_ws/install/interfaces/include/interfaces/interfaces/msg/detail/colors_info__rosidl_typesupport_introspection_c.h
[1.656s] -- Up-to-date symlink: /home/mehul/elec555_ws/install/interfaces/include/interfaces/interfaces/msg/detail/line_roi__rosidl_typesupport_introspection_c.h
[1.656s] -- Up-to-date symlink: /home/mehul/elec555_ws/install/interfaces/include/interfaces/interfaces/msg/detail/object_info__rosidl_typesupport_introspection_c.h
[1.656s] -- Up-to-date symlink: /home/mehul/elec555_ws/install/interfaces/include/interfaces/interfaces/msg/detail/objects_info__rosidl_typesupport_introspection_c.h
[1.657s] -- Up-to-date symlink: /home/mehul/elec555_ws/install/interfaces/include/interfaces/interfaces/msg/detail/pixel_position__rosidl_typesupport_introspection_c.h
[1.657s] -- Up-to-date symlink: /home/mehul/elec555_ws/install/interfaces/include/interfaces/interfaces/msg/detail/point2_d__rosidl_typesupport_introspection_c.h
[1.657s] -- Up-to-date symlink: /home/mehul/elec555_ws/install/interfaces/include/interfaces/interfaces/msg/detail/points__rosidl_typesupport_introspection_c.h
[1.657s] -- Up-to-date symlink: /home/mehul/elec555_ws/install/interfaces/include/interfaces/interfaces/msg/detail/pose2_d__rosidl_typesupport_introspection_c.h
[1.657s] -- Up-to-date symlink: /home/mehul/elec555_ws/install/interfaces/include/interfaces/interfaces/msg/detail/roi__rosidl_typesupport_introspection_c.h
[1.657s] -- Up-to-date symlink: /home/mehul/elec555_ws/install/interfaces/include/interfaces/interfaces/msg/rosidl_typesupport_introspection_c__visibility_control.h
[1.657s] -- Up-to-date symlink: /home/mehul/elec555_ws/install/interfaces/include/interfaces/interfaces/srv/detail/get_pose__rosidl_typesupport_introspection_c.h
[1.658s] -- Up-to-date symlink: /home/mehul/elec555_ws/install/interfaces/include/interfaces/interfaces/srv/detail/set_circle_roi__rosidl_typesupport_introspection_c.h
[1.658s] -- Up-to-date symlink: /home/mehul/elec555_ws/install/interfaces/include/interfaces/interfaces/srv/detail/set_color_detect_param__rosidl_typesupport_introspection_c.h
[1.658s] -- Up-to-date symlink: /home/mehul/elec555_ws/install/interfaces/include/interfaces/interfaces/srv/detail/set_color_rgba__rosidl_typesupport_introspection_c.h
[1.658s] -- Up-to-date symlink: /home/mehul/elec555_ws/install/interfaces/include/interfaces/interfaces/srv/detail/set_float64__rosidl_typesupport_introspection_c.h
[1.658s] -- Up-to-date symlink: /home/mehul/elec555_ws/install/interfaces/include/interfaces/interfaces/srv/detail/set_float64_list__rosidl_typesupport_introspection_c.h
[1.658s] -- Up-to-date symlink: /home/mehul/elec555_ws/install/interfaces/include/interfaces/interfaces/srv/detail/set_int64__rosidl_typesupport_introspection_c.h
[1.659s] -- Up-to-date symlink: /home/mehul/elec555_ws/install/interfaces/include/interfaces/interfaces/srv/detail/set_line_roi__rosidl_typesupport_introspection_c.h
[1.659s] -- Up-to-date symlink: /home/mehul/elec555_ws/install/interfaces/include/interfaces/interfaces/srv/detail/set_point__rosidl_typesupport_introspection_c.h
[1.659s] -- Up-to-date symlink: /home/mehul/elec555_ws/install/interfaces/include/interfaces/interfaces/srv/detail/set_pose2_d__rosidl_typesupport_introspection_c.h
[1.659s] -- Up-to-date symlink: /home/mehul/elec555_ws/install/interfaces/include/interfaces/interfaces/srv/detail/set_pose__rosidl_typesupport_introspection_c.h
[1.659s] -- Up-to-date symlink: /home/mehul/elec555_ws/install/interfaces/include/interfaces/interfaces/srv/detail/set_string__rosidl_typesupport_introspection_c.h
[1.659s] -- Up-to-date symlink: /home/mehul/elec555_ws/install/interfaces/include/interfaces/interfaces/srv/detail/set_string_list__rosidl_typesupport_introspection_c.h
[1.660s] -- Up-to-date symlink: /home/mehul/elec555_ws/install/interfaces/include/interfaces/interfaces/msg/detail/color_detect__rosidl_typesupport_introspection_cpp.hpp
[1.660s] -- Up-to-date symlink: /home/mehul/elec555_ws/install/interfaces/include/interfaces/interfaces/msg/detail/color_info__rosidl_typesupport_introspection_cpp.hpp
[1.660s] -- Up-to-date symlink: /home/mehul/elec555_ws/install/interfaces/include/interfaces/interfaces/msg/detail/colors_info__rosidl_typesupport_introspection_cpp.hpp
[1.660s] -- Up-to-date symlink: /home/mehul/elec555_ws/install/interfaces/include/interfaces/interfaces/msg/detail/line_roi__rosidl_typesupport_introspection_cpp.hpp
[1.661s] -- Up-to-date symlink: /home/mehul/elec555_ws/install/interfaces/include/interfaces/interfaces/msg/detail/object_info__rosidl_typesupport_introspection_cpp.hpp
[1.661s] -- Up-to-date symlink: /home/mehul/elec555_ws/install/interfaces/include/interfaces/interfaces/msg/detail/objects_info__rosidl_typesupport_introspection_cpp.hpp
[1.661s] -- Up-to-date symlink: /home/mehul/elec555_ws/install/interfaces/include/interfaces/interfaces/msg/detail/pixel_position__rosidl_typesupport_introspection_cpp.hpp
[1.661s] -- Up-to-date symlink: /home/mehul/elec555_ws/install/interfaces/include/interfaces/interfaces/msg/detail/point2_d__rosidl_typesupport_introspection_cpp.hpp
[1.661s] -- Up-to-date symlink: /home/mehul/elec555_ws/install/interfaces/include/interfaces/interfaces/msg/detail/points__rosidl_typesupport_introspection_cpp.hpp
[1.662s] -- Up-to-date symlink: /home/mehul/elec555_ws/install/interfaces/include/interfaces/interfaces/msg/detail/pose2_d__rosidl_typesupport_introspection_cpp.hpp
[1.662s] -- Up-to-date symlink: /home/mehul/elec555_ws/install/interfaces/include/interfaces/interfaces/msg/detail/roi__rosidl_typesupport_introspection_cpp.hpp
[1.662s] -- Up-to-date symlink: /home/mehul/elec555_ws/install/interfaces/include/interfaces/interfaces/srv/detail/get_pose__rosidl_typesupport_introspection_cpp.hpp
[1.662s] -- Up-to-date symlink: /home/mehul/elec555_ws/install/interfaces/include/interfaces/interfaces/srv/detail/set_circle_roi__rosidl_typesupport_introspection_cpp.hpp
[1.662s] -- Up-to-date symlink: /home/mehul/elec555_ws/install/interfaces/include/interfaces/interfaces/srv/detail/set_color_detect_param__rosidl_typesupport_introspection_cpp.hpp
[1.663s] -- Up-to-date symlink: /home/mehul/elec555_ws/install/interfaces/include/interfaces/interfaces/srv/detail/set_color_rgba__rosidl_typesupport_introspection_cpp.hpp
[1.663s] -- Up-to-date symlink: /home/mehul/elec555_ws/install/interfaces/include/interfaces/interfaces/srv/detail/set_float64__rosidl_typesupport_introspection_cpp.hpp
[1.663s] -- Up-to-date symlink: /home/mehul/elec555_ws/install/interfaces/include/interfaces/interfaces/srv/detail/set_float64_list__rosidl_typesupport_introspection_cpp.hpp
[1.663s] -- Up-to-date symlink: /home/mehul/elec555_ws/install/interfaces/include/interfaces/interfaces/srv/detail/set_int64__rosidl_typesupport_introspection_cpp.hpp
[1.663s] -- Up-to-date symlink: /home/mehul/elec555_ws/install/interfaces/include/interfaces/interfaces/srv/detail/set_line_roi__rosidl_typesupport_introspection_cpp.hpp
[1.663s] -- Up-to-date symlink: /home/mehul/elec555_ws/install/interfaces/include/interfaces/interfaces/srv/detail/set_point__rosidl_typesupport_introspection_cpp.hpp
[1.663s] -- Up-to-date symlink: /home/mehul/elec555_ws/install/interfaces/include/interfaces/interfaces/srv/detail/set_pose2_d__rosidl_typesupport_introspection_cpp.hpp
[1.663s] -- Up-to-date symlink: /home/mehul/elec555_ws/install/interfaces/include/interfaces/interfaces/srv/detail/set_pose__rosidl_typesupport_introspection_cpp.hpp
[1.663s] -- Up-to-date symlink: /home/mehul/elec555_ws/install/interfaces/include/interfaces/interfaces/srv/detail/set_string__rosidl_typesupport_introspection_cpp.hpp
[1.663s] -- Up-to-date symlink: /home/mehul/elec555_ws/install/interfaces/include/interfaces/interfaces/srv/detail/set_string_list__rosidl_typesupport_introspection_cpp.hpp
[1.663s] -- Up-to-date symlink: /home/mehul/elec555_ws/install/interfaces/share/interfaces/environment/pythonpath.sh
[1.664s] -- Up-to-date symlink: /home/mehul/elec555_ws/install/interfaces/share/interfaces/environment/pythonpath.dsv
[1.664s] -- Up-to-date symlink: /home/mehul/elec555_ws/install/interfaces/local/lib/python3.10/dist-packages/interfaces-0.0.0-py3.10.egg-info/PKG-INFO
[1.665s] -- Up-to-date symlink: /home/mehul/elec555_ws/install/interfaces/local/lib/python3.10/dist-packages/interfaces-0.0.0-py3.10.egg-info/SOURCES.txt
[1.665s] -- Up-to-date symlink: /home/mehul/elec555_ws/install/interfaces/local/lib/python3.10/dist-packages/interfaces-0.0.0-py3.10.egg-info/dependency_links.txt
[1.665s] -- Up-to-date symlink: /home/mehul/elec555_ws/install/interfaces/local/lib/python3.10/dist-packages/interfaces-0.0.0-py3.10.egg-info/top_level.txt
[1.666s] -- Up-to-date symlink: /home/mehul/elec555_ws/install/interfaces/local/lib/python3.10/dist-packages/interfaces/__init__.py
[1.667s] -- Up-to-date symlink: /home/mehul/elec555_ws/install/interfaces/local/lib/python3.10/dist-packages/interfaces/_interfaces_s.ep.rosidl_typesupport_c.c
[1.667s] -- Up-to-date symlink: /home/mehul/elec555_ws/install/interfaces/local/lib/python3.10/dist-packages/interfaces/_interfaces_s.ep.rosidl_typesupport_fastrtps_c.c
[1.667s] -- Up-to-date symlink: /home/mehul/elec555_ws/install/interfaces/local/lib/python3.10/dist-packages/interfaces/_interfaces_s.ep.rosidl_typesupport_introspection_c.c
[1.667s] -- Up-to-date symlink: /home/mehul/elec555_ws/install/interfaces/local/lib/python3.10/dist-packages/interfaces/interfaces_s__rosidl_typesupport_c.cpython-310-x86_64-linux-gnu.so
[1.667s] -- Up-to-date symlink: /home/mehul/elec555_ws/install/interfaces/local/lib/python3.10/dist-packages/interfaces/interfaces_s__rosidl_typesupport_fastrtps_c.cpython-310-x86_64-linux-gnu.so
[1.667s] -- Up-to-date symlink: /home/mehul/elec555_ws/install/interfaces/local/lib/python3.10/dist-packages/interfaces/interfaces_s__rosidl_typesupport_introspection_c.cpython-310-x86_64-linux-gnu.so
[1.667s] -- Up-to-date symlink: /home/mehul/elec555_ws/install/interfaces/local/lib/python3.10/dist-packages/interfaces/libinterfaces__rosidl_generator_py.so
[1.668s] -- Up-to-date symlink: /home/mehul/elec555_ws/install/interfaces/local/lib/python3.10/dist-packages/interfaces/msg/__init__.py
[1.668s] -- Up-to-date symlink: /home/mehul/elec555_ws/install/interfaces/local/lib/python3.10/dist-packages/interfaces/msg/_color_detect.py
[1.668s] -- Up-to-date symlink: /home/mehul/elec555_ws/install/interfaces/local/lib/python3.10/dist-packages/interfaces/msg/_color_detect_s.c
[1.668s] -- Up-to-date symlink: /home/mehul/elec555_ws/install/interfaces/local/lib/python3.10/dist-packages/interfaces/msg/_color_info.py
[1.668s] -- Up-to-date symlink: /home/mehul/elec555_ws/install/interfaces/local/lib/python3.10/dist-packages/interfaces/msg/_color_info_s.c
[1.668s] -- Up-to-date symlink: /home/mehul/elec555_ws/install/interfaces/local/lib/python3.10/dist-packages/interfaces/msg/_colors_info.py
[1.668s] -- Up-to-date symlink: /home/mehul/elec555_ws/install/interfaces/local/lib/python3.10/dist-packages/interfaces/msg/_colors_info_s.c
[1.669s] -- Up-to-date symlink: /home/mehul/elec555_ws/install/interfaces/local/lib/python3.10/dist-packages/interfaces/msg/_line_roi.py
[1.669s] -- Up-to-date symlink: /home/mehul/elec555_ws/install/interfaces/local/lib/python3.10/dist-packages/interfaces/msg/_line_roi_s.c
[1.669s] -- Up-to-date symlink: /home/mehul/elec555_ws/install/interfaces/local/lib/python3.10/dist-packages/interfaces/msg/_object_info.py
[1.669s] -- Up-to-date symlink: /home/mehul/elec555_ws/install/interfaces/local/lib/python3.10/dist-packages/interfaces/msg/_object_info_s.c
[1.669s] -- Up-to-date symlink: /home/mehul/elec555_ws/install/interfaces/local/lib/python3.10/dist-packages/interfaces/msg/_objects_info.py
[1.669s] -- Up-to-date symlink: /home/mehul/elec555_ws/install/interfaces/local/lib/python3.10/dist-packages/interfaces/msg/_objects_info_s.c
[1.669s] -- Up-to-date symlink: /home/mehul/elec555_ws/install/interfaces/local/lib/python3.10/dist-packages/interfaces/msg/_pixel_position.py
[1.670s] -- Up-to-date symlink: /home/mehul/elec555_ws/install/interfaces/local/lib/python3.10/dist-packages/interfaces/msg/_pixel_position_s.c
[1.670s] -- Up-to-date symlink: /home/mehul/elec555_ws/install/interfaces/local/lib/python3.10/dist-packages/interfaces/msg/_point2_d.py
[1.670s] -- Up-to-date symlink: /home/mehul/elec555_ws/install/interfaces/local/lib/python3.10/dist-packages/interfaces/msg/_point2_d_s.c
[1.670s] -- Up-to-date symlink: /home/mehul/elec555_ws/install/interfaces/local/lib/python3.10/dist-packages/interfaces/msg/_points.py
[1.671s] -- Up-to-date symlink: /home/mehul/elec555_ws/install/interfaces/local/lib/python3.10/dist-packages/interfaces/msg/_points_s.c
[1.671s] -- Up-to-date symlink: /home/mehul/elec555_ws/install/interfaces/local/lib/python3.10/dist-packages/interfaces/msg/_pose2_d.py
[1.671s] -- Up-to-date symlink: /home/mehul/elec555_ws/install/interfaces/local/lib/python3.10/dist-packages/interfaces/msg/_pose2_d_s.c
[1.671s] -- Up-to-date symlink: /home/mehul/elec555_ws/install/interfaces/local/lib/python3.10/dist-packages/interfaces/msg/_roi.py
[1.671s] -- Up-to-date symlink: /home/mehul/elec555_ws/install/interfaces/local/lib/python3.10/dist-packages/interfaces/msg/_roi_s.c
[1.671s] -- Up-to-date symlink: /home/mehul/elec555_ws/install/interfaces/local/lib/python3.10/dist-packages/interfaces/srv/__init__.py
[1.671s] -- Up-to-date symlink: /home/mehul/elec555_ws/install/interfaces/local/lib/python3.10/dist-packages/interfaces/srv/_get_pose.py
[1.672s] -- Up-to-date symlink: /home/mehul/elec555_ws/install/interfaces/local/lib/python3.10/dist-packages/interfaces/srv/_get_pose_s.c
[1.672s] -- Up-to-date symlink: /home/mehul/elec555_ws/install/interfaces/local/lib/python3.10/dist-packages/interfaces/srv/_set_circle_roi.py
[1.672s] -- Up-to-date symlink: /home/mehul/elec555_ws/install/interfaces/local/lib/python3.10/dist-packages/interfaces/srv/_set_circle_roi_s.c
[1.672s] -- Up-to-date symlink: /home/mehul/elec555_ws/install/interfaces/local/lib/python3.10/dist-packages/interfaces/srv/_set_color_detect_param.py
[1.672s] -- Up-to-date symlink: /home/mehul/elec555_ws/install/interfaces/local/lib/python3.10/dist-packages/interfaces/srv/_set_color_detect_param_s.c
[1.672s] -- Up-to-date symlink: /home/mehul/elec555_ws/install/interfaces/local/lib/python3.10/dist-packages/interfaces/srv/_set_color_rgba.py
[1.672s] -- Up-to-date symlink: /home/mehul/elec555_ws/install/interfaces/local/lib/python3.10/dist-packages/interfaces/srv/_set_color_rgba_s.c
[1.672s] -- Up-to-date symlink: /home/mehul/elec555_ws/install/interfaces/local/lib/python3.10/dist-packages/interfaces/srv/_set_float64.py
[1.672s] -- Up-to-date symlink: /home/mehul/elec555_ws/install/interfaces/local/lib/python3.10/dist-packages/interfaces/srv/_set_float64_list.py
[1.672s] -- Up-to-date symlink: /home/mehul/elec555_ws/install/interfaces/local/lib/python3.10/dist-packages/interfaces/srv/_set_float64_list_s.c
[1.673s] -- Up-to-date symlink: /home/mehul/elec555_ws/install/interfaces/local/lib/python3.10/dist-packages/interfaces/srv/_set_float64_s.c
[1.673s] -- Up-to-date symlink: /home/mehul/elec555_ws/install/interfaces/local/lib/python3.10/dist-packages/interfaces/srv/_set_int64.py
[1.673s] -- Up-to-date symlink: /home/mehul/elec555_ws/install/interfaces/local/lib/python3.10/dist-packages/interfaces/srv/_set_int64_s.c
[1.673s] -- Up-to-date symlink: /home/mehul/elec555_ws/install/interfaces/local/lib/python3.10/dist-packages/interfaces/srv/_set_line_roi.py
[1.673s] -- Up-to-date symlink: /home/mehul/elec555_ws/install/interfaces/local/lib/python3.10/dist-packages/interfaces/srv/_set_line_roi_s.c
[1.673s] -- Up-to-date symlink: /home/mehul/elec555_ws/install/interfaces/local/lib/python3.10/dist-packages/interfaces/srv/_set_point.py
[1.673s] -- Up-to-date symlink: /home/mehul/elec555_ws/install/interfaces/local/lib/python3.10/dist-packages/interfaces/srv/_set_point_s.c
[1.674s] -- Up-to-date symlink: /home/mehul/elec555_ws/install/interfaces/local/lib/python3.10/dist-packages/interfaces/srv/_set_pose.py
[1.674s] -- Up-to-date symlink: /home/mehul/elec555_ws/install/interfaces/local/lib/python3.10/dist-packages/interfaces/srv/_set_pose2_d.py
[1.674s] -- Up-to-date symlink: /home/mehul/elec555_ws/install/interfaces/local/lib/python3.10/dist-packages/interfaces/srv/_set_pose2_d_s.c
[1.674s] -- Up-to-date symlink: /home/mehul/elec555_ws/install/interfaces/local/lib/python3.10/dist-packages/interfaces/srv/_set_pose_s.c
[1.674s] -- Up-to-date symlink: /home/mehul/elec555_ws/install/interfaces/local/lib/python3.10/dist-packages/interfaces/srv/_set_string.py
[1.674s] -- Up-to-date symlink: /home/mehul/elec555_ws/install/interfaces/local/lib/python3.10/dist-packages/interfaces/srv/_set_string_list.py
[1.674s] -- Up-to-date symlink: /home/mehul/elec555_ws/install/interfaces/local/lib/python3.10/dist-packages/interfaces/srv/_set_string_list_s.c
[1.675s] -- Up-to-date symlink: /home/mehul/elec555_ws/install/interfaces/local/lib/python3.10/dist-packages/interfaces/srv/_set_string_s.c
[1.675s] -- Up-to-date symlink: /home/mehul/elec555_ws/install/interfaces/local/lib/python3.10/dist-packages/interfaces/interfaces_s__rosidl_typesupport_fastrtps_c.cpython-310-x86_64-linux-gnu.so
[1.675s] -- Up-to-date symlink: /home/mehul/elec555_ws/install/interfaces/local/lib/python3.10/dist-packages/interfaces/interfaces_s__rosidl_typesupport_introspection_c.cpython-310-x86_64-linux-gnu.so
[1.676s] -- Up-to-date symlink: /home/mehul/elec555_ws/install/interfaces/local/lib/python3.10/dist-packages/interfaces/interfaces_s__rosidl_typesupport_c.cpython-310-x86_64-linux-gnu.so
[1.676s] -- Up-to-date symlink: /home/mehul/elec555_ws/install/interfaces/share/interfaces/msg/ColorDetect.idl
[1.676s] -- Up-to-date symlink: /home/mehul/elec555_ws/install/interfaces/share/interfaces/msg/ColorInfo.idl
[1.676s] -- Up-to-date symlink: /home/mehul/elec555_ws/install/interfaces/share/interfaces/msg/ColorsInfo.idl
[1.676s] -- Up-to-date symlink: /home/mehul/elec555_ws/install/interfaces/share/interfaces/msg/LineROI.idl
[1.677s] -- Up-to-date symlink: /home/mehul/elec555_ws/install/interfaces/share/interfaces/msg/ObjectInfo.idl
[1.677s] -- Up-to-date symlink: /home/mehul/elec555_ws/install/interfaces/share/interfaces/msg/ObjectsInfo.idl
[1.677s] -- Up-to-date symlink: /home/mehul/elec555_ws/install/interfaces/share/interfaces/msg/PixelPosition.idl
[1.677s] -- Up-to-date symlink: /home/mehul/elec555_ws/install/interfaces/share/interfaces/msg/Point2D.idl
[1.677s] -- Up-to-date symlink: /home/mehul/elec555_ws/install/interfaces/share/interfaces/msg/Points.idl
[1.677s] -- Up-to-date symlink: /home/mehul/elec555_ws/install/interfaces/share/interfaces/msg/Pose2D.idl
[1.678s] -- Up-to-date symlink: /home/mehul/elec555_ws/install/interfaces/share/interfaces/msg/ROI.idl
[1.678s] -- Up-to-date symlink: /home/mehul/elec555_ws/install/interfaces/share/interfaces/srv/GetPose.idl
[1.678s] -- Up-to-date symlink: /home/mehul/elec555_ws/install/interfaces/share/interfaces/srv/SetCircleROI.idl
[1.678s] -- Up-to-date symlink: /home/mehul/elec555_ws/install/interfaces/share/interfaces/srv/SetColorDetectParam.idl
[1.678s] -- Up-to-date symlink: /home/mehul/elec555_ws/install/interfaces/share/interfaces/srv/SetColorRGBA.idl
[1.679s] -- Up-to-date symlink: /home/mehul/elec555_ws/install/interfaces/share/interfaces/srv/SetFloat64List.idl
[1.679s] -- Up-to-date symlink: /home/mehul/elec555_ws/install/interfaces/share/interfaces/srv/SetFloat64.idl
[1.679s] -- Up-to-date symlink: /home/mehul/elec555_ws/install/interfaces/share/interfaces/srv/SetInt64.idl
[1.679s] -- Up-to-date symlink: /home/mehul/elec555_ws/install/interfaces/share/interfaces/srv/SetLineROI.idl
[1.679s] -- Up-to-date symlink: /home/mehul/elec555_ws/install/interfaces/share/interfaces/srv/SetPoint.idl
[1.679s] -- Up-to-date symlink: /home/mehul/elec555_ws/install/interfaces/share/interfaces/srv/SetPose2D.idl
[1.680s] -- Up-to-date symlink: /home/mehul/elec555_ws/install/interfaces/share/interfaces/srv/SetPose.idl
[1.680s] -- Up-to-date symlink: /home/mehul/elec555_ws/install/interfaces/share/interfaces/srv/SetStringList.idl
[1.680s] -- Up-to-date symlink: /home/mehul/elec555_ws/install/interfaces/share/interfaces/srv/SetString.idl
[1.680s] -- Up-to-date symlink: /home/mehul/elec555_ws/install/interfaces/share/interfaces/msg/ColorDetect.msg
[1.680s] -- Up-to-date symlink: /home/mehul/elec555_ws/install/interfaces/share/interfaces/msg/ColorInfo.msg
[1.680s] -- Up-to-date symlink: /home/mehul/elec555_ws/install/interfaces/share/interfaces/msg/ColorsInfo.msg
[1.681s] -- Up-to-date symlink: /home/mehul/elec555_ws/install/interfaces/share/interfaces/msg/LineROI.msg
[1.681s] -- Up-to-date symlink: /home/mehul/elec555_ws/install/interfaces/share/interfaces/msg/ObjectInfo.msg
[1.681s] -- Up-to-date symlink: /home/mehul/elec555_ws/install/interfaces/share/interfaces/msg/ObjectsInfo.msg
[1.681s] -- Up-to-date symlink: /home/mehul/elec555_ws/install/interfaces/share/interfaces/msg/PixelPosition.msg
[1.681s] -- Up-to-date symlink: /home/mehul/elec555_ws/install/interfaces/share/interfaces/msg/Point2D.msg
[1.681s] -- Up-to-date symlink: /home/mehul/elec555_ws/install/interfaces/share/interfaces/msg/Points.msg
[1.681s] -- Up-to-date symlink: /home/mehul/elec555_ws/install/interfaces/share/interfaces/msg/Pose2D.msg
[1.682s] -- Up-to-date symlink: /home/mehul/elec555_ws/install/interfaces/share/interfaces/msg/ROI.msg
[1.682s] -- Up-to-date symlink: /home/mehul/elec555_ws/install/interfaces/share/interfaces/srv/GetPose.srv
[1.682s] -- Up-to-date symlink: /home/mehul/elec555_ws/install/interfaces/share/interfaces/srv/GetPose_Request.msg
[1.682s] -- Up-to-date symlink: /home/mehul/elec555_ws/install/interfaces/share/interfaces/srv/GetPose_Response.msg
[1.682s] -- Up-to-date symlink: /home/mehul/elec555_ws/install/interfaces/share/interfaces/srv/SetCircleROI.srv
[1.682s] -- Up-to-date symlink: /home/mehul/elec555_ws/install/interfaces/share/interfaces/srv/SetCircleROI_Request.msg
[1.683s] -- Up-to-date symlink: /home/mehul/elec555_ws/install/interfaces/share/interfaces/srv/SetCircleROI_Response.msg
[1.683s] -- Up-to-date symlink: /home/mehul/elec555_ws/install/interfaces/share/interfaces/srv/SetColorDetectParam.srv
[1.683s] -- Up-to-date symlink: /home/mehul/elec555_ws/install/interfaces/share/interfaces/srv/SetColorDetectParam_Request.msg
[1.683s] -- Up-to-date symlink: /home/mehul/elec555_ws/install/interfaces/share/interfaces/srv/SetColorDetectParam_Response.msg
[1.683s] -- Up-to-date symlink: /home/mehul/elec555_ws/install/interfaces/share/interfaces/srv/SetColorRGBA.srv
[1.683s] -- Up-to-date symlink: /home/mehul/elec555_ws/install/interfaces/share/interfaces/srv/SetColorRGBA_Request.msg
[1.684s] -- Up-to-date symlink: /home/mehul/elec555_ws/install/interfaces/share/interfaces/srv/SetColorRGBA_Response.msg
[1.684s] -- Up-to-date symlink: /home/mehul/elec555_ws/install/interfaces/share/interfaces/srv/SetFloat64List.srv
[1.684s] -- Up-to-date symlink: /home/mehul/elec555_ws/install/interfaces/share/interfaces/srv/SetFloat64List_Request.msg
[1.684s] -- Up-to-date symlink: /home/mehul/elec555_ws/install/interfaces/share/interfaces/srv/SetFloat64List_Response.msg
[1.684s] -- Up-to-date symlink: /home/mehul/elec555_ws/install/interfaces/share/interfaces/srv/SetFloat64.srv
[1.684s] -- Up-to-date symlink: /home/mehul/elec555_ws/install/interfaces/share/interfaces/srv/SetFloat64_Request.msg
[1.685s] -- Up-to-date symlink: /home/mehul/elec555_ws/install/interfaces/share/interfaces/srv/SetFloat64_Response.msg
[1.685s] -- Up-to-date symlink: /home/mehul/elec555_ws/install/interfaces/share/interfaces/srv/SetInt64.srv
[1.685s] -- Up-to-date symlink: /home/mehul/elec555_ws/install/interfaces/share/interfaces/srv/SetInt64_Request.msg
[1.685s] -- Up-to-date symlink: /home/mehul/elec555_ws/install/interfaces/share/interfaces/srv/SetInt64_Response.msg
[1.685s] -- Up-to-date symlink: /home/mehul/elec555_ws/install/interfaces/share/interfaces/srv/SetLineROI.srv
[1.685s] -- Up-to-date symlink: /home/mehul/elec555_ws/install/interfaces/share/interfaces/srv/SetLineROI_Request.msg
[1.686s] -- Up-to-date symlink: /home/mehul/elec555_ws/install/interfaces/share/interfaces/srv/SetLineROI_Response.msg
[1.686s] -- Up-to-date symlink: /home/mehul/elec555_ws/install/interfaces/share/interfaces/srv/SetPoint.srv
[1.686s] -- Up-to-date symlink: /home/mehul/elec555_ws/install/interfaces/share/interfaces/srv/SetPoint_Request.msg
[1.686s] -- Up-to-date symlink: /home/mehul/elec555_ws/install/interfaces/share/interfaces/srv/SetPoint_Response.msg
[1.686s] -- Up-to-date symlink: /home/mehul/elec555_ws/install/interfaces/share/interfaces/srv/SetPose2D.srv
[1.686s] -- Up-to-date symlink: /home/mehul/elec555_ws/install/interfaces/share/interfaces/srv/SetPose2D_Request.msg
[1.687s] -- Up-to-date symlink: /home/mehul/elec555_ws/install/interfaces/share/interfaces/srv/SetPose2D_Response.msg
[1.687s] -- Up-to-date symlink: /home/mehul/elec555_ws/install/interfaces/share/interfaces/srv/SetPose.srv
[1.687s] -- Up-to-date symlink: /home/mehul/elec555_ws/install/interfaces/share/interfaces/srv/SetPose_Request.msg
[1.687s] -- Up-to-date symlink: /home/mehul/elec555_ws/install/interfaces/share/interfaces/srv/SetPose_Response.msg
[1.687s] -- Up-to-date symlink: /home/mehul/elec555_ws/install/interfaces/share/interfaces/srv/SetStringList.srv
[1.687s] -- Up-to-date symlink: /home/mehul/elec555_ws/install/interfaces/share/interfaces/srv/SetStringList_Request.msg
[1.688s] -- Up-to-date symlink: /home/mehul/elec555_ws/install/interfaces/share/interfaces/srv/SetStringList_Response.msg
[1.688s] -- Up-to-date symlink: /home/mehul/elec555_ws/install/interfaces/share/interfaces/srv/SetString.srv
[1.688s] -- Up-to-date symlink: /home/mehul/elec555_ws/install/interfaces/share/interfaces/srv/SetString_Request.msg
[1.688s] -- Up-to-date symlink: /home/mehul/elec555_ws/install/interfaces/share/interfaces/srv/SetString_Response.msg
[1.688s] -- Up-to-date symlink: /home/mehul/elec555_ws/install/interfaces/share/ament_index/resource_index/package_run_dependencies/interfaces
[1.689s] -- Up-to-date symlink: /home/mehul/elec555_ws/install/interfaces/share/ament_index/resource_index/parent_prefix_path/interfaces
[1.689s] -- Up-to-date symlink: /home/mehul/elec555_ws/install/interfaces/share/interfaces/environment/ament_prefix_path.sh
[1.689s] -- Up-to-date symlink: /home/mehul/elec555_ws/install/interfaces/share/interfaces/environment/ament_prefix_path.dsv
[1.689s] -- Up-to-date symlink: /home/mehul/elec555_ws/install/interfaces/share/interfaces/environment/path.sh
[1.689s] -- Up-to-date symlink: /home/mehul/elec555_ws/install/interfaces/share/interfaces/environment/path.dsv
[1.689s] -- Up-to-date symlink: /home/mehul/elec555_ws/install/interfaces/share/interfaces/local_setup.bash
[1.690s] -- Up-to-date symlink: /home/mehul/elec555_ws/install/interfaces/share/interfaces/local_setup.sh
[1.690s] -- Up-to-date symlink: /home/mehul/elec555_ws/install/interfaces/share/interfaces/local_setup.zsh
[1.690s] -- Up-to-date symlink: /home/mehul/elec555_ws/install/interfaces/share/interfaces/local_setup.dsv
[1.690s] -- Symlinking: /home/mehul/elec555_ws/install/interfaces/share/interfaces/package.dsv
[1.703s] -- Up-to-date symlink: /home/mehul/elec555_ws/install/interfaces/share/ament_index/resource_index/packages/interfaces
[1.703s] -- Up-to-date symlink: /home/mehul/elec555_ws/install/interfaces/share/interfaces/cmake/rosidl_cmake-extras.cmake
[1.703s] -- Up-to-date symlink: /home/mehul/elec555_ws/install/interfaces/share/interfaces/cmake/ament_cmake_export_dependencies-extras.cmake
[1.703s] -- Up-to-date symlink: /home/mehul/elec555_ws/install/interfaces/share/interfaces/cmake/ament_cmake_export_include_directories-extras.cmake
[1.704s] -- Up-to-date symlink: /home/mehul/elec555_ws/install/interfaces/share/interfaces/cmake/ament_cmake_export_libraries-extras.cmake
[1.704s] -- Up-to-date symlink: /home/mehul/elec555_ws/install/interfaces/share/interfaces/cmake/ament_cmake_export_targets-extras.cmake
[1.704s] -- Up-to-date symlink: /home/mehul/elec555_ws/install/interfaces/share/interfaces/cmake/rosidl_cmake_export_typesupport_targets-extras.cmake
[1.704s] -- Up-to-date symlink: /home/mehul/elec555_ws/install/interfaces/share/interfaces/cmake/rosidl_cmake_export_typesupport_libraries-extras.cmake
[1.704s] -- Up-to-date symlink: /home/mehul/elec555_ws/install/interfaces/share/interfaces/cmake/interfacesConfig.cmake
[1.704s] -- Up-to-date symlink: /home/mehul/elec555_ws/install/interfaces/share/interfaces/cmake/interfacesConfig-version.cmake
[1.705s] -- Up-to-date symlink: /home/mehul/elec555_ws/install/interfaces/share/interfaces/package.xml
[1.705s] -- Up-to-date: /home/mehul/elec555_ws/install/interfaces/lib/libinterfaces__rosidl_generator_c.so
[1.706s] -- Up-to-date: /home/mehul/elec555_ws/install/interfaces/lib/libinterfaces__rosidl_typesupport_fastrtps_c.so
[1.707s] -- Up-to-date: /home/mehul/elec555_ws/install/interfaces/lib/libinterfaces__rosidl_typesupport_fastrtps_cpp.so
[1.707s] -- Up-to-date: /home/mehul/elec555_ws/install/interfaces/lib/libinterfaces__rosidl_typesupport_introspection_c.so
[1.708s] -- Up-to-date: /home/mehul/elec555_ws/install/interfaces/lib/libinterfaces__rosidl_typesupport_c.so
[1.708s] -- Up-to-date: /home/mehul/elec555_ws/install/interfaces/lib/libinterfaces__rosidl_typesupport_introspection_cpp.so
[1.709s] -- Up-to-date: /home/mehul/elec555_ws/install/interfaces/lib/libinterfaces__rosidl_typesupport_cpp.so
[1.739s] Listing '/home/mehul/elec555_ws/install/interfaces/local/lib/python3.10/dist-packages/interfaces'...
[1.739s] Listing '/home/mehul/elec555_ws/install/interfaces/local/lib/python3.10/dist-packages/interfaces/msg'...
[1.739s] Listing '/home/mehul/elec555_ws/install/interfaces/local/lib/python3.10/dist-packages/interfaces/srv'...
[1.746s] -- Up-to-date: /home/mehul/elec555_ws/install/interfaces/lib/libinterfaces__rosidl_generator_py.so
[1.747s] -- Up-to-date: /home/mehul/elec555_ws/install/interfaces/share/interfaces/cmake/export_interfaces__rosidl_generator_cExport.cmake
[1.747s] -- Up-to-date: /home/mehul/elec555_ws/install/interfaces/share/interfaces/cmake/export_interfaces__rosidl_generator_cExport-noconfig.cmake
[1.747s] -- Up-to-date: /home/mehul/elec555_ws/install/interfaces/share/interfaces/cmake/export_interfaces__rosidl_typesupport_fastrtps_cExport.cmake
[1.747s] -- Up-to-date: /home/mehul/elec555_ws/install/interfaces/share/interfaces/cmake/export_interfaces__rosidl_typesupport_fastrtps_cExport-noconfig.cmake
[1.748s] -- Up-to-date: /home/mehul/elec555_ws/install/interfaces/share/interfaces/cmake/export_interfaces__rosidl_generator_cppExport.cmake
[1.749s] -- Up-to-date: /home/mehul/elec555_ws/install/interfaces/share/interfaces/cmake/export_interfaces__rosidl_typesupport_fastrtps_cppExport.cmake
[1.749s] -- Up-to-date: /home/mehul/elec555_ws/install/interfaces/share/interfaces/cmake/export_interfaces__rosidl_typesupport_fastrtps_cppExport-noconfig.cmake
[1.749s] -- Up-to-date: /home/mehul/elec555_ws/install/interfaces/share/interfaces/cmake/interfaces__rosidl_typesupport_introspection_cExport.cmake
[1.749s] -- Up-to-date: /home/mehul/elec555_ws/install/interfaces/share/interfaces/cmake/interfaces__rosidl_typesupport_introspection_cExport-noconfig.cmake
[1.749s] -- Up-to-date: /home/mehul/elec555_ws/install/interfaces/share/interfaces/cmake/interfaces__rosidl_typesupport_cExport.cmake
[1.749s] -- Up-to-date: /home/mehul/elec555_ws/install/interfaces/share/interfaces/cmake/interfaces__rosidl_typesupport_cExport-noconfig.cmake
[1.749s] -- Up-to-date: /home/mehul/elec555_ws/install/interfaces/share/interfaces/cmake/interfaces__rosidl_typesupport_introspection_cppExport.cmake
[1.749s] -- Up-to-date: /home/mehul/elec555_ws/install/interfaces/share/interfaces/cmake/interfaces__rosidl_typesupport_introspection_cppExport-noconfig.cmake
[1.749s] -- Up-to-date: /home/mehul/elec555_ws/install/interfaces/share/interfaces/cmake/interfaces__rosidl_typesupport_cppExport.cmake
[1.749s] -- Up-to-date: /home/mehul/elec555_ws/install/interfaces/share/interfaces/cmake/interfaces__rosidl_typesupport_cppExport-noconfig.cmake
[1.750s] -- Up-to-date: /home/mehul/elec555_ws/install/interfaces/share/interfaces/cmake/export_interfaces__rosidl_generator_pyExport.cmake
[1.750s] -- Up-to-date: /home/mehul/elec555_ws/install/interfaces/share/interfaces/cmake/export_interfaces__rosidl_generator_pyExport-noconfig.cmake
[1.765s] Invoked command in '/home/mehul/elec555_ws/build/interfaces' returned '0': CMAKE_PREFIX_PATH=${CMAKE_PREFIX_PATH}:/opt/ros/humble /usr/bin/cmake --install /home/mehul/elec555_ws/build/interfaces
