running develop
running egg_info
creating teleop_ctrl.egg-info
writing teleop_ctrl.egg-info/PKG-INFO
writing dependency_links to teleop_ctrl.egg-info/dependency_links.txt
writing entry points to teleop_ctrl.egg-info/entry_points.txt
writing requirements to teleop_ctrl.egg-info/requires.txt
writing top-level names to teleop_ctrl.egg-info/top_level.txt
writing manifest file 'teleop_ctrl.egg-info/SOURCES.txt'
reading manifest file 'teleop_ctrl.egg-info/SOURCES.txt'
writing manifest file 'teleop_ctrl.egg-info/SOURCES.txt'
running build_ext
Creating /home/mehul/elec555_ws/install/teleop_ctrl/lib/python3.10/site-packages/teleop-ctrl.egg-link (link to .)
Installing teleop_ctrl script to /home/mehul/elec555_ws/install/teleop_ctrl/lib/teleop_ctrl

Installed /home/mehul/elec555_ws/build/teleop_ctrl
running symlink_data
creating /home/mehul/elec555_ws/install/teleop_ctrl/share/ament_index
creating /home/mehul/elec555_ws/install/teleop_ctrl/share/ament_index/resource_index
creating /home/mehul/elec555_ws/install/teleop_ctrl/share/ament_index/resource_index/packages
symbolically linking /home/mehul/elec555_ws/build/teleop_ctrl/resource/teleop_ctrl -> /home/mehul/elec555_ws/install/teleop_ctrl/share/ament_index/resource_index/packages
symbolically linking /home/mehul/elec555_ws/build/teleop_ctrl/package.xml -> /home/mehul/elec555_ws/install/teleop_ctrl/share/teleop_ctrl
creating /home/mehul/elec555_ws/install/teleop_ctrl/share/teleop_ctrl/launch
symbolically linking /home/mehul/elec555_ws/build/teleop_ctrl/launch/teleop_ctrl.launch.py -> /home/mehul/elec555_ws/install/teleop_ctrl/share/teleop_ctrl/launch
