[1.623s] Invoking command in '/home/mehul/elec555_ws/build/teleop_ctrl': PYTHONPATH=/home/mehul/elec555_ws/build/teleop_ctrl/prefix_override:/usr/lib/python3/dist-packages/colcon_core/task/python/colcon_distutils_commands:/home/mehul/elec555_ws/install/teleop_ctrl/lib/python3.10/site-packages:${PYTHONPATH} /usr/bin/python3 -W ignore:setup.py install is deprecated -W ignore:easy_install command is deprecated setup.py develop --editable --build-directory /home/mehul/elec555_ws/build/teleop_ctrl/build --no-deps symlink_data
[1.821s] running develop
[2.020s] running egg_info
[2.020s] creating teleop_ctrl.egg-info
[2.021s] writing teleop_ctrl.egg-info/PKG-INFO
[2.021s] writing dependency_links to teleop_ctrl.egg-info/dependency_links.txt
[2.021s] writing entry points to teleop_ctrl.egg-info/entry_points.txt
[2.021s] writing requirements to teleop_ctrl.egg-info/requires.txt
[2.021s] writing top-level names to teleop_ctrl.egg-info/top_level.txt
[2.022s] writing manifest file 'teleop_ctrl.egg-info/SOURCES.txt'
[2.025s] reading manifest file 'teleop_ctrl.egg-info/SOURCES.txt'
[2.025s] writing manifest file 'teleop_ctrl.egg-info/SOURCES.txt'
[2.027s] running build_ext
[2.027s] Creating /home/mehul/elec555_ws/install/teleop_ctrl/lib/python3.10/site-packages/teleop-ctrl.egg-link (link to .)
[2.028s] Installing teleop_ctrl script to /home/mehul/elec555_ws/install/teleop_ctrl/lib/teleop_ctrl
[2.028s] 
[2.028s] Installed /home/mehul/elec555_ws/build/teleop_ctrl
[2.028s] running symlink_data
[2.028s] creating /home/mehul/elec555_ws/install/teleop_ctrl/share/ament_index
[2.028s] creating /home/mehul/elec555_ws/install/teleop_ctrl/share/ament_index/resource_index
[2.028s] creating /home/mehul/elec555_ws/install/teleop_ctrl/share/ament_index/resource_index/packages
[2.029s] symbolically linking /home/mehul/elec555_ws/build/teleop_ctrl/resource/teleop_ctrl -> /home/mehul/elec555_ws/install/teleop_ctrl/share/ament_index/resource_index/packages
[2.029s] symbolically linking /home/mehul/elec555_ws/build/teleop_ctrl/package.xml -> /home/mehul/elec555_ws/install/teleop_ctrl/share/teleop_ctrl
[2.029s] creating /home/mehul/elec555_ws/install/teleop_ctrl/share/teleop_ctrl/launch
[2.029s] symbolically linking /home/mehul/elec555_ws/build/teleop_ctrl/launch/teleop_ctrl.launch.py -> /home/mehul/elec555_ws/install/teleop_ctrl/share/teleop_ctrl/launch
[2.116s] Invoked command in '/home/mehul/elec555_ws/build/teleop_ctrl' returned '0': PYTHONPATH=/home/mehul/elec555_ws/build/teleop_ctrl/prefix_override:/usr/lib/python3/dist-packages/colcon_core/task/python/colcon_distutils_commands:/home/mehul/elec555_ws/install/teleop_ctrl/lib/python3.10/site-packages:${PYTHONPATH} /usr/bin/python3 -W ignore:setup.py install is deprecated -W ignore:easy_install command is deprecated setup.py develop --editable --build-directory /home/mehul/elec555_ws/build/teleop_ctrl/build --no-deps symlink_data
