running develop
running egg_info
creating robot_cam.egg-info
writing robot_cam.egg-info/PKG-INFO
writing dependency_links to robot_cam.egg-info/dependency_links.txt
writing entry points to robot_cam.egg-info/entry_points.txt
writing requirements to robot_cam.egg-info/requires.txt
writing top-level names to robot_cam.egg-info/top_level.txt
writing manifest file 'robot_cam.egg-info/SOURCES.txt'
reading manifest file 'robot_cam.egg-info/SOURCES.txt'
writing manifest file 'robot_cam.egg-info/SOURCES.txt'
running build_ext
Creating /home/mehul/elec555_ws/install/robot_cam/lib/python3.10/site-packages/robot-cam.egg-link (link to .)
Installing color_detect script to /home/mehul/elec555_ws/install/robot_cam/lib/robot_cam

Installed /home/mehul/elec555_ws/build/robot_cam
running symlink_data
creating /home/mehul/elec555_ws/install/robot_cam/share/ament_index
creating /home/mehul/elec555_ws/install/robot_cam/share/ament_index/resource_index
creating /home/mehul/elec555_ws/install/robot_cam/share/ament_index/resource_index/packages
symbolically linking /home/mehul/elec555_ws/build/robot_cam/resource/robot_cam -> /home/mehul/elec555_ws/install/robot_cam/share/ament_index/resource_index/packages
symbolically linking /home/mehul/elec555_ws/build/robot_cam/package.xml -> /home/mehul/elec555_ws/install/robot_cam/share/robot_cam
creating /home/mehul/elec555_ws/install/robot_cam/share/robot_cam/launch
symbolically linking /home/mehul/elec555_ws/build/robot_cam/launch/usb_cam.launch.py -> /home/mehul/elec555_ws/install/robot_cam/share/robot_cam/launch
symbolically linking /home/mehul/elec555_ws/build/robot_cam/launch/color_detect_node.launch.py -> /home/mehul/elec555_ws/install/robot_cam/share/robot_cam/launch
symbolically linking /home/mehul/elec555_ws/build/robot_cam/launch/depth_camera.launch.py -> /home/mehul/elec555_ws/install/robot_cam/share/robot_cam/launch
creating /home/mehul/elec555_ws/install/robot_cam/share/robot_cam/launch/include
symbolically linking /home/mehul/elec555_ws/build/robot_cam/launch/include/ascamera.launch.py -> /home/mehul/elec555_ws/install/robot_cam/share/robot_cam/launch/include
creating /home/mehul/elec555_ws/install/robot_cam/share/robot_cam/config
symbolically linking /home/mehul/elec555_ws/build/robot_cam/config/lab_config.yaml -> /home/mehul/elec555_ws/install/robot_cam/share/robot_cam/config
symbolically linking /home/mehul/elec555_ws/build/robot_cam/config/usb_cam_param.yaml -> /home/mehul/elec555_ws/install/robot_cam/share/robot_cam/config
symbolically linking /home/mehul/elec555_ws/build/robot_cam/config/camera_info.yaml -> /home/mehul/elec555_ws/install/robot_cam/share/robot_cam/config
symbolically linking /home/mehul/elec555_ws/build/robot_cam/config/roi.yaml -> /home/mehul/elec555_ws/install/robot_cam/share/robot_cam/config
