[0.355s] Invoking command in '/home/mehul/elec555_ws/build/robot_cam': AMENT_PREFIX_PATH=/home/mehul/elec555_ws/install/interfaces:${AMENT_PREFIX_PATH} CMAKE_PREFIX_PATH=/home/mehul/elec555_ws/install/interfaces:${CMAKE_PREFIX_PATH} LD_LIBRARY_PATH=/home/mehul/elec555_ws/install/interfaces/lib:${LD_LIBRARY_PATH} PYTHONPATH=/home/mehul/elec555_ws/build/robot_cam/prefix_override:/usr/lib/python3/dist-packages/colcon_core/task/python/colcon_distutils_commands:/home/mehul/elec555_ws/install/robot_cam/lib/python3.10/site-packages:/home/mehul/elec555_ws/install/interfaces/local/lib/python3.10/dist-packages:${PYTHONPATH} /usr/bin/python3 -W ignore:setup.py install is deprecated -W ignore:easy_install command is deprecated setup.py develop --editable --build-directory /home/mehul/elec555_ws/build/robot_cam/build --no-deps symlink_data
[0.493s] running develop
[0.581s] running egg_info
[0.581s] creating robot_cam.egg-info
[0.581s] writing robot_cam.egg-info/PKG-INFO
[0.581s] writing dependency_links to robot_cam.egg-info/dependency_links.txt
[0.581s] writing entry points to robot_cam.egg-info/entry_points.txt
[0.582s] writing requirements to robot_cam.egg-info/requires.txt
[0.582s] writing top-level names to robot_cam.egg-info/top_level.txt
[0.582s] writing manifest file 'robot_cam.egg-info/SOURCES.txt'
[0.582s] reading manifest file 'robot_cam.egg-info/SOURCES.txt'
[0.583s] writing manifest file 'robot_cam.egg-info/SOURCES.txt'
[0.583s] running build_ext
[0.583s] Creating /home/mehul/elec555_ws/install/robot_cam/lib/python3.10/site-packages/robot-cam.egg-link (link to .)
[0.584s] Installing color_detect script to /home/mehul/elec555_ws/install/robot_cam/lib/robot_cam
[0.584s] 
[0.584s] Installed /home/mehul/elec555_ws/build/robot_cam
[0.584s] running symlink_data
[0.584s] creating /home/mehul/elec555_ws/install/robot_cam/share/ament_index
[0.584s] creating /home/mehul/elec555_ws/install/robot_cam/share/ament_index/resource_index
[0.584s] creating /home/mehul/elec555_ws/install/robot_cam/share/ament_index/resource_index/packages
[0.584s] symbolically linking /home/mehul/elec555_ws/build/robot_cam/resource/robot_cam -> /home/mehul/elec555_ws/install/robot_cam/share/ament_index/resource_index/packages
[0.584s] symbolically linking /home/mehul/elec555_ws/build/robot_cam/package.xml -> /home/mehul/elec555_ws/install/robot_cam/share/robot_cam
[0.584s] creating /home/mehul/elec555_ws/install/robot_cam/share/robot_cam/launch
[0.585s] symbolically linking /home/mehul/elec555_ws/build/robot_cam/launch/usb_cam.launch.py -> /home/mehul/elec555_ws/install/robot_cam/share/robot_cam/launch
[0.585s] symbolically linking /home/mehul/elec555_ws/build/robot_cam/launch/color_detect_node.launch.py -> /home/mehul/elec555_ws/install/robot_cam/share/robot_cam/launch
[0.585s] symbolically linking /home/mehul/elec555_ws/build/robot_cam/launch/depth_camera.launch.py -> /home/mehul/elec555_ws/install/robot_cam/share/robot_cam/launch
[0.585s] creating /home/mehul/elec555_ws/install/robot_cam/share/robot_cam/launch/include
[0.585s] symbolically linking /home/mehul/elec555_ws/build/robot_cam/launch/include/ascamera.launch.py -> /home/mehul/elec555_ws/install/robot_cam/share/robot_cam/launch/include
[0.585s] creating /home/mehul/elec555_ws/install/robot_cam/share/robot_cam/config
[0.585s] symbolically linking /home/mehul/elec555_ws/build/robot_cam/config/lab_config.yaml -> /home/mehul/elec555_ws/install/robot_cam/share/robot_cam/config
[0.585s] symbolically linking /home/mehul/elec555_ws/build/robot_cam/config/usb_cam_param.yaml -> /home/mehul/elec555_ws/install/robot_cam/share/robot_cam/config
[0.585s] symbolically linking /home/mehul/elec555_ws/build/robot_cam/config/camera_info.yaml -> /home/mehul/elec555_ws/install/robot_cam/share/robot_cam/config
[0.585s] symbolically linking /home/mehul/elec555_ws/build/robot_cam/config/roi.yaml -> /home/mehul/elec555_ws/install/robot_cam/share/robot_cam/config
[0.600s] Invoked command in '/home/mehul/elec555_ws/build/robot_cam' returned '0': AMENT_PREFIX_PATH=/home/mehul/elec555_ws/install/interfaces:${AMENT_PREFIX_PATH} CMAKE_PREFIX_PATH=/home/mehul/elec555_ws/install/interfaces:${CMAKE_PREFIX_PATH} LD_LIBRARY_PATH=/home/mehul/elec555_ws/install/interfaces/lib:${LD_LIBRARY_PATH} PYTHONPATH=/home/mehul/elec555_ws/build/robot_cam/prefix_override:/usr/lib/python3/dist-packages/colcon_core/task/python/colcon_distutils_commands:/home/mehul/elec555_ws/install/robot_cam/lib/python3.10/site-packages:/home/mehul/elec555_ws/install/interfaces/local/lib/python3.10/dist-packages:${PYTHONPATH} /usr/bin/python3 -W ignore:setup.py install is deprecated -W ignore:easy_install command is deprecated setup.py develop --editable --build-directory /home/mehul/elec555_ws/build/robot_cam/build --no-deps symlink_data
