[0.046s] Invoking command in '/home/mehul/elec555_ws/build/interfaces': CMAKE_PREFIX_PATH=${CMAKE_PREFIX_PATH}:/opt/ros/humble /usr/bin/cmake --build /home/mehul/elec555_ws/build/interfaces -- -j16 -l16
[1.043s] [  0%] Built target interfaces__cpp
[1.043s] [  0%] Built target ament_cmake_python_symlink_interfaces
[1.043s] [ 13%] Built target interfaces__rosidl_generator_c
[1.043s] [ 38%] Built target interfaces__rosidl_typesupport_fastrtps_cpp
[1.043s] [ 42%] Built target interfaces__rosidl_typesupport_introspection_cpp
[1.043s] [ 50%] Built target interfaces__rosidl_typesupport_cpp
[1.043s] [ 74%] Built target interfaces__rosidl_typesupport_introspection_c
[1.043s] [ 74%] Built target interfaces__rosidl_typesupport_c
[1.043s] [ 86%] Built target interfaces__rosidl_typesupport_fastrtps_c
[1.043s] [ 86%] Built target interfaces
[1.043s] [ 86%] Built target interfaces__py
[1.043s] [ 97%] Built target interfaces__rosidl_generator_py
[1.043s] [100%] Built target interfaces__rosidl_typesupport_introspection_c__pyext
[1.043s] [100%] Built target interfaces__rosidl_typesupport_c__pyext
[1.043s] [100%] Built target interfaces__rosidl_typesupport_fastrtps_c__pyext
[1.043s] running egg_info
[1.044s] writing interfaces.egg-info/PKG-INFO
[1.044s] writing dependency_links to interfaces.egg-info/dependency_links.txt
[1.044s] writing top-level names to interfaces.egg-info/top_level.txt
[1.044s] reading manifest file 'interfaces.egg-info/SOURCES.txt'
[1.044s] writing manifest file 'interfaces.egg-info/SOURCES.txt'
[1.044s] [100%] Built target ament_cmake_python_build_interfaces_egg
[1.209s] Invoked command in '/home/mehul/elec555_ws/build/interfaces' returned '0': CMAKE_PREFIX_PATH=${CMAKE_PREFIX_PATH}:/opt/ros/humble /usr/bin/cmake --build /home/mehul/elec555_ws/build/interfaces -- -j16 -l16
[1.220s] Invoking command in '/home/mehul/elec555_ws/build/interfaces': CMAKE_PREFIX_PATH=${CMAKE_PREFIX_PATH}:/opt/ros/humble /usr/bin/cmake --install /home/mehul/elec555_ws/build/interfaces
[1.231s] -- Install configuration: ""
[1.231s] -- Execute custom install script
[1.232s] -- Up-to-date symlink: /home/mehul/elec555_ws/install/interfaces/share/ament_index/resource_index/rosidl_interfaces/interfaces
[1.232s] -- Up-to-date symlink: /home/mehul/elec555_ws/install/interfaces/include/interfaces/interfaces/msg/color_detect.h
[1.232s] -- Up-to-date symlink: /home/mehul/elec555_ws/install/interfaces/include/interfaces/interfaces/msg/color_info.h
[1.232s] -- Up-to-date symlink: /home/mehul/elec555_ws/install/interfaces/include/interfaces/interfaces/msg/colors_info.h
[1.232s] -- Up-to-date symlink: /home/mehul/elec555_ws/install/interfaces/include/interfaces/interfaces/msg/detail/color_detect__functions.h
[1.232s] -- Up-to-date symlink: /home/mehul/elec555_ws/install/interfaces/include/interfaces/interfaces/msg/detail/color_detect__struct.h
[1.232s] -- Up-to-date symlink: /home/mehul/elec555_ws/install/interfaces/include/interfaces/interfaces/msg/detail/color_detect__type_support.h
[1.232s] -- Up-to-date symlink: /home/mehul/elec555_ws/install/interfaces/include/interfaces/interfaces/msg/detail/color_info__functions.h
[1.232s] -- Up-to-date symlink: /home/mehul/elec555_ws/install/interfaces/include/interfaces/interfaces/msg/detail/color_info__struct.h
[1.232s] -- Up-to-date symlink: /home/mehul/elec555_ws/install/interfaces/include/interfaces/interfaces/msg/detail/color_info__type_support.h
[1.232s] -- Up-to-date symlink: /home/mehul/elec555_ws/install/interfaces/include/interfaces/interfaces/msg/detail/colors_info__functions.h
[1.232s] -- Up-to-date symlink: /home/mehul/elec555_ws/install/interfaces/include/interfaces/interfaces/msg/detail/colors_info__struct.h
[1.233s] -- Up-to-date symlink: /home/mehul/elec555_ws/install/interfaces/include/interfaces/interfaces/msg/detail/colors_info__type_support.h
[1.234s] -- Up-to-date symlink: /home/mehul/elec555_ws/install/interfaces/include/interfaces/interfaces/msg/detail/line_roi__functions.h
[1.234s] -- Up-to-date symlink: /home/mehul/elec555_ws/install/interfaces/include/interfaces/interfaces/msg/detail/line_roi__struct.h
[1.234s] -- Up-to-date symlink: /home/mehul/elec555_ws/install/interfaces/include/interfaces/interfaces/msg/detail/line_roi__type_support.h
[1.234s] -- Up-to-date symlink: /home/mehul/elec555_ws/install/interfaces/include/interfaces/interfaces/msg/detail/object_info__functions.h
[1.234s] -- Up-to-date symlink: /home/mehul/elec555_ws/install/interfaces/include/interfaces/interfaces/msg/detail/object_info__struct.h
[1.234s] -- Up-to-date symlink: /home/mehul/elec555_ws/install/interfaces/include/interfaces/interfaces/msg/detail/object_info__type_support.h
[1.235s] -- Up-to-date symlink: /home/mehul/elec555_ws/install/interfaces/include/interfaces/interfaces/msg/detail/objects_info__functions.h
[1.235s] -- Up-to-date symlink: /home/mehul/elec555_ws/install/interfaces/include/interfaces/interfaces/msg/detail/objects_info__struct.h
[1.235s] -- Up-to-date symlink: /home/mehul/elec555_ws/install/interfaces/include/interfaces/interfaces/msg/detail/objects_info__type_support.h
[1.235s] -- Up-to-date symlink: /home/mehul/elec555_ws/install/interfaces/include/interfaces/interfaces/msg/detail/pixel_position__functions.h
[1.235s] -- Up-to-date symlink: /home/mehul/elec555_ws/install/interfaces/include/interfaces/interfaces/msg/detail/pixel_position__struct.h
[1.235s] -- Up-to-date symlink: /home/mehul/elec555_ws/install/interfaces/include/interfaces/interfaces/msg/detail/pixel_position__type_support.h
[1.235s] -- Up-to-date symlink: /home/mehul/elec555_ws/install/interfaces/include/interfaces/interfaces/msg/detail/point2_d__functions.h
[1.235s] -- Up-to-date symlink: /home/mehul/elec555_ws/install/interfaces/include/interfaces/interfaces/msg/detail/point2_d__struct.h
[1.236s] -- Up-to-date symlink: /home/mehul/elec555_ws/install/interfaces/include/interfaces/interfaces/msg/detail/point2_d__type_support.h
[1.238s] -- Up-to-date symlink: /home/mehul/elec555_ws/install/interfaces/include/interfaces/interfaces/msg/detail/points__functions.h
[1.239s] -- Up-to-date symlink: /home/mehul/elec555_ws/install/interfaces/include/interfaces/interfaces/msg/detail/points__struct.h
[1.239s] -- Up-to-date symlink: /home/mehul/elec555_ws/install/interfaces/include/interfaces/interfaces/msg/detail/points__type_support.h
[1.239s] -- Up-to-date symlink: /home/mehul/elec555_ws/install/interfaces/include/interfaces/interfaces/msg/detail/pose2_d__functions.h
[1.239s] -- Up-to-date symlink: /home/mehul/elec555_ws/install/interfaces/include/interfaces/interfaces/msg/detail/pose2_d__struct.h
[1.239s] -- Up-to-date symlink: /home/mehul/elec555_ws/install/interfaces/include/interfaces/interfaces/msg/detail/pose2_d__type_support.h
[1.239s] -- Up-to-date symlink: /home/mehul/elec555_ws/install/interfaces/include/interfaces/interfaces/msg/detail/roi__functions.h
[1.239s] -- Up-to-date symlink: /home/mehul/elec555_ws/install/interfaces/include/interfaces/interfaces/msg/detail/roi__struct.h
[1.239s] -- Up-to-date symlink: /home/mehul/elec555_ws/install/interfaces/include/interfaces/interfaces/msg/detail/roi__type_support.h
[1.239s] -- Up-to-date symlink: /home/mehul/elec555_ws/install/interfaces/include/interfaces/interfaces/msg/line_roi.h
[1.239s] -- Up-to-date symlink: /home/mehul/elec555_ws/install/interfaces/include/interfaces/interfaces/msg/object_info.h
[1.239s] -- Up-to-date symlink: /home/mehul/elec555_ws/install/interfaces/include/interfaces/interfaces/msg/objects_info.h
[1.239s] -- Up-to-date symlink: /home/mehul/elec555_ws/install/interfaces/include/interfaces/interfaces/msg/pixel_position.h
[1.239s] -- Up-to-date symlink: /home/mehul/elec555_ws/install/interfaces/include/interfaces/interfaces/msg/point2_d.h
[1.239s] -- Up-to-date symlink: /home/mehul/elec555_ws/install/interfaces/include/interfaces/interfaces/msg/points.h
[1.239s] -- Up-to-date symlink: /home/mehul/elec555_ws/install/interfaces/include/interfaces/interfaces/msg/pose2_d.h
[1.239s] -- Up-to-date symlink: /home/mehul/elec555_ws/install/interfaces/include/interfaces/interfaces/msg/roi.h
[1.239s] -- Up-to-date symlink: /home/mehul/elec555_ws/install/interfaces/include/interfaces/interfaces/msg/rosidl_generator_c__visibility_control.h
[1.240s] -- Up-to-date symlink: /home/mehul/elec555_ws/install/interfaces/include/interfaces/interfaces/srv/detail/get_pose__functions.h
[1.240s] -- Up-to-date symlink: /home/mehul/elec555_ws/install/interfaces/include/interfaces/interfaces/srv/detail/get_pose__struct.h
[1.240s] -- Up-to-date symlink: /home/mehul/elec555_ws/install/interfaces/include/interfaces/interfaces/srv/detail/get_pose__type_support.h
[1.240s] -- Up-to-date symlink: /home/mehul/elec555_ws/install/interfaces/include/interfaces/interfaces/srv/detail/set_circle_roi__functions.h
[1.240s] -- Up-to-date symlink: /home/mehul/elec555_ws/install/interfaces/include/interfaces/interfaces/srv/detail/set_circle_roi__struct.h
[1.240s] -- Up-to-date symlink: /home/mehul/elec555_ws/install/interfaces/include/interfaces/interfaces/srv/detail/set_circle_roi__type_support.h
[1.243s] -- Up-to-date symlink: /home/mehul/elec555_ws/install/interfaces/include/interfaces/interfaces/srv/detail/set_color_detect_param__functions.h
[1.243s] -- Up-to-date symlink: /home/mehul/elec555_ws/install/interfaces/include/interfaces/interfaces/srv/detail/set_color_detect_param__struct.h
[1.243s] -- Up-to-date symlink: /home/mehul/elec555_ws/install/interfaces/include/interfaces/interfaces/srv/detail/set_color_detect_param__type_support.h
[1.243s] -- Up-to-date symlink: /home/mehul/elec555_ws/install/interfaces/include/interfaces/interfaces/srv/detail/set_color_rgba__functions.h
[1.243s] -- Up-to-date symlink: /home/mehul/elec555_ws/install/interfaces/include/interfaces/interfaces/srv/detail/set_color_rgba__struct.h
[1.243s] -- Up-to-date symlink: /home/mehul/elec555_ws/install/interfaces/include/interfaces/interfaces/srv/detail/set_color_rgba__type_support.h
[1.243s] -- Up-to-date symlink: /home/mehul/elec555_ws/install/interfaces/include/interfaces/interfaces/srv/detail/set_float64__functions.h
[1.244s] -- Up-to-date symlink: /home/mehul/elec555_ws/install/interfaces/include/interfaces/interfaces/srv/detail/set_float64__struct.h
[1.244s] -- Up-to-date symlink: /home/mehul/elec555_ws/install/interfaces/include/interfaces/interfaces/srv/detail/set_float64__type_support.h
[1.244s] -- Up-to-date symlink: /home/mehul/elec555_ws/install/interfaces/include/interfaces/interfaces/srv/detail/set_float64_list__functions.h
[1.244s] -- Up-to-date symlink: /home/mehul/elec555_ws/install/interfaces/include/interfaces/interfaces/srv/detail/set_float64_list__struct.h
[1.245s] -- Up-to-date symlink: /home/mehul/elec555_ws/install/interfaces/include/interfaces/interfaces/srv/detail/set_float64_list__type_support.h
[1.245s] -- Up-to-date symlink: /home/mehul/elec555_ws/install/interfaces/include/interfaces/interfaces/srv/detail/set_int64__functions.h
[1.245s] -- Up-to-date symlink: /home/mehul/elec555_ws/install/interfaces/include/interfaces/interfaces/srv/detail/set_int64__struct.h
[1.245s] -- Up-to-date symlink: /home/mehul/elec555_ws/install/interfaces/include/interfaces/interfaces/srv/detail/set_int64__type_support.h
[1.245s] -- Up-to-date symlink: /home/mehul/elec555_ws/install/interfaces/include/interfaces/interfaces/srv/detail/set_line_roi__functions.h
[1.246s] -- Up-to-date symlink: /home/mehul/elec555_ws/install/interfaces/include/interfaces/interfaces/srv/detail/set_line_roi__struct.h
[1.246s] -- Up-to-date symlink: /home/mehul/elec555_ws/install/interfaces/include/interfaces/interfaces/srv/detail/set_line_roi__type_support.h
[1.246s] -- Up-to-date symlink: /home/mehul/elec555_ws/install/interfaces/include/interfaces/interfaces/srv/detail/set_point__functions.h
[1.246s] -- Up-to-date symlink: /home/mehul/elec555_ws/install/interfaces/include/interfaces/interfaces/srv/detail/set_point__struct.h
[1.246s] -- Up-to-date symlink: /home/mehul/elec555_ws/install/interfaces/include/interfaces/interfaces/srv/detail/set_point__type_support.h
[1.247s] -- Up-to-date symlink: /home/mehul/elec555_ws/install/interfaces/include/interfaces/interfaces/srv/detail/set_pose2_d__functions.h
[1.247s] -- Up-to-date symlink: /home/mehul/elec555_ws/install/interfaces/include/interfaces/interfaces/srv/detail/set_pose2_d__struct.h
[1.247s] -- Up-to-date symlink: /home/mehul/elec555_ws/install/interfaces/include/interfaces/interfaces/srv/detail/set_pose2_d__type_support.h
[1.247s] -- Up-to-date symlink: /home/mehul/elec555_ws/install/interfaces/include/interfaces/interfaces/srv/detail/set_pose__functions.h
[1.247s] -- Up-to-date symlink: /home/mehul/elec555_ws/install/interfaces/include/interfaces/interfaces/srv/detail/set_pose__struct.h
[1.248s] -- Up-to-date symlink: /home/mehul/elec555_ws/install/interfaces/include/interfaces/interfaces/srv/detail/set_pose__type_support.h
[1.248s] -- Up-to-date symlink: /home/mehul/elec555_ws/install/interfaces/include/interfaces/interfaces/srv/detail/set_string__functions.h
[1.248s] -- Up-to-date symlink: /home/mehul/elec555_ws/install/interfaces/include/interfaces/interfaces/srv/detail/set_string__struct.h
[1.248s] -- Up-to-date symlink: /home/mehul/elec555_ws/install/interfaces/include/interfaces/interfaces/srv/detail/set_string__type_support.h
[1.248s] -- Up-to-date symlink: /home/mehul/elec555_ws/install/interfaces/include/interfaces/interfaces/srv/detail/set_string_list__functions.h
[1.248s] -- Up-to-date symlink: /home/mehul/elec555_ws/install/interfaces/include/interfaces/interfaces/srv/detail/set_string_list__struct.h
[1.249s] -- Up-to-date symlink: /home/mehul/elec555_ws/install/interfaces/include/interfaces/interfaces/srv/detail/set_string_list__type_support.h
[1.249s] -- Up-to-date symlink: /home/mehul/elec555_ws/install/interfaces/include/interfaces/interfaces/srv/get_pose.h
[1.249s] -- Up-to-date symlink: /home/mehul/elec555_ws/install/interfaces/include/interfaces/interfaces/srv/set_circle_roi.h
[1.249s] -- Up-to-date symlink: /home/mehul/elec555_ws/install/interfaces/include/interfaces/interfaces/srv/set_color_detect_param.h
[1.249s] -- Up-to-date symlink: /home/mehul/elec555_ws/install/interfaces/include/interfaces/interfaces/srv/set_color_rgba.h
[1.249s] -- Up-to-date symlink: /home/mehul/elec555_ws/install/interfaces/include/interfaces/interfaces/srv/set_float64.h
[1.250s] -- Up-to-date symlink: /home/mehul/elec555_ws/install/interfaces/include/interfaces/interfaces/srv/set_float64_list.h
[1.250s] -- Up-to-date symlink: /home/mehul/elec555_ws/install/interfaces/include/interfaces/interfaces/srv/set_int64.h
[1.250s] -- Up-to-date symlink: /home/mehul/elec555_ws/install/interfaces/include/interfaces/interfaces/srv/set_line_roi.h
[1.250s] -- Up-to-date symlink: /home/mehul/elec555_ws/install/interfaces/include/interfaces/interfaces/srv/set_point.h
[1.250s] -- Up-to-date symlink: /home/mehul/elec555_ws/install/interfaces/include/interfaces/interfaces/srv/set_pose.h
[1.250s] -- Up-to-date symlink: /home/mehul/elec555_ws/install/interfaces/include/interfaces/interfaces/srv/set_pose2_d.h
[1.250s] -- Up-to-date symlink: /home/mehul/elec555_ws/install/interfaces/include/interfaces/interfaces/srv/set_string.h
[1.251s] -- Up-to-date symlink: /home/mehul/elec555_ws/install/interfaces/include/interfaces/interfaces/srv/set_string_list.h
[1.251s] -- Up-to-date symlink: /home/mehul/elec555_ws/install/interfaces/share/interfaces/environment/library_path.sh
[1.251s] -- Up-to-date symlink: /home/mehul/elec555_ws/install/interfaces/share/interfaces/environment/library_path.dsv
[1.252s] -- Up-to-date symlink: /home/mehul/elec555_ws/install/interfaces/include/interfaces/interfaces/msg/detail/color_detect__rosidl_typesupport_fastrtps_c.h
[1.252s] -- Up-to-date symlink: /home/mehul/elec555_ws/install/interfaces/include/interfaces/interfaces/msg/detail/color_info__rosidl_typesupport_fastrtps_c.h
[1.253s] -- Up-to-date symlink: /home/mehul/elec555_ws/install/interfaces/include/interfaces/interfaces/msg/detail/colors_info__rosidl_typesupport_fastrtps_c.h
[1.253s] -- Up-to-date symlink: /home/mehul/elec555_ws/install/interfaces/include/interfaces/interfaces/msg/detail/line_roi__rosidl_typesupport_fastrtps_c.h
[1.253s] -- Up-to-date symlink: /home/mehul/elec555_ws/install/interfaces/include/interfaces/interfaces/msg/detail/object_info__rosidl_typesupport_fastrtps_c.h
[1.253s] -- Up-to-date symlink: /home/mehul/elec555_ws/install/interfaces/include/interfaces/interfaces/msg/detail/objects_info__rosidl_typesupport_fastrtps_c.h
[1.253s] -- Up-to-date symlink: /home/mehul/elec555_ws/install/interfaces/include/interfaces/interfaces/msg/detail/pixel_position__rosidl_typesupport_fastrtps_c.h
[1.253s] -- Up-to-date symlink: /home/mehul/elec555_ws/install/interfaces/include/interfaces/interfaces/msg/detail/point2_d__rosidl_typesupport_fastrtps_c.h
[1.254s] -- Up-to-date symlink: /home/mehul/elec555_ws/install/interfaces/include/interfaces/interfaces/msg/detail/points__rosidl_typesupport_fastrtps_c.h
[1.254s] -- Up-to-date symlink: /home/mehul/elec555_ws/install/interfaces/include/interfaces/interfaces/msg/detail/pose2_d__rosidl_typesupport_fastrtps_c.h
[1.254s] -- Up-to-date symlink: /home/mehul/elec555_ws/install/interfaces/include/interfaces/interfaces/msg/detail/roi__rosidl_typesupport_fastrtps_c.h
[1.254s] -- Up-to-date symlink: /home/mehul/elec555_ws/install/interfaces/include/interfaces/interfaces/msg/rosidl_typesupport_fastrtps_c__visibility_control.h
[1.254s] -- Up-to-date symlink: /home/mehul/elec555_ws/install/interfaces/include/interfaces/interfaces/srv/detail/get_pose__rosidl_typesupport_fastrtps_c.h
[1.255s] -- Up-to-date symlink: /home/mehul/elec555_ws/install/interfaces/include/interfaces/interfaces/srv/detail/set_circle_roi__rosidl_typesupport_fastrtps_c.h
[1.255s] -- Up-to-date symlink: /home/mehul/elec555_ws/install/interfaces/include/interfaces/interfaces/srv/detail/set_color_detect_param__rosidl_typesupport_fastrtps_c.h
[1.255s] -- Up-to-date symlink: /home/mehul/elec555_ws/install/interfaces/include/interfaces/interfaces/srv/detail/set_color_rgba__rosidl_typesupport_fastrtps_c.h
[1.255s] -- Up-to-date symlink: /home/mehul/elec555_ws/install/interfaces/include/interfaces/interfaces/srv/detail/set_float64__rosidl_typesupport_fastrtps_c.h
[1.256s] -- Up-to-date symlink: /home/mehul/elec555_ws/install/interfaces/include/interfaces/interfaces/srv/detail/set_float64_list__rosidl_typesupport_fastrtps_c.h
[1.256s] -- Up-to-date symlink: /home/mehul/elec555_ws/install/interfaces/include/interfaces/interfaces/srv/detail/set_int64__rosidl_typesupport_fastrtps_c.h
[1.256s] -- Up-to-date symlink: /home/mehul/elec555_ws/install/interfaces/include/interfaces/interfaces/srv/detail/set_line_roi__rosidl_typesupport_fastrtps_c.h
[1.256s] -- Up-to-date symlink: /home/mehul/elec555_ws/install/interfaces/include/interfaces/interfaces/srv/detail/set_point__rosidl_typesupport_fastrtps_c.h
[1.256s] -- Up-to-date symlink: /home/mehul/elec555_ws/install/interfaces/include/interfaces/interfaces/srv/detail/set_pose2_d__rosidl_typesupport_fastrtps_c.h
[1.257s] -- Up-to-date symlink: /home/mehul/elec555_ws/install/interfaces/include/interfaces/interfaces/srv/detail/set_pose__rosidl_typesupport_fastrtps_c.h
[1.257s] -- Up-to-date symlink: /home/mehul/elec555_ws/install/interfaces/include/interfaces/interfaces/srv/detail/set_string__rosidl_typesupport_fastrtps_c.h
[1.257s] -- Up-to-date symlink: /home/mehul/elec555_ws/install/interfaces/include/interfaces/interfaces/srv/detail/set_string_list__rosidl_typesupport_fastrtps_c.h
[1.259s] -- Up-to-date symlink: /home/mehul/elec555_ws/install/interfaces/include/interfaces/interfaces/msg/color_detect.hpp
[1.259s] -- Up-to-date symlink: /home/mehul/elec555_ws/install/interfaces/include/interfaces/interfaces/msg/color_info.hpp
[1.259s] -- Up-to-date symlink: /home/mehul/elec555_ws/install/interfaces/include/interfaces/interfaces/msg/colors_info.hpp
[1.259s] -- Up-to-date symlink: /home/mehul/elec555_ws/install/interfaces/include/interfaces/interfaces/msg/detail/color_detect__builder.hpp
[1.259s] -- Up-to-date symlink: /home/mehul/elec555_ws/install/interfaces/include/interfaces/interfaces/msg/detail/color_detect__struct.hpp
[1.260s] -- Up-to-date symlink: /home/mehul/elec555_ws/install/interfaces/include/interfaces/interfaces/msg/detail/color_detect__traits.hpp
[1.260s] -- Up-to-date symlink: /home/mehul/elec555_ws/install/interfaces/include/interfaces/interfaces/msg/detail/color_detect__type_support.hpp
[1.260s] -- Up-to-date symlink: /home/mehul/elec555_ws/install/interfaces/include/interfaces/interfaces/msg/detail/color_info__builder.hpp
[1.260s] -- Up-to-date symlink: /home/mehul/elec555_ws/install/interfaces/include/interfaces/interfaces/msg/detail/color_info__struct.hpp
[1.260s] -- Up-to-date symlink: /home/mehul/elec555_ws/install/interfaces/include/interfaces/interfaces/msg/detail/color_info__traits.hpp
[1.260s] -- Up-to-date symlink: /home/mehul/elec555_ws/install/interfaces/include/interfaces/interfaces/msg/detail/color_info__type_support.hpp
[1.261s] -- Up-to-date symlink: /home/mehul/elec555_ws/install/interfaces/include/interfaces/interfaces/msg/detail/colors_info__builder.hpp
[1.261s] -- Up-to-date symlink: /home/mehul/elec555_ws/install/interfaces/include/interfaces/interfaces/msg/detail/colors_info__struct.hpp
[1.261s] -- Up-to-date symlink: /home/mehul/elec555_ws/install/interfaces/include/interfaces/interfaces/msg/detail/colors_info__traits.hpp
[1.261s] -- Up-to-date symlink: /home/mehul/elec555_ws/install/interfaces/include/interfaces/interfaces/msg/detail/colors_info__type_support.hpp
[1.261s] -- Up-to-date symlink: /home/mehul/elec555_ws/install/interfaces/include/interfaces/interfaces/msg/detail/line_roi__builder.hpp
[1.262s] -- Up-to-date symlink: /home/mehul/elec555_ws/install/interfaces/include/interfaces/interfaces/msg/detail/line_roi__struct.hpp
[1.262s] -- Up-to-date symlink: /home/mehul/elec555_ws/install/interfaces/include/interfaces/interfaces/msg/detail/line_roi__traits.hpp
[1.262s] -- Up-to-date symlink: /home/mehul/elec555_ws/install/interfaces/include/interfaces/interfaces/msg/detail/line_roi__type_support.hpp
[1.262s] -- Up-to-date symlink: /home/mehul/elec555_ws/install/interfaces/include/interfaces/interfaces/msg/detail/object_info__builder.hpp
[1.262s] -- Up-to-date symlink: /home/mehul/elec555_ws/install/interfaces/include/interfaces/interfaces/msg/detail/object_info__struct.hpp
[1.263s] -- Up-to-date symlink: /home/mehul/elec555_ws/install/interfaces/include/interfaces/interfaces/msg/detail/object_info__traits.hpp
[1.263s] -- Up-to-date symlink: /home/mehul/elec555_ws/install/interfaces/include/interfaces/interfaces/msg/detail/object_info__type_support.hpp
[1.263s] -- Up-to-date symlink: /home/mehul/elec555_ws/install/interfaces/include/interfaces/interfaces/msg/detail/objects_info__builder.hpp
[1.263s] -- Up-to-date symlink: /home/mehul/elec555_ws/install/interfaces/include/interfaces/interfaces/msg/detail/objects_info__struct.hpp
[1.263s] -- Up-to-date symlink: /home/mehul/elec555_ws/install/interfaces/include/interfaces/interfaces/msg/detail/objects_info__traits.hpp
[1.264s] -- Up-to-date symlink: /home/mehul/elec555_ws/install/interfaces/include/interfaces/interfaces/msg/detail/objects_info__type_support.hpp
[1.264s] -- Up-to-date symlink: /home/mehul/elec555_ws/install/interfaces/include/interfaces/interfaces/msg/detail/pixel_position__builder.hpp
[1.264s] -- Up-to-date symlink: /home/mehul/elec555_ws/install/interfaces/include/interfaces/interfaces/msg/detail/pixel_position__struct.hpp
[1.264s] -- Up-to-date symlink: /home/mehul/elec555_ws/install/interfaces/include/interfaces/interfaces/msg/detail/pixel_position__traits.hpp
[1.265s] -- Up-to-date symlink: /home/mehul/elec555_ws/install/interfaces/include/interfaces/interfaces/msg/detail/pixel_position__type_support.hpp
[1.265s] -- Up-to-date symlink: /home/mehul/elec555_ws/install/interfaces/include/interfaces/interfaces/msg/detail/point2_d__builder.hpp
[1.265s] -- Up-to-date symlink: /home/mehul/elec555_ws/install/interfaces/include/interfaces/interfaces/msg/detail/point2_d__struct.hpp
[1.265s] -- Up-to-date symlink: /home/mehul/elec555_ws/install/interfaces/include/interfaces/interfaces/msg/detail/point2_d__traits.hpp
[1.266s] -- Up-to-date symlink: /home/mehul/elec555_ws/install/interfaces/include/interfaces/interfaces/msg/detail/point2_d__type_support.hpp
[1.266s] -- Up-to-date symlink: /home/mehul/elec555_ws/install/interfaces/include/interfaces/interfaces/msg/detail/points__builder.hpp
[1.266s] -- Up-to-date symlink: /home/mehul/elec555_ws/install/interfaces/include/interfaces/interfaces/msg/detail/points__struct.hpp
[1.266s] -- Up-to-date symlink: /home/mehul/elec555_ws/install/interfaces/include/interfaces/interfaces/msg/detail/points__traits.hpp
[1.266s] -- Up-to-date symlink: /home/mehul/elec555_ws/install/interfaces/include/interfaces/interfaces/msg/detail/points__type_support.hpp
[1.267s] -- Up-to-date symlink: /home/mehul/elec555_ws/install/interfaces/include/interfaces/interfaces/msg/detail/pose2_d__builder.hpp
[1.267s] -- Up-to-date symlink: /home/mehul/elec555_ws/install/interfaces/include/interfaces/interfaces/msg/detail/pose2_d__struct.hpp
[1.267s] -- Up-to-date symlink: /home/mehul/elec555_ws/install/interfaces/include/interfaces/interfaces/msg/detail/pose2_d__traits.hpp
[1.267s] -- Up-to-date symlink: /home/mehul/elec555_ws/install/interfaces/include/interfaces/interfaces/msg/detail/pose2_d__type_support.hpp
[1.267s] -- Up-to-date symlink: /home/mehul/elec555_ws/install/interfaces/include/interfaces/interfaces/msg/detail/roi__builder.hpp
[1.267s] -- Up-to-date symlink: /home/mehul/elec555_ws/install/interfaces/include/interfaces/interfaces/msg/detail/roi__struct.hpp
[1.268s] -- Up-to-date symlink: /home/mehul/elec555_ws/install/interfaces/include/interfaces/interfaces/msg/detail/roi__traits.hpp
[1.268s] -- Up-to-date symlink: /home/mehul/elec555_ws/install/interfaces/include/interfaces/interfaces/msg/detail/roi__type_support.hpp
[1.268s] -- Up-to-date symlink: /home/mehul/elec555_ws/install/interfaces/include/interfaces/interfaces/msg/line_roi.hpp
[1.268s] -- Up-to-date symlink: /home/mehul/elec555_ws/install/interfaces/include/interfaces/interfaces/msg/object_info.hpp
[1.268s] -- Up-to-date symlink: /home/mehul/elec555_ws/install/interfaces/include/interfaces/interfaces/msg/objects_info.hpp
[1.268s] -- Up-to-date symlink: /home/mehul/elec555_ws/install/interfaces/include/interfaces/interfaces/msg/pixel_position.hpp
[1.269s] -- Up-to-date symlink: /home/mehul/elec555_ws/install/interfaces/include/interfaces/interfaces/msg/point2_d.hpp
[1.269s] -- Up-to-date symlink: /home/mehul/elec555_ws/install/interfaces/include/interfaces/interfaces/msg/points.hpp
[1.269s] -- Up-to-date symlink: /home/mehul/elec555_ws/install/interfaces/include/interfaces/interfaces/msg/pose2_d.hpp
[1.269s] -- Up-to-date symlink: /home/mehul/elec555_ws/install/interfaces/include/interfaces/interfaces/msg/roi.hpp
[1.269s] -- Up-to-date symlink: /home/mehul/elec555_ws/install/interfaces/include/interfaces/interfaces/msg/rosidl_generator_cpp__visibility_control.hpp
[1.270s] -- Up-to-date symlink: /home/mehul/elec555_ws/install/interfaces/include/interfaces/interfaces/srv/detail/get_pose__builder.hpp
[1.270s] -- Up-to-date symlink: /home/mehul/elec555_ws/install/interfaces/include/interfaces/interfaces/srv/detail/get_pose__struct.hpp
[1.270s] -- Up-to-date symlink: /home/mehul/elec555_ws/install/interfaces/include/interfaces/interfaces/srv/detail/get_pose__traits.hpp
[1.270s] -- Up-to-date symlink: /home/mehul/elec555_ws/install/interfaces/include/interfaces/interfaces/srv/detail/get_pose__type_support.hpp
[1.270s] -- Up-to-date symlink: /home/mehul/elec555_ws/install/interfaces/include/interfaces/interfaces/srv/detail/set_circle_roi__builder.hpp
[1.272s] -- Up-to-date symlink: /home/mehul/elec555_ws/install/interfaces/include/interfaces/interfaces/srv/detail/set_circle_roi__struct.hpp
[1.272s] -- Up-to-date symlink: /home/mehul/elec555_ws/install/interfaces/include/interfaces/interfaces/srv/detail/set_circle_roi__traits.hpp
[1.273s] -- Up-to-date symlink: /home/mehul/elec555_ws/install/interfaces/include/interfaces/interfaces/srv/detail/set_circle_roi__type_support.hpp
[1.273s] -- Up-to-date symlink: /home/mehul/elec555_ws/install/interfaces/include/interfaces/interfaces/srv/detail/set_color_detect_param__builder.hpp
[1.273s] -- Up-to-date symlink: /home/mehul/elec555_ws/install/interfaces/include/interfaces/interfaces/srv/detail/set_color_detect_param__struct.hpp
[1.273s] -- Up-to-date symlink: /home/mehul/elec555_ws/install/interfaces/include/interfaces/interfaces/srv/detail/set_color_detect_param__traits.hpp
[1.273s] -- Up-to-date symlink: /home/mehul/elec555_ws/install/interfaces/include/interfaces/interfaces/srv/detail/set_color_detect_param__type_support.hpp
[1.273s] -- Up-to-date symlink: /home/mehul/elec555_ws/install/interfaces/include/interfaces/interfaces/srv/detail/set_color_rgba__builder.hpp
[1.273s] -- Up-to-date symlink: /home/mehul/elec555_ws/install/interfaces/include/interfaces/interfaces/srv/detail/set_color_rgba__struct.hpp
[1.273s] -- Up-to-date symlink: /home/mehul/elec555_ws/install/interfaces/include/interfaces/interfaces/srv/detail/set_color_rgba__traits.hpp
[1.274s] -- Up-to-date symlink: /home/mehul/elec555_ws/install/interfaces/include/interfaces/interfaces/srv/detail/set_color_rgba__type_support.hpp
[1.274s] -- Up-to-date symlink: /home/mehul/elec555_ws/install/interfaces/include/interfaces/interfaces/srv/detail/set_float64__builder.hpp
[1.274s] -- Up-to-date symlink: /home/mehul/elec555_ws/install/interfaces/include/interfaces/interfaces/srv/detail/set_float64__struct.hpp
[1.274s] -- Up-to-date symlink: /home/mehul/elec555_ws/install/interfaces/include/interfaces/interfaces/srv/detail/set_float64__traits.hpp
[1.274s] -- Up-to-date symlink: /home/mehul/elec555_ws/install/interfaces/include/interfaces/interfaces/srv/detail/set_float64__type_support.hpp
[1.274s] -- Up-to-date symlink: /home/mehul/elec555_ws/install/interfaces/include/interfaces/interfaces/srv/detail/set_float64_list__builder.hpp
[1.274s] -- Up-to-date symlink: /home/mehul/elec555_ws/install/interfaces/include/interfaces/interfaces/srv/detail/set_float64_list__struct.hpp
[1.275s] -- Up-to-date symlink: /home/mehul/elec555_ws/install/interfaces/include/interfaces/interfaces/srv/detail/set_float64_list__traits.hpp
[1.275s] -- Up-to-date symlink: /home/mehul/elec555_ws/install/interfaces/include/interfaces/interfaces/srv/detail/set_float64_list__type_support.hpp
[1.275s] -- Up-to-date symlink: /home/mehul/elec555_ws/install/interfaces/include/interfaces/interfaces/srv/detail/set_int64__builder.hpp
[1.275s] -- Up-to-date symlink: /home/mehul/elec555_ws/install/interfaces/include/interfaces/interfaces/srv/detail/set_int64__struct.hpp
[1.275s] -- Up-to-date symlink: /home/mehul/elec555_ws/install/interfaces/include/interfaces/interfaces/srv/detail/set_int64__traits.hpp
[1.276s] -- Up-to-date symlink: /home/mehul/elec555_ws/install/interfaces/include/interfaces/interfaces/srv/detail/set_int64__type_support.hpp
[1.276s] -- Up-to-date symlink: /home/mehul/elec555_ws/install/interfaces/include/interfaces/interfaces/srv/detail/set_line_roi__builder.hpp
[1.276s] -- Up-to-date symlink: /home/mehul/elec555_ws/install/interfaces/include/interfaces/interfaces/srv/detail/set_line_roi__struct.hpp
[1.276s] -- Up-to-date symlink: /home/mehul/elec555_ws/install/interfaces/include/interfaces/interfaces/srv/detail/set_line_roi__traits.hpp
[1.276s] -- Up-to-date symlink: /home/mehul/elec555_ws/install/interfaces/include/interfaces/interfaces/srv/detail/set_line_roi__type_support.hpp
[1.277s] -- Up-to-date symlink: /home/mehul/elec555_ws/install/interfaces/include/interfaces/interfaces/srv/detail/set_point__builder.hpp
[1.277s] -- Up-to-date symlink: /home/mehul/elec555_ws/install/interfaces/include/interfaces/interfaces/srv/detail/set_point__struct.hpp
[1.277s] -- Up-to-date symlink: /home/mehul/elec555_ws/install/interfaces/include/interfaces/interfaces/srv/detail/set_point__traits.hpp
[1.278s] -- Up-to-date symlink: /home/mehul/elec555_ws/install/interfaces/include/interfaces/interfaces/srv/detail/set_point__type_support.hpp
[1.278s] -- Up-to-date symlink: /home/mehul/elec555_ws/install/interfaces/include/interfaces/interfaces/srv/detail/set_pose2_d__builder.hpp
[1.278s] -- Up-to-date symlink: /home/mehul/elec555_ws/install/interfaces/include/interfaces/interfaces/srv/detail/set_pose2_d__struct.hpp
[1.278s] -- Up-to-date symlink: /home/mehul/elec555_ws/install/interfaces/include/interfaces/interfaces/srv/detail/set_pose2_d__traits.hpp
[1.278s] -- Up-to-date symlink: /home/mehul/elec555_ws/install/interfaces/include/interfaces/interfaces/srv/detail/set_pose2_d__type_support.hpp
[1.278s] -- Up-to-date symlink: /home/mehul/elec555_ws/install/interfaces/include/interfaces/interfaces/srv/detail/set_pose__builder.hpp
[1.279s] -- Up-to-date symlink: /home/mehul/elec555_ws/install/interfaces/include/interfaces/interfaces/srv/detail/set_pose__struct.hpp
[1.279s] -- Up-to-date symlink: /home/mehul/elec555_ws/install/interfaces/include/interfaces/interfaces/srv/detail/set_pose__traits.hpp
[1.279s] -- Up-to-date symlink: /home/mehul/elec555_ws/install/interfaces/include/interfaces/interfaces/srv/detail/set_pose__type_support.hpp
[1.279s] -- Up-to-date symlink: /home/mehul/elec555_ws/install/interfaces/include/interfaces/interfaces/srv/detail/set_string__builder.hpp
[1.279s] -- Up-to-date symlink: /home/mehul/elec555_ws/install/interfaces/include/interfaces/interfaces/srv/detail/set_string__struct.hpp
[1.280s] -- Up-to-date symlink: /home/mehul/elec555_ws/install/interfaces/include/interfaces/interfaces/srv/detail/set_string__traits.hpp
[1.280s] -- Up-to-date symlink: /home/mehul/elec555_ws/install/interfaces/include/interfaces/interfaces/srv/detail/set_string__type_support.hpp
[1.280s] -- Up-to-date symlink: /home/mehul/elec555_ws/install/interfaces/include/interfaces/interfaces/srv/detail/set_string_list__builder.hpp
[1.280s] -- Up-to-date symlink: /home/mehul/elec555_ws/install/interfaces/include/interfaces/interfaces/srv/detail/set_string_list__struct.hpp
[1.280s] -- Up-to-date symlink: /home/mehul/elec555_ws/install/interfaces/include/interfaces/interfaces/srv/detail/set_string_list__traits.hpp
[1.280s] -- Up-to-date symlink: /home/mehul/elec555_ws/install/interfaces/include/interfaces/interfaces/srv/detail/set_string_list__type_support.hpp
[1.281s] -- Up-to-date symlink: /home/mehul/elec555_ws/install/interfaces/include/interfaces/interfaces/srv/get_pose.hpp
[1.281s] -- Up-to-date symlink: /home/mehul/elec555_ws/install/interfaces/include/interfaces/interfaces/srv/set_circle_roi.hpp
[1.281s] -- Up-to-date symlink: /home/mehul/elec555_ws/install/interfaces/include/interfaces/interfaces/srv/set_color_detect_param.hpp
[1.282s] -- Up-to-date symlink: /home/mehul/elec555_ws/install/interfaces/include/interfaces/interfaces/srv/set_color_rgba.hpp
[1.282s] -- Up-to-date symlink: /home/mehul/elec555_ws/install/interfaces/include/interfaces/interfaces/srv/set_float64.hpp
[1.282s] -- Up-to-date symlink: /home/mehul/elec555_ws/install/interfaces/include/interfaces/interfaces/srv/set_float64_list.hpp
[1.282s] -- Up-to-date symlink: /home/mehul/elec555_ws/install/interfaces/include/interfaces/interfaces/srv/set_int64.hpp
[1.282s] -- Up-to-date symlink: /home/mehul/elec555_ws/install/interfaces/include/interfaces/interfaces/srv/set_line_roi.hpp
[1.282s] -- Up-to-date symlink: /home/mehul/elec555_ws/install/interfaces/include/interfaces/interfaces/srv/set_point.hpp
[1.283s] -- Up-to-date symlink: /home/mehul/elec555_ws/install/interfaces/include/interfaces/interfaces/srv/set_pose.hpp
[1.283s] -- Up-to-date symlink: /home/mehul/elec555_ws/install/interfaces/include/interfaces/interfaces/srv/set_pose2_d.hpp
[1.283s] -- Up-to-date symlink: /home/mehul/elec555_ws/install/interfaces/include/interfaces/interfaces/srv/set_string.hpp
[1.283s] -- Up-to-date symlink: /home/mehul/elec555_ws/install/interfaces/include/interfaces/interfaces/srv/set_string_list.hpp
[1.284s] -- Up-to-date symlink: /home/mehul/elec555_ws/install/interfaces/include/interfaces/interfaces/msg/detail/color_detect__rosidl_typesupport_fastrtps_cpp.hpp
[1.285s] -- Up-to-date symlink: /home/mehul/elec555_ws/install/interfaces/include/interfaces/interfaces/msg/detail/color_info__rosidl_typesupport_fastrtps_cpp.hpp
[1.286s] -- Up-to-date symlink: /home/mehul/elec555_ws/install/interfaces/include/interfaces/interfaces/msg/detail/colors_info__rosidl_typesupport_fastrtps_cpp.hpp
[1.286s] -- Up-to-date symlink: /home/mehul/elec555_ws/install/interfaces/include/interfaces/interfaces/msg/detail/line_roi__rosidl_typesupport_fastrtps_cpp.hpp
[1.286s] -- Up-to-date symlink: /home/mehul/elec555_ws/install/interfaces/include/interfaces/interfaces/msg/detail/object_info__rosidl_typesupport_fastrtps_cpp.hpp
[1.286s] -- Up-to-date symlink: /home/mehul/elec555_ws/install/interfaces/include/interfaces/interfaces/msg/detail/objects_info__rosidl_typesupport_fastrtps_cpp.hpp
[1.286s] -- Up-to-date symlink: /home/mehul/elec555_ws/install/interfaces/include/interfaces/interfaces/msg/detail/pixel_position__rosidl_typesupport_fastrtps_cpp.hpp
[1.286s] -- Up-to-date symlink: /home/mehul/elec555_ws/install/interfaces/include/interfaces/interfaces/msg/detail/point2_d__rosidl_typesupport_fastrtps_cpp.hpp
[1.287s] -- Up-to-date symlink: /home/mehul/elec555_ws/install/interfaces/include/interfaces/interfaces/msg/detail/points__rosidl_typesupport_fastrtps_cpp.hpp
[1.287s] -- Up-to-date symlink: /home/mehul/elec555_ws/install/interfaces/include/interfaces/interfaces/msg/detail/pose2_d__rosidl_typesupport_fastrtps_cpp.hpp
[1.287s] -- Up-to-date symlink: /home/mehul/elec555_ws/install/interfaces/include/interfaces/interfaces/msg/detail/roi__rosidl_typesupport_fastrtps_cpp.hpp
[1.287s] -- Up-to-date symlink: /home/mehul/elec555_ws/install/interfaces/include/interfaces/interfaces/msg/rosidl_typesupport_fastrtps_cpp__visibility_control.h
[1.287s] -- Up-to-date symlink: /home/mehul/elec555_ws/install/interfaces/include/interfaces/interfaces/srv/detail/get_pose__rosidl_typesupport_fastrtps_cpp.hpp
[1.288s] -- Up-to-date symlink: /home/mehul/elec555_ws/install/interfaces/include/interfaces/interfaces/srv/detail/set_circle_roi__rosidl_typesupport_fastrtps_cpp.hpp
[1.288s] -- Up-to-date symlink: /home/mehul/elec555_ws/install/interfaces/include/interfaces/interfaces/srv/detail/set_color_detect_param__rosidl_typesupport_fastrtps_cpp.hpp
[1.288s] -- Up-to-date symlink: /home/mehul/elec555_ws/install/interfaces/include/interfaces/interfaces/srv/detail/set_color_rgba__rosidl_typesupport_fastrtps_cpp.hpp
[1.288s] -- Up-to-date symlink: /home/mehul/elec555_ws/install/interfaces/include/interfaces/interfaces/srv/detail/set_float64__rosidl_typesupport_fastrtps_cpp.hpp
[1.288s] -- Up-to-date symlink: /home/mehul/elec555_ws/install/interfaces/include/interfaces/interfaces/srv/detail/set_float64_list__rosidl_typesupport_fastrtps_cpp.hpp
[1.288s] -- Up-to-date symlink: /home/mehul/elec555_ws/install/interfaces/include/interfaces/interfaces/srv/detail/set_int64__rosidl_typesupport_fastrtps_cpp.hpp
[1.288s] -- Up-to-date symlink: /home/mehul/elec555_ws/install/interfaces/include/interfaces/interfaces/srv/detail/set_line_roi__rosidl_typesupport_fastrtps_cpp.hpp
[1.288s] -- Up-to-date symlink: /home/mehul/elec555_ws/install/interfaces/include/interfaces/interfaces/srv/detail/set_point__rosidl_typesupport_fastrtps_cpp.hpp
[1.289s] -- Up-to-date symlink: /home/mehul/elec555_ws/install/interfaces/include/interfaces/interfaces/srv/detail/set_pose2_d__rosidl_typesupport_fastrtps_cpp.hpp
[1.289s] -- Up-to-date symlink: /home/mehul/elec555_ws/install/interfaces/include/interfaces/interfaces/srv/detail/set_pose__rosidl_typesupport_fastrtps_cpp.hpp
[1.291s] -- Up-to-date symlink: /home/mehul/elec555_ws/install/interfaces/include/interfaces/interfaces/srv/detail/set_string__rosidl_typesupport_fastrtps_cpp.hpp
[1.291s] -- Up-to-date symlink: /home/mehul/elec555_ws/install/interfaces/include/interfaces/interfaces/srv/detail/set_string_list__rosidl_typesupport_fastrtps_cpp.hpp
[1.291s] -- Up-to-date symlink: /home/mehul/elec555_ws/install/interfaces/include/interfaces/interfaces/msg/detail/color_detect__rosidl_typesupport_introspection_c.h
[1.291s] -- Up-to-date symlink: /home/mehul/elec555_ws/install/interfaces/include/interfaces/interfaces/msg/detail/color_info__rosidl_typesupport_introspection_c.h
[1.291s] -- Up-to-date symlink: /home/mehul/elec555_ws/install/interfaces/include/interfaces/interfaces/msg/detail/colors_info__rosidl_typesupport_introspection_c.h
[1.291s] -- Up-to-date symlink: /home/mehul/elec555_ws/install/interfaces/include/interfaces/interfaces/msg/detail/line_roi__rosidl_typesupport_introspection_c.h
[1.292s] -- Up-to-date symlink: /home/mehul/elec555_ws/install/interfaces/include/interfaces/interfaces/msg/detail/object_info__rosidl_typesupport_introspection_c.h
[1.292s] -- Up-to-date symlink: /home/mehul/elec555_ws/install/interfaces/include/interfaces/interfaces/msg/detail/objects_info__rosidl_typesupport_introspection_c.h
[1.293s] -- Up-to-date symlink: /home/mehul/elec555_ws/install/interfaces/include/interfaces/interfaces/msg/detail/pixel_position__rosidl_typesupport_introspection_c.h
[1.293s] -- Up-to-date symlink: /home/mehul/elec555_ws/install/interfaces/include/interfaces/interfaces/msg/detail/point2_d__rosidl_typesupport_introspection_c.h
[1.293s] -- Up-to-date symlink: /home/mehul/elec555_ws/install/interfaces/include/interfaces/interfaces/msg/detail/points__rosidl_typesupport_introspection_c.h
[1.293s] -- Up-to-date symlink: /home/mehul/elec555_ws/install/interfaces/include/interfaces/interfaces/msg/detail/pose2_d__rosidl_typesupport_introspection_c.h
[1.293s] -- Up-to-date symlink: /home/mehul/elec555_ws/install/interfaces/include/interfaces/interfaces/msg/detail/roi__rosidl_typesupport_introspection_c.h
[1.293s] -- Up-to-date symlink: /home/mehul/elec555_ws/install/interfaces/include/interfaces/interfaces/msg/rosidl_typesupport_introspection_c__visibility_control.h
[1.293s] -- Up-to-date symlink: /home/mehul/elec555_ws/install/interfaces/include/interfaces/interfaces/srv/detail/get_pose__rosidl_typesupport_introspection_c.h
[1.294s] -- Up-to-date symlink: /home/mehul/elec555_ws/install/interfaces/include/interfaces/interfaces/srv/detail/set_circle_roi__rosidl_typesupport_introspection_c.h
[1.294s] -- Up-to-date symlink: /home/mehul/elec555_ws/install/interfaces/include/interfaces/interfaces/srv/detail/set_color_detect_param__rosidl_typesupport_introspection_c.h
[1.294s] -- Up-to-date symlink: /home/mehul/elec555_ws/install/interfaces/include/interfaces/interfaces/srv/detail/set_color_rgba__rosidl_typesupport_introspection_c.h
[1.294s] -- Up-to-date symlink: /home/mehul/elec555_ws/install/interfaces/include/interfaces/interfaces/srv/detail/set_float64__rosidl_typesupport_introspection_c.h
[1.294s] -- Up-to-date symlink: /home/mehul/elec555_ws/install/interfaces/include/interfaces/interfaces/srv/detail/set_float64_list__rosidl_typesupport_introspection_c.h
[1.294s] -- Up-to-date symlink: /home/mehul/elec555_ws/install/interfaces/include/interfaces/interfaces/srv/detail/set_int64__rosidl_typesupport_introspection_c.h
[1.294s] -- Up-to-date symlink: /home/mehul/elec555_ws/install/interfaces/include/interfaces/interfaces/srv/detail/set_line_roi__rosidl_typesupport_introspection_c.h
[1.294s] -- Up-to-date symlink: /home/mehul/elec555_ws/install/interfaces/include/interfaces/interfaces/srv/detail/set_point__rosidl_typesupport_introspection_c.h
[1.294s] -- Up-to-date symlink: /home/mehul/elec555_ws/install/interfaces/include/interfaces/interfaces/srv/detail/set_pose2_d__rosidl_typesupport_introspection_c.h
[1.294s] -- Up-to-date symlink: /home/mehul/elec555_ws/install/interfaces/include/interfaces/interfaces/srv/detail/set_pose__rosidl_typesupport_introspection_c.h
[1.294s] -- Up-to-date symlink: /home/mehul/elec555_ws/install/interfaces/include/interfaces/interfaces/srv/detail/set_string__rosidl_typesupport_introspection_c.h
[1.294s] -- Up-to-date symlink: /home/mehul/elec555_ws/install/interfaces/include/interfaces/interfaces/srv/detail/set_string_list__rosidl_typesupport_introspection_c.h
[1.295s] -- Up-to-date symlink: /home/mehul/elec555_ws/install/interfaces/include/interfaces/interfaces/msg/detail/color_detect__rosidl_typesupport_introspection_cpp.hpp
[1.295s] -- Up-to-date symlink: /home/mehul/elec555_ws/install/interfaces/include/interfaces/interfaces/msg/detail/color_info__rosidl_typesupport_introspection_cpp.hpp
[1.295s] -- Up-to-date symlink: /home/mehul/elec555_ws/install/interfaces/include/interfaces/interfaces/msg/detail/colors_info__rosidl_typesupport_introspection_cpp.hpp
[1.295s] -- Up-to-date symlink: /home/mehul/elec555_ws/install/interfaces/include/interfaces/interfaces/msg/detail/line_roi__rosidl_typesupport_introspection_cpp.hpp
[1.295s] -- Up-to-date symlink: /home/mehul/elec555_ws/install/interfaces/include/interfaces/interfaces/msg/detail/object_info__rosidl_typesupport_introspection_cpp.hpp
[1.296s] -- Up-to-date symlink: /home/mehul/elec555_ws/install/interfaces/include/interfaces/interfaces/msg/detail/objects_info__rosidl_typesupport_introspection_cpp.hpp
[1.296s] -- Up-to-date symlink: /home/mehul/elec555_ws/install/interfaces/include/interfaces/interfaces/msg/detail/pixel_position__rosidl_typesupport_introspection_cpp.hpp
[1.296s] -- Up-to-date symlink: /home/mehul/elec555_ws/install/interfaces/include/interfaces/interfaces/msg/detail/point2_d__rosidl_typesupport_introspection_cpp.hpp
[1.296s] -- Up-to-date symlink: /home/mehul/elec555_ws/install/interfaces/include/interfaces/interfaces/msg/detail/points__rosidl_typesupport_introspection_cpp.hpp
[1.296s] -- Up-to-date symlink: /home/mehul/elec555_ws/install/interfaces/include/interfaces/interfaces/msg/detail/pose2_d__rosidl_typesupport_introspection_cpp.hpp
[1.296s] -- Up-to-date symlink: /home/mehul/elec555_ws/install/interfaces/include/interfaces/interfaces/msg/detail/roi__rosidl_typesupport_introspection_cpp.hpp
[1.297s] -- Up-to-date symlink: /home/mehul/elec555_ws/install/interfaces/include/interfaces/interfaces/srv/detail/get_pose__rosidl_typesupport_introspection_cpp.hpp
[1.297s] -- Up-to-date symlink: /home/mehul/elec555_ws/install/interfaces/include/interfaces/interfaces/srv/detail/set_circle_roi__rosidl_typesupport_introspection_cpp.hpp
[1.297s] -- Up-to-date symlink: /home/mehul/elec555_ws/install/interfaces/include/interfaces/interfaces/srv/detail/set_color_detect_param__rosidl_typesupport_introspection_cpp.hpp
[1.297s] -- Up-to-date symlink: /home/mehul/elec555_ws/install/interfaces/include/interfaces/interfaces/srv/detail/set_color_rgba__rosidl_typesupport_introspection_cpp.hpp
[1.297s] -- Up-to-date symlink: /home/mehul/elec555_ws/install/interfaces/include/interfaces/interfaces/srv/detail/set_float64__rosidl_typesupport_introspection_cpp.hpp
[1.297s] -- Up-to-date symlink: /home/mehul/elec555_ws/install/interfaces/include/interfaces/interfaces/srv/detail/set_float64_list__rosidl_typesupport_introspection_cpp.hpp
[1.297s] -- Up-to-date symlink: /home/mehul/elec555_ws/install/interfaces/include/interfaces/interfaces/srv/detail/set_int64__rosidl_typesupport_introspection_cpp.hpp
[1.298s] -- Up-to-date symlink: /home/mehul/elec555_ws/install/interfaces/include/interfaces/interfaces/srv/detail/set_line_roi__rosidl_typesupport_introspection_cpp.hpp
[1.298s] -- Up-to-date symlink: /home/mehul/elec555_ws/install/interfaces/include/interfaces/interfaces/srv/detail/set_point__rosidl_typesupport_introspection_cpp.hpp
[1.298s] -- Up-to-date symlink: /home/mehul/elec555_ws/install/interfaces/include/interfaces/interfaces/srv/detail/set_pose2_d__rosidl_typesupport_introspection_cpp.hpp
[1.298s] -- Up-to-date symlink: /home/mehul/elec555_ws/install/interfaces/include/interfaces/interfaces/srv/detail/set_pose__rosidl_typesupport_introspection_cpp.hpp
[1.298s] -- Up-to-date symlink: /home/mehul/elec555_ws/install/interfaces/include/interfaces/interfaces/srv/detail/set_string__rosidl_typesupport_introspection_cpp.hpp
[1.298s] -- Up-to-date symlink: /home/mehul/elec555_ws/install/interfaces/include/interfaces/interfaces/srv/detail/set_string_list__rosidl_typesupport_introspection_cpp.hpp
[1.299s] -- Up-to-date symlink: /home/mehul/elec555_ws/install/interfaces/share/interfaces/environment/pythonpath.sh
[1.299s] -- Up-to-date symlink: /home/mehul/elec555_ws/install/interfaces/share/interfaces/environment/pythonpath.dsv
[1.299s] -- Up-to-date symlink: /home/mehul/elec555_ws/install/interfaces/local/lib/python3.10/dist-packages/interfaces-0.0.0-py3.10.egg-info/PKG-INFO
[1.299s] -- Up-to-date symlink: /home/mehul/elec555_ws/install/interfaces/local/lib/python3.10/dist-packages/interfaces-0.0.0-py3.10.egg-info/SOURCES.txt
[1.299s] -- Up-to-date symlink: /home/mehul/elec555_ws/install/interfaces/local/lib/python3.10/dist-packages/interfaces-0.0.0-py3.10.egg-info/dependency_links.txt
[1.299s] -- Up-to-date symlink: /home/mehul/elec555_ws/install/interfaces/local/lib/python3.10/dist-packages/interfaces-0.0.0-py3.10.egg-info/top_level.txt
[1.301s] -- Up-to-date symlink: /home/mehul/elec555_ws/install/interfaces/local/lib/python3.10/dist-packages/interfaces/__init__.py
[1.301s] -- Up-to-date symlink: /home/mehul/elec555_ws/install/interfaces/local/lib/python3.10/dist-packages/interfaces/_interfaces_s.ep.rosidl_typesupport_c.c
[1.301s] -- Up-to-date symlink: /home/mehul/elec555_ws/install/interfaces/local/lib/python3.10/dist-packages/interfaces/_interfaces_s.ep.rosidl_typesupport_fastrtps_c.c
[1.302s] -- Up-to-date symlink: /home/mehul/elec555_ws/install/interfaces/local/lib/python3.10/dist-packages/interfaces/_interfaces_s.ep.rosidl_typesupport_introspection_c.c
[1.302s] -- Up-to-date symlink: /home/mehul/elec555_ws/install/interfaces/local/lib/python3.10/dist-packages/interfaces/interfaces_s__rosidl_typesupport_c.cpython-310-x86_64-linux-gnu.so
[1.302s] -- Up-to-date symlink: /home/mehul/elec555_ws/install/interfaces/local/lib/python3.10/dist-packages/interfaces/interfaces_s__rosidl_typesupport_fastrtps_c.cpython-310-x86_64-linux-gnu.so
[1.302s] -- Up-to-date symlink: /home/mehul/elec555_ws/install/interfaces/local/lib/python3.10/dist-packages/interfaces/interfaces_s__rosidl_typesupport_introspection_c.cpython-310-x86_64-linux-gnu.so
[1.302s] -- Up-to-date symlink: /home/mehul/elec555_ws/install/interfaces/local/lib/python3.10/dist-packages/interfaces/libinterfaces__rosidl_generator_py.so
[1.302s] -- Up-to-date symlink: /home/mehul/elec555_ws/install/interfaces/local/lib/python3.10/dist-packages/interfaces/msg/__init__.py
[1.302s] -- Up-to-date symlink: /home/mehul/elec555_ws/install/interfaces/local/lib/python3.10/dist-packages/interfaces/msg/_color_detect.py
[1.302s] -- Up-to-date symlink: /home/mehul/elec555_ws/install/interfaces/local/lib/python3.10/dist-packages/interfaces/msg/_color_detect_s.c
[1.302s] -- Up-to-date symlink: /home/mehul/elec555_ws/install/interfaces/local/lib/python3.10/dist-packages/interfaces/msg/_color_info.py
[1.302s] -- Up-to-date symlink: /home/mehul/elec555_ws/install/interfaces/local/lib/python3.10/dist-packages/interfaces/msg/_color_info_s.c
[1.302s] -- Up-to-date symlink: /home/mehul/elec555_ws/install/interfaces/local/lib/python3.10/dist-packages/interfaces/msg/_colors_info.py
[1.302s] -- Up-to-date symlink: /home/mehul/elec555_ws/install/interfaces/local/lib/python3.10/dist-packages/interfaces/msg/_colors_info_s.c
[1.303s] -- Up-to-date symlink: /home/mehul/elec555_ws/install/interfaces/local/lib/python3.10/dist-packages/interfaces/msg/_line_roi.py
[1.303s] -- Up-to-date symlink: /home/mehul/elec555_ws/install/interfaces/local/lib/python3.10/dist-packages/interfaces/msg/_line_roi_s.c
[1.303s] -- Up-to-date symlink: /home/mehul/elec555_ws/install/interfaces/local/lib/python3.10/dist-packages/interfaces/msg/_object_info.py
[1.303s] -- Up-to-date symlink: /home/mehul/elec555_ws/install/interfaces/local/lib/python3.10/dist-packages/interfaces/msg/_object_info_s.c
[1.303s] -- Up-to-date symlink: /home/mehul/elec555_ws/install/interfaces/local/lib/python3.10/dist-packages/interfaces/msg/_objects_info.py
[1.303s] -- Up-to-date symlink: /home/mehul/elec555_ws/install/interfaces/local/lib/python3.10/dist-packages/interfaces/msg/_objects_info_s.c
[1.303s] -- Up-to-date symlink: /home/mehul/elec555_ws/install/interfaces/local/lib/python3.10/dist-packages/interfaces/msg/_pixel_position.py
[1.303s] -- Up-to-date symlink: /home/mehul/elec555_ws/install/interfaces/local/lib/python3.10/dist-packages/interfaces/msg/_pixel_position_s.c
[1.303s] -- Up-to-date symlink: /home/mehul/elec555_ws/install/interfaces/local/lib/python3.10/dist-packages/interfaces/msg/_point2_d.py
[1.304s] -- Up-to-date symlink: /home/mehul/elec555_ws/install/interfaces/local/lib/python3.10/dist-packages/interfaces/msg/_point2_d_s.c
[1.304s] -- Up-to-date symlink: /home/mehul/elec555_ws/install/interfaces/local/lib/python3.10/dist-packages/interfaces/msg/_points.py
[1.304s] -- Up-to-date symlink: /home/mehul/elec555_ws/install/interfaces/local/lib/python3.10/dist-packages/interfaces/msg/_points_s.c
[1.304s] -- Up-to-date symlink: /home/mehul/elec555_ws/install/interfaces/local/lib/python3.10/dist-packages/interfaces/msg/_pose2_d.py
[1.304s] -- Up-to-date symlink: /home/mehul/elec555_ws/install/interfaces/local/lib/python3.10/dist-packages/interfaces/msg/_pose2_d_s.c
[1.304s] -- Up-to-date symlink: /home/mehul/elec555_ws/install/interfaces/local/lib/python3.10/dist-packages/interfaces/msg/_roi.py
[1.304s] -- Up-to-date symlink: /home/mehul/elec555_ws/install/interfaces/local/lib/python3.10/dist-packages/interfaces/msg/_roi_s.c
[1.305s] -- Up-to-date symlink: /home/mehul/elec555_ws/install/interfaces/local/lib/python3.10/dist-packages/interfaces/srv/__init__.py
[1.305s] -- Up-to-date symlink: /home/mehul/elec555_ws/install/interfaces/local/lib/python3.10/dist-packages/interfaces/srv/_get_pose.py
[1.305s] -- Up-to-date symlink: /home/mehul/elec555_ws/install/interfaces/local/lib/python3.10/dist-packages/interfaces/srv/_get_pose_s.c
[1.305s] -- Up-to-date symlink: /home/mehul/elec555_ws/install/interfaces/local/lib/python3.10/dist-packages/interfaces/srv/_set_circle_roi.py
[1.305s] -- Up-to-date symlink: /home/mehul/elec555_ws/install/interfaces/local/lib/python3.10/dist-packages/interfaces/srv/_set_circle_roi_s.c
[1.307s] -- Up-to-date symlink: /home/mehul/elec555_ws/install/interfaces/local/lib/python3.10/dist-packages/interfaces/srv/_set_color_detect_param.py
[1.307s] -- Up-to-date symlink: /home/mehul/elec555_ws/install/interfaces/local/lib/python3.10/dist-packages/interfaces/srv/_set_color_detect_param_s.c
[1.307s] -- Up-to-date symlink: /home/mehul/elec555_ws/install/interfaces/local/lib/python3.10/dist-packages/interfaces/srv/_set_color_rgba.py
[1.307s] -- Up-to-date symlink: /home/mehul/elec555_ws/install/interfaces/local/lib/python3.10/dist-packages/interfaces/srv/_set_color_rgba_s.c
[1.307s] -- Up-to-date symlink: /home/mehul/elec555_ws/install/interfaces/local/lib/python3.10/dist-packages/interfaces/srv/_set_float64.py
[1.307s] -- Up-to-date symlink: /home/mehul/elec555_ws/install/interfaces/local/lib/python3.10/dist-packages/interfaces/srv/_set_float64_list.py
[1.307s] -- Up-to-date symlink: /home/mehul/elec555_ws/install/interfaces/local/lib/python3.10/dist-packages/interfaces/srv/_set_float64_list_s.c
[1.308s] -- Up-to-date symlink: /home/mehul/elec555_ws/install/interfaces/local/lib/python3.10/dist-packages/interfaces/srv/_set_float64_s.c
[1.308s] -- Up-to-date symlink: /home/mehul/elec555_ws/install/interfaces/local/lib/python3.10/dist-packages/interfaces/srv/_set_int64.py
[1.308s] -- Up-to-date symlink: /home/mehul/elec555_ws/install/interfaces/local/lib/python3.10/dist-packages/interfaces/srv/_set_int64_s.c
[1.308s] -- Up-to-date symlink: /home/mehul/elec555_ws/install/interfaces/local/lib/python3.10/dist-packages/interfaces/srv/_set_line_roi.py
[1.308s] -- Up-to-date symlink: /home/mehul/elec555_ws/install/interfaces/local/lib/python3.10/dist-packages/interfaces/srv/_set_line_roi_s.c
[1.308s] -- Up-to-date symlink: /home/mehul/elec555_ws/install/interfaces/local/lib/python3.10/dist-packages/interfaces/srv/_set_point.py
[1.308s] -- Up-to-date symlink: /home/mehul/elec555_ws/install/interfaces/local/lib/python3.10/dist-packages/interfaces/srv/_set_point_s.c
[1.308s] -- Up-to-date symlink: /home/mehul/elec555_ws/install/interfaces/local/lib/python3.10/dist-packages/interfaces/srv/_set_pose.py
[1.308s] -- Up-to-date symlink: /home/mehul/elec555_ws/install/interfaces/local/lib/python3.10/dist-packages/interfaces/srv/_set_pose2_d.py
[1.308s] -- Up-to-date symlink: /home/mehul/elec555_ws/install/interfaces/local/lib/python3.10/dist-packages/interfaces/srv/_set_pose2_d_s.c
[1.309s] -- Up-to-date symlink: /home/mehul/elec555_ws/install/interfaces/local/lib/python3.10/dist-packages/interfaces/srv/_set_pose_s.c
[1.309s] -- Up-to-date symlink: /home/mehul/elec555_ws/install/interfaces/local/lib/python3.10/dist-packages/interfaces/srv/_set_string.py
[1.309s] -- Up-to-date symlink: /home/mehul/elec555_ws/install/interfaces/local/lib/python3.10/dist-packages/interfaces/srv/_set_string_list.py
[1.309s] -- Up-to-date symlink: /home/mehul/elec555_ws/install/interfaces/local/lib/python3.10/dist-packages/interfaces/srv/_set_string_list_s.c
[1.309s] -- Up-to-date symlink: /home/mehul/elec555_ws/install/interfaces/local/lib/python3.10/dist-packages/interfaces/srv/_set_string_s.c
[1.309s] -- Up-to-date symlink: /home/mehul/elec555_ws/install/interfaces/local/lib/python3.10/dist-packages/interfaces/interfaces_s__rosidl_typesupport_fastrtps_c.cpython-310-x86_64-linux-gnu.so
[1.309s] -- Up-to-date symlink: /home/mehul/elec555_ws/install/interfaces/local/lib/python3.10/dist-packages/interfaces/interfaces_s__rosidl_typesupport_introspection_c.cpython-310-x86_64-linux-gnu.so
[1.309s] -- Up-to-date symlink: /home/mehul/elec555_ws/install/interfaces/local/lib/python3.10/dist-packages/interfaces/interfaces_s__rosidl_typesupport_c.cpython-310-x86_64-linux-gnu.so
[1.310s] -- Up-to-date symlink: /home/mehul/elec555_ws/install/interfaces/share/interfaces/msg/ColorDetect.idl
[1.311s] -- Up-to-date symlink: /home/mehul/elec555_ws/install/interfaces/share/interfaces/msg/ColorInfo.idl
[1.311s] -- Up-to-date symlink: /home/mehul/elec555_ws/install/interfaces/share/interfaces/msg/ColorsInfo.idl
[1.311s] -- Up-to-date symlink: /home/mehul/elec555_ws/install/interfaces/share/interfaces/msg/LineROI.idl
[1.311s] -- Up-to-date symlink: /home/mehul/elec555_ws/install/interfaces/share/interfaces/msg/ObjectInfo.idl
[1.311s] -- Up-to-date symlink: /home/mehul/elec555_ws/install/interfaces/share/interfaces/msg/ObjectsInfo.idl
[1.311s] -- Up-to-date symlink: /home/mehul/elec555_ws/install/interfaces/share/interfaces/msg/PixelPosition.idl
[1.312s] -- Up-to-date symlink: /home/mehul/elec555_ws/install/interfaces/share/interfaces/msg/Point2D.idl
[1.312s] -- Up-to-date symlink: /home/mehul/elec555_ws/install/interfaces/share/interfaces/msg/Points.idl
[1.312s] -- Up-to-date symlink: /home/mehul/elec555_ws/install/interfaces/share/interfaces/msg/Pose2D.idl
[1.312s] -- Up-to-date symlink: /home/mehul/elec555_ws/install/interfaces/share/interfaces/msg/ROI.idl
[1.312s] -- Up-to-date symlink: /home/mehul/elec555_ws/install/interfaces/share/interfaces/srv/GetPose.idl
[1.312s] -- Up-to-date symlink: /home/mehul/elec555_ws/install/interfaces/share/interfaces/srv/SetCircleROI.idl
[1.313s] -- Up-to-date symlink: /home/mehul/elec555_ws/install/interfaces/share/interfaces/srv/SetColorDetectParam.idl
[1.313s] -- Up-to-date symlink: /home/mehul/elec555_ws/install/interfaces/share/interfaces/srv/SetColorRGBA.idl
[1.313s] -- Up-to-date symlink: /home/mehul/elec555_ws/install/interfaces/share/interfaces/srv/SetFloat64List.idl
[1.313s] -- Up-to-date symlink: /home/mehul/elec555_ws/install/interfaces/share/interfaces/srv/SetFloat64.idl
[1.313s] -- Up-to-date symlink: /home/mehul/elec555_ws/install/interfaces/share/interfaces/srv/SetInt64.idl
[1.313s] -- Up-to-date symlink: /home/mehul/elec555_ws/install/interfaces/share/interfaces/srv/SetLineROI.idl
[1.313s] -- Up-to-date symlink: /home/mehul/elec555_ws/install/interfaces/share/interfaces/srv/SetPoint.idl
[1.313s] -- Up-to-date symlink: /home/mehul/elec555_ws/install/interfaces/share/interfaces/srv/SetPose2D.idl
[1.313s] -- Up-to-date symlink: /home/mehul/elec555_ws/install/interfaces/share/interfaces/srv/SetPose.idl
[1.313s] -- Up-to-date symlink: /home/mehul/elec555_ws/install/interfaces/share/interfaces/srv/SetStringList.idl
[1.314s] -- Up-to-date symlink: /home/mehul/elec555_ws/install/interfaces/share/interfaces/srv/SetString.idl
[1.314s] -- Up-to-date symlink: /home/mehul/elec555_ws/install/interfaces/share/interfaces/msg/ColorDetect.msg
[1.314s] -- Up-to-date symlink: /home/mehul/elec555_ws/install/interfaces/share/interfaces/msg/ColorInfo.msg
[1.314s] -- Up-to-date symlink: /home/mehul/elec555_ws/install/interfaces/share/interfaces/msg/ColorsInfo.msg
[1.314s] -- Up-to-date symlink: /home/mehul/elec555_ws/install/interfaces/share/interfaces/msg/LineROI.msg
[1.314s] -- Up-to-date symlink: /home/mehul/elec555_ws/install/interfaces/share/interfaces/msg/ObjectInfo.msg
[1.314s] -- Up-to-date symlink: /home/mehul/elec555_ws/install/interfaces/share/interfaces/msg/ObjectsInfo.msg
[1.315s] -- Up-to-date symlink: /home/mehul/elec555_ws/install/interfaces/share/interfaces/msg/PixelPosition.msg
[1.315s] -- Up-to-date symlink: /home/mehul/elec555_ws/install/interfaces/share/interfaces/msg/Point2D.msg
[1.315s] -- Up-to-date symlink: /home/mehul/elec555_ws/install/interfaces/share/interfaces/msg/Points.msg
[1.315s] -- Up-to-date symlink: /home/mehul/elec555_ws/install/interfaces/share/interfaces/msg/Pose2D.msg
[1.315s] -- Up-to-date symlink: /home/mehul/elec555_ws/install/interfaces/share/interfaces/msg/ROI.msg
[1.315s] -- Up-to-date symlink: /home/mehul/elec555_ws/install/interfaces/share/interfaces/srv/GetPose.srv
[1.316s] -- Up-to-date symlink: /home/mehul/elec555_ws/install/interfaces/share/interfaces/srv/GetPose_Request.msg
[1.316s] -- Up-to-date symlink: /home/mehul/elec555_ws/install/interfaces/share/interfaces/srv/GetPose_Response.msg
[1.316s] -- Up-to-date symlink: /home/mehul/elec555_ws/install/interfaces/share/interfaces/srv/SetCircleROI.srv
[1.316s] -- Up-to-date symlink: /home/mehul/elec555_ws/install/interfaces/share/interfaces/srv/SetCircleROI_Request.msg
[1.316s] -- Up-to-date symlink: /home/mehul/elec555_ws/install/interfaces/share/interfaces/srv/SetCircleROI_Response.msg
[1.316s] -- Up-to-date symlink: /home/mehul/elec555_ws/install/interfaces/share/interfaces/srv/SetColorDetectParam.srv
[1.316s] -- Up-to-date symlink: /home/mehul/elec555_ws/install/interfaces/share/interfaces/srv/SetColorDetectParam_Request.msg
[1.317s] -- Up-to-date symlink: /home/mehul/elec555_ws/install/interfaces/share/interfaces/srv/SetColorDetectParam_Response.msg
[1.317s] -- Up-to-date symlink: /home/mehul/elec555_ws/install/interfaces/share/interfaces/srv/SetColorRGBA.srv
[1.317s] -- Up-to-date symlink: /home/mehul/elec555_ws/install/interfaces/share/interfaces/srv/SetColorRGBA_Request.msg
[1.317s] -- Up-to-date symlink: /home/mehul/elec555_ws/install/interfaces/share/interfaces/srv/SetColorRGBA_Response.msg
[1.317s] -- Up-to-date symlink: /home/mehul/elec555_ws/install/interfaces/share/interfaces/srv/SetFloat64List.srv
[1.318s] -- Up-to-date symlink: /home/mehul/elec555_ws/install/interfaces/share/interfaces/srv/SetFloat64List_Request.msg
[1.318s] -- Up-to-date symlink: /home/mehul/elec555_ws/install/interfaces/share/interfaces/srv/SetFloat64List_Response.msg
[1.318s] -- Up-to-date symlink: /home/mehul/elec555_ws/install/interfaces/share/interfaces/srv/SetFloat64.srv
[1.318s] -- Up-to-date symlink: /home/mehul/elec555_ws/install/interfaces/share/interfaces/srv/SetFloat64_Request.msg
[1.318s] -- Up-to-date symlink: /home/mehul/elec555_ws/install/interfaces/share/interfaces/srv/SetFloat64_Response.msg
[1.318s] -- Up-to-date symlink: /home/mehul/elec555_ws/install/interfaces/share/interfaces/srv/SetInt64.srv
[1.319s] -- Up-to-date symlink: /home/mehul/elec555_ws/install/interfaces/share/interfaces/srv/SetInt64_Request.msg
[1.319s] -- Up-to-date symlink: /home/mehul/elec555_ws/install/interfaces/share/interfaces/srv/SetInt64_Response.msg
[1.319s] -- Up-to-date symlink: /home/mehul/elec555_ws/install/interfaces/share/interfaces/srv/SetLineROI.srv
[1.319s] -- Up-to-date symlink: /home/mehul/elec555_ws/install/interfaces/share/interfaces/srv/SetLineROI_Request.msg
[1.319s] -- Up-to-date symlink: /home/mehul/elec555_ws/install/interfaces/share/interfaces/srv/SetLineROI_Response.msg
[1.319s] -- Up-to-date symlink: /home/mehul/elec555_ws/install/interfaces/share/interfaces/srv/SetPoint.srv
[1.320s] -- Up-to-date symlink: /home/mehul/elec555_ws/install/interfaces/share/interfaces/srv/SetPoint_Request.msg
[1.320s] -- Up-to-date symlink: /home/mehul/elec555_ws/install/interfaces/share/interfaces/srv/SetPoint_Response.msg
[1.320s] -- Up-to-date symlink: /home/mehul/elec555_ws/install/interfaces/share/interfaces/srv/SetPose2D.srv
[1.320s] -- Up-to-date symlink: /home/mehul/elec555_ws/install/interfaces/share/interfaces/srv/SetPose2D_Request.msg
[1.320s] -- Up-to-date symlink: /home/mehul/elec555_ws/install/interfaces/share/interfaces/srv/SetPose2D_Response.msg
[1.320s] -- Up-to-date symlink: /home/mehul/elec555_ws/install/interfaces/share/interfaces/srv/SetPose.srv
[1.321s] -- Up-to-date symlink: /home/mehul/elec555_ws/install/interfaces/share/interfaces/srv/SetPose_Request.msg
[1.321s] -- Up-to-date symlink: /home/mehul/elec555_ws/install/interfaces/share/interfaces/srv/SetPose_Response.msg
[1.321s] -- Up-to-date symlink: /home/mehul/elec555_ws/install/interfaces/share/interfaces/srv/SetStringList.srv
[1.321s] -- Up-to-date symlink: /home/mehul/elec555_ws/install/interfaces/share/interfaces/srv/SetStringList_Request.msg
[1.321s] -- Up-to-date symlink: /home/mehul/elec555_ws/install/interfaces/share/interfaces/srv/SetStringList_Response.msg
[1.321s] -- Up-to-date symlink: /home/mehul/elec555_ws/install/interfaces/share/interfaces/srv/SetString.srv
[1.322s] -- Up-to-date symlink: /home/mehul/elec555_ws/install/interfaces/share/interfaces/srv/SetString_Request.msg
[1.322s] -- Up-to-date symlink: /home/mehul/elec555_ws/install/interfaces/share/interfaces/srv/SetString_Response.msg
[1.322s] -- Up-to-date symlink: /home/mehul/elec555_ws/install/interfaces/share/ament_index/resource_index/package_run_dependencies/interfaces
[1.322s] -- Up-to-date symlink: /home/mehul/elec555_ws/install/interfaces/share/ament_index/resource_index/parent_prefix_path/interfaces
[1.322s] -- Up-to-date symlink: /home/mehul/elec555_ws/install/interfaces/share/interfaces/environment/ament_prefix_path.sh
[1.323s] -- Up-to-date symlink: /home/mehul/elec555_ws/install/interfaces/share/interfaces/environment/ament_prefix_path.dsv
[1.323s] -- Up-to-date symlink: /home/mehul/elec555_ws/install/interfaces/share/interfaces/environment/path.sh
[1.323s] -- Up-to-date symlink: /home/mehul/elec555_ws/install/interfaces/share/interfaces/environment/path.dsv
[1.323s] -- Up-to-date symlink: /home/mehul/elec555_ws/install/interfaces/share/interfaces/local_setup.bash
[1.323s] -- Up-to-date symlink: /home/mehul/elec555_ws/install/interfaces/share/interfaces/local_setup.sh
[1.324s] -- Up-to-date symlink: /home/mehul/elec555_ws/install/interfaces/share/interfaces/local_setup.zsh
[1.324s] -- Up-to-date symlink: /home/mehul/elec555_ws/install/interfaces/share/interfaces/local_setup.dsv
[1.324s] -- Symlinking: /home/mehul/elec555_ws/install/interfaces/share/interfaces/package.dsv
[1.336s] -- Up-to-date symlink: /home/mehul/elec555_ws/install/interfaces/share/ament_index/resource_index/packages/interfaces
[1.336s] -- Up-to-date symlink: /home/mehul/elec555_ws/install/interfaces/share/interfaces/cmake/rosidl_cmake-extras.cmake
[1.337s] -- Up-to-date symlink: /home/mehul/elec555_ws/install/interfaces/share/interfaces/cmake/ament_cmake_export_dependencies-extras.cmake
[1.337s] -- Up-to-date symlink: /home/mehul/elec555_ws/install/interfaces/share/interfaces/cmake/ament_cmake_export_include_directories-extras.cmake
[1.337s] -- Up-to-date symlink: /home/mehul/elec555_ws/install/interfaces/share/interfaces/cmake/ament_cmake_export_libraries-extras.cmake
[1.337s] -- Up-to-date symlink: /home/mehul/elec555_ws/install/interfaces/share/interfaces/cmake/ament_cmake_export_targets-extras.cmake
[1.337s] -- Up-to-date symlink: /home/mehul/elec555_ws/install/interfaces/share/interfaces/cmake/rosidl_cmake_export_typesupport_targets-extras.cmake
[1.338s] -- Up-to-date symlink: /home/mehul/elec555_ws/install/interfaces/share/interfaces/cmake/rosidl_cmake_export_typesupport_libraries-extras.cmake
[1.338s] -- Up-to-date symlink: /home/mehul/elec555_ws/install/interfaces/share/interfaces/cmake/interfacesConfig.cmake
[1.338s] -- Up-to-date symlink: /home/mehul/elec555_ws/install/interfaces/share/interfaces/cmake/interfacesConfig-version.cmake
[1.338s] -- Up-to-date symlink: /home/mehul/elec555_ws/install/interfaces/share/interfaces/package.xml
[1.339s] -- Up-to-date: /home/mehul/elec555_ws/install/interfaces/lib/libinterfaces__rosidl_generator_c.so
[1.339s] -- Up-to-date: /home/mehul/elec555_ws/install/interfaces/lib/libinterfaces__rosidl_typesupport_fastrtps_c.so
[1.340s] -- Up-to-date: /home/mehul/elec555_ws/install/interfaces/lib/libinterfaces__rosidl_typesupport_fastrtps_cpp.so
[1.341s] -- Up-to-date: /home/mehul/elec555_ws/install/interfaces/lib/libinterfaces__rosidl_typesupport_introspection_c.so
[1.343s] -- Up-to-date: /home/mehul/elec555_ws/install/interfaces/lib/libinterfaces__rosidl_typesupport_c.so
[1.343s] -- Up-to-date: /home/mehul/elec555_ws/install/interfaces/lib/libinterfaces__rosidl_typesupport_introspection_cpp.so
[1.344s] -- Up-to-date: /home/mehul/elec555_ws/install/interfaces/lib/libinterfaces__rosidl_typesupport_cpp.so
[1.374s] Listing '/home/mehul/elec555_ws/install/interfaces/local/lib/python3.10/dist-packages/interfaces'...
[1.374s] Listing '/home/mehul/elec555_ws/install/interfaces/local/lib/python3.10/dist-packages/interfaces/msg'...
[1.374s] Listing '/home/mehul/elec555_ws/install/interfaces/local/lib/python3.10/dist-packages/interfaces/srv'...
[1.383s] -- Up-to-date: /home/mehul/elec555_ws/install/interfaces/lib/libinterfaces__rosidl_generator_py.so
[1.384s] -- Up-to-date: /home/mehul/elec555_ws/install/interfaces/share/interfaces/cmake/export_interfaces__rosidl_generator_cExport.cmake
[1.384s] -- Up-to-date: /home/mehul/elec555_ws/install/interfaces/share/interfaces/cmake/export_interfaces__rosidl_generator_cExport-noconfig.cmake
[1.384s] -- Up-to-date: /home/mehul/elec555_ws/install/interfaces/share/interfaces/cmake/export_interfaces__rosidl_typesupport_fastrtps_cExport.cmake
[1.384s] -- Up-to-date: /home/mehul/elec555_ws/install/interfaces/share/interfaces/cmake/export_interfaces__rosidl_typesupport_fastrtps_cExport-noconfig.cmake
[1.384s] -- Up-to-date: /home/mehul/elec555_ws/install/interfaces/share/interfaces/cmake/export_interfaces__rosidl_generator_cppExport.cmake
[1.384s] -- Up-to-date: /home/mehul/elec555_ws/install/interfaces/share/interfaces/cmake/export_interfaces__rosidl_typesupport_fastrtps_cppExport.cmake
[1.384s] -- Up-to-date: /home/mehul/elec555_ws/install/interfaces/share/interfaces/cmake/export_interfaces__rosidl_typesupport_fastrtps_cppExport-noconfig.cmake
[1.385s] -- Up-to-date: /home/mehul/elec555_ws/install/interfaces/share/interfaces/cmake/interfaces__rosidl_typesupport_introspection_cExport.cmake
[1.385s] -- Up-to-date: /home/mehul/elec555_ws/install/interfaces/share/interfaces/cmake/interfaces__rosidl_typesupport_introspection_cExport-noconfig.cmake
[1.385s] -- Up-to-date: /home/mehul/elec555_ws/install/interfaces/share/interfaces/cmake/interfaces__rosidl_typesupport_cExport.cmake
[1.385s] -- Up-to-date: /home/mehul/elec555_ws/install/interfaces/share/interfaces/cmake/interfaces__rosidl_typesupport_cExport-noconfig.cmake
[1.385s] -- Up-to-date: /home/mehul/elec555_ws/install/interfaces/share/interfaces/cmake/interfaces__rosidl_typesupport_introspection_cppExport.cmake
[1.386s] -- Up-to-date: /home/mehul/elec555_ws/install/interfaces/share/interfaces/cmake/interfaces__rosidl_typesupport_introspection_cppExport-noconfig.cmake
[1.386s] -- Up-to-date: /home/mehul/elec555_ws/install/interfaces/share/interfaces/cmake/interfaces__rosidl_typesupport_cppExport.cmake
[1.386s] -- Up-to-date: /home/mehul/elec555_ws/install/interfaces/share/interfaces/cmake/interfaces__rosidl_typesupport_cppExport-noconfig.cmake
[1.386s] -- Up-to-date: /home/mehul/elec555_ws/install/interfaces/share/interfaces/cmake/export_interfaces__rosidl_generator_pyExport.cmake
[1.386s] -- Up-to-date: /home/mehul/elec555_ws/install/interfaces/share/interfaces/cmake/export_interfaces__rosidl_generator_pyExport-noconfig.cmake
[1.408s] Invoked command in '/home/mehul/elec555_ws/build/interfaces' returned '0': CMAKE_PREFIX_PATH=${CMAKE_PREFIX_PATH}:/opt/ros/humble /usr/bin/cmake --install /home/mehul/elec555_ws/build/interfaces
