[0.067s] Invoking command in '/home/mehul/elec555_ws/build/interfaces': CMAKE_PREFIX_PATH=${CMAKE_PREFIX_PATH}:/home/mehul/elec555_ws/install/teleop_ctrl:/home/mehul/elec555_ws/install/sdk:/home/mehul/elec555_ws/install/ros_robot_controller:/home/mehul/elec555_ws/install/robot_cam:/home/mehul/elec555_ws/install/peripherals:/home/mehul/elec555_ws/install/controller:/home/mehul/elec555_ws/install/calibration:/home/mehul/elec555_ws/install/bringup:/opt/ros/humble /usr/bin/cmake --build /home/mehul/elec555_ws/build/interfaces -- -j16 -l16
[1.358s] [35m[1mConsolidate compiler generated dependencies of target interfaces__rosidl_generator_c[0m
[1.358s] [  0%] Built target interfaces__cpp
[1.358s] [  0%] Built target ament_cmake_python_symlink_interfaces
[1.358s] [ 13%] Built target interfaces__rosidl_generator_c
[1.358s] [35m[1mConsolidate compiler generated dependencies of target interfaces__rosidl_typesupport_cpp[0m
[1.359s] [35m[1mConsolidate compiler generated dependencies of target interfaces__rosidl_typesupport_introspection_cpp[0m
[1.359s] [35m[1mConsolidate compiler generated dependencies of target interfaces__rosidl_typesupport_fastrtps_cpp[0m
[1.359s] [35m[1mConsolidate compiler generated dependencies of target interfaces__rosidl_typesupport_c[0m
[1.359s] [35m[1mConsolidate compiler generated dependencies of target interfaces__rosidl_typesupport_introspection_c[0m
[1.359s] [35m[1mConsolidate compiler generated dependencies of target interfaces__rosidl_typesupport_fastrtps_c[0m
[1.359s] [ 25%] Built target interfaces__rosidl_typesupport_c
[1.359s] [ 49%] Built target interfaces__rosidl_typesupport_cpp
[1.359s] [ 49%] Built target interfaces__rosidl_typesupport_introspection_c
[1.359s] [ 62%] Built target interfaces__rosidl_typesupport_introspection_cpp
[1.359s] [ 74%] Built target interfaces__rosidl_typesupport_fastrtps_cpp
[1.359s] [ 86%] Built target interfaces__rosidl_typesupport_fastrtps_c
[1.359s] [ 86%] Built target interfaces
[1.359s] [ 86%] Built target interfaces__py
[1.359s] [35m[1mConsolidate compiler generated dependencies of target interfaces__rosidl_generator_py[0m
[1.359s] [ 97%] Built target interfaces__rosidl_generator_py
[1.359s] [35m[1mConsolidate compiler generated dependencies of target interfaces__rosidl_typesupport_introspection_c__pyext[0m
[1.359s] [35m[1mConsolidate compiler generated dependencies of target interfaces__rosidl_typesupport_c__pyext[0m
[1.359s] [35m[1mConsolidate compiler generated dependencies of target interfaces__rosidl_typesupport_fastrtps_c__pyext[0m
[1.359s] [100%] Built target interfaces__rosidl_typesupport_c__pyext
[1.359s] [100%] Built target interfaces__rosidl_typesupport_fastrtps_c__pyext
[1.359s] [100%] Built target interfaces__rosidl_typesupport_introspection_c__pyext
[1.359s] running egg_info
[1.359s] writing interfaces.egg-info/PKG-INFO
[1.359s] writing dependency_links to interfaces.egg-info/dependency_links.txt
[1.360s] writing top-level names to interfaces.egg-info/top_level.txt
[1.360s] reading manifest file 'interfaces.egg-info/SOURCES.txt'
[1.360s] writing manifest file 'interfaces.egg-info/SOURCES.txt'
[1.360s] [100%] Built target ament_cmake_python_build_interfaces_egg
[1.363s] Invoked command in '/home/mehul/elec555_ws/build/interfaces' returned '0': CMAKE_PREFIX_PATH=${CMAKE_PREFIX_PATH}:/home/mehul/elec555_ws/install/teleop_ctrl:/home/mehul/elec555_ws/install/sdk:/home/mehul/elec555_ws/install/ros_robot_controller:/home/mehul/elec555_ws/install/robot_cam:/home/mehul/elec555_ws/install/peripherals:/home/mehul/elec555_ws/install/controller:/home/mehul/elec555_ws/install/calibration:/home/mehul/elec555_ws/install/bringup:/opt/ros/humble /usr/bin/cmake --build /home/mehul/elec555_ws/build/interfaces -- -j16 -l16
[1.373s] Invoking command in '/home/mehul/elec555_ws/build/interfaces': CMAKE_PREFIX_PATH=${CMAKE_PREFIX_PATH}:/home/mehul/elec555_ws/install/teleop_ctrl:/home/mehul/elec555_ws/install/sdk:/home/mehul/elec555_ws/install/ros_robot_controller:/home/mehul/elec555_ws/install/robot_cam:/home/mehul/elec555_ws/install/peripherals:/home/mehul/elec555_ws/install/controller:/home/mehul/elec555_ws/install/calibration:/home/mehul/elec555_ws/install/bringup:/opt/ros/humble /usr/bin/cmake --install /home/mehul/elec555_ws/build/interfaces
[1.380s] -- Install configuration: ""
[1.380s] -- Execute custom install script
[1.381s] -- Up-to-date symlink: /home/mehul/elec555_ws/install/interfaces/share/ament_index/resource_index/rosidl_interfaces/interfaces
[1.382s] -- Up-to-date symlink: /home/mehul/elec555_ws/install/interfaces/include/interfaces/interfaces/msg/color_detect.h
[1.382s] -- Up-to-date symlink: /home/mehul/elec555_ws/install/interfaces/include/interfaces/interfaces/msg/color_info.h
[1.382s] -- Up-to-date symlink: /home/mehul/elec555_ws/install/interfaces/include/interfaces/interfaces/msg/colors_info.h
[1.382s] -- Up-to-date symlink: /home/mehul/elec555_ws/install/interfaces/include/interfaces/interfaces/msg/detail/color_detect__functions.h
[1.382s] -- Up-to-date symlink: /home/mehul/elec555_ws/install/interfaces/include/interfaces/interfaces/msg/detail/color_detect__struct.h
[1.382s] -- Up-to-date symlink: /home/mehul/elec555_ws/install/interfaces/include/interfaces/interfaces/msg/detail/color_detect__type_support.h
[1.382s] -- Up-to-date symlink: /home/mehul/elec555_ws/install/interfaces/include/interfaces/interfaces/msg/detail/color_info__functions.h
[1.382s] -- Up-to-date symlink: /home/mehul/elec555_ws/install/interfaces/include/interfaces/interfaces/msg/detail/color_info__struct.h
[1.382s] -- Up-to-date symlink: /home/mehul/elec555_ws/install/interfaces/include/interfaces/interfaces/msg/detail/color_info__type_support.h
[1.382s] -- Up-to-date symlink: /home/mehul/elec555_ws/install/interfaces/include/interfaces/interfaces/msg/detail/colors_info__functions.h
[1.382s] -- Up-to-date symlink: /home/mehul/elec555_ws/install/interfaces/include/interfaces/interfaces/msg/detail/colors_info__struct.h
[1.382s] -- Up-to-date symlink: /home/mehul/elec555_ws/install/interfaces/include/interfaces/interfaces/msg/detail/colors_info__type_support.h
[1.382s] -- Up-to-date symlink: /home/mehul/elec555_ws/install/interfaces/include/interfaces/interfaces/msg/detail/line_roi__functions.h
[1.382s] -- Up-to-date symlink: /home/mehul/elec555_ws/install/interfaces/include/interfaces/interfaces/msg/detail/line_roi__struct.h
[1.382s] -- Up-to-date symlink: /home/mehul/elec555_ws/install/interfaces/include/interfaces/interfaces/msg/detail/line_roi__type_support.h
[1.383s] -- Up-to-date symlink: /home/mehul/elec555_ws/install/interfaces/include/interfaces/interfaces/msg/detail/object_info__functions.h
[1.383s] -- Up-to-date symlink: /home/mehul/elec555_ws/install/interfaces/include/interfaces/interfaces/msg/detail/object_info__struct.h
[1.383s] -- Up-to-date symlink: /home/mehul/elec555_ws/install/interfaces/include/interfaces/interfaces/msg/detail/object_info__type_support.h
[1.383s] -- Up-to-date symlink: /home/mehul/elec555_ws/install/interfaces/include/interfaces/interfaces/msg/detail/objects_info__functions.h
[1.383s] -- Up-to-date symlink: /home/mehul/elec555_ws/install/interfaces/include/interfaces/interfaces/msg/detail/objects_info__struct.h
[1.383s] -- Up-to-date symlink: /home/mehul/elec555_ws/install/interfaces/include/interfaces/interfaces/msg/detail/objects_info__type_support.h
[1.383s] -- Up-to-date symlink: /home/mehul/elec555_ws/install/interfaces/include/interfaces/interfaces/msg/detail/pixel_position__functions.h
[1.383s] -- Up-to-date symlink: /home/mehul/elec555_ws/install/interfaces/include/interfaces/interfaces/msg/detail/pixel_position__struct.h
[1.383s] -- Up-to-date symlink: /home/mehul/elec555_ws/install/interfaces/include/interfaces/interfaces/msg/detail/pixel_position__type_support.h
[1.383s] -- Up-to-date symlink: /home/mehul/elec555_ws/install/interfaces/include/interfaces/interfaces/msg/detail/point2_d__functions.h
[1.383s] -- Up-to-date symlink: /home/mehul/elec555_ws/install/interfaces/include/interfaces/interfaces/msg/detail/point2_d__struct.h
[1.383s] -- Up-to-date symlink: /home/mehul/elec555_ws/install/interfaces/include/interfaces/interfaces/msg/detail/point2_d__type_support.h
[1.383s] -- Up-to-date symlink: /home/mehul/elec555_ws/install/interfaces/include/interfaces/interfaces/msg/detail/points__functions.h
[1.383s] -- Up-to-date symlink: /home/mehul/elec555_ws/install/interfaces/include/interfaces/interfaces/msg/detail/points__struct.h
[1.383s] -- Up-to-date symlink: /home/mehul/elec555_ws/install/interfaces/include/interfaces/interfaces/msg/detail/points__type_support.h
[1.383s] -- Up-to-date symlink: /home/mehul/elec555_ws/install/interfaces/include/interfaces/interfaces/msg/detail/pose2_d__functions.h
[1.383s] -- Up-to-date symlink: /home/mehul/elec555_ws/install/interfaces/include/interfaces/interfaces/msg/detail/pose2_d__struct.h
[1.384s] -- Up-to-date symlink: /home/mehul/elec555_ws/install/interfaces/include/interfaces/interfaces/msg/detail/pose2_d__type_support.h
[1.384s] -- Up-to-date symlink: /home/mehul/elec555_ws/install/interfaces/include/interfaces/interfaces/msg/detail/roi__functions.h
[1.384s] -- Up-to-date symlink: /home/mehul/elec555_ws/install/interfaces/include/interfaces/interfaces/msg/detail/roi__struct.h
[1.384s] -- Up-to-date symlink: /home/mehul/elec555_ws/install/interfaces/include/interfaces/interfaces/msg/detail/roi__type_support.h
[1.384s] -- Up-to-date symlink: /home/mehul/elec555_ws/install/interfaces/include/interfaces/interfaces/msg/line_roi.h
[1.384s] -- Up-to-date symlink: /home/mehul/elec555_ws/install/interfaces/include/interfaces/interfaces/msg/object_info.h
[1.384s] -- Up-to-date symlink: /home/mehul/elec555_ws/install/interfaces/include/interfaces/interfaces/msg/objects_info.h
[1.384s] -- Up-to-date symlink: /home/mehul/elec555_ws/install/interfaces/include/interfaces/interfaces/msg/pixel_position.h
[1.384s] -- Up-to-date symlink: /home/mehul/elec555_ws/install/interfaces/include/interfaces/interfaces/msg/point2_d.h
[1.384s] -- Up-to-date symlink: /home/mehul/elec555_ws/install/interfaces/include/interfaces/interfaces/msg/points.h
[1.385s] -- Up-to-date symlink: /home/mehul/elec555_ws/install/interfaces/include/interfaces/interfaces/msg/pose2_d.h
[1.385s] -- Up-to-date symlink: /home/mehul/elec555_ws/install/interfaces/include/interfaces/interfaces/msg/roi.h
[1.385s] -- Up-to-date symlink: /home/mehul/elec555_ws/install/interfaces/include/interfaces/interfaces/msg/rosidl_generator_c__visibility_control.h
[1.385s] -- Up-to-date symlink: /home/mehul/elec555_ws/install/interfaces/include/interfaces/interfaces/srv/detail/get_pose__functions.h
[1.385s] -- Up-to-date symlink: /home/mehul/elec555_ws/install/interfaces/include/interfaces/interfaces/srv/detail/get_pose__struct.h
[1.385s] -- Up-to-date symlink: /home/mehul/elec555_ws/install/interfaces/include/interfaces/interfaces/srv/detail/get_pose__type_support.h
[1.385s] -- Up-to-date symlink: /home/mehul/elec555_ws/install/interfaces/include/interfaces/interfaces/srv/detail/set_circle_roi__functions.h
[1.385s] -- Up-to-date symlink: /home/mehul/elec555_ws/install/interfaces/include/interfaces/interfaces/srv/detail/set_circle_roi__struct.h
[1.385s] -- Up-to-date symlink: /home/mehul/elec555_ws/install/interfaces/include/interfaces/interfaces/srv/detail/set_circle_roi__type_support.h
[1.385s] -- Up-to-date symlink: /home/mehul/elec555_ws/install/interfaces/include/interfaces/interfaces/srv/detail/set_color_detect_param__functions.h
[1.385s] -- Up-to-date symlink: /home/mehul/elec555_ws/install/interfaces/include/interfaces/interfaces/srv/detail/set_color_detect_param__struct.h
[1.385s] -- Up-to-date symlink: /home/mehul/elec555_ws/install/interfaces/include/interfaces/interfaces/srv/detail/set_color_detect_param__type_support.h
[1.385s] -- Up-to-date symlink: /home/mehul/elec555_ws/install/interfaces/include/interfaces/interfaces/srv/detail/set_color_rgba__functions.h
[1.386s] -- Up-to-date symlink: /home/mehul/elec555_ws/install/interfaces/include/interfaces/interfaces/srv/detail/set_color_rgba__struct.h
[1.386s] -- Up-to-date symlink: /home/mehul/elec555_ws/install/interfaces/include/interfaces/interfaces/srv/detail/set_color_rgba__type_support.h
[1.386s] -- Up-to-date symlink: /home/mehul/elec555_ws/install/interfaces/include/interfaces/interfaces/srv/detail/set_float64__functions.h
[1.386s] -- Up-to-date symlink: /home/mehul/elec555_ws/install/interfaces/include/interfaces/interfaces/srv/detail/set_float64__struct.h
[1.386s] -- Up-to-date symlink: /home/mehul/elec555_ws/install/interfaces/include/interfaces/interfaces/srv/detail/set_float64__type_support.h
[1.386s] -- Up-to-date symlink: /home/mehul/elec555_ws/install/interfaces/include/interfaces/interfaces/srv/detail/set_float64_list__functions.h
[1.386s] -- Up-to-date symlink: /home/mehul/elec555_ws/install/interfaces/include/interfaces/interfaces/srv/detail/set_float64_list__struct.h
[1.386s] -- Up-to-date symlink: /home/mehul/elec555_ws/install/interfaces/include/interfaces/interfaces/srv/detail/set_float64_list__type_support.h
[1.386s] -- Up-to-date symlink: /home/mehul/elec555_ws/install/interfaces/include/interfaces/interfaces/srv/detail/set_int64__functions.h
[1.386s] -- Up-to-date symlink: /home/mehul/elec555_ws/install/interfaces/include/interfaces/interfaces/srv/detail/set_int64__struct.h
[1.386s] -- Up-to-date symlink: /home/mehul/elec555_ws/install/interfaces/include/interfaces/interfaces/srv/detail/set_int64__type_support.h
[1.386s] -- Up-to-date symlink: /home/mehul/elec555_ws/install/interfaces/include/interfaces/interfaces/srv/detail/set_line_roi__functions.h
[1.386s] -- Up-to-date symlink: /home/mehul/elec555_ws/install/interfaces/include/interfaces/interfaces/srv/detail/set_line_roi__struct.h
[1.386s] -- Up-to-date symlink: /home/mehul/elec555_ws/install/interfaces/include/interfaces/interfaces/srv/detail/set_line_roi__type_support.h
[1.386s] -- Up-to-date symlink: /home/mehul/elec555_ws/install/interfaces/include/interfaces/interfaces/srv/detail/set_point__functions.h
[1.386s] -- Up-to-date symlink: /home/mehul/elec555_ws/install/interfaces/include/interfaces/interfaces/srv/detail/set_point__struct.h
[1.387s] -- Up-to-date symlink: /home/mehul/elec555_ws/install/interfaces/include/interfaces/interfaces/srv/detail/set_point__type_support.h
[1.387s] -- Up-to-date symlink: /home/mehul/elec555_ws/install/interfaces/include/interfaces/interfaces/srv/detail/set_pose2_d__functions.h
[1.387s] -- Up-to-date symlink: /home/mehul/elec555_ws/install/interfaces/include/interfaces/interfaces/srv/detail/set_pose2_d__struct.h
[1.387s] -- Up-to-date symlink: /home/mehul/elec555_ws/install/interfaces/include/interfaces/interfaces/srv/detail/set_pose2_d__type_support.h
[1.387s] -- Up-to-date symlink: /home/mehul/elec555_ws/install/interfaces/include/interfaces/interfaces/srv/detail/set_pose__functions.h
[1.387s] -- Up-to-date symlink: /home/mehul/elec555_ws/install/interfaces/include/interfaces/interfaces/srv/detail/set_pose__struct.h
[1.387s] -- Up-to-date symlink: /home/mehul/elec555_ws/install/interfaces/include/interfaces/interfaces/srv/detail/set_pose__type_support.h
[1.387s] -- Up-to-date symlink: /home/mehul/elec555_ws/install/interfaces/include/interfaces/interfaces/srv/detail/set_string__functions.h
[1.387s] -- Up-to-date symlink: /home/mehul/elec555_ws/install/interfaces/include/interfaces/interfaces/srv/detail/set_string__struct.h
[1.387s] -- Up-to-date symlink: /home/mehul/elec555_ws/install/interfaces/include/interfaces/interfaces/srv/detail/set_string__type_support.h
[1.387s] -- Up-to-date symlink: /home/mehul/elec555_ws/install/interfaces/include/interfaces/interfaces/srv/detail/set_string_list__functions.h
[1.387s] -- Up-to-date symlink: /home/mehul/elec555_ws/install/interfaces/include/interfaces/interfaces/srv/detail/set_string_list__struct.h
[1.387s] -- Up-to-date symlink: /home/mehul/elec555_ws/install/interfaces/include/interfaces/interfaces/srv/detail/set_string_list__type_support.h
[1.387s] -- Up-to-date symlink: /home/mehul/elec555_ws/install/interfaces/include/interfaces/interfaces/srv/get_pose.h
[1.387s] -- Up-to-date symlink: /home/mehul/elec555_ws/install/interfaces/include/interfaces/interfaces/srv/set_circle_roi.h
[1.387s] -- Up-to-date symlink: /home/mehul/elec555_ws/install/interfaces/include/interfaces/interfaces/srv/set_color_detect_param.h
[1.388s] -- Up-to-date symlink: /home/mehul/elec555_ws/install/interfaces/include/interfaces/interfaces/srv/set_color_rgba.h
[1.388s] -- Up-to-date symlink: /home/mehul/elec555_ws/install/interfaces/include/interfaces/interfaces/srv/set_float64.h
[1.388s] -- Up-to-date symlink: /home/mehul/elec555_ws/install/interfaces/include/interfaces/interfaces/srv/set_float64_list.h
[1.388s] -- Up-to-date symlink: /home/mehul/elec555_ws/install/interfaces/include/interfaces/interfaces/srv/set_int64.h
[1.388s] -- Up-to-date symlink: /home/mehul/elec555_ws/install/interfaces/include/interfaces/interfaces/srv/set_line_roi.h
[1.388s] -- Up-to-date symlink: /home/mehul/elec555_ws/install/interfaces/include/interfaces/interfaces/srv/set_point.h
[1.388s] -- Up-to-date symlink: /home/mehul/elec555_ws/install/interfaces/include/interfaces/interfaces/srv/set_pose.h
[1.388s] -- Up-to-date symlink: /home/mehul/elec555_ws/install/interfaces/include/interfaces/interfaces/srv/set_pose2_d.h
[1.388s] -- Up-to-date symlink: /home/mehul/elec555_ws/install/interfaces/include/interfaces/interfaces/srv/set_string.h
[1.388s] -- Up-to-date symlink: /home/mehul/elec555_ws/install/interfaces/include/interfaces/interfaces/srv/set_string_list.h
[1.389s] -- Up-to-date symlink: /home/mehul/elec555_ws/install/interfaces/share/interfaces/environment/library_path.sh
[1.389s] -- Up-to-date symlink: /home/mehul/elec555_ws/install/interfaces/share/interfaces/environment/library_path.dsv
[1.389s] -- Up-to-date symlink: /home/mehul/elec555_ws/install/interfaces/include/interfaces/interfaces/msg/detail/color_detect__rosidl_typesupport_fastrtps_c.h
[1.389s] -- Up-to-date symlink: /home/mehul/elec555_ws/install/interfaces/include/interfaces/interfaces/msg/detail/color_info__rosidl_typesupport_fastrtps_c.h
[1.389s] -- Up-to-date symlink: /home/mehul/elec555_ws/install/interfaces/include/interfaces/interfaces/msg/detail/colors_info__rosidl_typesupport_fastrtps_c.h
[1.389s] -- Up-to-date symlink: /home/mehul/elec555_ws/install/interfaces/include/interfaces/interfaces/msg/detail/line_roi__rosidl_typesupport_fastrtps_c.h
[1.389s] -- Up-to-date symlink: /home/mehul/elec555_ws/install/interfaces/include/interfaces/interfaces/msg/detail/object_info__rosidl_typesupport_fastrtps_c.h
[1.389s] -- Up-to-date symlink: /home/mehul/elec555_ws/install/interfaces/include/interfaces/interfaces/msg/detail/objects_info__rosidl_typesupport_fastrtps_c.h
[1.390s] -- Up-to-date symlink: /home/mehul/elec555_ws/install/interfaces/include/interfaces/interfaces/msg/detail/pixel_position__rosidl_typesupport_fastrtps_c.h
[1.390s] -- Up-to-date symlink: /home/mehul/elec555_ws/install/interfaces/include/interfaces/interfaces/msg/detail/point2_d__rosidl_typesupport_fastrtps_c.h
[1.390s] -- Up-to-date symlink: /home/mehul/elec555_ws/install/interfaces/include/interfaces/interfaces/msg/detail/points__rosidl_typesupport_fastrtps_c.h
[1.390s] -- Up-to-date symlink: /home/mehul/elec555_ws/install/interfaces/include/interfaces/interfaces/msg/detail/pose2_d__rosidl_typesupport_fastrtps_c.h
[1.390s] -- Up-to-date symlink: /home/mehul/elec555_ws/install/interfaces/include/interfaces/interfaces/msg/detail/roi__rosidl_typesupport_fastrtps_c.h
[1.390s] -- Up-to-date symlink: /home/mehul/elec555_ws/install/interfaces/include/interfaces/interfaces/msg/rosidl_typesupport_fastrtps_c__visibility_control.h
[1.390s] -- Up-to-date symlink: /home/mehul/elec555_ws/install/interfaces/include/interfaces/interfaces/srv/detail/get_pose__rosidl_typesupport_fastrtps_c.h
[1.390s] -- Up-to-date symlink: /home/mehul/elec555_ws/install/interfaces/include/interfaces/interfaces/srv/detail/set_circle_roi__rosidl_typesupport_fastrtps_c.h
[1.390s] -- Up-to-date symlink: /home/mehul/elec555_ws/install/interfaces/include/interfaces/interfaces/srv/detail/set_color_detect_param__rosidl_typesupport_fastrtps_c.h
[1.390s] -- Up-to-date symlink: /home/mehul/elec555_ws/install/interfaces/include/interfaces/interfaces/srv/detail/set_color_rgba__rosidl_typesupport_fastrtps_c.h
[1.390s] -- Up-to-date symlink: /home/mehul/elec555_ws/install/interfaces/include/interfaces/interfaces/srv/detail/set_float64__rosidl_typesupport_fastrtps_c.h
[1.391s] -- Up-to-date symlink: /home/mehul/elec555_ws/install/interfaces/include/interfaces/interfaces/srv/detail/set_float64_list__rosidl_typesupport_fastrtps_c.h
[1.391s] -- Up-to-date symlink: /home/mehul/elec555_ws/install/interfaces/include/interfaces/interfaces/srv/detail/set_int64__rosidl_typesupport_fastrtps_c.h
[1.391s] -- Up-to-date symlink: /home/mehul/elec555_ws/install/interfaces/include/interfaces/interfaces/srv/detail/set_line_roi__rosidl_typesupport_fastrtps_c.h
[1.391s] -- Up-to-date symlink: /home/mehul/elec555_ws/install/interfaces/include/interfaces/interfaces/srv/detail/set_point__rosidl_typesupport_fastrtps_c.h
[1.391s] -- Up-to-date symlink: /home/mehul/elec555_ws/install/interfaces/include/interfaces/interfaces/srv/detail/set_pose2_d__rosidl_typesupport_fastrtps_c.h
[1.391s] -- Up-to-date symlink: /home/mehul/elec555_ws/install/interfaces/include/interfaces/interfaces/srv/detail/set_pose__rosidl_typesupport_fastrtps_c.h
[1.391s] -- Up-to-date symlink: /home/mehul/elec555_ws/install/interfaces/include/interfaces/interfaces/srv/detail/set_string__rosidl_typesupport_fastrtps_c.h
[1.391s] -- Up-to-date symlink: /home/mehul/elec555_ws/install/interfaces/include/interfaces/interfaces/srv/detail/set_string_list__rosidl_typesupport_fastrtps_c.h
[1.393s] -- Up-to-date symlink: /home/mehul/elec555_ws/install/interfaces/include/interfaces/interfaces/msg/color_detect.hpp
[1.393s] -- Up-to-date symlink: /home/mehul/elec555_ws/install/interfaces/include/interfaces/interfaces/msg/color_info.hpp
[1.393s] -- Up-to-date symlink: /home/mehul/elec555_ws/install/interfaces/include/interfaces/interfaces/msg/colors_info.hpp
[1.393s] -- Up-to-date symlink: /home/mehul/elec555_ws/install/interfaces/include/interfaces/interfaces/msg/detail/color_detect__builder.hpp
[1.393s] -- Up-to-date symlink: /home/mehul/elec555_ws/install/interfaces/include/interfaces/interfaces/msg/detail/color_detect__struct.hpp
[1.393s] -- Up-to-date symlink: /home/mehul/elec555_ws/install/interfaces/include/interfaces/interfaces/msg/detail/color_detect__traits.hpp
[1.393s] -- Up-to-date symlink: /home/mehul/elec555_ws/install/interfaces/include/interfaces/interfaces/msg/detail/color_detect__type_support.hpp
[1.394s] -- Up-to-date symlink: /home/mehul/elec555_ws/install/interfaces/include/interfaces/interfaces/msg/detail/color_info__builder.hpp
[1.394s] -- Up-to-date symlink: /home/mehul/elec555_ws/install/interfaces/include/interfaces/interfaces/msg/detail/color_info__struct.hpp
[1.394s] -- Up-to-date symlink: /home/mehul/elec555_ws/install/interfaces/include/interfaces/interfaces/msg/detail/color_info__traits.hpp
[1.394s] -- Up-to-date symlink: /home/mehul/elec555_ws/install/interfaces/include/interfaces/interfaces/msg/detail/color_info__type_support.hpp
[1.394s] -- Up-to-date symlink: /home/mehul/elec555_ws/install/interfaces/include/interfaces/interfaces/msg/detail/colors_info__builder.hpp
[1.395s] -- Up-to-date symlink: /home/mehul/elec555_ws/install/interfaces/include/interfaces/interfaces/msg/detail/colors_info__struct.hpp
[1.395s] -- Up-to-date symlink: /home/mehul/elec555_ws/install/interfaces/include/interfaces/interfaces/msg/detail/colors_info__traits.hpp
[1.395s] -- Up-to-date symlink: /home/mehul/elec555_ws/install/interfaces/include/interfaces/interfaces/msg/detail/colors_info__type_support.hpp
[1.395s] -- Up-to-date symlink: /home/mehul/elec555_ws/install/interfaces/include/interfaces/interfaces/msg/detail/line_roi__builder.hpp
[1.399s] -- Up-to-date symlink: /home/mehul/elec555_ws/install/interfaces/include/interfaces/interfaces/msg/detail/line_roi__struct.hpp
[1.401s] -- Up-to-date symlink: /home/mehul/elec555_ws/install/interfaces/include/interfaces/interfaces/msg/detail/line_roi__traits.hpp
[1.401s] -- Up-to-date symlink: /home/mehul/elec555_ws/install/interfaces/include/interfaces/interfaces/msg/detail/line_roi__type_support.hpp
[1.401s] -- Up-to-date symlink: /home/mehul/elec555_ws/install/interfaces/include/interfaces/interfaces/msg/detail/object_info__builder.hpp
[1.401s] -- Up-to-date symlink: /home/mehul/elec555_ws/install/interfaces/include/interfaces/interfaces/msg/detail/object_info__struct.hpp
[1.401s] -- Up-to-date symlink: /home/mehul/elec555_ws/install/interfaces/include/interfaces/interfaces/msg/detail/object_info__traits.hpp
[1.401s] -- Up-to-date symlink: /home/mehul/elec555_ws/install/interfaces/include/interfaces/interfaces/msg/detail/object_info__type_support.hpp
[1.401s] -- Up-to-date symlink: /home/mehul/elec555_ws/install/interfaces/include/interfaces/interfaces/msg/detail/objects_info__builder.hpp
[1.404s] -- Up-to-date symlink: /home/mehul/elec555_ws/install/interfaces/include/interfaces/interfaces/msg/detail/objects_info__struct.hpp
[1.409s] -- Up-to-date symlink: /home/mehul/elec555_ws/install/interfaces/include/interfaces/interfaces/msg/detail/objects_info__traits.hpp
[1.410s] -- Up-to-date symlink: /home/mehul/elec555_ws/install/interfaces/include/interfaces/interfaces/msg/detail/objects_info__type_support.hpp
[1.410s] -- Up-to-date symlink: /home/mehul/elec555_ws/install/interfaces/include/interfaces/interfaces/msg/detail/pixel_position__builder.hpp
[1.410s] -- Up-to-date symlink: /home/mehul/elec555_ws/install/interfaces/include/interfaces/interfaces/msg/detail/pixel_position__struct.hpp
[1.410s] -- Up-to-date symlink: /home/mehul/elec555_ws/install/interfaces/include/interfaces/interfaces/msg/detail/pixel_position__traits.hpp
[1.410s] -- Up-to-date symlink: /home/mehul/elec555_ws/install/interfaces/include/interfaces/interfaces/msg/detail/pixel_position__type_support.hpp
[1.410s] -- Up-to-date symlink: /home/mehul/elec555_ws/install/interfaces/include/interfaces/interfaces/msg/detail/point2_d__builder.hpp
[1.410s] -- Up-to-date symlink: /home/mehul/elec555_ws/install/interfaces/include/interfaces/interfaces/msg/detail/point2_d__struct.hpp
[1.410s] -- Up-to-date symlink: /home/mehul/elec555_ws/install/interfaces/include/interfaces/interfaces/msg/detail/point2_d__traits.hpp
[1.410s] -- Up-to-date symlink: /home/mehul/elec555_ws/install/interfaces/include/interfaces/interfaces/msg/detail/point2_d__type_support.hpp
[1.410s] -- Up-to-date symlink: /home/mehul/elec555_ws/install/interfaces/include/interfaces/interfaces/msg/detail/points__builder.hpp
[1.410s] -- Up-to-date symlink: /home/mehul/elec555_ws/install/interfaces/include/interfaces/interfaces/msg/detail/points__struct.hpp
[1.410s] -- Up-to-date symlink: /home/mehul/elec555_ws/install/interfaces/include/interfaces/interfaces/msg/detail/points__traits.hpp
[1.410s] -- Up-to-date symlink: /home/mehul/elec555_ws/install/interfaces/include/interfaces/interfaces/msg/detail/points__type_support.hpp
[1.410s] -- Up-to-date symlink: /home/mehul/elec555_ws/install/interfaces/include/interfaces/interfaces/msg/detail/pose2_d__builder.hpp
[1.410s] -- Up-to-date symlink: /home/mehul/elec555_ws/install/interfaces/include/interfaces/interfaces/msg/detail/pose2_d__struct.hpp
[1.410s] -- Up-to-date symlink: /home/mehul/elec555_ws/install/interfaces/include/interfaces/interfaces/msg/detail/pose2_d__traits.hpp
[1.410s] -- Up-to-date symlink: /home/mehul/elec555_ws/install/interfaces/include/interfaces/interfaces/msg/detail/pose2_d__type_support.hpp
[1.410s] -- Up-to-date symlink: /home/mehul/elec555_ws/install/interfaces/include/interfaces/interfaces/msg/detail/roi__builder.hpp
[1.410s] -- Up-to-date symlink: /home/mehul/elec555_ws/install/interfaces/include/interfaces/interfaces/msg/detail/roi__struct.hpp
[1.411s] -- Up-to-date symlink: /home/mehul/elec555_ws/install/interfaces/include/interfaces/interfaces/msg/detail/roi__traits.hpp
[1.411s] -- Up-to-date symlink: /home/mehul/elec555_ws/install/interfaces/include/interfaces/interfaces/msg/detail/roi__type_support.hpp
[1.411s] -- Up-to-date symlink: /home/mehul/elec555_ws/install/interfaces/include/interfaces/interfaces/msg/line_roi.hpp
[1.411s] -- Up-to-date symlink: /home/mehul/elec555_ws/install/interfaces/include/interfaces/interfaces/msg/object_info.hpp
[1.411s] -- Up-to-date symlink: /home/mehul/elec555_ws/install/interfaces/include/interfaces/interfaces/msg/objects_info.hpp
[1.411s] -- Up-to-date symlink: /home/mehul/elec555_ws/install/interfaces/include/interfaces/interfaces/msg/pixel_position.hpp
[1.411s] -- Up-to-date symlink: /home/mehul/elec555_ws/install/interfaces/include/interfaces/interfaces/msg/point2_d.hpp
[1.411s] -- Up-to-date symlink: /home/mehul/elec555_ws/install/interfaces/include/interfaces/interfaces/msg/points.hpp
[1.411s] -- Up-to-date symlink: /home/mehul/elec555_ws/install/interfaces/include/interfaces/interfaces/msg/pose2_d.hpp
[1.411s] -- Up-to-date symlink: /home/mehul/elec555_ws/install/interfaces/include/interfaces/interfaces/msg/roi.hpp
[1.411s] -- Up-to-date symlink: /home/mehul/elec555_ws/install/interfaces/include/interfaces/interfaces/msg/rosidl_generator_cpp__visibility_control.hpp
[1.411s] -- Up-to-date symlink: /home/mehul/elec555_ws/install/interfaces/include/interfaces/interfaces/srv/detail/get_pose__builder.hpp
[1.412s] -- Up-to-date symlink: /home/mehul/elec555_ws/install/interfaces/include/interfaces/interfaces/srv/detail/get_pose__struct.hpp
[1.412s] -- Up-to-date symlink: /home/mehul/elec555_ws/install/interfaces/include/interfaces/interfaces/srv/detail/get_pose__traits.hpp
[1.412s] -- Up-to-date symlink: /home/mehul/elec555_ws/install/interfaces/include/interfaces/interfaces/srv/detail/get_pose__type_support.hpp
[1.412s] -- Up-to-date symlink: /home/mehul/elec555_ws/install/interfaces/include/interfaces/interfaces/srv/detail/set_circle_roi__builder.hpp
[1.412s] -- Up-to-date symlink: /home/mehul/elec555_ws/install/interfaces/include/interfaces/interfaces/srv/detail/set_circle_roi__struct.hpp
[1.412s] -- Up-to-date symlink: /home/mehul/elec555_ws/install/interfaces/include/interfaces/interfaces/srv/detail/set_circle_roi__traits.hpp
[1.413s] -- Up-to-date symlink: /home/mehul/elec555_ws/install/interfaces/include/interfaces/interfaces/srv/detail/set_circle_roi__type_support.hpp
[1.413s] -- Up-to-date symlink: /home/mehul/elec555_ws/install/interfaces/include/interfaces/interfaces/srv/detail/set_color_detect_param__builder.hpp
[1.414s] -- Up-to-date symlink: /home/mehul/elec555_ws/install/interfaces/include/interfaces/interfaces/srv/detail/set_color_detect_param__struct.hpp
[1.414s] -- Up-to-date symlink: /home/mehul/elec555_ws/install/interfaces/include/interfaces/interfaces/srv/detail/set_color_detect_param__traits.hpp
[1.414s] -- Up-to-date symlink: /home/mehul/elec555_ws/install/interfaces/include/interfaces/interfaces/srv/detail/set_color_detect_param__type_support.hpp
[1.414s] -- Up-to-date symlink: /home/mehul/elec555_ws/install/interfaces/include/interfaces/interfaces/srv/detail/set_color_rgba__builder.hpp
[1.414s] -- Up-to-date symlink: /home/mehul/elec555_ws/install/interfaces/include/interfaces/interfaces/srv/detail/set_color_rgba__struct.hpp
[1.414s] -- Up-to-date symlink: /home/mehul/elec555_ws/install/interfaces/include/interfaces/interfaces/srv/detail/set_color_rgba__traits.hpp
[1.414s] -- Up-to-date symlink: /home/mehul/elec555_ws/install/interfaces/include/interfaces/interfaces/srv/detail/set_color_rgba__type_support.hpp
[1.414s] -- Up-to-date symlink: /home/mehul/elec555_ws/install/interfaces/include/interfaces/interfaces/srv/detail/set_float64__builder.hpp
[1.414s] -- Up-to-date symlink: /home/mehul/elec555_ws/install/interfaces/include/interfaces/interfaces/srv/detail/set_float64__struct.hpp
[1.415s] -- Up-to-date symlink: /home/mehul/elec555_ws/install/interfaces/include/interfaces/interfaces/srv/detail/set_float64__traits.hpp
[1.415s] -- Up-to-date symlink: /home/mehul/elec555_ws/install/interfaces/include/interfaces/interfaces/srv/detail/set_float64__type_support.hpp
[1.415s] -- Up-to-date symlink: /home/mehul/elec555_ws/install/interfaces/include/interfaces/interfaces/srv/detail/set_float64_list__builder.hpp
[1.415s] -- Up-to-date symlink: /home/mehul/elec555_ws/install/interfaces/include/interfaces/interfaces/srv/detail/set_float64_list__struct.hpp
[1.415s] -- Up-to-date symlink: /home/mehul/elec555_ws/install/interfaces/include/interfaces/interfaces/srv/detail/set_float64_list__traits.hpp
[1.415s] -- Up-to-date symlink: /home/mehul/elec555_ws/install/interfaces/include/interfaces/interfaces/srv/detail/set_float64_list__type_support.hpp
[1.415s] -- Up-to-date symlink: /home/mehul/elec555_ws/install/interfaces/include/interfaces/interfaces/srv/detail/set_int64__builder.hpp
[1.415s] -- Up-to-date symlink: /home/mehul/elec555_ws/install/interfaces/include/interfaces/interfaces/srv/detail/set_int64__struct.hpp
[1.415s] -- Up-to-date symlink: /home/mehul/elec555_ws/install/interfaces/include/interfaces/interfaces/srv/detail/set_int64__traits.hpp
[1.415s] -- Up-to-date symlink: /home/mehul/elec555_ws/install/interfaces/include/interfaces/interfaces/srv/detail/set_int64__type_support.hpp
[1.416s] -- Up-to-date symlink: /home/mehul/elec555_ws/install/interfaces/include/interfaces/interfaces/srv/detail/set_line_roi__builder.hpp
[1.416s] -- Up-to-date symlink: /home/mehul/elec555_ws/install/interfaces/include/interfaces/interfaces/srv/detail/set_line_roi__struct.hpp
[1.416s] -- Up-to-date symlink: /home/mehul/elec555_ws/install/interfaces/include/interfaces/interfaces/srv/detail/set_line_roi__traits.hpp
[1.416s] -- Up-to-date symlink: /home/mehul/elec555_ws/install/interfaces/include/interfaces/interfaces/srv/detail/set_line_roi__type_support.hpp
[1.416s] -- Up-to-date symlink: /home/mehul/elec555_ws/install/interfaces/include/interfaces/interfaces/srv/detail/set_point__builder.hpp
[1.416s] -- Up-to-date symlink: /home/mehul/elec555_ws/install/interfaces/include/interfaces/interfaces/srv/detail/set_point__struct.hpp
[1.416s] -- Up-to-date symlink: /home/mehul/elec555_ws/install/interfaces/include/interfaces/interfaces/srv/detail/set_point__traits.hpp
[1.416s] -- Up-to-date symlink: /home/mehul/elec555_ws/install/interfaces/include/interfaces/interfaces/srv/detail/set_point__type_support.hpp
[1.416s] -- Up-to-date symlink: /home/mehul/elec555_ws/install/interfaces/include/interfaces/interfaces/srv/detail/set_pose2_d__builder.hpp
[1.416s] -- Up-to-date symlink: /home/mehul/elec555_ws/install/interfaces/include/interfaces/interfaces/srv/detail/set_pose2_d__struct.hpp
[1.416s] -- Up-to-date symlink: /home/mehul/elec555_ws/install/interfaces/include/interfaces/interfaces/srv/detail/set_pose2_d__traits.hpp
[1.416s] -- Up-to-date symlink: /home/mehul/elec555_ws/install/interfaces/include/interfaces/interfaces/srv/detail/set_pose2_d__type_support.hpp
[1.416s] -- Up-to-date symlink: /home/mehul/elec555_ws/install/interfaces/include/interfaces/interfaces/srv/detail/set_pose__builder.hpp
[1.416s] -- Up-to-date symlink: /home/mehul/elec555_ws/install/interfaces/include/interfaces/interfaces/srv/detail/set_pose__struct.hpp
[1.417s] -- Up-to-date symlink: /home/mehul/elec555_ws/install/interfaces/include/interfaces/interfaces/srv/detail/set_pose__traits.hpp
[1.417s] -- Up-to-date symlink: /home/mehul/elec555_ws/install/interfaces/include/interfaces/interfaces/srv/detail/set_pose__type_support.hpp
[1.417s] -- Up-to-date symlink: /home/mehul/elec555_ws/install/interfaces/include/interfaces/interfaces/srv/detail/set_string__builder.hpp
[1.417s] -- Up-to-date symlink: /home/mehul/elec555_ws/install/interfaces/include/interfaces/interfaces/srv/detail/set_string__struct.hpp
[1.417s] -- Up-to-date symlink: /home/mehul/elec555_ws/install/interfaces/include/interfaces/interfaces/srv/detail/set_string__traits.hpp
[1.417s] -- Up-to-date symlink: /home/mehul/elec555_ws/install/interfaces/include/interfaces/interfaces/srv/detail/set_string__type_support.hpp
[1.417s] -- Up-to-date symlink: /home/mehul/elec555_ws/install/interfaces/include/interfaces/interfaces/srv/detail/set_string_list__builder.hpp
[1.417s] -- Up-to-date symlink: /home/mehul/elec555_ws/install/interfaces/include/interfaces/interfaces/srv/detail/set_string_list__struct.hpp
[1.417s] -- Up-to-date symlink: /home/mehul/elec555_ws/install/interfaces/include/interfaces/interfaces/srv/detail/set_string_list__traits.hpp
[1.418s] -- Up-to-date symlink: /home/mehul/elec555_ws/install/interfaces/include/interfaces/interfaces/srv/detail/set_string_list__type_support.hpp
[1.419s] -- Up-to-date symlink: /home/mehul/elec555_ws/install/interfaces/include/interfaces/interfaces/srv/get_pose.hpp
[1.419s] -- Up-to-date symlink: /home/mehul/elec555_ws/install/interfaces/include/interfaces/interfaces/srv/set_circle_roi.hpp
[1.419s] -- Up-to-date symlink: /home/mehul/elec555_ws/install/interfaces/include/interfaces/interfaces/srv/set_color_detect_param.hpp
[1.419s] -- Up-to-date symlink: /home/mehul/elec555_ws/install/interfaces/include/interfaces/interfaces/srv/set_color_rgba.hpp
[1.419s] -- Up-to-date symlink: /home/mehul/elec555_ws/install/interfaces/include/interfaces/interfaces/srv/set_float64.hpp
[1.419s] -- Up-to-date symlink: /home/mehul/elec555_ws/install/interfaces/include/interfaces/interfaces/srv/set_float64_list.hpp
[1.419s] -- Up-to-date symlink: /home/mehul/elec555_ws/install/interfaces/include/interfaces/interfaces/srv/set_int64.hpp
[1.419s] -- Up-to-date symlink: /home/mehul/elec555_ws/install/interfaces/include/interfaces/interfaces/srv/set_line_roi.hpp
[1.419s] -- Up-to-date symlink: /home/mehul/elec555_ws/install/interfaces/include/interfaces/interfaces/srv/set_point.hpp
[1.419s] -- Up-to-date symlink: /home/mehul/elec555_ws/install/interfaces/include/interfaces/interfaces/srv/set_pose.hpp
[1.419s] -- Up-to-date symlink: /home/mehul/elec555_ws/install/interfaces/include/interfaces/interfaces/srv/set_pose2_d.hpp
[1.419s] -- Up-to-date symlink: /home/mehul/elec555_ws/install/interfaces/include/interfaces/interfaces/srv/set_string.hpp
[1.419s] -- Up-to-date symlink: /home/mehul/elec555_ws/install/interfaces/include/interfaces/interfaces/srv/set_string_list.hpp
[1.420s] -- Up-to-date symlink: /home/mehul/elec555_ws/install/interfaces/include/interfaces/interfaces/msg/detail/color_detect__rosidl_typesupport_fastrtps_cpp.hpp
[1.420s] -- Up-to-date symlink: /home/mehul/elec555_ws/install/interfaces/include/interfaces/interfaces/msg/detail/color_info__rosidl_typesupport_fastrtps_cpp.hpp
[1.420s] -- Up-to-date symlink: /home/mehul/elec555_ws/install/interfaces/include/interfaces/interfaces/msg/detail/colors_info__rosidl_typesupport_fastrtps_cpp.hpp
[1.420s] -- Up-to-date symlink: /home/mehul/elec555_ws/install/interfaces/include/interfaces/interfaces/msg/detail/line_roi__rosidl_typesupport_fastrtps_cpp.hpp
[1.420s] -- Up-to-date symlink: /home/mehul/elec555_ws/install/interfaces/include/interfaces/interfaces/msg/detail/object_info__rosidl_typesupport_fastrtps_cpp.hpp
[1.420s] -- Up-to-date symlink: /home/mehul/elec555_ws/install/interfaces/include/interfaces/interfaces/msg/detail/objects_info__rosidl_typesupport_fastrtps_cpp.hpp
[1.421s] -- Up-to-date symlink: /home/mehul/elec555_ws/install/interfaces/include/interfaces/interfaces/msg/detail/pixel_position__rosidl_typesupport_fastrtps_cpp.hpp
[1.421s] -- Up-to-date symlink: /home/mehul/elec555_ws/install/interfaces/include/interfaces/interfaces/msg/detail/point2_d__rosidl_typesupport_fastrtps_cpp.hpp
[1.421s] -- Up-to-date symlink: /home/mehul/elec555_ws/install/interfaces/include/interfaces/interfaces/msg/detail/points__rosidl_typesupport_fastrtps_cpp.hpp
[1.421s] -- Up-to-date symlink: /home/mehul/elec555_ws/install/interfaces/include/interfaces/interfaces/msg/detail/pose2_d__rosidl_typesupport_fastrtps_cpp.hpp
[1.421s] -- Up-to-date symlink: /home/mehul/elec555_ws/install/interfaces/include/interfaces/interfaces/msg/detail/roi__rosidl_typesupport_fastrtps_cpp.hpp
[1.421s] -- Up-to-date symlink: /home/mehul/elec555_ws/install/interfaces/include/interfaces/interfaces/msg/rosidl_typesupport_fastrtps_cpp__visibility_control.h
[1.421s] -- Up-to-date symlink: /home/mehul/elec555_ws/install/interfaces/include/interfaces/interfaces/srv/detail/get_pose__rosidl_typesupport_fastrtps_cpp.hpp
[1.421s] -- Up-to-date symlink: /home/mehul/elec555_ws/install/interfaces/include/interfaces/interfaces/srv/detail/set_circle_roi__rosidl_typesupport_fastrtps_cpp.hpp
[1.421s] -- Up-to-date symlink: /home/mehul/elec555_ws/install/interfaces/include/interfaces/interfaces/srv/detail/set_color_detect_param__rosidl_typesupport_fastrtps_cpp.hpp
[1.422s] -- Up-to-date symlink: /home/mehul/elec555_ws/install/interfaces/include/interfaces/interfaces/srv/detail/set_color_rgba__rosidl_typesupport_fastrtps_cpp.hpp
[1.422s] -- Up-to-date symlink: /home/mehul/elec555_ws/install/interfaces/include/interfaces/interfaces/srv/detail/set_float64__rosidl_typesupport_fastrtps_cpp.hpp
[1.422s] -- Up-to-date symlink: /home/mehul/elec555_ws/install/interfaces/include/interfaces/interfaces/srv/detail/set_float64_list__rosidl_typesupport_fastrtps_cpp.hpp
[1.422s] -- Up-to-date symlink: /home/mehul/elec555_ws/install/interfaces/include/interfaces/interfaces/srv/detail/set_int64__rosidl_typesupport_fastrtps_cpp.hpp
[1.422s] -- Up-to-date symlink: /home/mehul/elec555_ws/install/interfaces/include/interfaces/interfaces/srv/detail/set_line_roi__rosidl_typesupport_fastrtps_cpp.hpp
[1.422s] -- Up-to-date symlink: /home/mehul/elec555_ws/install/interfaces/include/interfaces/interfaces/srv/detail/set_point__rosidl_typesupport_fastrtps_cpp.hpp
[1.422s] -- Up-to-date symlink: /home/mehul/elec555_ws/install/interfaces/include/interfaces/interfaces/srv/detail/set_pose2_d__rosidl_typesupport_fastrtps_cpp.hpp
[1.422s] -- Up-to-date symlink: /home/mehul/elec555_ws/install/interfaces/include/interfaces/interfaces/srv/detail/set_pose__rosidl_typesupport_fastrtps_cpp.hpp
[1.423s] -- Up-to-date symlink: /home/mehul/elec555_ws/install/interfaces/include/interfaces/interfaces/srv/detail/set_string__rosidl_typesupport_fastrtps_cpp.hpp
[1.424s] -- Up-to-date symlink: /home/mehul/elec555_ws/install/interfaces/include/interfaces/interfaces/srv/detail/set_string_list__rosidl_typesupport_fastrtps_cpp.hpp
[1.424s] -- Up-to-date symlink: /home/mehul/elec555_ws/install/interfaces/include/interfaces/interfaces/msg/detail/color_detect__rosidl_typesupport_introspection_c.h
[1.424s] -- Up-to-date symlink: /home/mehul/elec555_ws/install/interfaces/include/interfaces/interfaces/msg/detail/color_info__rosidl_typesupport_introspection_c.h
[1.425s] -- Up-to-date symlink: /home/mehul/elec555_ws/install/interfaces/include/interfaces/interfaces/msg/detail/colors_info__rosidl_typesupport_introspection_c.h
[1.425s] -- Up-to-date symlink: /home/mehul/elec555_ws/install/interfaces/include/interfaces/interfaces/msg/detail/line_roi__rosidl_typesupport_introspection_c.h
[1.425s] -- Up-to-date symlink: /home/mehul/elec555_ws/install/interfaces/include/interfaces/interfaces/msg/detail/object_info__rosidl_typesupport_introspection_c.h
[1.425s] -- Up-to-date symlink: /home/mehul/elec555_ws/install/interfaces/include/interfaces/interfaces/msg/detail/objects_info__rosidl_typesupport_introspection_c.h
[1.425s] -- Up-to-date symlink: /home/mehul/elec555_ws/install/interfaces/include/interfaces/interfaces/msg/detail/pixel_position__rosidl_typesupport_introspection_c.h
[1.425s] -- Up-to-date symlink: /home/mehul/elec555_ws/install/interfaces/include/interfaces/interfaces/msg/detail/point2_d__rosidl_typesupport_introspection_c.h
[1.425s] -- Up-to-date symlink: /home/mehul/elec555_ws/install/interfaces/include/interfaces/interfaces/msg/detail/points__rosidl_typesupport_introspection_c.h
[1.425s] -- Up-to-date symlink: /home/mehul/elec555_ws/install/interfaces/include/interfaces/interfaces/msg/detail/pose2_d__rosidl_typesupport_introspection_c.h
[1.425s] -- Up-to-date symlink: /home/mehul/elec555_ws/install/interfaces/include/interfaces/interfaces/msg/detail/roi__rosidl_typesupport_introspection_c.h
[1.425s] -- Up-to-date symlink: /home/mehul/elec555_ws/install/interfaces/include/interfaces/interfaces/msg/rosidl_typesupport_introspection_c__visibility_control.h
[1.425s] -- Up-to-date symlink: /home/mehul/elec555_ws/install/interfaces/include/interfaces/interfaces/srv/detail/get_pose__rosidl_typesupport_introspection_c.h
[1.425s] -- Up-to-date symlink: /home/mehul/elec555_ws/install/interfaces/include/interfaces/interfaces/srv/detail/set_circle_roi__rosidl_typesupport_introspection_c.h
[1.425s] -- Up-to-date symlink: /home/mehul/elec555_ws/install/interfaces/include/interfaces/interfaces/srv/detail/set_color_detect_param__rosidl_typesupport_introspection_c.h
[1.425s] -- Up-to-date symlink: /home/mehul/elec555_ws/install/interfaces/include/interfaces/interfaces/srv/detail/set_color_rgba__rosidl_typesupport_introspection_c.h
[1.426s] -- Up-to-date symlink: /home/mehul/elec555_ws/install/interfaces/include/interfaces/interfaces/srv/detail/set_float64__rosidl_typesupport_introspection_c.h
[1.426s] -- Up-to-date symlink: /home/mehul/elec555_ws/install/interfaces/include/interfaces/interfaces/srv/detail/set_float64_list__rosidl_typesupport_introspection_c.h
[1.426s] -- Up-to-date symlink: /home/mehul/elec555_ws/install/interfaces/include/interfaces/interfaces/srv/detail/set_int64__rosidl_typesupport_introspection_c.h
[1.426s] -- Up-to-date symlink: /home/mehul/elec555_ws/install/interfaces/include/interfaces/interfaces/srv/detail/set_line_roi__rosidl_typesupport_introspection_c.h
[1.426s] -- Up-to-date symlink: /home/mehul/elec555_ws/install/interfaces/include/interfaces/interfaces/srv/detail/set_point__rosidl_typesupport_introspection_c.h
[1.426s] -- Up-to-date symlink: /home/mehul/elec555_ws/install/interfaces/include/interfaces/interfaces/srv/detail/set_pose2_d__rosidl_typesupport_introspection_c.h
[1.426s] -- Up-to-date symlink: /home/mehul/elec555_ws/install/interfaces/include/interfaces/interfaces/srv/detail/set_pose__rosidl_typesupport_introspection_c.h
[1.426s] -- Up-to-date symlink: /home/mehul/elec555_ws/install/interfaces/include/interfaces/interfaces/srv/detail/set_string__rosidl_typesupport_introspection_c.h
[1.426s] -- Up-to-date symlink: /home/mehul/elec555_ws/install/interfaces/include/interfaces/interfaces/srv/detail/set_string_list__rosidl_typesupport_introspection_c.h
[1.427s] -- Up-to-date symlink: /home/mehul/elec555_ws/install/interfaces/include/interfaces/interfaces/msg/detail/color_detect__rosidl_typesupport_introspection_cpp.hpp
[1.427s] -- Up-to-date symlink: /home/mehul/elec555_ws/install/interfaces/include/interfaces/interfaces/msg/detail/color_info__rosidl_typesupport_introspection_cpp.hpp
[1.427s] -- Up-to-date symlink: /home/mehul/elec555_ws/install/interfaces/include/interfaces/interfaces/msg/detail/colors_info__rosidl_typesupport_introspection_cpp.hpp
[1.427s] -- Up-to-date symlink: /home/mehul/elec555_ws/install/interfaces/include/interfaces/interfaces/msg/detail/line_roi__rosidl_typesupport_introspection_cpp.hpp
[1.427s] -- Up-to-date symlink: /home/mehul/elec555_ws/install/interfaces/include/interfaces/interfaces/msg/detail/object_info__rosidl_typesupport_introspection_cpp.hpp
[1.427s] -- Up-to-date symlink: /home/mehul/elec555_ws/install/interfaces/include/interfaces/interfaces/msg/detail/objects_info__rosidl_typesupport_introspection_cpp.hpp
[1.427s] -- Up-to-date symlink: /home/mehul/elec555_ws/install/interfaces/include/interfaces/interfaces/msg/detail/pixel_position__rosidl_typesupport_introspection_cpp.hpp
[1.427s] -- Up-to-date symlink: /home/mehul/elec555_ws/install/interfaces/include/interfaces/interfaces/msg/detail/point2_d__rosidl_typesupport_introspection_cpp.hpp
[1.427s] -- Up-to-date symlink: /home/mehul/elec555_ws/install/interfaces/include/interfaces/interfaces/msg/detail/points__rosidl_typesupport_introspection_cpp.hpp
[1.430s] -- Up-to-date symlink: /home/mehul/elec555_ws/install/interfaces/include/interfaces/interfaces/msg/detail/pose2_d__rosidl_typesupport_introspection_cpp.hpp
[1.430s] -- Up-to-date symlink: /home/mehul/elec555_ws/install/interfaces/include/interfaces/interfaces/msg/detail/roi__rosidl_typesupport_introspection_cpp.hpp
[1.430s] -- Up-to-date symlink: /home/mehul/elec555_ws/install/interfaces/include/interfaces/interfaces/srv/detail/get_pose__rosidl_typesupport_introspection_cpp.hpp
[1.431s] -- Up-to-date symlink: /home/mehul/elec555_ws/install/interfaces/include/interfaces/interfaces/srv/detail/set_circle_roi__rosidl_typesupport_introspection_cpp.hpp
[1.431s] -- Up-to-date symlink: /home/mehul/elec555_ws/install/interfaces/include/interfaces/interfaces/srv/detail/set_color_detect_param__rosidl_typesupport_introspection_cpp.hpp
[1.431s] -- Up-to-date symlink: /home/mehul/elec555_ws/install/interfaces/include/interfaces/interfaces/srv/detail/set_color_rgba__rosidl_typesupport_introspection_cpp.hpp
[1.431s] -- Up-to-date symlink: /home/mehul/elec555_ws/install/interfaces/include/interfaces/interfaces/srv/detail/set_float64__rosidl_typesupport_introspection_cpp.hpp
[1.431s] -- Up-to-date symlink: /home/mehul/elec555_ws/install/interfaces/include/interfaces/interfaces/srv/detail/set_float64_list__rosidl_typesupport_introspection_cpp.hpp
[1.431s] -- Up-to-date symlink: /home/mehul/elec555_ws/install/interfaces/include/interfaces/interfaces/srv/detail/set_int64__rosidl_typesupport_introspection_cpp.hpp
[1.431s] -- Up-to-date symlink: /home/mehul/elec555_ws/install/interfaces/include/interfaces/interfaces/srv/detail/set_line_roi__rosidl_typesupport_introspection_cpp.hpp
[1.431s] -- Up-to-date symlink: /home/mehul/elec555_ws/install/interfaces/include/interfaces/interfaces/srv/detail/set_point__rosidl_typesupport_introspection_cpp.hpp
[1.431s] -- Up-to-date symlink: /home/mehul/elec555_ws/install/interfaces/include/interfaces/interfaces/srv/detail/set_pose2_d__rosidl_typesupport_introspection_cpp.hpp
[1.431s] -- Up-to-date symlink: /home/mehul/elec555_ws/install/interfaces/include/interfaces/interfaces/srv/detail/set_pose__rosidl_typesupport_introspection_cpp.hpp
[1.431s] -- Up-to-date symlink: /home/mehul/elec555_ws/install/interfaces/include/interfaces/interfaces/srv/detail/set_string__rosidl_typesupport_introspection_cpp.hpp
[1.431s] -- Up-to-date symlink: /home/mehul/elec555_ws/install/interfaces/include/interfaces/interfaces/srv/detail/set_string_list__rosidl_typesupport_introspection_cpp.hpp
[1.431s] -- Up-to-date symlink: /home/mehul/elec555_ws/install/interfaces/share/interfaces/environment/pythonpath.sh
[1.433s] -- Up-to-date symlink: /home/mehul/elec555_ws/install/interfaces/share/interfaces/environment/pythonpath.dsv
[1.433s] -- Up-to-date symlink: /home/mehul/elec555_ws/install/interfaces/local/lib/python3.10/dist-packages/interfaces-0.0.0-py3.10.egg-info/PKG-INFO
[1.433s] -- Up-to-date symlink: /home/mehul/elec555_ws/install/interfaces/local/lib/python3.10/dist-packages/interfaces-0.0.0-py3.10.egg-info/SOURCES.txt
[1.433s] -- Up-to-date symlink: /home/mehul/elec555_ws/install/interfaces/local/lib/python3.10/dist-packages/interfaces-0.0.0-py3.10.egg-info/dependency_links.txt
[1.433s] -- Up-to-date symlink: /home/mehul/elec555_ws/install/interfaces/local/lib/python3.10/dist-packages/interfaces-0.0.0-py3.10.egg-info/top_level.txt
[1.433s] -- Up-to-date symlink: /home/mehul/elec555_ws/install/interfaces/local/lib/python3.10/dist-packages/interfaces/__init__.py
[1.433s] -- Up-to-date symlink: /home/mehul/elec555_ws/install/interfaces/local/lib/python3.10/dist-packages/interfaces/_interfaces_s.ep.rosidl_typesupport_c.c
[1.433s] -- Up-to-date symlink: /home/mehul/elec555_ws/install/interfaces/local/lib/python3.10/dist-packages/interfaces/_interfaces_s.ep.rosidl_typesupport_fastrtps_c.c
[1.433s] -- Up-to-date symlink: /home/mehul/elec555_ws/install/interfaces/local/lib/python3.10/dist-packages/interfaces/_interfaces_s.ep.rosidl_typesupport_introspection_c.c
[1.433s] -- Up-to-date symlink: /home/mehul/elec555_ws/install/interfaces/local/lib/python3.10/dist-packages/interfaces/interfaces_s__rosidl_typesupport_c.cpython-310-x86_64-linux-gnu.so
[1.433s] -- Up-to-date symlink: /home/mehul/elec555_ws/install/interfaces/local/lib/python3.10/dist-packages/interfaces/interfaces_s__rosidl_typesupport_fastrtps_c.cpython-310-x86_64-linux-gnu.so
[1.433s] -- Up-to-date symlink: /home/mehul/elec555_ws/install/interfaces/local/lib/python3.10/dist-packages/interfaces/interfaces_s__rosidl_typesupport_introspection_c.cpython-310-x86_64-linux-gnu.so
[1.434s] -- Up-to-date symlink: /home/mehul/elec555_ws/install/interfaces/local/lib/python3.10/dist-packages/interfaces/libinterfaces__rosidl_generator_py.so
[1.434s] -- Up-to-date symlink: /home/mehul/elec555_ws/install/interfaces/local/lib/python3.10/dist-packages/interfaces/msg/__init__.py
[1.434s] -- Up-to-date symlink: /home/mehul/elec555_ws/install/interfaces/local/lib/python3.10/dist-packages/interfaces/msg/_color_detect.py
[1.434s] -- Up-to-date symlink: /home/mehul/elec555_ws/install/interfaces/local/lib/python3.10/dist-packages/interfaces/msg/_color_detect_s.c
[1.434s] -- Up-to-date symlink: /home/mehul/elec555_ws/install/interfaces/local/lib/python3.10/dist-packages/interfaces/msg/_color_info.py
[1.434s] -- Up-to-date symlink: /home/mehul/elec555_ws/install/interfaces/local/lib/python3.10/dist-packages/interfaces/msg/_color_info_s.c
[1.434s] -- Up-to-date symlink: /home/mehul/elec555_ws/install/interfaces/local/lib/python3.10/dist-packages/interfaces/msg/_colors_info.py
[1.434s] -- Up-to-date symlink: /home/mehul/elec555_ws/install/interfaces/local/lib/python3.10/dist-packages/interfaces/msg/_colors_info_s.c
[1.435s] -- Up-to-date symlink: /home/mehul/elec555_ws/install/interfaces/local/lib/python3.10/dist-packages/interfaces/msg/_line_roi.py
[1.435s] -- Up-to-date symlink: /home/mehul/elec555_ws/install/interfaces/local/lib/python3.10/dist-packages/interfaces/msg/_line_roi_s.c
[1.435s] -- Up-to-date symlink: /home/mehul/elec555_ws/install/interfaces/local/lib/python3.10/dist-packages/interfaces/msg/_object_info.py
[1.435s] -- Up-to-date symlink: /home/mehul/elec555_ws/install/interfaces/local/lib/python3.10/dist-packages/interfaces/msg/_object_info_s.c
[1.435s] -- Up-to-date symlink: /home/mehul/elec555_ws/install/interfaces/local/lib/python3.10/dist-packages/interfaces/msg/_objects_info.py
[1.435s] -- Up-to-date symlink: /home/mehul/elec555_ws/install/interfaces/local/lib/python3.10/dist-packages/interfaces/msg/_objects_info_s.c
[1.435s] -- Up-to-date symlink: /home/mehul/elec555_ws/install/interfaces/local/lib/python3.10/dist-packages/interfaces/msg/_pixel_position.py
[1.435s] -- Up-to-date symlink: /home/mehul/elec555_ws/install/interfaces/local/lib/python3.10/dist-packages/interfaces/msg/_pixel_position_s.c
[1.435s] -- Up-to-date symlink: /home/mehul/elec555_ws/install/interfaces/local/lib/python3.10/dist-packages/interfaces/msg/_point2_d.py
[1.436s] -- Up-to-date symlink: /home/mehul/elec555_ws/install/interfaces/local/lib/python3.10/dist-packages/interfaces/msg/_point2_d_s.c
[1.436s] -- Up-to-date symlink: /home/mehul/elec555_ws/install/interfaces/local/lib/python3.10/dist-packages/interfaces/msg/_points.py
[1.436s] -- Up-to-date symlink: /home/mehul/elec555_ws/install/interfaces/local/lib/python3.10/dist-packages/interfaces/msg/_points_s.c
[1.436s] -- Up-to-date symlink: /home/mehul/elec555_ws/install/interfaces/local/lib/python3.10/dist-packages/interfaces/msg/_pose2_d.py
[1.436s] -- Up-to-date symlink: /home/mehul/elec555_ws/install/interfaces/local/lib/python3.10/dist-packages/interfaces/msg/_pose2_d_s.c
[1.437s] -- Up-to-date symlink: /home/mehul/elec555_ws/install/interfaces/local/lib/python3.10/dist-packages/interfaces/msg/_roi.py
[1.437s] -- Up-to-date symlink: /home/mehul/elec555_ws/install/interfaces/local/lib/python3.10/dist-packages/interfaces/msg/_roi_s.c
[1.437s] -- Up-to-date symlink: /home/mehul/elec555_ws/install/interfaces/local/lib/python3.10/dist-packages/interfaces/srv/__init__.py
[1.437s] -- Up-to-date symlink: /home/mehul/elec555_ws/install/interfaces/local/lib/python3.10/dist-packages/interfaces/srv/_get_pose.py
[1.437s] -- Up-to-date symlink: /home/mehul/elec555_ws/install/interfaces/local/lib/python3.10/dist-packages/interfaces/srv/_get_pose_s.c
[1.437s] -- Up-to-date symlink: /home/mehul/elec555_ws/install/interfaces/local/lib/python3.10/dist-packages/interfaces/srv/_set_circle_roi.py
[1.437s] -- Up-to-date symlink: /home/mehul/elec555_ws/install/interfaces/local/lib/python3.10/dist-packages/interfaces/srv/_set_circle_roi_s.c
[1.437s] -- Up-to-date symlink: /home/mehul/elec555_ws/install/interfaces/local/lib/python3.10/dist-packages/interfaces/srv/_set_color_detect_param.py
[1.437s] -- Up-to-date symlink: /home/mehul/elec555_ws/install/interfaces/local/lib/python3.10/dist-packages/interfaces/srv/_set_color_detect_param_s.c
[1.437s] -- Up-to-date symlink: /home/mehul/elec555_ws/install/interfaces/local/lib/python3.10/dist-packages/interfaces/srv/_set_color_rgba.py
[1.437s] -- Up-to-date symlink: /home/mehul/elec555_ws/install/interfaces/local/lib/python3.10/dist-packages/interfaces/srv/_set_color_rgba_s.c
[1.437s] -- Up-to-date symlink: /home/mehul/elec555_ws/install/interfaces/local/lib/python3.10/dist-packages/interfaces/srv/_set_float64.py
[1.438s] -- Up-to-date symlink: /home/mehul/elec555_ws/install/interfaces/local/lib/python3.10/dist-packages/interfaces/srv/_set_float64_list.py
[1.438s] -- Up-to-date symlink: /home/mehul/elec555_ws/install/interfaces/local/lib/python3.10/dist-packages/interfaces/srv/_set_float64_list_s.c
[1.438s] -- Up-to-date symlink: /home/mehul/elec555_ws/install/interfaces/local/lib/python3.10/dist-packages/interfaces/srv/_set_float64_s.c
[1.438s] -- Up-to-date symlink: /home/mehul/elec555_ws/install/interfaces/local/lib/python3.10/dist-packages/interfaces/srv/_set_int64.py
[1.438s] -- Up-to-date symlink: /home/mehul/elec555_ws/install/interfaces/local/lib/python3.10/dist-packages/interfaces/srv/_set_int64_s.c
[1.438s] -- Up-to-date symlink: /home/mehul/elec555_ws/install/interfaces/local/lib/python3.10/dist-packages/interfaces/srv/_set_line_roi.py
[1.438s] -- Up-to-date symlink: /home/mehul/elec555_ws/install/interfaces/local/lib/python3.10/dist-packages/interfaces/srv/_set_line_roi_s.c
[1.438s] -- Up-to-date symlink: /home/mehul/elec555_ws/install/interfaces/local/lib/python3.10/dist-packages/interfaces/srv/_set_point.py
[1.438s] -- Up-to-date symlink: /home/mehul/elec555_ws/install/interfaces/local/lib/python3.10/dist-packages/interfaces/srv/_set_point_s.c
[1.439s] -- Up-to-date symlink: /home/mehul/elec555_ws/install/interfaces/local/lib/python3.10/dist-packages/interfaces/srv/_set_pose.py
[1.439s] -- Up-to-date symlink: /home/mehul/elec555_ws/install/interfaces/local/lib/python3.10/dist-packages/interfaces/srv/_set_pose2_d.py
[1.439s] -- Up-to-date symlink: /home/mehul/elec555_ws/install/interfaces/local/lib/python3.10/dist-packages/interfaces/srv/_set_pose2_d_s.c
[1.439s] -- Up-to-date symlink: /home/mehul/elec555_ws/install/interfaces/local/lib/python3.10/dist-packages/interfaces/srv/_set_pose_s.c
[1.439s] -- Up-to-date symlink: /home/mehul/elec555_ws/install/interfaces/local/lib/python3.10/dist-packages/interfaces/srv/_set_string.py
[1.439s] -- Up-to-date symlink: /home/mehul/elec555_ws/install/interfaces/local/lib/python3.10/dist-packages/interfaces/srv/_set_string_list.py
[1.439s] -- Up-to-date symlink: /home/mehul/elec555_ws/install/interfaces/local/lib/python3.10/dist-packages/interfaces/srv/_set_string_list_s.c
[1.439s] -- Up-to-date symlink: /home/mehul/elec555_ws/install/interfaces/local/lib/python3.10/dist-packages/interfaces/srv/_set_string_s.c
[1.440s] -- Up-to-date symlink: /home/mehul/elec555_ws/install/interfaces/local/lib/python3.10/dist-packages/interfaces/interfaces_s__rosidl_typesupport_fastrtps_c.cpython-310-x86_64-linux-gnu.so
[1.440s] -- Up-to-date symlink: /home/mehul/elec555_ws/install/interfaces/local/lib/python3.10/dist-packages/interfaces/interfaces_s__rosidl_typesupport_introspection_c.cpython-310-x86_64-linux-gnu.so
[1.440s] -- Up-to-date symlink: /home/mehul/elec555_ws/install/interfaces/local/lib/python3.10/dist-packages/interfaces/interfaces_s__rosidl_typesupport_c.cpython-310-x86_64-linux-gnu.so
[1.441s] -- Up-to-date symlink: /home/mehul/elec555_ws/install/interfaces/share/interfaces/msg/ColorDetect.idl
[1.441s] -- Up-to-date symlink: /home/mehul/elec555_ws/install/interfaces/share/interfaces/msg/ColorInfo.idl
[1.441s] -- Up-to-date symlink: /home/mehul/elec555_ws/install/interfaces/share/interfaces/msg/ColorsInfo.idl
[1.441s] -- Up-to-date symlink: /home/mehul/elec555_ws/install/interfaces/share/interfaces/msg/LineROI.idl
[1.441s] -- Up-to-date symlink: /home/mehul/elec555_ws/install/interfaces/share/interfaces/msg/ObjectInfo.idl
[1.441s] -- Up-to-date symlink: /home/mehul/elec555_ws/install/interfaces/share/interfaces/msg/ObjectsInfo.idl
[1.441s] -- Up-to-date symlink: /home/mehul/elec555_ws/install/interfaces/share/interfaces/msg/PixelPosition.idl
[1.441s] -- Up-to-date symlink: /home/mehul/elec555_ws/install/interfaces/share/interfaces/msg/Point2D.idl
[1.442s] -- Up-to-date symlink: /home/mehul/elec555_ws/install/interfaces/share/interfaces/msg/Points.idl
[1.442s] -- Up-to-date symlink: /home/mehul/elec555_ws/install/interfaces/share/interfaces/msg/Pose2D.idl
[1.442s] -- Up-to-date symlink: /home/mehul/elec555_ws/install/interfaces/share/interfaces/msg/ROI.idl
[1.442s] -- Up-to-date symlink: /home/mehul/elec555_ws/install/interfaces/share/interfaces/srv/GetPose.idl
[1.442s] -- Up-to-date symlink: /home/mehul/elec555_ws/install/interfaces/share/interfaces/srv/SetCircleROI.idl
[1.442s] -- Up-to-date symlink: /home/mehul/elec555_ws/install/interfaces/share/interfaces/srv/SetColorDetectParam.idl
[1.443s] -- Up-to-date symlink: /home/mehul/elec555_ws/install/interfaces/share/interfaces/srv/SetColorRGBA.idl
[1.444s] -- Up-to-date symlink: /home/mehul/elec555_ws/install/interfaces/share/interfaces/srv/SetFloat64List.idl
[1.444s] -- Up-to-date symlink: /home/mehul/elec555_ws/install/interfaces/share/interfaces/srv/SetFloat64.idl
[1.444s] -- Up-to-date symlink: /home/mehul/elec555_ws/install/interfaces/share/interfaces/srv/SetInt64.idl
[1.444s] -- Up-to-date symlink: /home/mehul/elec555_ws/install/interfaces/share/interfaces/srv/SetLineROI.idl
[1.444s] -- Up-to-date symlink: /home/mehul/elec555_ws/install/interfaces/share/interfaces/srv/SetPoint.idl
[1.444s] -- Up-to-date symlink: /home/mehul/elec555_ws/install/interfaces/share/interfaces/srv/SetPose2D.idl
[1.444s] -- Up-to-date symlink: /home/mehul/elec555_ws/install/interfaces/share/interfaces/srv/SetPose.idl
[1.445s] -- Up-to-date symlink: /home/mehul/elec555_ws/install/interfaces/share/interfaces/srv/SetStringList.idl
[1.445s] -- Up-to-date symlink: /home/mehul/elec555_ws/install/interfaces/share/interfaces/srv/SetString.idl
[1.445s] -- Up-to-date symlink: /home/mehul/elec555_ws/install/interfaces/share/interfaces/msg/ColorDetect.msg
[1.445s] -- Up-to-date symlink: /home/mehul/elec555_ws/install/interfaces/share/interfaces/msg/ColorInfo.msg
[1.445s] -- Up-to-date symlink: /home/mehul/elec555_ws/install/interfaces/share/interfaces/msg/ColorsInfo.msg
[1.445s] -- Up-to-date symlink: /home/mehul/elec555_ws/install/interfaces/share/interfaces/msg/LineROI.msg
[1.445s] -- Up-to-date symlink: /home/mehul/elec555_ws/install/interfaces/share/interfaces/msg/ObjectInfo.msg
[1.445s] -- Up-to-date symlink: /home/mehul/elec555_ws/install/interfaces/share/interfaces/msg/ObjectsInfo.msg
[1.445s] -- Up-to-date symlink: /home/mehul/elec555_ws/install/interfaces/share/interfaces/msg/PixelPosition.msg
[1.445s] -- Up-to-date symlink: /home/mehul/elec555_ws/install/interfaces/share/interfaces/msg/Point2D.msg
[1.445s] -- Up-to-date symlink: /home/mehul/elec555_ws/install/interfaces/share/interfaces/msg/Points.msg
[1.446s] -- Up-to-date symlink: /home/mehul/elec555_ws/install/interfaces/share/interfaces/msg/Pose2D.msg
[1.446s] -- Up-to-date symlink: /home/mehul/elec555_ws/install/interfaces/share/interfaces/msg/ROI.msg
[1.446s] -- Up-to-date symlink: /home/mehul/elec555_ws/install/interfaces/share/interfaces/srv/GetPose.srv
[1.446s] -- Up-to-date symlink: /home/mehul/elec555_ws/install/interfaces/share/interfaces/srv/GetPose_Request.msg
[1.446s] -- Up-to-date symlink: /home/mehul/elec555_ws/install/interfaces/share/interfaces/srv/GetPose_Response.msg
[1.446s] -- Up-to-date symlink: /home/mehul/elec555_ws/install/interfaces/share/interfaces/srv/SetCircleROI.srv
[1.447s] -- Up-to-date symlink: /home/mehul/elec555_ws/install/interfaces/share/interfaces/srv/SetCircleROI_Request.msg
[1.447s] -- Up-to-date symlink: /home/mehul/elec555_ws/install/interfaces/share/interfaces/srv/SetCircleROI_Response.msg
[1.447s] -- Up-to-date symlink: /home/mehul/elec555_ws/install/interfaces/share/interfaces/srv/SetColorDetectParam.srv
[1.447s] -- Up-to-date symlink: /home/mehul/elec555_ws/install/interfaces/share/interfaces/srv/SetColorDetectParam_Request.msg
[1.447s] -- Up-to-date symlink: /home/mehul/elec555_ws/install/interfaces/share/interfaces/srv/SetColorDetectParam_Response.msg
[1.447s] -- Up-to-date symlink: /home/mehul/elec555_ws/install/interfaces/share/interfaces/srv/SetColorRGBA.srv
[1.447s] -- Up-to-date symlink: /home/mehul/elec555_ws/install/interfaces/share/interfaces/srv/SetColorRGBA_Request.msg
[1.447s] -- Up-to-date symlink: /home/mehul/elec555_ws/install/interfaces/share/interfaces/srv/SetColorRGBA_Response.msg
[1.448s] -- Up-to-date symlink: /home/mehul/elec555_ws/install/interfaces/share/interfaces/srv/SetFloat64List.srv
[1.448s] -- Up-to-date symlink: /home/mehul/elec555_ws/install/interfaces/share/interfaces/srv/SetFloat64List_Request.msg
[1.448s] -- Up-to-date symlink: /home/mehul/elec555_ws/install/interfaces/share/interfaces/srv/SetFloat64List_Response.msg
[1.448s] -- Up-to-date symlink: /home/mehul/elec555_ws/install/interfaces/share/interfaces/srv/SetFloat64.srv
[1.448s] -- Up-to-date symlink: /home/mehul/elec555_ws/install/interfaces/share/interfaces/srv/SetFloat64_Request.msg
[1.448s] -- Up-to-date symlink: /home/mehul/elec555_ws/install/interfaces/share/interfaces/srv/SetFloat64_Response.msg
[1.448s] -- Up-to-date symlink: /home/mehul/elec555_ws/install/interfaces/share/interfaces/srv/SetInt64.srv
[1.448s] -- Up-to-date symlink: /home/mehul/elec555_ws/install/interfaces/share/interfaces/srv/SetInt64_Request.msg
[1.448s] -- Up-to-date symlink: /home/mehul/elec555_ws/install/interfaces/share/interfaces/srv/SetInt64_Response.msg
[1.448s] -- Up-to-date symlink: /home/mehul/elec555_ws/install/interfaces/share/interfaces/srv/SetLineROI.srv
[1.448s] -- Up-to-date symlink: /home/mehul/elec555_ws/install/interfaces/share/interfaces/srv/SetLineROI_Request.msg
[1.448s] -- Up-to-date symlink: /home/mehul/elec555_ws/install/interfaces/share/interfaces/srv/SetLineROI_Response.msg
[1.448s] -- Up-to-date symlink: /home/mehul/elec555_ws/install/interfaces/share/interfaces/srv/SetPoint.srv
[1.448s] -- Up-to-date symlink: /home/mehul/elec555_ws/install/interfaces/share/interfaces/srv/SetPoint_Request.msg
[1.448s] -- Up-to-date symlink: /home/mehul/elec555_ws/install/interfaces/share/interfaces/srv/SetPoint_Response.msg
[1.448s] -- Up-to-date symlink: /home/mehul/elec555_ws/install/interfaces/share/interfaces/srv/SetPose2D.srv
[1.449s] -- Up-to-date symlink: /home/mehul/elec555_ws/install/interfaces/share/interfaces/srv/SetPose2D_Request.msg
[1.449s] -- Up-to-date symlink: /home/mehul/elec555_ws/install/interfaces/share/interfaces/srv/SetPose2D_Response.msg
[1.449s] -- Up-to-date symlink: /home/mehul/elec555_ws/install/interfaces/share/interfaces/srv/SetPose.srv
[1.449s] -- Up-to-date symlink: /home/mehul/elec555_ws/install/interfaces/share/interfaces/srv/SetPose_Request.msg
[1.449s] -- Up-to-date symlink: /home/mehul/elec555_ws/install/interfaces/share/interfaces/srv/SetPose_Response.msg
[1.449s] -- Up-to-date symlink: /home/mehul/elec555_ws/install/interfaces/share/interfaces/srv/SetStringList.srv
[1.449s] -- Up-to-date symlink: /home/mehul/elec555_ws/install/interfaces/share/interfaces/srv/SetStringList_Request.msg
[1.449s] -- Up-to-date symlink: /home/mehul/elec555_ws/install/interfaces/share/interfaces/srv/SetStringList_Response.msg
[1.449s] -- Up-to-date symlink: /home/mehul/elec555_ws/install/interfaces/share/interfaces/srv/SetString.srv
[1.449s] -- Up-to-date symlink: /home/mehul/elec555_ws/install/interfaces/share/interfaces/srv/SetString_Request.msg
[1.450s] -- Up-to-date symlink: /home/mehul/elec555_ws/install/interfaces/share/interfaces/srv/SetString_Response.msg
[1.450s] -- Up-to-date symlink: /home/mehul/elec555_ws/install/interfaces/share/ament_index/resource_index/package_run_dependencies/interfaces
[1.450s] -- Up-to-date symlink: /home/mehul/elec555_ws/install/interfaces/share/ament_index/resource_index/parent_prefix_path/interfaces
[1.450s] -- Up-to-date symlink: /home/mehul/elec555_ws/install/interfaces/share/interfaces/environment/ament_prefix_path.sh
[1.450s] -- Up-to-date symlink: /home/mehul/elec555_ws/install/interfaces/share/interfaces/environment/ament_prefix_path.dsv
[1.450s] -- Up-to-date symlink: /home/mehul/elec555_ws/install/interfaces/share/interfaces/environment/path.sh
[1.450s] -- Up-to-date symlink: /home/mehul/elec555_ws/install/interfaces/share/interfaces/environment/path.dsv
[1.450s] -- Up-to-date symlink: /home/mehul/elec555_ws/install/interfaces/share/interfaces/local_setup.bash
[1.450s] -- Up-to-date symlink: /home/mehul/elec555_ws/install/interfaces/share/interfaces/local_setup.sh
[1.450s] -- Up-to-date symlink: /home/mehul/elec555_ws/install/interfaces/share/interfaces/local_setup.zsh
[1.450s] -- Up-to-date symlink: /home/mehul/elec555_ws/install/interfaces/share/interfaces/local_setup.dsv
[1.451s] -- Symlinking: /home/mehul/elec555_ws/install/interfaces/share/interfaces/package.dsv
[1.454s] -- Up-to-date symlink: /home/mehul/elec555_ws/install/interfaces/share/ament_index/resource_index/packages/interfaces
[1.454s] -- Up-to-date symlink: /home/mehul/elec555_ws/install/interfaces/share/interfaces/cmake/rosidl_cmake-extras.cmake
[1.454s] -- Up-to-date symlink: /home/mehul/elec555_ws/install/interfaces/share/interfaces/cmake/ament_cmake_export_dependencies-extras.cmake
[1.454s] -- Up-to-date symlink: /home/mehul/elec555_ws/install/interfaces/share/interfaces/cmake/ament_cmake_export_include_directories-extras.cmake
[1.454s] -- Up-to-date symlink: /home/mehul/elec555_ws/install/interfaces/share/interfaces/cmake/ament_cmake_export_libraries-extras.cmake
[1.454s] -- Up-to-date symlink: /home/mehul/elec555_ws/install/interfaces/share/interfaces/cmake/ament_cmake_export_targets-extras.cmake
[1.454s] -- Up-to-date symlink: /home/mehul/elec555_ws/install/interfaces/share/interfaces/cmake/rosidl_cmake_export_typesupport_targets-extras.cmake
[1.454s] -- Up-to-date symlink: /home/mehul/elec555_ws/install/interfaces/share/interfaces/cmake/rosidl_cmake_export_typesupport_libraries-extras.cmake
[1.454s] -- Up-to-date symlink: /home/mehul/elec555_ws/install/interfaces/share/interfaces/cmake/interfacesConfig.cmake
[1.455s] -- Up-to-date symlink: /home/mehul/elec555_ws/install/interfaces/share/interfaces/cmake/interfacesConfig-version.cmake
[1.455s] -- Up-to-date symlink: /home/mehul/elec555_ws/install/interfaces/share/interfaces/package.xml
[1.455s] -- Up-to-date: /home/mehul/elec555_ws/install/interfaces/lib/libinterfaces__rosidl_generator_c.so
[1.455s] -- Up-to-date: /home/mehul/elec555_ws/install/interfaces/lib/libinterfaces__rosidl_typesupport_fastrtps_c.so
[1.455s] -- Up-to-date: /home/mehul/elec555_ws/install/interfaces/lib/libinterfaces__rosidl_typesupport_fastrtps_cpp.so
[1.455s] -- Up-to-date: /home/mehul/elec555_ws/install/interfaces/lib/libinterfaces__rosidl_typesupport_introspection_c.so
[1.455s] -- Up-to-date: /home/mehul/elec555_ws/install/interfaces/lib/libinterfaces__rosidl_typesupport_c.so
[1.455s] -- Up-to-date: /home/mehul/elec555_ws/install/interfaces/lib/libinterfaces__rosidl_typesupport_introspection_cpp.so
[1.455s] -- Up-to-date: /home/mehul/elec555_ws/install/interfaces/lib/libinterfaces__rosidl_typesupport_cpp.so
[1.467s] Listing '/home/mehul/elec555_ws/install/interfaces/local/lib/python3.10/dist-packages/interfaces'...
[1.467s] Listing '/home/mehul/elec555_ws/install/interfaces/local/lib/python3.10/dist-packages/interfaces/msg'...
[1.467s] Listing '/home/mehul/elec555_ws/install/interfaces/local/lib/python3.10/dist-packages/interfaces/srv'...
[1.474s] -- Up-to-date: /home/mehul/elec555_ws/install/interfaces/lib/libinterfaces__rosidl_generator_py.so
[1.474s] -- Up-to-date: /home/mehul/elec555_ws/install/interfaces/share/interfaces/cmake/export_interfaces__rosidl_generator_cExport.cmake
[1.474s] -- Up-to-date: /home/mehul/elec555_ws/install/interfaces/share/interfaces/cmake/export_interfaces__rosidl_generator_cExport-noconfig.cmake
[1.474s] -- Up-to-date: /home/mehul/elec555_ws/install/interfaces/share/interfaces/cmake/export_interfaces__rosidl_typesupport_fastrtps_cExport.cmake
[1.474s] -- Up-to-date: /home/mehul/elec555_ws/install/interfaces/share/interfaces/cmake/export_interfaces__rosidl_typesupport_fastrtps_cExport-noconfig.cmake
[1.474s] -- Up-to-date: /home/mehul/elec555_ws/install/interfaces/share/interfaces/cmake/export_interfaces__rosidl_generator_cppExport.cmake
[1.474s] -- Up-to-date: /home/mehul/elec555_ws/install/interfaces/share/interfaces/cmake/export_interfaces__rosidl_typesupport_fastrtps_cppExport.cmake
[1.474s] -- Up-to-date: /home/mehul/elec555_ws/install/interfaces/share/interfaces/cmake/export_interfaces__rosidl_typesupport_fastrtps_cppExport-noconfig.cmake
[1.474s] -- Up-to-date: /home/mehul/elec555_ws/install/interfaces/share/interfaces/cmake/interfaces__rosidl_typesupport_introspection_cExport.cmake
[1.474s] -- Up-to-date: /home/mehul/elec555_ws/install/interfaces/share/interfaces/cmake/interfaces__rosidl_typesupport_introspection_cExport-noconfig.cmake
[1.474s] -- Up-to-date: /home/mehul/elec555_ws/install/interfaces/share/interfaces/cmake/interfaces__rosidl_typesupport_cExport.cmake
[1.474s] -- Up-to-date: /home/mehul/elec555_ws/install/interfaces/share/interfaces/cmake/interfaces__rosidl_typesupport_cExport-noconfig.cmake
[1.475s] -- Up-to-date: /home/mehul/elec555_ws/install/interfaces/share/interfaces/cmake/interfaces__rosidl_typesupport_introspection_cppExport.cmake
[1.475s] -- Up-to-date: /home/mehul/elec555_ws/install/interfaces/share/interfaces/cmake/interfaces__rosidl_typesupport_introspection_cppExport-noconfig.cmake
[1.475s] -- Up-to-date: /home/mehul/elec555_ws/install/interfaces/share/interfaces/cmake/interfaces__rosidl_typesupport_cppExport.cmake
[1.475s] -- Up-to-date: /home/mehul/elec555_ws/install/interfaces/share/interfaces/cmake/interfaces__rosidl_typesupport_cppExport-noconfig.cmake
[1.475s] -- Up-to-date: /home/mehul/elec555_ws/install/interfaces/share/interfaces/cmake/export_interfaces__rosidl_generator_pyExport.cmake
[1.475s] -- Up-to-date: /home/mehul/elec555_ws/install/interfaces/share/interfaces/cmake/export_interfaces__rosidl_generator_pyExport-noconfig.cmake
[1.478s] Invoked command in '/home/mehul/elec555_ws/build/interfaces' returned '0': CMAKE_PREFIX_PATH=${CMAKE_PREFIX_PATH}:/home/mehul/elec555_ws/install/teleop_ctrl:/home/mehul/elec555_ws/install/sdk:/home/mehul/elec555_ws/install/ros_robot_controller:/home/mehul/elec555_ws/install/robot_cam:/home/mehul/elec555_ws/install/peripherals:/home/mehul/elec555_ws/install/controller:/home/mehul/elec555_ws/install/calibration:/home/mehul/elec555_ws/install/bringup:/opt/ros/humble /usr/bin/cmake --install /home/mehul/elec555_ws/build/interfaces
